#
# There is insufficient memory for the Java Runtime Environment to continue.
# Native memory allocation (malloc) failed to allocate 81696 bytes for Chunk::new
# Possible reasons:
#   The system is out of physical RAM or swap space
#   In 32 bit mode, the process size limit was hit
# Possible solutions:
#   Reduce memory load on the system
#   Increase physical memory or swap space
#   Check if swap backing store is full
#   Use 64 bit Java on a 64 bit OS
#   Decrease Java heap size (-Xmx/-Xms)
#   Decrease number of Java threads
#   Decrease Java thread stack sizes (-Xss)
#   Set larger code cache with -XX:ReservedCodeCacheSize=
# This output file may be truncated or incomplete.
#
#  Out of Memory Error (allocation.cpp:390), pid=9108, tid=0x0000000000001bc0
#
# JRE version: OpenJDK Runtime Environment (8.0_76-b03) (build 1.8.0_76-release-b03)
# Java VM: OpenJDK 64-Bit Server VM (25.76-b03 mixed mode windows-amd64 compressed oops)
# Failed to write core dump. Minidumps are not enabled by default on client versions of Windows
#

---------------  T H R E A D  ---------------

Current thread (0x0000000014cff000):  JavaThread "C2 CompilerThread0" daemon [_thread_in_native, id=7104, stack(0x0000000016340000,0x0000000016440000)]

Stack: [0x0000000016340000,0x0000000016440000]
[error occurred during error reporting (printing stack bounds), id 0xc0000005]

Native frames: (J=compiled Java code, j=interpreted, Vv=VM code, C=native code)


Current CompileTask:
C2:   7911 1496       4       java.util.Arrays::equals (78 bytes)


---------------  P R O C E S S  ---------------

Java Threads: ( => current thread )
  0x00000000167df000 JavaThread "pool-1-thread-1" [_thread_in_Java, id=8204, stack(0x0000000016c40000,0x0000000016d40000)]
  0x0000000014d5e000 JavaThread "Service Thread" daemon [_thread_blocked, id=7456, stack(0x0000000016a40000,0x0000000016b40000)]
  0x0000000014d5a000 JavaThread "C1 CompilerThread2" daemon [_thread_blocked, id=1648, stack(0x0000000016540000,0x0000000016640000)]
  0x0000000014d1c800 JavaThread "C2 CompilerThread1" daemon [_thread_in_native, id=5672, stack(0x0000000016440000,0x0000000016540000)]
=>0x0000000014cff000 JavaThread "C2 CompilerThread0" daemon [_thread_in_native, id=7104, stack(0x0000000016340000,0x0000000016440000)]
  0x0000000014cfa000 JavaThread "Attach Listener" daemon [_thread_blocked, id=3836, stack(0x0000000016240000,0x0000000016340000)]
  0x0000000014cf9000 JavaThread "Signal Dispatcher" daemon [_thread_blocked, id=8108, stack(0x0000000016140000,0x0000000016240000)]
  0x000000000262b000 JavaThread "Finalizer" daemon [_thread_blocked, id=2688, stack(0x0000000015f60000,0x0000000016060000)]
  0x000000000261f800 JavaThread "Reference Handler" daemon [_thread_blocked, id=4408, stack(0x0000000015e60000,0x0000000015f60000)]
  0x0000000002530800 JavaThread "main" [_thread_blocked, id=8740, stack(0x0000000002350000,0x0000000002450000)]

Other Threads:
  0x0000000014cc5800 VMThread [stack: 0x0000000015d60000,0x0000000015e60000] [id=8300]
  0x0000000016642800 WatcherThread [stack: 0x0000000016b40000,0x0000000016c40000] [id=5392]

VM state:not at safepoint (normal execution)

VM Mutex/Monitor currently owned by a thread: None

Heap:
 PSYoungGen      total 35328K, used 30020K [0x00000000eab00000, 0x00000000ed000000, 0x0000000100000000)
  eden space 32768K, 83% used [0x00000000eab00000,0x00000000ec5d48f0,0x00000000ecb00000)
  from space 2560K, 99% used [0x00000000ecd80000,0x00000000ecffc860,0x00000000ed000000)
  to   space 2560K, 0% used [0x00000000ecb00000,0x00000000ecb00000,0x00000000ecd80000)
 ParOldGen       total 44032K, used 4235K [0x00000000c0000000, 0x00000000c2b00000, 0x00000000eab00000)
  object space 44032K, 9% used [0x00000000c0000000,0x00000000c0422c28,0x00000000c2b00000)
 Metaspace       used 6176K, capacity 7088K, committed 7296K, reserved 1056768K
  class space    used 591K, capacity 616K, committed 640K, reserved 1048576K

Card table byte_map: [0x00000000119f0000,0x0000000011c00000] byte_map_base: 0x00000000113f0000

Marking Bits: (ParMarkBitMap*) 0x0000000060a29d00
 Begin Bits: [0x0000000012160000, 0x0000000013160000)
 End Bits:   [0x0000000013160000, 0x0000000014160000)

Polling page: 0x0000000000ad0000

CodeCache: size=245760Kb used=6022Kb max_used=6022Kb free=239737Kb
 bounds [0x0000000002630000, 0x0000000002c20000, 0x0000000011630000]
 total_blobs=1745 nmethods=1477 adapters=182
 compilation: enabled

Compilation events (10 events):
Event: 7.903 Thread 0x0000000014d5a000 1495       1       com.android.dx.dex.code.form.Form21c::codeSize (2 bytes)
Event: 7.903 Thread 0x0000000014d5a000 nmethod 1495 0x0000000002c11050 code [0x0000000002c111a0, 0x0000000002c112b0]
Event: 7.903 Thread 0x0000000014cff000 1496       4       java.util.Arrays::equals (78 bytes)
Event: 7.903 Thread 0x0000000014d5a000 1497       3       com.android.dx.dex.file.MethodIdsSection::get (49 bytes)
Event: 7.904 Thread 0x0000000014d5a000 nmethod 1497 0x0000000002c150d0 code [0x0000000002c152c0, 0x0000000002c15b18]
Event: 7.905 Thread 0x0000000014d1c800 1498       4       com.android.dx.util.FixedSizeList::equals (41 bytes)
Event: 7.906 Thread 0x0000000014d5a000 1500       3       com.android.dx.dex.code.form.Form35c::wordCount (74 bytes)
Event: 7.907 Thread 0x0000000014d5a000 nmethod 1500 0x0000000002c13dd0 code [0x0000000002c13fc0, 0x0000000002c14c28]
Event: 7.907 Thread 0x0000000014d5a000 1502       3       java.util.ArrayList::set (20 bytes)
Event: 7.907 Thread 0x0000000014d5a000 nmethod 1502 0x0000000002c10710 code [0x0000000002c108c0, 0x0000000002c10d78]

GC Heap History (4 events):
Event: 1.892 GC heap before
{Heap before GC invocations=1 (full 0):
 PSYoungGen      total 18944K, used 16384K [0x00000000eab00000, 0x00000000ec000000, 0x0000000100000000)
  eden space 16384K, 100% used [0x00000000eab00000,0x00000000ebb00000,0x00000000ebb00000)
  from space 2560K, 0% used [0x00000000ebd80000,0x00000000ebd80000,0x00000000ec000000)
  to   space 2560K, 0% used [0x00000000ebb00000,0x00000000ebb00000,0x00000000ebd80000)
 ParOldGen       total 44032K, used 0K [0x00000000c0000000, 0x00000000c2b00000, 0x00000000eab00000)
  object space 44032K, 0% used [0x00000000c0000000,0x00000000c0000000,0x00000000c2b00000)
 Metaspace       used 5695K, capacity 6768K, committed 7040K, reserved 1056768K
  class space    used 570K, capacity 616K, committed 640K, reserved 1048576K
Event: 2.175 GC heap after
Heap after GC invocations=1 (full 0):
 PSYoungGen      total 18944K, used 2535K [0x00000000eab00000, 0x00000000ed000000, 0x0000000100000000)
  eden space 16384K, 0% used [0x00000000eab00000,0x00000000eab00000,0x00000000ebb00000)
  from space 2560K, 99% used [0x00000000ebb00000,0x00000000ebd79c70,0x00000000ebd80000)
  to   space 2560K, 0% used [0x00000000ecd80000,0x00000000ecd80000,0x00000000ed000000)
 ParOldGen       total 44032K, used 1811K [0x00000000c0000000, 0x00000000c2b00000, 0x00000000eab00000)
  object space 44032K, 4% used [0x00000000c0000000,0x00000000c01c4e98,0x00000000c2b00000)
 Metaspace       used 5695K, capacity 6768K, committed 7040K, reserved 1056768K
  class space    used 570K, capacity 616K, committed 640K, reserved 1048576K
}
Event: 3.400 GC heap before
{Heap before GC invocations=2 (full 0):
 PSYoungGen      total 18944K, used 18919K [0x00000000eab00000, 0x00000000ed000000, 0x0000000100000000)
  eden space 16384K, 100% used [0x00000000eab00000,0x00000000ebb00000,0x00000000ebb00000)
  from space 2560K, 99% used [0x00000000ebb00000,0x00000000ebd79c70,0x00000000ebd80000)
  to   space 2560K, 0% used [0x00000000ecd80000,0x00000000ecd80000,0x00000000ed000000)
 ParOldGen       total 44032K, used 1811K [0x00000000c0000000, 0x00000000c2b00000, 0x00000000eab00000)
  object space 44032K, 4% used [0x00000000c0000000,0x00000000c01c4e98,0x00000000c2b00000)
 Metaspace       used 5884K, capacity 6896K, committed 7040K, reserved 1056768K
  class space    used 574K, capacity 616K, committed 640K, reserved 1048576K
Event: 3.781 GC heap after
Heap after GC invocations=2 (full 0):
 PSYoungGen      total 35328K, used 2546K [0x00000000eab00000, 0x00000000ed000000, 0x0000000100000000)
  eden space 32768K, 0% used [0x00000000eab00000,0x00000000eab00000,0x00000000ecb00000)
  from space 2560K, 99% used [0x00000000ecd80000,0x00000000ecffc860,0x00000000ed000000)
  to   space 2560K, 0% used [0x00000000ecb00000,0x00000000ecb00000,0x00000000ecd80000)
 ParOldGen       total 44032K, used 4235K [0x00000000c0000000, 0x00000000c2b00000, 0x00000000eab00000)
  object space 44032K, 9% used [0x00000000c0000000,0x00000000c0422c28,0x00000000c2b00000)
 Metaspace       used 5884K, capacity 6896K, committed 7040K, reserved 1056768K
  class space    used 574K, capacity 616K, committed 640K, reserved 1048576K
}

Deoptimization events (10 events):
Event: 7.778 Thread 0x00000000167df000 Uncommon trap: reason=bimorphic action=maybe_recompile pc=0x0000000002898598 method=java.util.HashMap.getNode(ILjava/lang/Object;)Ljava/util/HashMap$Node; @ 126
Event: 7.778 Thread 0x00000000167df000 Uncommon trap: reason=bimorphic action=maybe_recompile pc=0x0000000002898598 method=java.util.HashMap.getNode(ILjava/lang/Object;)Ljava/util/HashMap$Node; @ 126
Event: 7.778 Thread 0x00000000167df000 Uncommon trap: reason=bimorphic action=maybe_recompile pc=0x0000000002898598 method=java.util.HashMap.getNode(ILjava/lang/Object;)Ljava/util/HashMap$Node; @ 126
Event: 7.778 Thread 0x00000000167df000 Uncommon trap: reason=bimorphic action=maybe_recompile pc=0x000000000284fe20 method=java.util.HashMap.getNode(ILjava/lang/Object;)Ljava/util/HashMap$Node; @ 126
Event: 7.812 Thread 0x00000000167df000 Uncommon trap: reason=speculate_class_check action=maybe_recompile pc=0x00000000029d5068 method=com.android.dx.util.FixedSizeList.equals(Ljava/lang/Object;)Z @ 25
Event: 7.812 Thread 0x00000000167df000 Uncommon trap: reason=speculate_class_check action=maybe_recompile pc=0x00000000029d5068 method=com.android.dx.util.FixedSizeList.equals(Ljava/lang/Object;)Z @ 25
Event: 7.812 Thread 0x00000000167df000 Uncommon trap: reason=speculate_class_check action=maybe_recompile pc=0x00000000029d5068 method=com.android.dx.util.FixedSizeList.equals(Ljava/lang/Object;)Z @ 25
Event: 7.813 Thread 0x00000000167df000 Uncommon trap: reason=speculate_class_check action=maybe_recompile pc=0x00000000029d5068 method=com.android.dx.util.FixedSizeList.equals(Ljava/lang/Object;)Z @ 25
Event: 7.824 Thread 0x00000000167df000 Uncommon trap: reason=unstable_if action=reinterpret pc=0x0000000002bfd30c method=java.util.TreeMap.put(Ljava/lang/Object;Ljava/lang/Object;)Ljava/lang/Object; @ 163
Event: 7.906 Thread 0x00000000167df000 Uncommon trap: reason=unstable_if action=reinterpret pc=0x0000000002b4e014 method=com.android.dx.rop.code.RegisterSpecSet.equals(Ljava/lang/Object;)Z @ 30

Internal exceptions (4 events):
Event: 0.111 Thread 0x0000000002530800 Exception <a 'java/lang/NoSuchMethodError': Method sun.misc.Unsafe.defineClass(Ljava/lang/String;[BII)Ljava/lang/Class; name or signature does not match> (0x00000000eab07cc0) thrown at [C:\src\android\AOSP-openjdk\external\jetbrains\jdk\hotspot\src\share\v9_"ùºÇº?
Event: 0.111 Thread 0x0000000002530800 Exception <a 'java/lang/NoSuchMethodError': Method sun.misc.Unsafe.prefetchRead(Ljava/lang/Object;J)V name or signature does not match> (0x00000000eab07fa8) thrown at [C:\src\android\AOSP-openjdk\external\jetbrains\jdk\hotspot\src\share\vm\prims\jni.cpp, lV©0˘ÙU@
Event: 2.667 Thread 0x0000000002530800 Implicit null exception at 0x00000000029cf2dc to 0x00000000029d0bbd
Event: 2.760 Thread 0x00000000167d7800 Implicit null exception at 0x00000000029b366c to 0x00000000029b4bd1

Events (10 events):
Event: 7.815 loading class com/android/dx/dex/code/CatchTable$Entry
Event: 7.815 loading class com/android/dx/dex/code/CatchTable$Entry done
Event: 7.817 loading class com/android/dx/util/ByteArrayAnnotatedOutput
Event: 7.817 loading class com/android/dx/util/ByteArrayAnnotatedOutput done
Event: 7.824 Thread 0x00000000167df000 Uncommon trap: trap_request=0xffffff65 fr.pc=0x0000000002bfd30c
Event: 7.824 Thread 0x00000000167df000 DEOPT PACKING pc=0x0000000002bfd30c sp=0x0000000016d3e7e0
Event: 7.824 Thread 0x00000000167df000 DEOPT UNPACKING pc=0x000000000267556a sp=0x0000000016d3e780 mode 2
Event: 7.906 Thread 0x00000000167df000 Uncommon trap: trap_request=0xffffff65 fr.pc=0x0000000002b4e014
Event: 7.906 Thread 0x00000000167df000 DEOPT PACKING pc=0x0000000002b4e014 sp=0x0000000016d3e3d0
Event: 7.906 Thread 0x00000000167df000 DEOPT UNPACKING pc=0x000000000267556a sp=0x0000000016d3e350 mode 2


Dynamic libraries:
0x00007ff7bf090000 - 0x00007ff7bf0c1000 	C:\Program Files\Android\Android Studio\jre\bin\java.exe
0x00007ff84a430000 - 0x00007ff84a5dd000 	C:\windows\SYSTEM32\ntdll.dll
0x00007ff846bd0000 - 0x00007ff846d0e000 	C:\windows\system32\KERNEL32.DLL
0x00007ff838980000 - 0x00007ff8389b3000 	C:\Program Files (x86)\AVG\Av\avghooka.dll
0x00007ff846640000 - 0x00007ff846755000 	C:\windows\system32\KERNELBASE.dll
0x00007ff8470f0000 - 0x00007ff84719a000 	C:\windows\system32\ADVAPI32.dll
0x00007ff8477c0000 - 0x00007ff847937000 	C:\windows\system32\USER32.dll
0x00007ff843ef0000 - 0x00007ff84416b000 	C:\windows\WinSxS\amd64_microsoft.windows.common-controls_6595b64144ccf1df_6.0.9600.18006_none_623f33d3ecbe86e8\COMCTL32.dll
0x00007ff848e70000 - 0x00007ff848f1a000 	C:\windows\system32\msvcrt.dll
0x00007ff8476e0000 - 0x00007ff847739000 	C:\windows\SYSTEM32\sechost.dll
0x00007ff846d10000 - 0x00007ff846e50000 	C:\windows\system32\RPCRT4.dll
0x00007ff848f90000 - 0x00007ff8490df000 	C:\windows\system32\GDI32.dll
0x00007ff846610000 - 0x00007ff84663e000 	C:\windows\system32\SspiCli.dll
0x00007ff8471a0000 - 0x00007ff8471d6000 	C:\windows\system32\IMM32.DLL
0x00007ff8471f0000 - 0x00007ff847342000 	C:\windows\system32\MSCTF.dll
0x00000000600b0000 - 0x0000000060182000 	C:\Program Files\Android\Android Studio\jre\jre\bin\msvcr100.dll
0x0000000060270000 - 0x0000000060aa4000 	C:\Program Files\Android\Android Studio\jre\jre\bin\server\jvm.dll
0x00007ff838130000 - 0x00007ff838139000 	C:\windows\SYSTEM32\WSOCK32.dll
0x00007ff839030000 - 0x00007ff839052000 	C:\windows\SYSTEM32\WINMM.dll
0x00007ff83eae0000 - 0x00007ff83eaea000 	C:\windows\SYSTEM32\VERSION.dll
0x00007ff8476d0000 - 0x00007ff8476d7000 	C:\windows\system32\PSAPI.DLL
0x00007ff847740000 - 0x00007ff84779a000 	C:\windows\system32\WS2_32.dll
0x00007ff839000000 - 0x00007ff83902a000 	C:\windows\SYSTEM32\WINMMBASE.dll
0x00007ff847350000 - 0x00007ff847359000 	C:\windows\system32\NSI.dll
0x00007ff8463e0000 - 0x00007ff84642f000 	C:\windows\SYSTEM32\cfgmgr32.dll
0x00007ff845090000 - 0x00007ff8450b8000 	C:\windows\SYSTEM32\DEVOBJ.dll
0x00007ff8387a0000 - 0x00007ff8387af000 	C:\Program Files\Android\Android Studio\jre\jre\bin\verify.dll
0x00007ff837d40000 - 0x00007ff837d69000 	C:\Program Files\Android\Android Studio\jre\jre\bin\java.dll
0x00007ff8386a0000 - 0x00007ff8386b6000 	C:\Program Files\Android\Android Studio\jre\jre\bin\zip.dll
0x00007ff847940000 - 0x00007ff848e68000 	C:\windows\system32\SHELL32.dll
0x00007ff8468f0000 - 0x00007ff846b01000 	C:\windows\SYSTEM32\combase.dll
0x00007ff8490e0000 - 0x00007ff849134000 	C:\windows\system32\SHLWAPI.dll
0x00007ff844800000 - 0x00007ff8448b2000 	C:\windows\SYSTEM32\SHCORE.dll
0x00007ff846260000 - 0x00007ff846275000 	C:\windows\SYSTEM32\profapi.dll

VM Arguments:
jvm_args: -Djava.awt.headless=true -Xmx1024M -Dfile.encoding=windows-1252 -Duser.country=US -Duser.language=en -Duser.variant 
java_command: com.android.dx.command.Main --dex --force-jumbo --num-threads=4 --multi-dex --output C:\Users\annie_000.TRINHVU-TABLET\Downloads\final-project-aipom\app\build\intermediates\transforms\dex\debug\folders\1000\10\instant-run_7d7b6c76d9fc32742a191a83249f5976bad5cfac C:\Users\annie_000.TRINHVU-TABLET\Downloads\final-project-aipom\app\build\intermediates\incremental-runtime-classes\debug\instant-run.jar
java_class_path (initial): C:\Users\annie_000.TRINHVU-TABLET\AppData\Local\Android\sdk\build-tools\25.0.0\lib\dx.jar
Launcher Type: SUN_STANDARD

Environment Variables:
PATH=C:\ProgramData\Oracle\Java\javapath;C:\windows\system32;C:\windows;C:\windows\System32\Wbem;C:\windows\System32\WindowsPowerShell\v1.0\;C:\Program Files\Git\cmd
USERNAME=annie_000
OS=Windows_NT
PROCESSOR_IDENTIFIER=Intel64 Family 6 Model 69 Stepping 1, GenuineIntel



---------------  S Y S T E M  ---------------

OS: Windows 8.1 , 64 bit Build 9600 (6.3.9600.17415)

CPU:total 4 (2 cores per cpu, 2 threads per core) family 6 model 69 stepping 1, cmov, cx8, fxsr, mmx, sse, sse2, sse3, ssse3, sse4.1, sse4.2, popcnt, avx, avx2, aes, clmul, erms, lzcnt, ht, tsc, tscinvbit, bmi1, bmi2

Memory: 4k page, physical 4112428k(134476k free), swap 7258156k(4976k free)

vm_info: OpenJDK 64-Bit Server VM (25.76-b03) for windows-amd64 JRE (1.8.0_76-release-b03), built on Jun 29 2016 19:09:20 by "ralucas" with MS VC++ 10.0 (VS2010)

time: Wed Nov 16 18:57:08 2016
elapsed time: 7 seconds (0d 0h 0m 7s)

