#
# There is insufficient memory for the Java Runtime Environment to continue.
# Native memory allocation (malloc) failed to allocate 753456 bytes for Chunk::new
# Possible reasons:
#   The system is out of physical RAM or swap space
#   In 32 bit mode, the process size limit was hit
# Possible solutions:
#   Reduce memory load on the system
#   Increase physical memory or swap space
#   Check if swap backing store is full
#   Use 64 bit Java on a 64 bit OS
#   Decrease Java heap size (-Xmx/-Xms)
#   Decrease number of Java threads
#   Decrease Java thread stack sizes (-Xss)
#   Set larger code cache with -XX:ReservedCodeCacheSize=
# This output file may be truncated or incomplete.
#
#  Out of Memory Error (allocation.cpp:390), pid=6868, tid=0x0000000000001aa0
#
# JRE version: OpenJDK Runtime Environment (8.0_76-b03) (build 1.8.0_76-release-b03)
# Java VM: OpenJDK 64-Bit Server VM (25.76-b03 mixed mode windows-amd64 compressed oops)
# Failed to write core dump. Minidumps are not enabled by default on client versions of Windows
#

---------------  T H R E A D  ---------------

Current thread (0x00000000145fb800):  JavaThread "C2 CompilerThread0" daemon [_thread_in_native, id=6816, stack(0x0000000015c70000,0x0000000015d70000)]

Stack: [0x0000000015c70000,0x0000000015d70000]
[error occurred during error reporting (printing stack bounds), id 0xc0000005]

Native frames: (J=compiled Java code, j=interpreted, Vv=VM code, C=native code)


Current CompileTask:
C2:  23387 2711       4       com.android.dx.cf.code.Simulator$SimVisitor::visitConstant (332 bytes)


---------------  P R O C E S S  ---------------

Java Threads: ( => current thread )
  0x0000000016258000 JavaThread "pool-2-thread-4" [_thread_in_Java, id=4116, stack(0x0000000017170000,0x0000000017270000)]
  0x0000000016257000 JavaThread "pool-2-thread-3" [_thread_blocked, id=6248, stack(0x0000000017070000,0x0000000017170000)]
  0x0000000016252000 JavaThread "pool-2-thread-2" [_thread_blocked, id=2364, stack(0x0000000016f70000,0x0000000017070000)]
  0x00000000161b9800 JavaThread "pool-3-thread-1" [_thread_blocked, id=8060, stack(0x0000000016e70000,0x0000000016f70000)]
  0x00000000161b6800 JavaThread "pool-2-thread-1" [_thread_blocked, id=6416, stack(0x0000000016d70000,0x0000000016e70000)]
  0x0000000015f73800 JavaThread "Service Thread" daemon [_thread_blocked, id=7396, stack(0x0000000016370000,0x0000000016470000)]
  0x000000001465a000 JavaThread "C1 CompilerThread2" daemon [_thread_blocked, id=6268, stack(0x0000000015e70000,0x0000000015f70000)]
  0x0000000014653800 JavaThread "C2 CompilerThread1" daemon [_thread_in_native, id=6844, stack(0x0000000015d70000,0x0000000015e70000)]
=>0x00000000145fb800 JavaThread "C2 CompilerThread0" daemon [_thread_in_native, id=6816, stack(0x0000000015c70000,0x0000000015d70000)]
  0x00000000145fa000 JavaThread "Attach Listener" daemon [_thread_blocked, id=7196, stack(0x0000000015b70000,0x0000000015c70000)]
  0x00000000145f9000 JavaThread "Signal Dispatcher" daemon [_thread_blocked, id=1676, stack(0x0000000015a70000,0x0000000015b70000)]
  0x0000000001f2b000 JavaThread "Finalizer" daemon [_thread_blocked, id=1400, stack(0x0000000015890000,0x0000000015990000)]
  0x0000000001f1f800 JavaThread "Reference Handler" daemon [_thread_blocked, id=6200, stack(0x0000000015790000,0x0000000015890000)]
  0x0000000001e30800 JavaThread "main" [_thread_blocked, id=4192, stack(0x0000000001d30000,0x0000000001e30000)]

Other Threads:
  0x00000000145c6800 VMThread [stack: 0x0000000015690000,0x0000000015790000] [id=7760]
  0x0000000015f75800 WatcherThread [stack: 0x0000000016470000,0x0000000016570000] [id=6360]

VM state:not at safepoint (normal execution)

VM Mutex/Monitor currently owned by a thread: None

Heap:
 PSYoungGen      total 211456K, used 164212K [0x00000000eab00000, 0x00000000fc400000, 0x0000000100000000)
  eden space 175616K, 73% used [0x00000000eab00000,0x00000000f285ecd8,0x00000000f5680000)
  from space 35840K, 99% used [0x00000000f9a00000,0x00000000fbcfe450,0x00000000fbd00000)
  to   space 7168K, 0% used [0x00000000fbd00000,0x00000000fbd00000,0x00000000fc400000)
 ParOldGen       total 90112K, used 66285K [0x00000000c0000000, 0x00000000c5800000, 0x00000000eab00000)
  object space 90112K, 73% used [0x00000000c0000000,0x00000000c40bb7d0,0x00000000c5800000)
 Metaspace       used 6511K, capacity 7218K, committed 7296K, reserved 1056768K
  class space    used 599K, capacity 618K, committed 640K, reserved 1048576K

Card table byte_map: [0x00000000112f0000,0x0000000011500000] byte_map_base: 0x0000000010cf0000

Marking Bits: (ParMarkBitMap*) 0x0000000069999d00
 Begin Bits: [0x0000000011a60000, 0x0000000012a60000)
 End Bits:   [0x0000000012a60000, 0x0000000013a60000)

Polling page: 0x0000000001c20000

CodeCache: size=245760Kb used=9962Kb max_used=11402Kb free=235797Kb
 bounds [0x0000000001f30000, 0x0000000002a70000, 0x0000000010f30000]
 total_blobs=2316 nmethods=2047 adapters=182
 compilation: enabled

Compilation events (10 events):
Event: 23.031 Thread 0x00000000145fb800 nmethod 2715 0x0000000002131cd0 code [0x0000000002131f00, 0x0000000002132f10]
Event: 23.032 Thread 0x00000000145fb800 2719       4       com.android.dx.ssa.SsaMethod::isRegALocal (90 bytes)
Event: 23.059 Thread 0x00000000145fb800 nmethod 2719 0x00000000020cac10 code [0x00000000020cae20, 0x00000000020cb878]
Event: 23.059 Thread 0x00000000145fb800 2722   !   4       com.android.dx.rop.type.Prototype::intern (233 bytes)
Event: 23.205 Thread 0x00000000145fb800 nmethod 2722 0x00000000022cd310 code [0x00000000022cd640, 0x00000000022d09d0]
Event: 23.205 Thread 0x00000000145fb800 2711       4       com.android.dx.cf.code.Simulator$SimVisitor::visitConstant (332 bytes)
Event: 23.226 Thread 0x000000001465a000 2761 %     3       com.android.dx.ssa.back.FirstFitLocalCombiningAllocator::handleCheckCastResults @ 8 (413 bytes)
Event: 23.231 Thread 0x000000001465a000 nmethod 2761% 0x00000000022baa50 code [0x00000000022bafe0, 0x00000000022bed68]
Event: 23.232 Thread 0x000000001465a000 2762       3       com.android.dx.ssa.back.FirstFitLocalCombiningAllocator::handleCheckCastResults (413 bytes)
Event: 23.236 Thread 0x000000001465a000 nmethod 2762 0x00000000022b2cd0 code [0x00000000022b3260, 0x00000000022b6eb8]

GC Heap History (10 events):
Event: 4.865 GC heap before
{Heap before GC invocations=6 (full 0):
 PSYoungGen      total 68096K, used 68083K [0x00000000eab00000, 0x00000000f4900000, 0x0000000100000000)
  eden space 65536K, 100% used [0x00000000eab00000,0x00000000eeb00000,0x00000000eeb00000)
  from space 2560K, 99% used [0x00000000eeb00000,0x00000000eed7cec8,0x00000000eed80000)
  to   space 15360K, 0% used [0x00000000f3a00000,0x00000000f3a00000,0x00000000f4900000)
 ParOldGen       total 44032K, used 22632K [0x00000000c0000000, 0x00000000c2b00000, 0x00000000eab00000)
  object space 44032K, 51% used [0x00000000c0000000,0x00000000c161a3d0,0x00000000c2b00000)
 Metaspace       used 6453K, capacity 7218K, committed 7296K, reserved 1056768K
  class space    used 597K, capacity 618K, committed 640K, reserved 1048576K
Event: 4.977 GC heap after
Heap after GC invocations=6 (full 0):
 PSYoungGen      total 144384K, used 12931K [0x00000000eab00000, 0x00000000f4d00000, 0x0000000100000000)
  eden space 129024K, 0% used [0x00000000eab00000,0x00000000eab00000,0x00000000f2900000)
  from space 15360K, 84% used [0x00000000f3a00000,0x00000000f46a0f48,0x00000000f4900000)
  to   space 17408K, 0% used [0x00000000f2900000,0x00000000f2900000,0x00000000f3a00000)
 ParOldGen       total 44032K, used 22640K [0x00000000c0000000, 0x00000000c2b00000, 0x00000000eab00000)
  object space 44032K, 51% used [0x00000000c0000000,0x00000000c161c3d0,0x00000000c2b00000)
 Metaspace       used 6453K, capacity 7218K, committed 7296K, reserved 1056768K
  class space    used 597K, capacity 618K, committed 640K, reserved 1048576K
}
Event: 8.063 GC heap before
{Heap before GC invocations=7 (full 0):
 PSYoungGen      total 144384K, used 141955K [0x00000000eab00000, 0x00000000f4d00000, 0x0000000100000000)
  eden space 129024K, 100% used [0x00000000eab00000,0x00000000f2900000,0x00000000f2900000)
  from space 15360K, 84% used [0x00000000f3a00000,0x00000000f46a0f48,0x00000000f4900000)
  to   space 17408K, 0% used [0x00000000f2900000,0x00000000f2900000,0x00000000f3a00000)
 ParOldGen       total 44032K, used 22640K [0x00000000c0000000, 0x00000000c2b00000, 0x00000000eab00000)
  object space 44032K, 51% used [0x00000000c0000000,0x00000000c161c3d0,0x00000000c2b00000)
 Metaspace       used 6484K, capacity 7218K, committed 7296K, reserved 1056768K
  class space    used 597K, capacity 618K, committed 640K, reserved 1048576K
Event: 8.573 GC heap after
Heap after GC invocations=7 (full 0):
 PSYoungGen      total 146432K, used 17391K [0x00000000eab00000, 0x00000000fe000000, 0x0000000100000000)
  eden space 129024K, 0% used [0x00000000eab00000,0x00000000eab00000,0x00000000f2900000)
  from space 17408K, 99% used [0x00000000f2900000,0x00000000f39fbc38,0x00000000f3a00000)
  to   space 29184K, 0% used [0x00000000fc380000,0x00000000fc380000,0x00000000fe000000)
 ParOldGen       total 44032K, used 39161K [0x00000000c0000000, 0x00000000c2b00000, 0x00000000eab00000)
  object space 44032K, 88% used [0x00000000c0000000,0x00000000c263e620,0x00000000c2b00000)
 Metaspace       used 6484K, capacity 7218K, committed 7296K, reserved 1056768K
  class space    used 597K, capacity 618K, committed 640K, reserved 1048576K
}
Event: 8.573 GC heap before
{Heap before GC invocations=8 (full 1):
 PSYoungGen      total 146432K, used 17391K [0x00000000eab00000, 0x00000000fe000000, 0x0000000100000000)
  eden space 129024K, 0% used [0x00000000eab00000,0x00000000eab00000,0x00000000f2900000)
  from space 17408K, 99% used [0x00000000f2900000,0x00000000f39fbc38,0x00000000f3a00000)
  to   space 29184K, 0% used [0x00000000fc380000,0x00000000fc380000,0x00000000fe000000)
 ParOldGen       total 44032K, used 39161K [0x00000000c0000000, 0x00000000c2b00000, 0x00000000eab00000)
  object space 44032K, 88% used [0x00000000c0000000,0x00000000c263e620,0x00000000c2b00000)
 Metaspace       used 6484K, capacity 7218K, committed 7296K, reserved 1056768K
  class space    used 597K, capacity 618K, committed 640K, reserved 1048576K
Event: 12.559 GC heap after
Heap after GC invocations=8 (full 1):
 PSYoungGen      total 146432K, used 10184K [0x00000000eab00000, 0x00000000fe000000, 0x0000000100000000)
  eden space 129024K, 0% used [0x00000000eab00000,0x00000000eab00000,0x00000000f2900000)
  from space 17408K, 58% used [0x00000000f2900000,0x00000000f32f2268,0x00000000f3a00000)
  to   space 29184K, 0% used [0x00000000fc380000,0x00000000fc380000,0x00000000fe000000)
 ParOldGen       total 90112K, used 43681K [0x00000000c0000000, 0x00000000c5800000, 0x00000000eab00000)
  object space 90112K, 48% used [0x00000000c0000000,0x00000000c2aa8668,0x00000000c5800000)
 Metaspace       used 6484K, capacity 7218K, committed 7296K, reserved 1056768K
  class space    used 597K, capacity 618K, committed 640K, reserved 1048576K
}
Event: 16.999 GC heap before
{Heap before GC invocations=9 (full 1):
 PSYoungGen      total 146432K, used 139208K [0x00000000eab00000, 0x00000000fe000000, 0x0000000100000000)
  eden space 129024K, 100% used [0x00000000eab00000,0x00000000f2900000,0x00000000f2900000)
  from space 17408K, 58% used [0x00000000f2900000,0x00000000f32f2268,0x00000000f3a00000)
  to   space 29184K, 0% used [0x00000000fc380000,0x00000000fc380000,0x00000000fe000000)
 ParOldGen       total 90112K, used 43681K [0x00000000c0000000, 0x00000000c5800000, 0x00000000eab00000)
  object space 90112K, 48% used [0x00000000c0000000,0x00000000c2aa8668,0x00000000c5800000)
 Metaspace       used 6490K, capacity 7218K, committed 7296K, reserved 1056768K
  class space    used 597K, capacity 618K, committed 640K, reserved 1048576K
Event: 17.330 GC heap after
Heap after GC invocations=9 (full 1):
 PSYoungGen      total 183808K, used 29180K [0x00000000eab00000, 0x00000000fe000000, 0x0000000100000000)
  eden space 154624K, 0% used [0x00000000eab00000,0x00000000eab00000,0x00000000f4200000)
  from space 29184K, 99% used [0x00000000fc380000,0x00000000fdfff2f0,0x00000000fe000000)
  to   space 35840K, 0% used [0x00000000f9a00000,0x00000000f9a00000,0x00000000fbd00000)
 ParOldGen       total 90112K, used 46494K [0x00000000c0000000, 0x00000000c5800000, 0x00000000eab00000)
  object space 90112K, 51% used [0x00000000c0000000,0x00000000c2d67910,0x00000000c5800000)
 Metaspace       used 6490K, capacity 7218K, committed 7296K, reserved 1056768K
  class space    used 597K, capacity 618K, committed 640K, reserved 1048576K
}
Event: 21.248 GC heap before
{Heap before GC invocations=10 (full 1):
 PSYoungGen      total 183808K, used 183804K [0x00000000eab00000, 0x00000000fe000000, 0x0000000100000000)
  eden space 154624K, 100% used [0x00000000eab00000,0x00000000f4200000,0x00000000f4200000)
  from space 29184K, 99% used [0x00000000fc380000,0x00000000fdfff2f0,0x00000000fe000000)
  to   space 35840K, 0% used [0x00000000f9a00000,0x00000000f9a00000,0x00000000fbd00000)
 ParOldGen       total 90112K, used 46494K [0x00000000c0000000, 0x00000000c5800000, 0x00000000eab00000)
  object space 90112K, 51% used [0x00000000c0000000,0x00000000c2d67910,0x00000000c5800000)
 Metaspace       used 6507K, capacity 7218K, committed 7296K, reserved 1056768K
  class space    used 599K, capacity 618K, committed 640K, reserved 1048576K
Event: 21.832 GC heap after
Heap after GC invocations=10 (full 1):
 PSYoungGen      total 211456K, used 35833K [0x00000000eab00000, 0x00000000fc400000, 0x0000000100000000)
  eden space 175616K, 0% used [0x00000000eab00000,0x00000000eab00000,0x00000000f5680000)
  from space 35840K, 99% used [0x00000000f9a00000,0x00000000fbcfe450,0x00000000fbd00000)
  to   space 7168K, 0% used [0x00000000fbd00000,0x00000000fbd00000,0x00000000fc400000)
 ParOldGen       total 90112K, used 66285K [0x00000000c0000000, 0x00000000c5800000, 0x00000000eab00000)
  object space 90112K, 73% used [0x00000000c0000000,0x00000000c40bb7d0,0x00000000c5800000)
 Metaspace       used 6507K, capacity 7218K, committed 7296K, reserved 1056768K
  class space    used 599K, capacity 618K, committed 640K, reserved 1048576K
}

Deoptimization events (10 events):
Event: 18.648 Thread 0x0000000016258000 Uncommon trap: reason=bimorphic action=maybe_recompile pc=0x00000000027b3cb0 method=com.android.dx.cf.code.BytecodeArray.parseInstruction(ILcom/android/dx/cf/code/BytecodeArray$Visitor;)I @ 1161
Event: 19.465 Thread 0x0000000016258000 Uncommon trap: reason=unstable_if action=reinterpret pc=0x000000000289f43c method=com.android.dx.cf.code.Ropper.isSynchronized()Z @ 12
Event: 19.466 Thread 0x0000000016258000 Uncommon trap: reason=unstable_if action=reinterpret pc=0x000000000264e994 method=com.android.dx.ssa.MoveParamCombiner$1.visitNonMoveInsn(Lcom/android/dx/ssa/NormalSsaInsn;)V @ 27
Event: 19.520 Thread 0x0000000016257000 Uncommon trap: reason=unstable_if action=reinterpret pc=0x000000000286c824 method=com.android.dx.dex.code.OutputFinisher.hasLocalInfo(Lcom/android/dx/dex/code/DalvInsn;)Z @ 24
Event: 20.348 Thread 0x00000000161b6800 Uncommon trap: reason=unstable_if action=reinterpret pc=0x00000000026aa83c method=com.android.dx.ssa.LiteralOpUpgrader$1.visitNonMoveInsn(Lcom/android/dx/ssa/NormalSsaInsn;)V @ 55
Event: 20.349 Thread 0x00000000161b6800 Uncommon trap: reason=unstable_if action=reinterpret pc=0x00000000022b179c method=com.android.dx.ssa.SsaMethod.updateOneDefinition(Lcom/android/dx/ssa/SsaInsn;Lcom/android/dx/rop/code/RegisterSpec;)V @ 4
Event: 21.175 Thread 0x0000000016252000 Uncommon trap: reason=bimorphic action=maybe_recompile pc=0x000000000293e7a0 method=com.android.dx.cf.code.BytecodeArray.parseInstruction(ILcom/android/dx/cf/code/BytecodeArray$Visitor;)I @ 1224
Event: 21.175 Thread 0x0000000016252000 Uncommon trap: reason=bimorphic action=maybe_recompile pc=0x000000000293e7a0 method=com.android.dx.cf.code.BytecodeArray.parseInstruction(ILcom/android/dx/cf/code/BytecodeArray$Visitor;)I @ 1224
Event: 21.184 Thread 0x0000000016252000 Uncommon trap: reason=unstable_if action=reinterpret pc=0x00000000028cde10 method=com.android.dx.cf.code.Merger.mergeType(Lcom/android/dx/rop/type/TypeBearer;Lcom/android/dx/rop/type/TypeBearer;)Lcom/android/dx/rop/type/TypeBearer; @ 52
Event: 22.299 Thread 0x00000000161b6800 Uncommon trap: reason=unstable_if action=reinterpret pc=0x0000000002a25d3c method=java.util.HashMap.putVal(ILjava/lang/Object;Ljava/lang/Object;ZZ)Ljava/lang/Object; @ 94

Internal exceptions (10 events):
Event: 0.102 Thread 0x0000000001e30800 Exception <a 'java/lang/NoSuchMethodError': Method sun.misc.Unsafe.defineClass(Ljava/lang/String;[BII)Ljava/lang/Class; name or signature does not match> (0x00000000eab07cc0) thrown at [C:\src\android\AOSP-openjdk\external\jetbrains\jdk\hotspot\src\share\vÒ3îF>º?
Event: 0.103 Thread 0x0000000001e30800 Exception <a 'java/lang/NoSuchMethodError': Method sun.misc.Unsafe.prefetchRead(Ljava/lang/Object;J)V name or signature does not match> (0x00000000eab07fa8) thrown at [C:\src\android\AOSP-openjdk\external\jetbrains\jdk\hotspot\src\share\vm\prims\jni.cpp, lÐ…€—Æ!ú?
Event: 1.633 Thread 0x00000000161b6800 Implicit null exception at 0x0000000002249b0c to 0x000000000224c08d
Event: 2.590 Thread 0x00000000161b6800 Exception <a 'java/lang/ArrayIndexOutOfBoundsException': 18> (0x00000000ebf0d080) thrown at [C:\src\android\AOSP-openjdk\external\jetbrains\jdk\hotspot\src\share\vm\interpreter\interpreterRuntime.cpp, line 366]
Event: 2.590 Thread 0x00000000161b6800 Exception <a 'java/lang/ArrayIndexOutOfBoundsException': 145> (0x00000000ebf0ec00) thrown at [C:\src\android\AOSP-openjdk\external\jetbrains\jdk\hotspot\src\share\vm\interpreter\interpreterRuntime.cpp, line 366]
Event: 2.591 Thread 0x00000000161b6800 Exception <a 'java/lang/ArrayIndexOutOfBoundsException'> (0x00000000ebf0fee8) thrown at [C:\src\android\AOSP-openjdk\external\jetbrains\jdk\hotspot\src\share\vm\runtime\sharedRuntime.cpp, line 605]
Event: 6.637 Thread 0x00000000161b6800 Implicit null exception at 0x000000000268bd79 to 0x000000000268d921
Event: 18.602 Thread 0x0000000016257000 Implicit null exception at 0x00000000027cd0d6 to 0x00000000027d1941
Event: 18.602 Thread 0x0000000016257000 Implicit null exception at 0x00000000026ac119 to 0x00000000026ac479
Event: 18.603 Thread 0x0000000016257000 Implicit null exception at 0x00000000026b1376 to 0x00000000026b4081

Events (10 events):
Event: 23.236 Thread 0x000000001465a000 flushing nmethod 0x00000000023f1890
Event: 23.236 Thread 0x000000001465a000 flushing nmethod 0x00000000023f28d0
Event: 23.236 Thread 0x000000001465a000 flushing nmethod 0x00000000023f6310
Event: 23.236 Thread 0x000000001465a000 flushing nmethod 0x00000000023f90d0
Event: 23.236 Thread 0x000000001465a000 flushing nmethod 0x00000000023fdf10
Event: 23.237 Thread 0x000000001465a000 flushing nmethod 0x0000000002402510
Event: 23.237 Thread 0x0000000016258000 DEOPT PACKING pc=0x0000000002a60417 sp=0x000000001726ea40
Event: 23.237 Thread 0x0000000016258000 DEOPT UNPACKING pc=0x0000000001f775bf sp=0x000000001726e7f8 mode 0
Event: 23.241 Thread 0x0000000016258000 DEOPT PACKING pc=0x0000000002a3692e sp=0x000000001726e880
Event: 23.241 Thread 0x0000000016258000 DEOPT UNPACKING pc=0x0000000001f775bf sp=0x000000001726e688 mode 0


Dynamic libraries:
0x00007ff665610000 - 0x00007ff665641000 	C:\Program Files\Android\Android Studio\jre\bin\java.exe
0x00007ffd52e90000 - 0x00007ffd5303d000 	C:\windows\SYSTEM32\ntdll.dll
0x00007ffd51320000 - 0x00007ffd5145e000 	C:\windows\system32\KERNEL32.DLL
0x00007ffd416a0000 - 0x00007ffd416d3000 	C:\Program Files (x86)\AVG\Av\avghooka.dll
0x00007ffd4f020000 - 0x00007ffd4f135000 	C:\windows\system32\KERNELBASE.dll
0x00007ffd50ea0000 - 0x00007ffd50f4a000 	C:\windows\system32\ADVAPI32.dll
0x00007ffd50b90000 - 0x00007ffd50d07000 	C:\windows\system32\USER32.dll
0x00007ffd4c950000 - 0x00007ffd4cbcb000 	C:\windows\WinSxS\amd64_microsoft.windows.common-controls_6595b64144ccf1df_6.0.9600.18006_none_623f33d3ecbe86e8\COMCTL32.dll
0x00007ffd4f400000 - 0x00007ffd4f4aa000 	C:\windows\system32\msvcrt.dll
0x00007ffd4f5f0000 - 0x00007ffd4f649000 	C:\windows\SYSTEM32\sechost.dll
0x00007ffd4f4b0000 - 0x00007ffd4f5f0000 	C:\windows\system32\RPCRT4.dll
0x00007ffd4f2b0000 - 0x00007ffd4f3ff000 	C:\windows\system32\GDI32.dll
0x00007ffd4f140000 - 0x00007ffd4f16e000 	C:\windows\system32\SspiCli.dll
0x00007ffd512d0000 - 0x00007ffd51306000 	C:\windows\system32\IMM32.DLL
0x00007ffd50f50000 - 0x00007ffd510a2000 	C:\windows\system32\MSCTF.dll
0x0000000069020000 - 0x00000000690f2000 	C:\Program Files\Android\Android Studio\jre\jre\bin\msvcr100.dll
0x00000000691e0000 - 0x0000000069a14000 	C:\Program Files\Android\Android Studio\jre\jre\bin\server\jvm.dll
0x00007ffd408e0000 - 0x00007ffd408e9000 	C:\windows\SYSTEM32\WSOCK32.dll
0x00007ffd41e90000 - 0x00007ffd41eb2000 	C:\windows\SYSTEM32\WINMM.dll
0x00007ffd47840000 - 0x00007ffd4784a000 	C:\windows\SYSTEM32\VERSION.dll
0x00007ffd4f280000 - 0x00007ffd4f287000 	C:\windows\system32\PSAPI.DLL
0x00007ffd50d80000 - 0x00007ffd50dda000 	C:\windows\system32\WS2_32.dll
0x00007ffd41e60000 - 0x00007ffd41e8a000 	C:\windows\SYSTEM32\WINMMBASE.dll
0x00007ffd4f650000 - 0x00007ffd4f659000 	C:\windows\system32\NSI.dll
0x00007ffd4f1d0000 - 0x00007ffd4f21f000 	C:\windows\SYSTEM32\cfgmgr32.dll
0x00007ffd4daf0000 - 0x00007ffd4db18000 	C:\windows\SYSTEM32\DEVOBJ.dll
0x00007ffd49b00000 - 0x00007ffd49b0f000 	C:\Program Files\Android\Android Studio\jre\jre\bin\verify.dll
0x00007ffd41410000 - 0x00007ffd41439000 	C:\Program Files\Android\Android Studio\jre\jre\bin\java.dll
0x00007ffd41500000 - 0x00007ffd41516000 	C:\Program Files\Android\Android Studio\jre\jre\bin\zip.dll
0x00007ffd4f660000 - 0x00007ffd50b88000 	C:\windows\system32\SHELL32.dll
0x00007ffd510b0000 - 0x00007ffd512c1000 	C:\windows\SYSTEM32\combase.dll
0x00007ffd50d20000 - 0x00007ffd50d74000 	C:\windows\system32\SHLWAPI.dll
0x00007ffd4d260000 - 0x00007ffd4d312000 	C:\windows\SYSTEM32\SHCORE.dll
0x00007ffd4ecc0000 - 0x00007ffd4ecd5000 	C:\windows\SYSTEM32\profapi.dll

VM Arguments:
jvm_args: -Djava.awt.headless=true -Xmx1024M -Dfile.encoding=windows-1252 -Duser.country=US -Duser.language=en -Duser.variant 
java_command: com.android.dx.command.Main --dex --force-jumbo --num-threads=4 --multi-dex --output C:\Users\annie_000.TRINHVU-TABLET\Downloads\final-project-aipom\app\build\intermediates\transforms\dex\debug\folders\1000\10\guava-jdk5-17.0_cc2a6fa3f1da26a33ce6f3981480facd6f46f4a4 C:\Users\annie_000.TRINHVU-TABLET\.gradle\caches\modules-2\files-2.1\com.google.guava\guava-jdk5\17.0\463f8378feba44df7ba7cd9272d01837dad62b36\guava-jdk5-17.0.jar
java_class_path (initial): C:\Users\annie_000.TRINHVU-TABLET\AppData\Local\Android\sdk\build-tools\25.0.0\lib\dx.jar
Launcher Type: SUN_STANDARD

Environment Variables:
PATH=C:\windows\system32;C:\windows;C:\windows\System32\Wbem;C:\windows\System32\WindowsPowerShell\v1.0\;C:\Program Files\Git\cmd
USERNAME=annie_000
OS=Windows_NT
PROCESSOR_IDENTIFIER=Intel64 Family 6 Model 69 Stepping 1, GenuineIntel



---------------  S Y S T E M  ---------------

OS: Windows 8.1 , 64 bit Build 9600 (6.3.9600.17415)

CPU:total 4 (2 cores per cpu, 2 threads per core) family 6 model 69 stepping 1, cmov, cx8, fxsr, mmx, sse, sse2, sse3, ssse3, sse4.1, sse4.2, popcnt, avx, avx2, aes, clmul, erms, lzcnt, ht, tsc, tscinvbit, bmi1, bmi2

Memory: 4k page, physical 4112428k(290628k free), swap 7258156k(4848k free)

vm_info: OpenJDK 64-Bit Server VM (25.76-b03) for windows-amd64 JRE (1.8.0_76-release-b03), built on Jun 29 2016 19:09:20 by "ralucas" with MS VC++ 10.0 (VS2010)

time: Mon Nov 07 12:09:37 2016
elapsed time: 23 seconds (0d 0h 0m 23s)

