#
# There is insufficient memory for the Java Runtime Environment to continue.
# Native memory allocation (malloc) failed to allocate 96016 bytes for Chunk::new
# Possible reasons:
#   The system is out of physical RAM or swap space
#   In 32 bit mode, the process size limit was hit
# Possible solutions:
#   Reduce memory load on the system
#   Increase physical memory or swap space
#   Check if swap backing store is full
#   Use 64 bit Java on a 64 bit OS
#   Decrease Java heap size (-Xmx/-Xms)
#   Decrease number of Java threads
#   Decrease Java thread stack sizes (-Xss)
#   Set larger code cache with -XX:ReservedCodeCacheSize=
# This output file may be truncated or incomplete.
#
#  Out of Memory Error (allocation.cpp:390), pid=4336, tid=0x0000000000001880
#
# JRE version: OpenJDK Runtime Environment (8.0_76-b03) (build 1.8.0_76-release-b03)
# Java VM: OpenJDK 64-Bit Server VM (25.76-b03 mixed mode windows-amd64 compressed oops)
# Failed to write core dump. Minidumps are not enabled by default on client versions of Windows
#

---------------  T H R E A D  ---------------

Current thread (0x0000000015144800):  JavaThread "C2 CompilerThread1" daemon [_thread_in_native, id=6272, stack(0x0000000016820000,0x0000000016920000)]

Stack: [0x0000000016820000,0x0000000016920000]
[error occurred during error reporting (printing stack bounds), id 0xc0000005]

Native frames: (J=compiled Java code, j=interpreted, Vv=VM code, C=native code)


Current CompileTask:
C2:   2158  260       4       java.lang.String::replace (127 bytes)


---------------  P R O C E S S  ---------------

Java Threads: ( => current thread )
  0x0000000016ccb800 JavaThread "pool-2-thread-4" [_thread_blocked, id=3588, stack(0x0000000017420000,0x0000000017520000)]
  0x0000000016cc9000 JavaThread "pool-2-thread-3" [_thread_in_vm, id=7044, stack(0x0000000017320000,0x0000000017420000)]
  0x0000000016cc8000 JavaThread "pool-2-thread-2" [_thread_in_vm, id=7072, stack(0x0000000017220000,0x0000000017320000)]
  0x0000000016cc5000 JavaThread "pool-3-thread-1" [_thread_blocked, id=7272, stack(0x0000000017120000,0x0000000017220000)]
  0x0000000016cbf800 JavaThread "pool-2-thread-1" [_thread_blocked, id=7508, stack(0x0000000017020000,0x0000000017120000)]
  0x0000000016a23800 JavaThread "Service Thread" daemon [_thread_blocked, id=7216, stack(0x0000000016e20000,0x0000000016f20000)]
  0x000000001514a800 JavaThread "C1 CompilerThread2" daemon [_thread_in_native, id=8016, stack(0x0000000016920000,0x0000000016a20000)]
=>0x0000000015144800 JavaThread "C2 CompilerThread1" daemon [_thread_in_native, id=6272, stack(0x0000000016820000,0x0000000016920000)]
  0x00000000150ec000 JavaThread "C2 CompilerThread0" daemon [_thread_blocked, id=6760, stack(0x0000000016720000,0x0000000016820000)]
  0x00000000150eb000 JavaThread "Attach Listener" daemon [_thread_blocked, id=4116, stack(0x0000000016620000,0x0000000016720000)]
  0x00000000150ea000 JavaThread "Signal Dispatcher" daemon [_thread_blocked, id=7880, stack(0x0000000016520000,0x0000000016620000)]
  0x0000000002a1b000 JavaThread "Finalizer" daemon [_thread_blocked, id=1584, stack(0x0000000016340000,0x0000000016440000)]
  0x0000000002a0f800 JavaThread "Reference Handler" daemon [_thread_blocked, id=7152, stack(0x0000000016240000,0x0000000016340000)]
  0x0000000002920800 JavaThread "main" [_thread_blocked, id=5928, stack(0x0000000002770000,0x0000000002870000)]

Other Threads:
  0x00000000150b6800 VMThread [stack: 0x0000000016140000,0x0000000016240000] [id=4432]
  0x0000000016a25000 WatcherThread [stack: 0x0000000016f20000,0x0000000017020000] [id=6404]

VM state:not at safepoint (normal execution)

VM Mutex/Monitor currently owned by a thread: None

Heap:
 PSYoungGen      total 18944K, used 6620K [0x00000000eab00000, 0x00000000ec000000, 0x0000000100000000)
  eden space 16384K, 40% used [0x00000000eab00000,0x00000000eb1771c0,0x00000000ebb00000)
  from space 2560K, 0% used [0x00000000ebd80000,0x00000000ebd80000,0x00000000ec000000)
  to   space 2560K, 0% used [0x00000000ebb00000,0x00000000ebb00000,0x00000000ebd80000)
 ParOldGen       total 44032K, used 0K [0x00000000c0000000, 0x00000000c2b00000, 0x00000000eab00000)
  object space 44032K, 0% used [0x00000000c0000000,0x00000000c0000000,0x00000000c2b00000)
 Metaspace       used 4484K, capacity 5808K, committed 6016K, reserved 1058816K
  class space    used 479K, capacity 552K, committed 640K, reserved 1048576K

Card table byte_map: [0x0000000011de0000,0x0000000011ff0000] byte_map_base: 0x00000000117e0000

Marking Bits: (ParMarkBitMap*) 0x0000000069999d00
 Begin Bits: [0x0000000012550000, 0x0000000013550000)
 End Bits:   [0x0000000013550000, 0x0000000014550000)

Polling page: 0x0000000000ed0000

CodeCache: size=245760Kb used=1681Kb max_used=1687Kb free=244078Kb
 bounds [0x0000000002a20000, 0x0000000002c90000, 0x0000000011a20000]
 total_blobs=533 nmethods=275 adapters=172
 compilation: enabled

Compilation events (10 events):
Event: 2.155 Thread 0x000000001514a800 nmethod 265 0x0000000002bc2350 code [0x0000000002bc24c0, 0x0000000002bc2770]
Event: 2.155 Thread 0x000000001514a800  268       3       com.android.dx.cf.code.LocalVariableList$Item::matchesPcAndIndex (35 bytes)
Event: 2.155 Thread 0x00000000150ec000  270       4       java.util.ArrayList::get (11 bytes)
Event: 2.155 Thread 0x000000001514a800 nmethod 268 0x0000000002bc27d0 code [0x0000000002bc2940, 0x0000000002bc2b70]
Event: 2.155 Thread 0x000000001514a800  269       1       com.android.dx.cf.code.ExecutionStack::size (5 bytes)
Event: 2.155 Thread 0x000000001514a800 nmethod 269 0x0000000002bc2c10 code [0x0000000002bc2d60, 0x0000000002bc2e70]
Event: 2.155 Thread 0x000000001514a800  271       3       com.android.dx.util.MutabilityControl::throwIfMutable (18 bytes)
Event: 2.155 Thread 0x000000001514a800 nmethod 271 0x0000000002bc2ed0 code [0x0000000002bc3040, 0x0000000002bc32a8]
Event: 2.156 Thread 0x00000000150ec000 nmethod 270 0x0000000002bc6050 code [0x0000000002bc6180, 0x0000000002bc6238]
Event: 2.156 Thread 0x000000001514a800  272       3       java.lang.StringBuffer::<init> (6 bytes)

GC Heap History (0 events):
No events

Deoptimization events (0 events):
No events

Internal exceptions (2 events):
Event: 0.478 Thread 0x0000000002920800 Exception <a 'java/lang/NoSuchMethodError': Method sun.misc.Unsafe.defineClass(Ljava/lang/String;[BII)Ljava/lang/Class; name or signature does not match> (0x00000000eab07cc0) thrown at [C:\src\android\AOSP-openjdk\external\jetbrains\jdk\hotspot\src\share\v¡Ü¿N Þ?
Event: 0.479 Thread 0x0000000002920800 Exception <a 'java/lang/NoSuchMethodError': Method sun.misc.Unsafe.prefetchRead(Ljava/lang/Object;J)V name or signature does not match> (0x00000000eab07fa8) thrown at [C:\src\android\AOSP-openjdk\external\jetbrains\jdk\hotspot\src\share\vm\prims\jni.cpp, l

Events (10 events):
Event: 2.151 loading class java/util/RegularEnumSet
Event: 2.151 loading class java/util/RegularEnumSet done
Event: 2.152 loading class com/android/dx/ssa/SsaConverter
Event: 2.152 loading class com/android/dx/ssa/SsaConverter done
Event: 2.153 loading class com/android/dx/ssa/SsaMethod
Event: 2.153 loading class com/android/dx/ssa/SsaMethod done
Event: 2.155 loading class com/android/dx/ssa/SsaInsn$Visitor
Event: 2.155 loading class com/android/dx/ssa/SsaInsn$Visitor done
Event: 2.156 loading class com/android/dx/ssa/SsaInsn
Event: 2.156 loading class com/android/dx/ssa/SsaInsn done


Dynamic libraries:
0x00007ff693f90000 - 0x00007ff693fc1000 	C:\Program Files\Android\Android Studio\jre\bin\java.exe
0x00007ffd52e90000 - 0x00007ffd5303d000 	C:\windows\SYSTEM32\ntdll.dll
0x00007ffd51320000 - 0x00007ffd5145e000 	C:\windows\system32\KERNEL32.DLL
0x00007ffd416a0000 - 0x00007ffd416d3000 	C:\Program Files (x86)\AVG\Av\avghooka.dll
0x00007ffd4f020000 - 0x00007ffd4f135000 	C:\windows\system32\KERNELBASE.dll
0x00007ffd50ea0000 - 0x00007ffd50f4a000 	C:\windows\system32\ADVAPI32.dll
0x00007ffd50b90000 - 0x00007ffd50d07000 	C:\windows\system32\USER32.dll
0x00007ffd4c950000 - 0x00007ffd4cbcb000 	C:\windows\WinSxS\amd64_microsoft.windows.common-controls_6595b64144ccf1df_6.0.9600.18006_none_623f33d3ecbe86e8\COMCTL32.dll
0x00007ffd4f400000 - 0x00007ffd4f4aa000 	C:\windows\system32\msvcrt.dll
0x00007ffd4f5f0000 - 0x00007ffd4f649000 	C:\windows\SYSTEM32\sechost.dll
0x00007ffd4f4b0000 - 0x00007ffd4f5f0000 	C:\windows\system32\RPCRT4.dll
0x00007ffd4f2b0000 - 0x00007ffd4f3ff000 	C:\windows\system32\GDI32.dll
0x00007ffd4f140000 - 0x00007ffd4f16e000 	C:\windows\system32\SspiCli.dll
0x00007ffd512d0000 - 0x00007ffd51306000 	C:\windows\system32\IMM32.DLL
0x00007ffd50f50000 - 0x00007ffd510a2000 	C:\windows\system32\MSCTF.dll
0x0000000069020000 - 0x00000000690f2000 	C:\Program Files\Android\Android Studio\jre\jre\bin\msvcr100.dll
0x00000000691e0000 - 0x0000000069a14000 	C:\Program Files\Android\Android Studio\jre\jre\bin\server\jvm.dll
0x00007ffd408e0000 - 0x00007ffd408e9000 	C:\windows\SYSTEM32\WSOCK32.dll
0x00007ffd41e90000 - 0x00007ffd41eb2000 	C:\windows\SYSTEM32\WINMM.dll
0x00007ffd47840000 - 0x00007ffd4784a000 	C:\windows\SYSTEM32\VERSION.dll
0x00007ffd4f280000 - 0x00007ffd4f287000 	C:\windows\system32\PSAPI.DLL
0x00007ffd50d80000 - 0x00007ffd50dda000 	C:\windows\system32\WS2_32.dll
0x00007ffd41e60000 - 0x00007ffd41e8a000 	C:\windows\SYSTEM32\WINMMBASE.dll
0x00007ffd4f650000 - 0x00007ffd4f659000 	C:\windows\system32\NSI.dll
0x00007ffd4f1d0000 - 0x00007ffd4f21f000 	C:\windows\SYSTEM32\cfgmgr32.dll
0x00007ffd4daf0000 - 0x00007ffd4db18000 	C:\windows\SYSTEM32\DEVOBJ.dll
0x00007ffd49b20000 - 0x00007ffd49b2f000 	C:\Program Files\Android\Android Studio\jre\jre\bin\verify.dll
0x00007ffd41510000 - 0x00007ffd41539000 	C:\Program Files\Android\Android Studio\jre\jre\bin\java.dll
0x00007ffd414f0000 - 0x00007ffd41506000 	C:\Program Files\Android\Android Studio\jre\jre\bin\zip.dll
0x00007ffd4f660000 - 0x00007ffd50b88000 	C:\windows\system32\SHELL32.dll
0x00007ffd510b0000 - 0x00007ffd512c1000 	C:\windows\SYSTEM32\combase.dll
0x00007ffd50d20000 - 0x00007ffd50d74000 	C:\windows\system32\SHLWAPI.dll
0x00007ffd4d260000 - 0x00007ffd4d312000 	C:\windows\SYSTEM32\SHCORE.dll
0x00007ffd4ecc0000 - 0x00007ffd4ecd5000 	C:\windows\SYSTEM32\profapi.dll

VM Arguments:
jvm_args: -Djava.awt.headless=true -Xmx1024M -Dfile.encoding=windows-1252 -Duser.country=US -Duser.language=en -Duser.variant 
java_command: com.android.dx.command.Main --dex --force-jumbo --num-threads=4 --multi-dex --output C:\Users\annie_000.TRINHVU-TABLET\Downloads\final-project-aipom\app\build\intermediates\transforms\dex\debug\folders\1000\10\com.android.support-animated-vector-drawable-24.2.1_241cadb86010e5218af522cf4cb81ce9696359b5 C:\Users\annie_000.TRINHVU-TABLET\Downloads\final-project-aipom\app\build\intermediates\exploded-aar\com.android.support\animated-vector-drawable\24.2.1\jars\classes.jar
java_class_path (initial): C:\Users\annie_000.TRINHVU-TABLET\AppData\Local\Android\sdk\build-tools\25.0.0\lib\dx.jar
Launcher Type: SUN_STANDARD

Environment Variables:
PATH=C:\windows\system32;C:\windows;C:\windows\System32\Wbem;C:\windows\System32\WindowsPowerShell\v1.0\;C:\Program Files\Git\cmd
USERNAME=annie_000
OS=Windows_NT
PROCESSOR_IDENTIFIER=Intel64 Family 6 Model 69 Stepping 1, GenuineIntel



---------------  S Y S T E M  ---------------

OS: Windows 8.1 , 64 bit Build 9600 (6.3.9600.17415)

CPU:total 4 (2 cores per cpu, 2 threads per core) family 6 model 69 stepping 1, cmov, cx8, fxsr, mmx, sse, sse2, sse3, ssse3, sse4.1, sse4.2, popcnt, avx, avx2, aes, clmul, erms, lzcnt, ht, tsc, tscinvbit, bmi1, bmi2

Memory: 4k page, physical 4112428k(319036k free), swap 7258156k(183208k free)

vm_info: OpenJDK 64-Bit Server VM (25.76-b03) for windows-amd64 JRE (1.8.0_76-release-b03), built on Jun 29 2016 19:09:20 by "ralucas" with MS VC++ 10.0 (VS2010)

time: Thu Nov 03 20:28:13 2016
elapsed time: 2 seconds (0d 0h 0m 2s)

