#
# There is insufficient memory for the Java Runtime Environment to continue.
# Native memory allocation (malloc) failed to allocate 65552 bytes for Chunk::new
# Possible reasons:
#   The system is out of physical RAM or swap space
#   In 32 bit mode, the process size limit was hit
# Possible solutions:
#   Reduce memory load on the system
#   Increase physical memory or swap space
#   Check if swap backing store is full
#   Use 64 bit Java on a 64 bit OS
#   Decrease Java heap size (-Xmx/-Xms)
#   Decrease number of Java threads
#   Decrease Java thread stack sizes (-Xss)
#   Set larger code cache with -XX:ReservedCodeCacheSize=
# This output file may be truncated or incomplete.
#
#  Out of Memory Error (allocation.cpp:390), pid=5444, tid=0x0000000000001558
#
# JRE version: OpenJDK Runtime Environment (8.0_76-b03) (build 1.8.0_76-release-b03)
# Java VM: OpenJDK 64-Bit Server VM (25.76-b03 mixed mode windows-amd64 compressed oops)
# Failed to write core dump. Minidumps are not enabled by default on client versions of Windows
#

---------------  T H R E A D  ---------------

Current thread (0x00000000146be800):  JavaThread "C2 CompilerThread1" daemon [_thread_in_native, id=5464, stack(0x0000000015d20000,0x0000000015e20000)]

Stack: [0x0000000015d20000,0x0000000015e20000]
[error occurred during error reporting (printing stack bounds), id 0xc0000005]

Native frames: (J=compiled Java code, j=interpreted, Vv=VM code, C=native code)


Current CompileTask:
C2:  13259 1998       4       com.android.dx.dex.code.RopToDop::dopFor (792 bytes)


---------------  P R O C E S S  ---------------

Java Threads: ( => current thread )
  0x00000000161f3800 JavaThread "pool-2-thread-4" [_thread_in_Java, id=6248, stack(0x0000000016920000,0x0000000016a20000)]
  0x00000000161f2800 JavaThread "pool-2-thread-3" [_thread_blocked, id=1060, stack(0x0000000016820000,0x0000000016920000)]
  0x00000000161c3000 JavaThread "pool-2-thread-2" [_thread_in_Java, id=5588, stack(0x0000000016720000,0x0000000016820000)]
  0x00000000161ac000 JavaThread "pool-3-thread-1" [_thread_blocked, id=7892, stack(0x0000000016620000,0x0000000016720000)]
  0x00000000161ab800 JavaThread "pool-2-thread-1" [_thread_in_Java, id=3092, stack(0x0000000016520000,0x0000000016620000)]
  0x0000000015f20800 JavaThread "Service Thread" daemon [_thread_blocked, id=5184, stack(0x0000000016320000,0x0000000016420000)]
  0x0000000014717800 JavaThread "C1 CompilerThread2" daemon [_thread_in_native, id=7936, stack(0x0000000015e20000,0x0000000015f20000)]
=>0x00000000146be800 JavaThread "C2 CompilerThread1" daemon [_thread_in_native, id=5464, stack(0x0000000015d20000,0x0000000015e20000)]
  0x00000000146bc800 JavaThread "C2 CompilerThread0" daemon [_thread_in_native, id=7928, stack(0x0000000015c20000,0x0000000015d20000)]
  0x00000000146bb000 JavaThread "Attach Listener" daemon [_thread_blocked, id=5964, stack(0x0000000015b20000,0x0000000015c20000)]
  0x00000000146b9800 JavaThread "Signal Dispatcher" daemon [_thread_blocked, id=8176, stack(0x0000000015a20000,0x0000000015b20000)]
  0x0000000001feb000 JavaThread "Finalizer" daemon [_thread_blocked, id=7824, stack(0x0000000015920000,0x0000000015a20000)]
  0x0000000001fdf800 JavaThread "Reference Handler" daemon [_thread_blocked, id=8112, stack(0x0000000015820000,0x0000000015920000)]
  0x0000000001ef0800 JavaThread "main" [_thread_in_Java, id=1324, stack(0x0000000001df0000,0x0000000001ef0000)]

Other Threads:
  0x0000000014686800 VMThread [stack: 0x0000000015720000,0x0000000015820000] [id=8048]
  0x0000000015f22000 WatcherThread [stack: 0x0000000016420000,0x0000000016520000] [id=4032]

VM state:not at safepoint (normal execution)

VM Mutex/Monitor currently owned by a thread: None

Heap:
 PSYoungGen      total 68096K, used 54512K [0x00000000eab00000, 0x00000000ef000000, 0x0000000100000000)
  eden space 65536K, 79% used [0x00000000eab00000,0x00000000eddbe3d8,0x00000000eeb00000)
  from space 2560K, 99% used [0x00000000eed80000,0x00000000eeffdca8,0x00000000ef000000)
  to   space 2560K, 0% used [0x00000000eeb00000,0x00000000eeb00000,0x00000000eed80000)
 ParOldGen       total 44032K, used 13520K [0x00000000c0000000, 0x00000000c2b00000, 0x00000000eab00000)
  object space 44032K, 30% used [0x00000000c0000000,0x00000000c0d34270,0x00000000c2b00000)
 Metaspace       used 6282K, capacity 7152K, committed 7296K, reserved 1056768K
  class space    used 579K, capacity 616K, committed 640K, reserved 1048576K

Card table byte_map: [0x00000000113b0000,0x00000000115c0000] byte_map_base: 0x0000000010db0000

Marking Bits: (ParMarkBitMap*) 0x0000000069999d00
 Begin Bits: [0x0000000011b20000, 0x0000000012b20000)
 End Bits:   [0x0000000012b20000, 0x0000000013b20000)

Polling page: 0x0000000000450000

CodeCache: size=245760Kb used=8358Kb max_used=8358Kb free=237401Kb
 bounds [0x0000000001ff0000, 0x0000000002830000, 0x0000000010ff0000]
 total_blobs=2205 nmethods=1936 adapters=182
 compilation: enabled

Compilation events (10 events):
Event: 13.175 Thread 0x0000000014717800 nmethod 2018 0x000000000281c650 code [0x000000000281c7c0, 0x000000000281ca88]
Event: 13.241 Thread 0x0000000014717800 2026       2       com.android.dx.dex.cf.OptimizerOptions::loadOptimizeLists (52 bytes)
Event: 13.242 Thread 0x0000000014717800 nmethod 2026 0x000000000281c110 code [0x000000000281c2a0, 0x000000000281c548]
Event: 13.242 Thread 0x0000000014717800 2027       2       com.android.dx.dex.file.ClassDefItem::<init> (110 bytes)
Event: 13.242 Thread 0x0000000014717800 nmethod 2027 0x000000000281b610 code [0x000000000281b7e0, 0x000000000281be08]
Event: 13.242 Thread 0x0000000014717800 2028   !   2       com.android.dx.dex.cf.AttributeTranslator::getClassAnnotations (135 bytes)
Event: 13.245 Thread 0x0000000014717800 nmethod 2028 0x000000000281cbd0 code [0x000000000281ce80, 0x000000000281dba8]
Event: 13.245 Thread 0x0000000014717800 2029   !   2       com.android.dx.dex.cf.CfTranslator::processFields (251 bytes)
Event: 13.248 Thread 0x0000000014717800 nmethod 2029 0x000000000281e790 code [0x000000000281eac0, 0x000000000281f7c8]
Event: 13.248 Thread 0x0000000014717800 2030   !   2       com.android.dx.dex.cf.CfTranslator::processMethods (583 bytes)

GC Heap History (8 events):
Event: 3.417 GC heap before
{Heap before GC invocations=1 (full 0):
 PSYoungGen      total 18944K, used 16384K [0x00000000eab00000, 0x00000000ec000000, 0x0000000100000000)
  eden space 16384K, 100% used [0x00000000eab00000,0x00000000ebb00000,0x00000000ebb00000)
  from space 2560K, 0% used [0x00000000ebd80000,0x00000000ebd80000,0x00000000ec000000)
  to   space 2560K, 0% used [0x00000000ebb00000,0x00000000ebb00000,0x00000000ebd80000)
 ParOldGen       total 44032K, used 0K [0x00000000c0000000, 0x00000000c2b00000, 0x00000000eab00000)
  object space 44032K, 0% used [0x00000000c0000000,0x00000000c0000000,0x00000000c2b00000)
 Metaspace       used 5678K, capacity 6640K, committed 6784K, reserved 1056768K
  class space    used 573K, capacity 616K, committed 640K, reserved 1048576K
Event: 4.180 GC heap after
Heap after GC invocations=1 (full 0):
 PSYoungGen      total 18944K, used 2535K [0x00000000eab00000, 0x00000000ed000000, 0x0000000100000000)
  eden space 16384K, 0% used [0x00000000eab00000,0x00000000eab00000,0x00000000ebb00000)
  from space 2560K, 99% used [0x00000000ebb00000,0x00000000ebd79c68,0x00000000ebd80000)
  to   space 2560K, 0% used [0x00000000ecd80000,0x00000000ecd80000,0x00000000ed000000)
 ParOldGen       total 44032K, used 1417K [0x00000000c0000000, 0x00000000c2b00000, 0x00000000eab00000)
  object space 44032K, 3% used [0x00000000c0000000,0x00000000c0162438,0x00000000c2b00000)
 Metaspace       used 5678K, capacity 6640K, committed 6784K, reserved 1056768K
  class space    used 573K, capacity 616K, committed 640K, reserved 1048576K
}
Event: 6.635 GC heap before
{Heap before GC invocations=2 (full 0):
 PSYoungGen      total 18944K, used 18919K [0x00000000eab00000, 0x00000000ed000000, 0x0000000100000000)
  eden space 16384K, 100% used [0x00000000eab00000,0x00000000ebb00000,0x00000000ebb00000)
  from space 2560K, 99% used [0x00000000ebb00000,0x00000000ebd79c68,0x00000000ebd80000)
  to   space 2560K, 0% used [0x00000000ecd80000,0x00000000ecd80000,0x00000000ed000000)
 ParOldGen       total 44032K, used 1417K [0x00000000c0000000, 0x00000000c2b00000, 0x00000000eab00000)
  object space 44032K, 3% used [0x00000000c0000000,0x00000000c0162438,0x00000000c2b00000)
 Metaspace       used 5896K, capacity 6832K, committed 7040K, reserved 1056768K
  class space    used 573K, capacity 616K, committed 640K, reserved 1048576K
Event: 7.368 GC heap after
Heap after GC invocations=2 (full 0):
 PSYoungGen      total 35328K, used 2532K [0x00000000eab00000, 0x00000000ed000000, 0x0000000100000000)
  eden space 32768K, 0% used [0x00000000eab00000,0x00000000eab00000,0x00000000ecb00000)
  from space 2560K, 98% used [0x00000000ecd80000,0x00000000ecff9230,0x00000000ed000000)
  to   space 2560K, 0% used [0x00000000ecb00000,0x00000000ecb00000,0x00000000ecd80000)
 ParOldGen       total 44032K, used 4010K [0x00000000c0000000, 0x00000000c2b00000, 0x00000000eab00000)
  object space 44032K, 9% used [0x00000000c0000000,0x00000000c03ea938,0x00000000c2b00000)
 Metaspace       used 5896K, capacity 6832K, committed 7040K, reserved 1056768K
  class space    used 573K, capacity 616K, committed 640K, reserved 1048576K
}
Event: 9.689 GC heap before
{Heap before GC invocations=3 (full 0):
 PSYoungGen      total 35328K, used 35300K [0x00000000eab00000, 0x00000000ed000000, 0x0000000100000000)
  eden space 32768K, 100% used [0x00000000eab00000,0x00000000ecb00000,0x00000000ecb00000)
  from space 2560K, 98% used [0x00000000ecd80000,0x00000000ecff9230,0x00000000ed000000)
  to   space 2560K, 0% used [0x00000000ecb00000,0x00000000ecb00000,0x00000000ecd80000)
 ParOldGen       total 44032K, used 4010K [0x00000000c0000000, 0x00000000c2b00000, 0x00000000eab00000)
  object space 44032K, 9% used [0x00000000c0000000,0x00000000c03ea938,0x00000000c2b00000)
 Metaspace       used 6095K, capacity 7024K, committed 7296K, reserved 1056768K
  class space    used 574K, capacity 616K, committed 640K, reserved 1048576K
Event: 10.492 GC heap after
Heap after GC invocations=3 (full 0):
 PSYoungGen      total 35328K, used 2551K [0x00000000eab00000, 0x00000000ef000000, 0x0000000100000000)
  eden space 32768K, 0% used [0x00000000eab00000,0x00000000eab00000,0x00000000ecb00000)
  from space 2560K, 99% used [0x00000000ecb00000,0x00000000ecd7dca0,0x00000000ecd80000)
  to   space 2560K, 0% used [0x00000000eed80000,0x00000000eed80000,0x00000000ef000000)
 ParOldGen       total 44032K, used 8864K [0x00000000c0000000, 0x00000000c2b00000, 0x00000000eab00000)
  object space 44032K, 20% used [0x00000000c0000000,0x00000000c08a8220,0x00000000c2b00000)
 Metaspace       used 6095K, capacity 7024K, committed 7296K, reserved 1056768K
  class space    used 574K, capacity 616K, committed 640K, reserved 1048576K
}
Event: 11.074 GC heap before
{Heap before GC invocations=4 (full 0):
 PSYoungGen      total 35328K, used 35319K [0x00000000eab00000, 0x00000000ef000000, 0x0000000100000000)
  eden space 32768K, 100% used [0x00000000eab00000,0x00000000ecb00000,0x00000000ecb00000)
  from space 2560K, 99% used [0x00000000ecb00000,0x00000000ecd7dca0,0x00000000ecd80000)
  to   space 2560K, 0% used [0x00000000eed80000,0x00000000eed80000,0x00000000ef000000)
 ParOldGen       total 44032K, used 8864K [0x00000000c0000000, 0x00000000c2b00000, 0x00000000eab00000)
  object space 44032K, 20% used [0x00000000c0000000,0x00000000c08a8220,0x00000000c2b00000)
 Metaspace       used 6211K, capacity 7152K, committed 7296K, reserved 1056768K
  class space    used 578K, capacity 616K, committed 640K, reserved 1048576K
Event: 11.153 GC heap after
Heap after GC invocations=4 (full 0):
 PSYoungGen      total 68096K, used 2551K [0x00000000eab00000, 0x00000000ef000000, 0x0000000100000000)
  eden space 65536K, 0% used [0x00000000eab00000,0x00000000eab00000,0x00000000eeb00000)
  from space 2560K, 99% used [0x00000000eed80000,0x00000000eeffdca8,0x00000000ef000000)
  to   space 2560K, 0% used [0x00000000eeb00000,0x00000000eeb00000,0x00000000eed80000)
 ParOldGen       total 44032K, used 13520K [0x00000000c0000000, 0x00000000c2b00000, 0x00000000eab00000)
  object space 44032K, 30% used [0x00000000c0000000,0x00000000c0d34270,0x00000000c2b00000)
 Metaspace       used 6211K, capacity 7152K, committed 7296K, reserved 1056768K
  class space    used 578K, capacity 616K, committed 640K, reserved 1048576K
}

Deoptimization events (10 events):
Event: 12.063 Thread 0x00000000161ab800 Uncommon trap: reason=bimorphic action=maybe_recompile pc=0x00000000022922a8 method=java.util.HashMap.getNode(ILjava/lang/Object;)Ljava/util/HashMap$Node; @ 126
Event: 12.063 Thread 0x00000000161ab800 Uncommon trap: reason=class_check action=maybe_recompile pc=0x0000000002380f14 method=java.util.HashMap.putVal(ILjava/lang/Object;Ljava/lang/Object;ZZ)Ljava/lang/Object; @ 203
Event: 12.684 Thread 0x00000000161f3800 Uncommon trap: reason=bimorphic action=maybe_recompile pc=0x0000000002599d2c method=com.android.dx.rop.code.RegisterSpec.withSimpleType()Lcom/android/dx/rop/code/RegisterSpec; @ 21
Event: 12.686 Thread 0x00000000161f3800 Uncommon trap: reason=bimorphic action=maybe_recompile pc=0x00000000022922a8 method=java.util.HashMap.getNode(ILjava/lang/Object;)Ljava/util/HashMap$Node; @ 126
Event: 12.687 Thread 0x00000000161f3800 Uncommon trap: reason=class_check action=maybe_recompile pc=0x0000000002380f14 method=java.util.HashMap.putVal(ILjava/lang/Object;Ljava/lang/Object;ZZ)Ljava/lang/Object; @ 203
Event: 12.689 Thread 0x00000000161f3800 Uncommon trap: reason=unstable_if action=reinterpret pc=0x0000000002641f14 method=com.android.dx.ssa.MoveParamCombiner$1.visitNonMoveInsn(Lcom/android/dx/ssa/NormalSsaInsn;)V @ 27
Event: 12.695 Thread 0x00000000161f3800 Uncommon trap: reason=unstable_if action=reinterpret pc=0x00000000027276f4 method=com.android.dx.cf.code.Ropper.isSynchronized()Z @ 12
Event: 12.777 Thread 0x00000000161ab800 Uncommon trap: reason=unstable_if action=reinterpret pc=0x000000000236ff28 method=com.android.dx.rop.code.RegisterSpec.equals(ILcom/android/dx/rop/type/TypeBearer;Lcom/android/dx/rop/code/LocalItem;)Z @ 31
Event: 12.799 Thread 0x00000000161ab800 Uncommon trap: reason=class_check action=maybe_recompile pc=0x0000000002380f14 method=java.util.HashMap.putVal(ILjava/lang/Object;Ljava/lang/Object;ZZ)Ljava/lang/Object; @ 203
Event: 12.799 Thread 0x00000000161ab800 Uncommon trap: reason=bimorphic action=maybe_recompile pc=0x000000000228ac54 method=java.util.HashMap.getNode(ILjava/lang/Object;)Ljava/util/HashMap$Node; @ 126

Internal exceptions (5 events):
Event: 0.114 Thread 0x0000000001ef0800 Exception <a 'java/lang/NoSuchMethodError': Method sun.misc.Unsafe.defineClass(Ljava/lang/String;[BII)Ljava/lang/Class; name or signature does not match> (0x00000000eab07cc0) thrown at [C:\src\android\AOSP-openjdk\external\jetbrains\jdk\hotspot\src\share\vÃ‰.+½?
Event: 0.114 Thread 0x0000000001ef0800 Exception <a 'java/lang/NoSuchMethodError': Method sun.misc.Unsafe.prefetchRead(Ljava/lang/Object;J)V name or signature does not match> (0x00000000eab07fa8) thrown at [C:\src\android\AOSP-openjdk\external\jetbrains\jdk\hotspot\src\share\vm\prims\jni.cpp, lãGîý®:@
Event: 5.557 Thread 0x0000000001ef0800 Implicit null exception at 0x00000000022e3218 to 0x00000000022e51c9
Event: 6.615 Thread 0x0000000001ef0800 Implicit null exception at 0x0000000002302522 to 0x000000000230261a
Event: 12.777 Thread 0x00000000161ab800 Implicit null exception at 0x000000000236f90d to 0x000000000236fefd

Events (10 events):
Event: 12.790 Thread 0x00000000161ab800 DEOPT PACKING pc=0x000000000236f175 sp=0x000000001661e670
Event: 12.790 Thread 0x00000000161ab800 DEOPT UNPACKING pc=0x00000000020375bf sp=0x000000001661e3d8 mode 0
Event: 12.799 Thread 0x00000000161ab800 Uncommon trap: trap_request=0xffffffde fr.pc=0x0000000002380f14
Event: 12.799 Thread 0x00000000161ab800 DEOPT PACKING pc=0x0000000002380f14 sp=0x000000001661e5e0
Event: 12.799 Thread 0x00000000161ab800 DEOPT UNPACKING pc=0x000000000203556a sp=0x000000001661e568 mode 2
Event: 12.799 Thread 0x00000000161ab800 Uncommon trap: trap_request=0xffffffc6 fr.pc=0x000000000228ac54
Event: 12.799 Thread 0x00000000161ab800 DEOPT PACKING pc=0x000000000228ac54 sp=0x000000001661e2b0
Event: 12.799 Thread 0x00000000161ab800 DEOPT UNPACKING pc=0x000000000203556a sp=0x000000001661e1e8 mode 2
Event: 12.804 Thread 0x00000000161ab800 DEOPT PACKING pc=0x000000000236f175 sp=0x000000001661e670
Event: 12.804 Thread 0x00000000161ab800 DEOPT UNPACKING pc=0x00000000020375bf sp=0x000000001661e3d8 mode 0


Dynamic libraries:
0x00007ff665610000 - 0x00007ff665641000 	C:\Program Files\Android\Android Studio\jre\bin\java.exe
0x00007ffd52e90000 - 0x00007ffd5303d000 	C:\windows\SYSTEM32\ntdll.dll
0x00007ffd51320000 - 0x00007ffd5145e000 	C:\windows\system32\KERNEL32.DLL
0x00007ffd416a0000 - 0x00007ffd416d3000 	C:\Program Files (x86)\AVG\Av\avghooka.dll
0x00007ffd4f020000 - 0x00007ffd4f135000 	C:\windows\system32\KERNELBASE.dll
0x00007ffd50ea0000 - 0x00007ffd50f4a000 	C:\windows\system32\ADVAPI32.dll
0x00007ffd50b90000 - 0x00007ffd50d07000 	C:\windows\system32\USER32.dll
0x00007ffd4c950000 - 0x00007ffd4cbcb000 	C:\windows\WinSxS\amd64_microsoft.windows.common-controls_6595b64144ccf1df_6.0.9600.18006_none_623f33d3ecbe86e8\COMCTL32.dll
0x00007ffd4f400000 - 0x00007ffd4f4aa000 	C:\windows\system32\msvcrt.dll
0x00007ffd4f5f0000 - 0x00007ffd4f649000 	C:\windows\SYSTEM32\sechost.dll
0x00007ffd4f4b0000 - 0x00007ffd4f5f0000 	C:\windows\system32\RPCRT4.dll
0x00007ffd4f2b0000 - 0x00007ffd4f3ff000 	C:\windows\system32\GDI32.dll
0x00007ffd4f140000 - 0x00007ffd4f16e000 	C:\windows\system32\SspiCli.dll
0x00007ffd512d0000 - 0x00007ffd51306000 	C:\windows\system32\IMM32.DLL
0x00007ffd50f50000 - 0x00007ffd510a2000 	C:\windows\system32\MSCTF.dll
0x0000000069020000 - 0x00000000690f2000 	C:\Program Files\Android\Android Studio\jre\jre\bin\msvcr100.dll
0x00000000691e0000 - 0x0000000069a14000 	C:\Program Files\Android\Android Studio\jre\jre\bin\server\jvm.dll
0x00007ffd408e0000 - 0x00007ffd408e9000 	C:\windows\SYSTEM32\WSOCK32.dll
0x00007ffd41e90000 - 0x00007ffd41eb2000 	C:\windows\SYSTEM32\WINMM.dll
0x00007ffd47840000 - 0x00007ffd4784a000 	C:\windows\SYSTEM32\VERSION.dll
0x00007ffd4f280000 - 0x00007ffd4f287000 	C:\windows\system32\PSAPI.DLL
0x00007ffd50d80000 - 0x00007ffd50dda000 	C:\windows\system32\WS2_32.dll
0x00007ffd41e60000 - 0x00007ffd41e8a000 	C:\windows\SYSTEM32\WINMMBASE.dll
0x00007ffd4f650000 - 0x00007ffd4f659000 	C:\windows\system32\NSI.dll
0x00007ffd4f1d0000 - 0x00007ffd4f21f000 	C:\windows\SYSTEM32\cfgmgr32.dll
0x00007ffd4daf0000 - 0x00007ffd4db18000 	C:\windows\SYSTEM32\DEVOBJ.dll
0x00007ffd49b00000 - 0x00007ffd49b0f000 	C:\Program Files\Android\Android Studio\jre\jre\bin\verify.dll
0x00007ffd41410000 - 0x00007ffd41439000 	C:\Program Files\Android\Android Studio\jre\jre\bin\java.dll
0x00007ffd41500000 - 0x00007ffd41516000 	C:\Program Files\Android\Android Studio\jre\jre\bin\zip.dll
0x00007ffd4f660000 - 0x00007ffd50b88000 	C:\windows\system32\SHELL32.dll
0x00007ffd510b0000 - 0x00007ffd512c1000 	C:\windows\SYSTEM32\combase.dll
0x00007ffd50d20000 - 0x00007ffd50d74000 	C:\windows\system32\SHLWAPI.dll
0x00007ffd4d260000 - 0x00007ffd4d312000 	C:\windows\SYSTEM32\SHCORE.dll
0x00007ffd4ecc0000 - 0x00007ffd4ecd5000 	C:\windows\SYSTEM32\profapi.dll

VM Arguments:
jvm_args: -Djava.awt.headless=true -Xmx1024M -Dfile.encoding=windows-1252 -Duser.country=US -Duser.language=en -Duser.variant 
java_command: com.android.dx.command.Main --dex --force-jumbo --num-threads=4 --multi-dex --output C:\Users\annie_000.TRINHVU-TABLET\Downloads\final-project-aipom\app\build\intermediates\transforms\dex\debug\folders\1000\10\google-http-client-1.22.0_d7089debbff23d7549fb083c9589006fc3abe200 C:\Users\annie_000.TRINHVU-TABLET\.gradle\caches\modules-2\files-2.1\com.google.http-client\google-http-client\1.22.0\d441fc58329c4a4c067acec04ac361627f66ecc8\google-http-client-1.22.0.jar
java_class_path (initial): C:\Users\annie_000.TRINHVU-TABLET\AppData\Local\Android\sdk\build-tools\25.0.0\lib\dx.jar
Launcher Type: SUN_STANDARD

Environment Variables:
PATH=C:\windows\system32;C:\windows;C:\windows\System32\Wbem;C:\windows\System32\WindowsPowerShell\v1.0\;C:\Program Files\Git\cmd
USERNAME=annie_000
OS=Windows_NT
PROCESSOR_IDENTIFIER=Intel64 Family 6 Model 69 Stepping 1, GenuineIntel



---------------  S Y S T E M  ---------------

OS: Windows 8.1 , 64 bit Build 9600 (6.3.9600.17415)

CPU:total 4 (2 cores per cpu, 2 threads per core) family 6 model 69 stepping 1, cmov, cx8, fxsr, mmx, sse, sse2, sse3, ssse3, sse4.1, sse4.2, popcnt, avx, avx2, aes, clmul, erms, lzcnt, ht, tsc, tscinvbit, bmi1, bmi2

Memory: 4k page, physical 4112428k(223816k free), swap 7258156k(5176k free)

vm_info: OpenJDK 64-Bit Server VM (25.76-b03) for windows-amd64 JRE (1.8.0_76-release-b03), built on Jun 29 2016 19:09:20 by "ralucas" with MS VC++ 10.0 (VS2010)

time: Mon Nov 07 12:06:37 2016
elapsed time: 13 seconds (0d 0h 0m 13s)

