#
# There is insufficient memory for the Java Runtime Environment to continue.
# Native memory allocation (malloc) failed to allocate 131088 bytes for Chunk::new
# Possible reasons:
#   The system is out of physical RAM or swap space
#   In 32 bit mode, the process size limit was hit
# Possible solutions:
#   Reduce memory load on the system
#   Increase physical memory or swap space
#   Check if swap backing store is full
#   Use 64 bit Java on a 64 bit OS
#   Decrease Java heap size (-Xmx/-Xms)
#   Decrease number of Java threads
#   Decrease Java thread stack sizes (-Xss)
#   Set larger code cache with -XX:ReservedCodeCacheSize=
# This output file may be truncated or incomplete.
#
#  Out of Memory Error (allocation.cpp:390), pid=4984, tid=0x000000000000066c
#
# JRE version: OpenJDK Runtime Environment (8.0_76-b03) (build 1.8.0_76-release-b03)
# Java VM: OpenJDK 64-Bit Server VM (25.76-b03 mixed mode windows-amd64 compressed oops)
# Failed to write core dump. Minidumps are not enabled by default on client versions of Windows
#

---------------  T H R E A D  ---------------

Current thread (0x0000000015563800):  JavaThread "C2 CompilerThread1" daemon [_thread_in_native, id=1644, stack(0x0000000016c50000,0x0000000016d50000)]

Stack: [0x0000000016c50000,0x0000000016d50000]
[error occurred during error reporting (printing stack bounds), id 0xc0000005]

Native frames: (J=compiled Java code, j=interpreted, Vv=VM code, C=native code)


Current CompileTask:
C2:   5804 1483       4       com.android.dx.ssa.SCCP::simulateStmt (481 bytes)


---------------  P R O C E S S  ---------------

Java Threads: ( => current thread )
  0x00000000170e6000 JavaThread "pool-2-thread-2" [_thread_in_Java, id=3368, stack(0x0000000017650000,0x0000000017750000)]
  0x0000000017040000 JavaThread "pool-3-thread-1" [_thread_blocked, id=6808, stack(0x0000000017550000,0x0000000017650000)]
  0x000000001703f000 JavaThread "pool-2-thread-1" [_thread_in_Java, id=5852, stack(0x0000000017450000,0x0000000017550000)]
  0x0000000016e52800 JavaThread "Service Thread" daemon [_thread_blocked, id=7936, stack(0x0000000017250000,0x0000000017350000)]
  0x0000000015566800 JavaThread "C1 CompilerThread2" daemon [_thread_blocked, id=8540, stack(0x0000000016d50000,0x0000000016e50000)]
=>0x0000000015563800 JavaThread "C2 CompilerThread1" daemon [_thread_in_native, id=1644, stack(0x0000000016c50000,0x0000000016d50000)]
  0x000000001550b800 JavaThread "C2 CompilerThread0" daemon [_thread_in_native, id=4748, stack(0x0000000016b50000,0x0000000016c50000)]
  0x000000001550a000 JavaThread "Attach Listener" daemon [_thread_blocked, id=7328, stack(0x0000000016a50000,0x0000000016b50000)]
  0x0000000015509000 JavaThread "Signal Dispatcher" daemon [_thread_blocked, id=5288, stack(0x0000000016950000,0x0000000016a50000)]
  0x0000000002e3b000 JavaThread "Finalizer" daemon [_thread_blocked, id=8276, stack(0x0000000016770000,0x0000000016870000)]
  0x0000000002e2f800 JavaThread "Reference Handler" daemon [_thread_blocked, id=6664, stack(0x0000000016670000,0x0000000016770000)]
  0x0000000002d40800 JavaThread "main" [_thread_blocked, id=5312, stack(0x0000000002c40000,0x0000000002d40000)]

Other Threads:
  0x00000000154d6800 VMThread [stack: 0x0000000016570000,0x0000000016670000] [id=8164]
  0x0000000016e54800 WatcherThread [stack: 0x0000000017350000,0x0000000017450000] [id=4084]

VM state:not at safepoint (normal execution)

VM Mutex/Monitor currently owned by a thread: None

Heap:
 PSYoungGen      total 35328K, used 19844K [0x00000000eab00000, 0x00000000ed000000, 0x0000000100000000)
  eden space 32768K, 52% used [0x00000000eab00000,0x00000000ebbe72a8,0x00000000ecb00000)
  from space 2560K, 99% used [0x00000000ecd80000,0x00000000ecff9e38,0x00000000ed000000)
  to   space 2560K, 0% used [0x00000000ecb00000,0x00000000ecb00000,0x00000000ecd80000)
 ParOldGen       total 44032K, used 9975K [0x00000000c0000000, 0x00000000c2b00000, 0x00000000eab00000)
  object space 44032K, 22% used [0x00000000c0000000,0x00000000c09bdc18,0x00000000c2b00000)
 Metaspace       used 5981K, capacity 7088K, committed 7296K, reserved 1056768K
  class space    used 567K, capacity 616K, committed 640K, reserved 1048576K

Card table byte_map: [0x0000000012200000,0x0000000012410000] byte_map_base: 0x0000000011c00000

Marking Bits: (ParMarkBitMap*) 0x000000005a3a9d00
 Begin Bits: [0x0000000012970000, 0x0000000013970000)
 End Bits:   [0x0000000013970000, 0x0000000014970000)

Polling page: 0x00000000013d0000

CodeCache: size=245760Kb used=6527Kb max_used=6527Kb free=239232Kb
 bounds [0x0000000002e40000, 0x00000000034b0000, 0x0000000011e40000]
 total_blobs=1739 nmethods=1476 adapters=176
 compilation: enabled

Compilation events (10 events):
Event: 5.785 Thread 0x0000000015566800 1485       3       com.android.dx.rop.type.Type::<init> (84 bytes)
Event: 5.786 Thread 0x0000000015566800 nmethod 1485 0x0000000003488890 code [0x0000000003488a40, 0x0000000003488f68]
Event: 5.786 Thread 0x0000000015566800 1486   !   3       com.android.dx.rop.type.Type::putIntern (50 bytes)
Event: 5.787 Thread 0x0000000015566800 nmethod 1486 0x0000000003486250 code [0x0000000003486440, 0x0000000003486f18]
Event: 5.789 Thread 0x0000000015566800 1488       1       com.android.dx.cf.code.ByteCatchList$Item::getHandlerPc (5 bytes)
Event: 5.789 Thread 0x0000000015566800 nmethod 1488 0x00000000034789d0 code [0x0000000003478b20, 0x0000000003478c30]
Event: 5.793 Thread 0x0000000015566800 1490 %     3       com.android.dx.ssa.SsaBasicBlock::forEachInsn @ 10 (37 bytes)
Event: 5.794 Thread 0x0000000015566800 nmethod 1490% 0x00000000034854d0 code [0x00000000034856a0, 0x0000000003485da8]
Event: 5.794 Thread 0x0000000015566800 1491       3       com.android.dx.ssa.SsaBasicBlock::forEachInsn (37 bytes)
Event: 5.795 Thread 0x0000000015566800 nmethod 1491 0x0000000003483250 code [0x0000000003483420, 0x0000000003483aa8]

GC Heap History (8 events):
Event: 3.362 GC heap before
{Heap before GC invocations=1 (full 0):
 PSYoungGen      total 18944K, used 16384K [0x00000000eab00000, 0x00000000ec000000, 0x0000000100000000)
  eden space 16384K, 100% used [0x00000000eab00000,0x00000000ebb00000,0x00000000ebb00000)
  from space 2560K, 0% used [0x00000000ebd80000,0x00000000ebd80000,0x00000000ec000000)
  to   space 2560K, 0% used [0x00000000ebb00000,0x00000000ebb00000,0x00000000ebd80000)
 ParOldGen       total 44032K, used 0K [0x00000000c0000000, 0x00000000c2b00000, 0x00000000eab00000)
  object space 44032K, 0% used [0x00000000c0000000,0x00000000c0000000,0x00000000c2b00000)
 Metaspace       used 5665K, capacity 6832K, committed 7040K, reserved 1056768K
  class space    used 565K, capacity 616K, committed 640K, reserved 1048576K
Event: 3.385 GC heap after
Heap after GC invocations=1 (full 0):
 PSYoungGen      total 18944K, used 2528K [0x00000000eab00000, 0x00000000ec000000, 0x0000000100000000)
  eden space 16384K, 0% used [0x00000000eab00000,0x00000000eab00000,0x00000000ebb00000)
  from space 2560K, 98% used [0x00000000ebb00000,0x00000000ebd78018,0x00000000ebd80000)
  to   space 2560K, 0% used [0x00000000ebd80000,0x00000000ebd80000,0x00000000ec000000)
 ParOldGen       total 44032K, used 2373K [0x00000000c0000000, 0x00000000c2b00000, 0x00000000eab00000)
  object space 44032K, 5% used [0x00000000c0000000,0x00000000c0251508,0x00000000c2b00000)
 Metaspace       used 5665K, capacity 6832K, committed 7040K, reserved 1056768K
  class space    used 565K, capacity 616K, committed 640K, reserved 1048576K
}
Event: 4.406 GC heap before
{Heap before GC invocations=2 (full 0):
 PSYoungGen      total 18944K, used 18912K [0x00000000eab00000, 0x00000000ec000000, 0x0000000100000000)
  eden space 16384K, 100% used [0x00000000eab00000,0x00000000ebb00000,0x00000000ebb00000)
  from space 2560K, 98% used [0x00000000ebb00000,0x00000000ebd78018,0x00000000ebd80000)
  to   space 2560K, 0% used [0x00000000ebd80000,0x00000000ebd80000,0x00000000ec000000)
 ParOldGen       total 44032K, used 2373K [0x00000000c0000000, 0x00000000c2b00000, 0x00000000eab00000)
  object space 44032K, 5% used [0x00000000c0000000,0x00000000c0251508,0x00000000c2b00000)
 Metaspace       used 5860K, capacity 6960K, committed 7040K, reserved 1056768K
  class space    used 565K, capacity 616K, committed 640K, reserved 1048576K
Event: 4.504 GC heap after
Heap after GC invocations=2 (full 0):
 PSYoungGen      total 18944K, used 2545K [0x00000000eab00000, 0x00000000ed000000, 0x0000000100000000)
  eden space 16384K, 0% used [0x00000000eab00000,0x00000000eab00000,0x00000000ebb00000)
  from space 2560K, 99% used [0x00000000ebd80000,0x00000000ebffc680,0x00000000ec000000)
  to   space 2560K, 0% used [0x00000000ebb00000,0x00000000ebb00000,0x00000000ebd80000)
 ParOldGen       total 44032K, used 4572K [0x00000000c0000000, 0x00000000c2b00000, 0x00000000eab00000)
  object space 44032K, 10% used [0x00000000c0000000,0x00000000c04771f8,0x00000000c2b00000)
 Metaspace       used 5860K, capacity 6960K, committed 7040K, reserved 1056768K
  class space    used 565K, capacity 616K, committed 640K, reserved 1048576K
}
Event: 4.884 GC heap before
{Heap before GC invocations=3 (full 0):
 PSYoungGen      total 18944K, used 18929K [0x00000000eab00000, 0x00000000ed000000, 0x0000000100000000)
  eden space 16384K, 100% used [0x00000000eab00000,0x00000000ebb00000,0x00000000ebb00000)
  from space 2560K, 99% used [0x00000000ebd80000,0x00000000ebffc680,0x00000000ec000000)
  to   space 2560K, 0% used [0x00000000ebb00000,0x00000000ebb00000,0x00000000ebd80000)
 ParOldGen       total 44032K, used 4572K [0x00000000c0000000, 0x00000000c2b00000, 0x00000000eab00000)
  object space 44032K, 10% used [0x00000000c0000000,0x00000000c04771f8,0x00000000c2b00000)
 Metaspace       used 5916K, capacity 7024K, committed 7296K, reserved 1056768K
  class space    used 565K, capacity 616K, committed 640K, reserved 1048576K
Event: 4.928 GC heap after
Heap after GC invocations=3 (full 0):
 PSYoungGen      total 18944K, used 2535K [0x00000000eab00000, 0x00000000ed000000, 0x0000000100000000)
  eden space 16384K, 0% used [0x00000000eab00000,0x00000000eab00000,0x00000000ebb00000)
  from space 2560K, 99% used [0x00000000ebb00000,0x00000000ebd79e38,0x00000000ebd80000)
  to   space 2560K, 0% used [0x00000000ecd80000,0x00000000ecd80000,0x00000000ed000000)
 ParOldGen       total 44032K, used 7036K [0x00000000c0000000, 0x00000000c2b00000, 0x00000000eab00000)
  object space 44032K, 15% used [0x00000000c0000000,0x00000000c06df338,0x00000000c2b00000)
 Metaspace       used 5916K, capacity 7024K, committed 7296K, reserved 1056768K
  class space    used 565K, capacity 616K, committed 640K, reserved 1048576K
}
Event: 5.208 GC heap before
{Heap before GC invocations=4 (full 0):
 PSYoungGen      total 18944K, used 18919K [0x00000000eab00000, 0x00000000ed000000, 0x0000000100000000)
  eden space 16384K, 100% used [0x00000000eab00000,0x00000000ebb00000,0x00000000ebb00000)
  from space 2560K, 99% used [0x00000000ebb00000,0x00000000ebd79e38,0x00000000ebd80000)
  to   space 2560K, 0% used [0x00000000ecd80000,0x00000000ecd80000,0x00000000ed000000)
 ParOldGen       total 44032K, used 7036K [0x00000000c0000000, 0x00000000c2b00000, 0x00000000eab00000)
  object space 44032K, 15% used [0x00000000c0000000,0x00000000c06df338,0x00000000c2b00000)
 Metaspace       used 5959K, capacity 7088K, committed 7296K, reserved 1056768K
  class space    used 565K, capacity 616K, committed 640K, reserved 1048576K
Event: 5.329 GC heap after
Heap after GC invocations=4 (full 0):
 PSYoungGen      total 35328K, used 2535K [0x00000000eab00000, 0x00000000ed000000, 0x0000000100000000)
  eden space 32768K, 0% used [0x00000000eab00000,0x00000000eab00000,0x00000000ecb00000)
  from space 2560K, 99% used [0x00000000ecd80000,0x00000000ecff9e38,0x00000000ed000000)
  to   space 2560K, 0% used [0x00000000ecb00000,0x00000000ecb00000,0x00000000ecd80000)
 ParOldGen       total 44032K, used 9975K [0x00000000c0000000, 0x00000000c2b00000, 0x00000000eab00000)
  object space 44032K, 22% used [0x00000000c0000000,0x00000000c09bdc18,0x00000000c2b00000)
 Metaspace       used 5959K, capacity 7088K, committed 7296K, reserved 1056768K
  class space    used 565K, capacity 616K, committed 640K, reserved 1048576K
}

Deoptimization events (10 events):
Event: 5.340 Thread 0x00000000170e7800 Uncommon trap: reason=class_check action=maybe_recompile pc=0x000000000328adcc method=java.util.HashMap.putVal(ILjava/lang/Object;Ljava/lang/Object;ZZ)Ljava/lang/Object; @ 203
Event: 5.340 Thread 0x00000000170e7800 Uncommon trap: reason=bimorphic action=maybe_recompile pc=0x00000000031c1710 method=java.util.HashMap.getNode(ILjava/lang/Object;)Ljava/util/HashMap$Node; @ 126
Event: 5.340 Thread 0x00000000170e7800 Uncommon trap: reason=class_check action=maybe_recompile pc=0x000000000328adcc method=java.util.HashMap.putVal(ILjava/lang/Object;Ljava/lang/Object;ZZ)Ljava/lang/Object; @ 203
Event: 5.340 Thread 0x00000000170e7800 Uncommon trap: reason=bimorphic action=maybe_recompile pc=0x00000000031c1710 method=java.util.HashMap.getNode(ILjava/lang/Object;)Ljava/util/HashMap$Node; @ 126
Event: 5.340 Thread 0x00000000170e7800 Uncommon trap: reason=bimorphic action=maybe_recompile pc=0x00000000031c1710 method=java.util.HashMap.getNode(ILjava/lang/Object;)Ljava/util/HashMap$Node; @ 126
Event: 5.340 Thread 0x00000000170e7800 Uncommon trap: reason=class_check action=maybe_recompile pc=0x00000000032886ec method=java.util.HashMap.putVal(ILjava/lang/Object;Ljava/lang/Object;ZZ)Ljava/lang/Object; @ 203
Event: 5.429 Thread 0x00000000170e7800 Uncommon trap: reason=unstable_if action=reinterpret pc=0x0000000003438264 method=com.android.dx.ssa.SsaRenamer$BlockRenamer.process()V @ 90
Event: 5.448 Thread 0x000000001703f000 Uncommon trap: reason=bimorphic action=maybe_recompile pc=0x000000000347c5c4 method=com.android.dx.ssa.NormalSsaInsn.accept(Lcom/android/dx/ssa/SsaInsn$Visitor;)V @ 9
Event: 5.450 Thread 0x000000001703f000 Uncommon trap: reason=bimorphic action=maybe_recompile pc=0x000000000347c5c4 method=com.android.dx.ssa.NormalSsaInsn.accept(Lcom/android/dx/ssa/SsaInsn$Visitor;)V @ 9
Event: 5.678 Thread 0x000000001703f000 Uncommon trap: reason=unstable_if action=reinterpret pc=0x000000000347c4c8 method=com.android.dx.ssa.SsaRenamer$BlockRenamer.visitMoveInsn(Lcom/android/dx/ssa/NormalSsaInsn;)V @ 104

Internal exceptions (4 events):
Event: 0.218 Thread 0x0000000002d40800 Exception <a 'java/lang/NoSuchMethodError': Method sun.misc.Unsafe.defineClass(Ljava/lang/String;[BII)Ljava/lang/Class; name or signature does not match> (0x00000000eab07cc0) thrown at [C:\src\android\AOSP-openjdk\external\jetbrains\jdk\hotspot\src\share\viÔ	/³ÚË?
Event: 0.218 Thread 0x0000000002d40800 Exception <a 'java/lang/NoSuchMethodError': Method sun.misc.Unsafe.prefetchRead(Ljava/lang/Object;J)V name or signature does not match> (0x00000000eab07fa8) thrown at [C:\src\android\AOSP-openjdk\external\jetbrains\jdk\hotspot\src\share\vm\prims\jni.cpp, lH°ßÕ¹@
Event: 5.181 Thread 0x00000000170e6000 Implicit null exception at 0x00000000033a2aa3 to 0x00000000033a38b5
Event: 5.182 Thread 0x00000000170e6000 Implicit null exception at 0x00000000033a9441 to 0x00000000033aa059

Events (10 events):
Event: 5.448 Thread 0x000000001703f000 DEOPT UNPACKING pc=0x0000000002e8556a sp=0x000000001754e810 mode 2
Event: 5.450 Thread 0x000000001703f000 Uncommon trap: trap_request=0xffffffc6 fr.pc=0x000000000347c5c4
Event: 5.450 Thread 0x000000001703f000 DEOPT PACKING pc=0x000000000347c5c4 sp=0x000000001754e920
Event: 5.450 Thread 0x000000001703f000 DEOPT UNPACKING pc=0x0000000002e8556a sp=0x000000001754e8a0 mode 2
Event: 5.677 Thread 0x000000001703f000 Uncommon trap: trap_request=0xffffff65 fr.pc=0x000000000347c4c8
Event: 5.678 Thread 0x000000001703f000 DEOPT PACKING pc=0x000000000347c4c8 sp=0x000000001754e730
Event: 5.678 Thread 0x000000001703f000 DEOPT UNPACKING pc=0x0000000002e8556a sp=0x000000001754e5f8 mode 2
Event: 5.779 Thread 0x00000000170e6800 Thread exited: 0x00000000170e6800
Event: 5.795 Thread 0x000000001703f000 DEOPT PACKING pc=0x000000000347a28d sp=0x000000001754e5d0
Event: 5.795 Thread 0x000000001703f000 DEOPT UNPACKING pc=0x0000000002e875bf sp=0x000000001754e340 mode 0


Dynamic libraries:
0x00007ff79c6e0000 - 0x00007ff79c711000 	C:\Program Files\Android\Android Studio\jre\bin\java.exe
0x00007ffec4170000 - 0x00007ffec431d000 	C:\windows\SYSTEM32\ntdll.dll
0x00007ffec0840000 - 0x00007ffec097e000 	C:\windows\system32\KERNEL32.DLL
0x00007ffeb2b30000 - 0x00007ffeb2b63000 	C:\Program Files (x86)\AVG\Av\avghooka.dll
0x00007ffec0250000 - 0x00007ffec0365000 	C:\windows\system32\KERNELBASE.dll
0x00007ffec2b10000 - 0x00007ffec2bba000 	C:\windows\system32\ADVAPI32.dll
0x00007ffec2bc0000 - 0x00007ffec2d37000 	C:\windows\system32\USER32.dll
0x00007ffebe120000 - 0x00007ffebe39b000 	C:\windows\WinSxS\amd64_microsoft.windows.common-controls_6595b64144ccf1df_6.0.9600.18006_none_623f33d3ecbe86e8\COMCTL32.dll
0x00007ffec2440000 - 0x00007ffec24ea000 	C:\windows\system32\msvcrt.dll
0x00007ffec0650000 - 0x00007ffec06a9000 	C:\windows\SYSTEM32\sechost.dll
0x00007ffec0700000 - 0x00007ffec0840000 	C:\windows\system32\RPCRT4.dll
0x00007ffec0500000 - 0x00007ffec064f000 	C:\windows\system32\GDI32.dll
0x00007ffec04d0000 - 0x00007ffec04fe000 	C:\windows\system32\SspiCli.dll
0x00007ffec06b0000 - 0x00007ffec06e6000 	C:\windows\system32\IMM32.DLL
0x00007ffec24f0000 - 0x00007ffec2642000 	C:\windows\system32\MSCTF.dll
0x0000000059a30000 - 0x0000000059b02000 	C:\Program Files\Android\Android Studio\jre\jre\bin\msvcr100.dll
0x0000000059bf0000 - 0x000000005a424000 	C:\Program Files\Android\Android Studio\jre\jre\bin\server\jvm.dll
0x00007ffeb83e0000 - 0x00007ffeb83e9000 	C:\windows\SYSTEM32\WSOCK32.dll
0x00007ffeb3050000 - 0x00007ffeb3072000 	C:\windows\SYSTEM32\WINMM.dll
0x00007ffeb95f0000 - 0x00007ffeb95fa000 	C:\windows\SYSTEM32\VERSION.dll
0x00007ffec2e70000 - 0x00007ffec2e77000 	C:\windows\system32\PSAPI.DLL
0x00007ffec2e00000 - 0x00007ffec2e5a000 	C:\windows\system32\WS2_32.dll
0x00007ffeb3020000 - 0x00007ffeb304a000 	C:\windows\SYSTEM32\WINMMBASE.dll
0x00007ffec06f0000 - 0x00007ffec06f9000 	C:\windows\system32\NSI.dll
0x00007ffec0480000 - 0x00007ffec04cf000 	C:\windows\SYSTEM32\cfgmgr32.dll
0x00007ffebedf0000 - 0x00007ffebee18000 	C:\windows\SYSTEM32\DEVOBJ.dll
0x00007ffebad80000 - 0x00007ffebad8f000 	C:\Program Files\Android\Android Studio\jre\jre\bin\verify.dll
0x00007ffeb53f0000 - 0x00007ffeb5419000 	C:\Program Files\Android\Android Studio\jre\jre\bin\java.dll
0x00007ffeb53d0000 - 0x00007ffeb53e6000 	C:\Program Files\Android\Android Studio\jre\jre\bin\zip.dll
0x00007ffec0cd0000 - 0x00007ffec21f8000 	C:\windows\system32\SHELL32.dll
0x00007ffec2220000 - 0x00007ffec2431000 	C:\windows\SYSTEM32\combase.dll
0x00007ffec2650000 - 0x00007ffec26a4000 	C:\windows\system32\SHLWAPI.dll
0x00007ffebe800000 - 0x00007ffebe8b2000 	C:\windows\SYSTEM32\SHCORE.dll
0x00007ffebffa0000 - 0x00007ffebffb5000 	C:\windows\SYSTEM32\profapi.dll

VM Arguments:
jvm_args: -Djava.awt.headless=true -Xmx1024M -Dfile.encoding=windows-1252 -Duser.country=US -Duser.language=en -Duser.variant 
java_command: com.android.dx.command.Main --dex --force-jumbo --num-threads=4 --multi-dex --output C:\Users\annie_000.TRINHVU-TABLET\Downloads\final-project-aipom\app\build\intermediates\transforms\dex\debug\folders\1000\10\com.android.support-support-fragment-24.2.1_6b27853149ecc6bb704c9eda484c5fa6fb12faae C:\Users\annie_000.TRINHVU-TABLET\Downloads\final-project-aipom\app\build\intermediates\exploded-aar\com.android.support\support-fragment\24.2.1\jars\classes.jar
java_class_path (initial): C:\Users\annie_000.TRINHVU-TABLET\AppData\Local\Android\sdk\build-tools\25.0.0\lib\dx.jar
Launcher Type: SUN_STANDARD

Environment Variables:
PATH=C:\windows\system32;C:\windows;C:\windows\System32\Wbem;C:\windows\System32\WindowsPowerShell\v1.0\;C:\Program Files\Git\cmd
USERNAME=annie_000
OS=Windows_NT
PROCESSOR_IDENTIFIER=Intel64 Family 6 Model 69 Stepping 1, GenuineIntel



---------------  S Y S T E M  ---------------

OS: Windows 8.1 , 64 bit Build 9600 (6.3.9600.17415)

CPU:total 4 (2 cores per cpu, 2 threads per core) family 6 model 69 stepping 1, cmov, cx8, fxsr, mmx, sse, sse2, sse3, ssse3, sse4.1, sse4.2, popcnt, avx, avx2, aes, clmul, erms, lzcnt, ht, tsc, tscinvbit, bmi1, bmi2

Memory: 4k page, physical 4112428k(144124k free), swap 7258156k(5084k free)

vm_info: OpenJDK 64-Bit Server VM (25.76-b03) for windows-amd64 JRE (1.8.0_76-release-b03), built on Jun 29 2016 19:09:20 by "ralucas" with MS VC++ 10.0 (VS2010)

time: Tue Nov 01 21:40:09 2016
elapsed time: 5 seconds (0d 0h 0m 5s)

