#
# There is insufficient memory for the Java Runtime Environment to continue.
# Native memory allocation (malloc) failed to allocate 74464 bytes for Chunk::new
# Possible reasons:
#   The system is out of physical RAM or swap space
#   In 32 bit mode, the process size limit was hit
# Possible solutions:
#   Reduce memory load on the system
#   Increase physical memory or swap space
#   Check if swap backing store is full
#   Use 64 bit Java on a 64 bit OS
#   Decrease Java heap size (-Xmx/-Xms)
#   Decrease number of Java threads
#   Decrease Java thread stack sizes (-Xss)
#   Set larger code cache with -XX:ReservedCodeCacheSize=
# This output file may be truncated or incomplete.
#
#  Out of Memory Error (allocation.cpp:390), pid=6372, tid=0x0000000000001a58
#
# JRE version: OpenJDK Runtime Environment (8.0_76-b03) (build 1.8.0_76-release-b03)
# Java VM: OpenJDK 64-Bit Server VM (25.76-b03 mixed mode windows-amd64 compressed oops)
# Failed to write core dump. Minidumps are not enabled by default on client versions of Windows
#

---------------  T H R E A D  ---------------

Current thread (0x0000000014c93800):  JavaThread "C2 CompilerThread1" daemon [_thread_in_native, id=6744, stack(0x0000000016380000,0x0000000016480000)]

Stack: [0x0000000016380000,0x0000000016480000]
[error occurred during error reporting (printing stack bounds), id 0xc0000005]

Native frames: (J=compiled Java code, j=interpreted, Vv=VM code, C=native code)


Current CompileTask:
C2:   4844 1620   !   4       com.android.dx.cf.code.BytecodeArray::parseInstruction (2764 bytes)


---------------  P R O C E S S  ---------------

Java Threads: ( => current thread )
  0x000000001684c000 JavaThread "pool-2-thread-4" [_thread_in_Java, id=2848, stack(0x0000000016f80000,0x0000000017080000)]
  0x000000001683d000 JavaThread "pool-2-thread-3" [_thread_blocked, id=1644, stack(0x0000000016e80000,0x0000000016f80000)]
  0x000000001680f800 JavaThread "pool-2-thread-2" [_thread_blocked, id=4392, stack(0x0000000016d80000,0x0000000016e80000)]
  0x00000000167c2000 JavaThread "pool-3-thread-1" [_thread_blocked, id=6632, stack(0x0000000016c80000,0x0000000016d80000)]
  0x00000000167c8000 JavaThread "pool-2-thread-1" [_thread_blocked, id=6104, stack(0x0000000016b80000,0x0000000016c80000)]
  0x0000000016586800 JavaThread "Service Thread" daemon [_thread_blocked, id=6156, stack(0x0000000016980000,0x0000000016a80000)]
  0x0000000014c9a000 JavaThread "C1 CompilerThread2" daemon [_thread_blocked, id=6680, stack(0x0000000016480000,0x0000000016580000)]
=>0x0000000014c93800 JavaThread "C2 CompilerThread1" daemon [_thread_in_native, id=6744, stack(0x0000000016380000,0x0000000016480000)]
  0x0000000014c3c000 JavaThread "C2 CompilerThread0" daemon [_thread_blocked, id=7032, stack(0x0000000016280000,0x0000000016380000)]
  0x0000000014c3a800 JavaThread "Attach Listener" daemon [_thread_blocked, id=7156, stack(0x0000000016180000,0x0000000016280000)]
  0x0000000014c39800 JavaThread "Signal Dispatcher" daemon [_thread_blocked, id=5228, stack(0x0000000016080000,0x0000000016180000)]
  0x0000000014c28800 JavaThread "Finalizer" daemon [_thread_blocked, id=7240, stack(0x0000000015ea0000,0x0000000015fa0000)]
  0x0000000002561000 JavaThread "Reference Handler" daemon [_thread_blocked, id=6940, stack(0x0000000015da0000,0x0000000015ea0000)]
  0x0000000002470800 JavaThread "main" [_thread_blocked, id=5184, stack(0x0000000002370000,0x0000000002470000)]

Other Threads:
  0x0000000014c06000 VMThread [stack: 0x0000000015ca0000,0x0000000015da0000] [id=7200]
  0x0000000016588800 WatcherThread [stack: 0x0000000016a80000,0x0000000016b80000] [id=5344]

VM state:not at safepoint (normal execution)

VM Mutex/Monitor currently owned by a thread: None

Heap:
 PSYoungGen      total 35328K, used 11655K [0x00000000eab00000, 0x00000000ed000000, 0x0000000100000000)
  eden space 32768K, 27% used [0x00000000eab00000,0x00000000eb3e5188,0x00000000ecb00000)
  from space 2560K, 99% used [0x00000000ecd80000,0x00000000ecffcb98,0x00000000ed000000)
  to   space 2560K, 0% used [0x00000000ecb00000,0x00000000ecb00000,0x00000000ecd80000)
 ParOldGen       total 44032K, used 13029K [0x00000000c0000000, 0x00000000c2b00000, 0x00000000eab00000)
  object space 44032K, 29% used [0x00000000c0000000,0x00000000c0cb94d0,0x00000000c2b00000)
 Metaspace       used 6147K, capacity 7152K, committed 7296K, reserved 1056768K
  class space    used 583K, capacity 616K, committed 640K, reserved 1048576K

Card table byte_map: [0x0000000011930000,0x0000000011b40000] byte_map_base: 0x0000000011330000

Marking Bits: (ParMarkBitMap*) 0x0000000069999d00
 Begin Bits: [0x00000000120a0000, 0x00000000130a0000)
 End Bits:   [0x00000000130a0000, 0x00000000140a0000)

Polling page: 0x0000000000950000

CodeCache: size=245760Kb used=6843Kb max_used=6871Kb free=238916Kb
 bounds [0x0000000002570000, 0x0000000002c30000, 0x0000000011570000]
 total_blobs=1880 nmethods=1617 adapters=176
 compilation: enabled

Compilation events (10 events):
Event: 4.673 Thread 0x0000000014c93800 1620   !   4       com.android.dx.cf.code.BytecodeArray::parseInstruction (2764 bytes)
Event: 4.719 Thread 0x0000000014c3c000 nmethod 1554 0x0000000002c21d50 code [0x0000000002c22220, 0x0000000002c26ec8]
Event: 4.720 Thread 0x0000000014c3c000 1584       4       java.util.HashMap::get (23 bytes)
Event: 4.722 Thread 0x0000000014c3c000 nmethod 1584 0x0000000002bebe10 code [0x0000000002bebf60, 0x0000000002bec088]
Event: 4.722 Thread 0x0000000014c3c000 1582       4       com.android.dx.rop.type.Type::equals (31 bytes)
Event: 4.723 Thread 0x0000000014c3c000 nmethod 1582 0x0000000002c137d0 code [0x0000000002c13920, 0x0000000002c13a98]
Event: 4.723 Thread 0x0000000014c3c000 1588       4       com.android.dx.util.BitIntSet$1::hasNext (13 bytes)
Event: 4.724 Thread 0x0000000014c3c000 nmethod 1588 0x0000000002b78010 code [0x0000000002b78140, 0x0000000002b781b8]
Event: 4.724 Thread 0x0000000014c3c000 1367       4       com.android.dx.rop.code.Insn::getLocalAssignment (48 bytes)
Event: 4.725 Thread 0x0000000014c3c000 nmethod 1367 0x0000000002c11ed0 code [0x0000000002c12020, 0x0000000002c12118]

GC Heap History (8 events):
Event: 2.611 GC heap before
{Heap before GC invocations=1 (full 0):
 PSYoungGen      total 18944K, used 16384K [0x00000000eab00000, 0x00000000ec000000, 0x0000000100000000)
  eden space 16384K, 100% used [0x00000000eab00000,0x00000000ebb00000,0x00000000ebb00000)
  from space 2560K, 0% used [0x00000000ebd80000,0x00000000ebd80000,0x00000000ec000000)
  to   space 2560K, 0% used [0x00000000ebb00000,0x00000000ebb00000,0x00000000ebd80000)
 ParOldGen       total 44032K, used 0K [0x00000000c0000000, 0x00000000c2b00000, 0x00000000eab00000)
  object space 44032K, 0% used [0x00000000c0000000,0x00000000c0000000,0x00000000c2b00000)
 Metaspace       used 5596K, capacity 6704K, committed 6784K, reserved 1056768K
  class space    used 563K, capacity 616K, committed 640K, reserved 1048576K
Event: 2.635 GC heap after
Heap after GC invocations=1 (full 0):
 PSYoungGen      total 18944K, used 2554K [0x00000000eab00000, 0x00000000ed000000, 0x0000000100000000)
  eden space 16384K, 0% used [0x00000000eab00000,0x00000000eab00000,0x00000000ebb00000)
  from space 2560K, 99% used [0x00000000ebb00000,0x00000000ebd7ea98,0x00000000ebd80000)
  to   space 2560K, 0% used [0x00000000ecd80000,0x00000000ecd80000,0x00000000ed000000)
 ParOldGen       total 44032K, used 1293K [0x00000000c0000000, 0x00000000c2b00000, 0x00000000eab00000)
  object space 44032K, 2% used [0x00000000c0000000,0x00000000c0143670,0x00000000c2b00000)
 Metaspace       used 5596K, capacity 6704K, committed 6784K, reserved 1056768K
  class space    used 563K, capacity 616K, committed 640K, reserved 1048576K
}
Event: 3.091 GC heap before
{Heap before GC invocations=2 (full 0):
 PSYoungGen      total 18944K, used 18938K [0x00000000eab00000, 0x00000000ed000000, 0x0000000100000000)
  eden space 16384K, 100% used [0x00000000eab00000,0x00000000ebb00000,0x00000000ebb00000)
  from space 2560K, 99% used [0x00000000ebb00000,0x00000000ebd7ea98,0x00000000ebd80000)
  to   space 2560K, 0% used [0x00000000ecd80000,0x00000000ecd80000,0x00000000ed000000)
 ParOldGen       total 44032K, used 1293K [0x00000000c0000000, 0x00000000c2b00000, 0x00000000eab00000)
  object space 44032K, 2% used [0x00000000c0000000,0x00000000c0143670,0x00000000c2b00000)
 Metaspace       used 5850K, capacity 6960K, committed 7040K, reserved 1056768K
  class space    used 564K, capacity 616K, committed 640K, reserved 1048576K
Event: 3.157 GC heap after
Heap after GC invocations=2 (full 0):
 PSYoungGen      total 35328K, used 2529K [0x00000000eab00000, 0x00000000ed000000, 0x0000000100000000)
  eden space 32768K, 0% used [0x00000000eab00000,0x00000000eab00000,0x00000000ecb00000)
  from space 2560K, 98% used [0x00000000ecd80000,0x00000000ecff8490,0x00000000ed000000)
  to   space 2560K, 0% used [0x00000000ecb00000,0x00000000ecb00000,0x00000000ecd80000)
 ParOldGen       total 44032K, used 3761K [0x00000000c0000000, 0x00000000c2b00000, 0x00000000eab00000)
  object space 44032K, 8% used [0x00000000c0000000,0x00000000c03ac628,0x00000000c2b00000)
 Metaspace       used 5850K, capacity 6960K, committed 7040K, reserved 1056768K
  class space    used 564K, capacity 616K, committed 640K, reserved 1048576K
}
Event: 3.733 GC heap before
{Heap before GC invocations=3 (full 0):
 PSYoungGen      total 35328K, used 35297K [0x00000000eab00000, 0x00000000ed000000, 0x0000000100000000)
  eden space 32768K, 100% used [0x00000000eab00000,0x00000000ecb00000,0x00000000ecb00000)
  from space 2560K, 98% used [0x00000000ecd80000,0x00000000ecff8490,0x00000000ed000000)
  to   space 2560K, 0% used [0x00000000ecb00000,0x00000000ecb00000,0x00000000ecd80000)
 ParOldGen       total 44032K, used 3761K [0x00000000c0000000, 0x00000000c2b00000, 0x00000000eab00000)
  object space 44032K, 8% used [0x00000000c0000000,0x00000000c03ac628,0x00000000c2b00000)
 Metaspace       used 6086K, capacity 7088K, committed 7296K, reserved 1056768K
  class space    used 583K, capacity 616K, committed 640K, reserved 1048576K
Event: 3.780 GC heap after
Heap after GC invocations=3 (full 0):
 PSYoungGen      total 35328K, used 2546K [0x00000000eab00000, 0x00000000ed000000, 0x0000000100000000)
  eden space 32768K, 0% used [0x00000000eab00000,0x00000000eab00000,0x00000000ecb00000)
  from space 2560K, 99% used [0x00000000ecb00000,0x00000000ecd7cbf0,0x00000000ecd80000)
  to   space 2560K, 0% used [0x00000000ecd80000,0x00000000ecd80000,0x00000000ed000000)
 ParOldGen       total 44032K, used 8702K [0x00000000c0000000, 0x00000000c2b00000, 0x00000000eab00000)
  object space 44032K, 19% used [0x00000000c0000000,0x00000000c087f950,0x00000000c2b00000)
 Metaspace       used 6086K, capacity 7088K, committed 7296K, reserved 1056768K
  class space    used 583K, capacity 616K, committed 640K, reserved 1048576K
}
Event: 4.254 GC heap before
{Heap before GC invocations=4 (full 0):
 PSYoungGen      total 35328K, used 35314K [0x00000000eab00000, 0x00000000ed000000, 0x0000000100000000)
  eden space 32768K, 100% used [0x00000000eab00000,0x00000000ecb00000,0x00000000ecb00000)
  from space 2560K, 99% used [0x00000000ecb00000,0x00000000ecd7cbf0,0x00000000ecd80000)
  to   space 2560K, 0% used [0x00000000ecd80000,0x00000000ecd80000,0x00000000ed000000)
 ParOldGen       total 44032K, used 8702K [0x00000000c0000000, 0x00000000c2b00000, 0x00000000eab00000)
  object space 44032K, 19% used [0x00000000c0000000,0x00000000c087f950,0x00000000c2b00000)
 Metaspace       used 6129K, capacity 7088K, committed 7296K, reserved 1056768K
  class space    used 583K, capacity 616K, committed 640K, reserved 1048576K
Event: 4.562 GC heap after
Heap after GC invocations=4 (full 0):
 PSYoungGen      total 35328K, used 2546K [0x00000000eab00000, 0x00000000ed000000, 0x0000000100000000)
  eden space 32768K, 0% used [0x00000000eab00000,0x00000000eab00000,0x00000000ecb00000)
  from space 2560K, 99% used [0x00000000ecd80000,0x00000000ecffcb98,0x00000000ed000000)
  to   space 2560K, 0% used [0x00000000ecb00000,0x00000000ecb00000,0x00000000ecd80000)
 ParOldGen       total 44032K, used 13029K [0x00000000c0000000, 0x00000000c2b00000, 0x00000000eab00000)
  object space 44032K, 29% used [0x00000000c0000000,0x00000000c0cb94d0,0x00000000c2b00000)
 Metaspace       used 6129K, capacity 7088K, committed 7296K, reserved 1056768K
  class space    used 583K, capacity 616K, committed 640K, reserved 1048576K
}

Deoptimization events (10 events):
Event: 3.850 Thread 0x000000001680f800 Uncommon trap: reason=unstable_if action=reinterpret pc=0x0000000002b1055c method=java.util.HashMap.putVal(ILjava/lang/Object;Ljava/lang/Object;ZZ)Ljava/lang/Object; @ 162
Event: 3.850 Thread 0x000000001680f800 Uncommon trap: reason=unstable_if action=reinterpret pc=0x0000000002ba2b60 method=java.util.HashMap.putVal(ILjava/lang/Object;Ljava/lang/Object;ZZ)Ljava/lang/Object; @ 109
Event: 3.850 Thread 0x000000001680f800 Uncommon trap: reason=unstable_if action=reinterpret pc=0x0000000002b4cee8 method=java.util.HashMap.getNode(ILjava/lang/Object;)Ljava/util/HashMap$Node; @ 84
Event: 3.943 Thread 0x00000000167c8000 Uncommon trap: reason=unstable_if action=reinterpret pc=0x0000000002b06c78 method=com.android.dx.ssa.SCCP.simulateStmt(Lcom/android/dx/ssa/SsaInsn;)V @ 59
Event: 4.572 Thread 0x0000000002470800 Uncommon trap: reason=unstable_if action=reinterpret pc=0x0000000002bdfe3c method=com.android.dx.ssa.LiteralOpUpgrader$1.visitNonMoveInsn(Lcom/android/dx/ssa/NormalSsaInsn;)V @ 55
Event: 4.573 Thread 0x0000000002470800 Uncommon trap: reason=unstable_if action=reinterpret pc=0x000000000285bf5c method=com.android.dx.ssa.SsaMethod.updateOneDefinition(Lcom/android/dx/ssa/SsaInsn;Lcom/android/dx/rop/code/RegisterSpec;)V @ 4
Event: 4.586 Thread 0x000000001683d000 Uncommon trap: reason=bimorphic action=maybe_recompile pc=0x0000000002bfd968 method=com.android.dx.cf.code.BytecodeArray.parseInstruction(ILcom/android/dx/cf/code/BytecodeArray$Visitor;)I @ 1287
Event: 4.587 Thread 0x000000001683d000 Uncommon trap: reason=bimorphic action=maybe_recompile pc=0x0000000002bfd968 method=com.android.dx.cf.code.BytecodeArray.parseInstruction(ILcom/android/dx/cf/code/BytecodeArray$Visitor;)I @ 1287
Event: 4.592 Thread 0x0000000002470800 Uncommon trap: reason=bimorphic action=maybe_recompile pc=0x0000000002bfd968 method=com.android.dx.cf.code.BytecodeArray.parseInstruction(ILcom/android/dx/cf/code/BytecodeArray$Visitor;)I @ 1287
Event: 4.592 Thread 0x0000000002470800 Uncommon trap: reason=bimorphic action=maybe_recompile pc=0x0000000002bfd968 method=com.android.dx.cf.code.BytecodeArray.parseInstruction(ILcom/android/dx/cf/code/BytecodeArray$Visitor;)I @ 1287

Internal exceptions (7 events):
Event: 0.885 Thread 0x0000000002470800 Exception <a 'java/lang/NoSuchMethodError': Method sun.misc.Unsafe.defineClass(Ljava/lang/String;[BII)Ljava/lang/Class; name or signature does not match> (0x00000000eab07cc0) thrown at [C:\src\android\AOSP-openjdk\external\jetbrains\jdk\hotspot\src\share\v¼øB
Event: 0.885 Thread 0x0000000002470800 Exception <a 'java/lang/NoSuchMethodError': Method sun.misc.Unsafe.prefetchRead(Ljava/lang/Object;J)V name or signature does not match> (0x00000000eab07fa8) thrown at [C:\src\android\AOSP-openjdk\external\jetbrains\jdk\hotspot\src\share\vm\prims\jni.cpp, lä	Úæo	@
Event: 3.179 Thread 0x000000001680f800 Implicit null exception at 0x00000000028616d4 to 0x0000000002863c31
Event: 3.482 Thread 0x000000001680f800 Exception <a 'java/lang/ArrayIndexOutOfBoundsException': 18> (0x00000000ebf949a8) thrown at [C:\src\android\AOSP-openjdk\external\jetbrains\jdk\hotspot\src\share\vm\interpreter\interpreterRuntime.cpp, line 366]
Event: 3.482 Thread 0x000000001680f800 Exception <a 'java/lang/ArrayIndexOutOfBoundsException': 145> (0x00000000ebf96528) thrown at [C:\src\android\AOSP-openjdk\external\jetbrains\jdk\hotspot\src\share\vm\interpreter\interpreterRuntime.cpp, line 366]
Event: 3.562 Thread 0x000000001680f800 Exception <a 'java/lang/ArrayIndexOutOfBoundsException'> (0x00000000ebf97810) thrown at [C:\src\android\AOSP-openjdk\external\jetbrains\jdk\hotspot\src\share\vm\runtime\sharedRuntime.cpp, line 605]
Event: 3.580 Thread 0x000000001680f800 Implicit null exception at 0x00000000028e6b22 to 0x00000000028e6c1a

Events (10 events):
Event: 4.587 Thread 0x000000001683d000 DEOPT UNPACKING pc=0x00000000025b556a sp=0x0000000016f7e398 mode 2
Event: 4.587 Thread 0x000000001683d000 Uncommon trap: trap_request=0xffffffc6 fr.pc=0x0000000002bfd968
Event: 4.587 Thread 0x000000001683d000 DEOPT PACKING pc=0x0000000002bfd968 sp=0x0000000016f7e250
Event: 4.587 Thread 0x000000001683d000 DEOPT UNPACKING pc=0x00000000025b556a sp=0x0000000016f7e1f8 mode 2
Event: 4.592 Thread 0x0000000002470800 Uncommon trap: trap_request=0xffffffc6 fr.pc=0x0000000002bfd968
Event: 4.592 Thread 0x0000000002470800 DEOPT PACKING pc=0x0000000002bfd968 sp=0x000000000246e550
Event: 4.592 Thread 0x0000000002470800 DEOPT UNPACKING pc=0x00000000025b556a sp=0x000000000246e4f8 mode 2
Event: 4.592 Thread 0x0000000002470800 Uncommon trap: trap_request=0xffffffc6 fr.pc=0x0000000002bfd968
Event: 4.592 Thread 0x0000000002470800 DEOPT PACKING pc=0x0000000002bfd968 sp=0x000000000246e3b0
Event: 4.592 Thread 0x0000000002470800 DEOPT UNPACKING pc=0x00000000025b556a sp=0x000000000246e358 mode 2


Dynamic libraries:
0x00007ff693f90000 - 0x00007ff693fc1000 	C:\Program Files\Android\Android Studio\jre\bin\java.exe
0x00007ffd52e90000 - 0x00007ffd5303d000 	C:\windows\SYSTEM32\ntdll.dll
0x00007ffd51320000 - 0x00007ffd5145e000 	C:\windows\system32\KERNEL32.DLL
0x00007ffd416a0000 - 0x00007ffd416d3000 	C:\Program Files (x86)\AVG\Av\avghooka.dll
0x00007ffd4f020000 - 0x00007ffd4f135000 	C:\windows\system32\KERNELBASE.dll
0x00007ffd50ea0000 - 0x00007ffd50f4a000 	C:\windows\system32\ADVAPI32.dll
0x00007ffd50b90000 - 0x00007ffd50d07000 	C:\windows\system32\USER32.dll
0x00007ffd4c950000 - 0x00007ffd4cbcb000 	C:\windows\WinSxS\amd64_microsoft.windows.common-controls_6595b64144ccf1df_6.0.9600.18006_none_623f33d3ecbe86e8\COMCTL32.dll
0x00007ffd4f400000 - 0x00007ffd4f4aa000 	C:\windows\system32\msvcrt.dll
0x00007ffd4f5f0000 - 0x00007ffd4f649000 	C:\windows\SYSTEM32\sechost.dll
0x00007ffd4f4b0000 - 0x00007ffd4f5f0000 	C:\windows\system32\RPCRT4.dll
0x00007ffd4f2b0000 - 0x00007ffd4f3ff000 	C:\windows\system32\GDI32.dll
0x00007ffd4f140000 - 0x00007ffd4f16e000 	C:\windows\system32\SspiCli.dll
0x00007ffd512d0000 - 0x00007ffd51306000 	C:\windows\system32\IMM32.DLL
0x00007ffd50f50000 - 0x00007ffd510a2000 	C:\windows\system32\MSCTF.dll
0x0000000069020000 - 0x00000000690f2000 	C:\Program Files\Android\Android Studio\jre\jre\bin\msvcr100.dll
0x00000000691e0000 - 0x0000000069a14000 	C:\Program Files\Android\Android Studio\jre\jre\bin\server\jvm.dll
0x00007ffd408e0000 - 0x00007ffd408e9000 	C:\windows\SYSTEM32\WSOCK32.dll
0x00007ffd41e90000 - 0x00007ffd41eb2000 	C:\windows\SYSTEM32\WINMM.dll
0x00007ffd47840000 - 0x00007ffd4784a000 	C:\windows\SYSTEM32\VERSION.dll
0x00007ffd4f280000 - 0x00007ffd4f287000 	C:\windows\system32\PSAPI.DLL
0x00007ffd50d80000 - 0x00007ffd50dda000 	C:\windows\system32\WS2_32.dll
0x00007ffd41e60000 - 0x00007ffd41e8a000 	C:\windows\SYSTEM32\WINMMBASE.dll
0x00007ffd4f650000 - 0x00007ffd4f659000 	C:\windows\system32\NSI.dll
0x00007ffd4f1d0000 - 0x00007ffd4f21f000 	C:\windows\SYSTEM32\cfgmgr32.dll
0x00007ffd4daf0000 - 0x00007ffd4db18000 	C:\windows\SYSTEM32\DEVOBJ.dll
0x00007ffd49b20000 - 0x00007ffd49b2f000 	C:\Program Files\Android\Android Studio\jre\jre\bin\verify.dll
0x00007ffd41510000 - 0x00007ffd41539000 	C:\Program Files\Android\Android Studio\jre\jre\bin\java.dll
0x00007ffd414f0000 - 0x00007ffd41506000 	C:\Program Files\Android\Android Studio\jre\jre\bin\zip.dll
0x00007ffd4f660000 - 0x00007ffd50b88000 	C:\windows\system32\SHELL32.dll
0x00007ffd510b0000 - 0x00007ffd512c1000 	C:\windows\SYSTEM32\combase.dll
0x00007ffd50d20000 - 0x00007ffd50d74000 	C:\windows\system32\SHLWAPI.dll
0x00007ffd4d260000 - 0x00007ffd4d312000 	C:\windows\SYSTEM32\SHCORE.dll
0x00007ffd4ecc0000 - 0x00007ffd4ecd5000 	C:\windows\SYSTEM32\profapi.dll

VM Arguments:
jvm_args: -Djava.awt.headless=true -Xmx1024M -Dfile.encoding=windows-1252 -Duser.country=US -Duser.language=en -Duser.variant 
java_command: com.android.dx.command.Main --dex --force-jumbo --num-threads=4 --multi-dex --output C:\Users\annie_000.TRINHVU-TABLET\Downloads\final-project-aipom\app\build\intermediates\transforms\dex\debug\folders\1000\10\com.android.support-support-core-ui-24.2.1_dcc5959a69b4083a5fa9311ea3f85279ab20dd71 C:\Users\annie_000.TRINHVU-TABLET\Downloads\final-project-aipom\app\build\intermediates\exploded-aar\com.android.support\support-core-ui\24.2.1\jars\classes.jar
java_class_path (initial): C:\Users\annie_000.TRINHVU-TABLET\AppData\Local\Android\sdk\build-tools\25.0.0\lib\dx.jar
Launcher Type: SUN_STANDARD

Environment Variables:
PATH=C:\windows\system32;C:\windows;C:\windows\System32\Wbem;C:\windows\System32\WindowsPowerShell\v1.0\;C:\Program Files\Git\cmd
USERNAME=annie_000
OS=Windows_NT
PROCESSOR_IDENTIFIER=Intel64 Family 6 Model 69 Stepping 1, GenuineIntel



---------------  S Y S T E M  ---------------

OS: Windows 8.1 , 64 bit Build 9600 (6.3.9600.17415)

CPU:total 4 (2 cores per cpu, 2 threads per core) family 6 model 69 stepping 1, cmov, cx8, fxsr, mmx, sse, sse2, sse3, ssse3, sse4.1, sse4.2, popcnt, avx, avx2, aes, clmul, erms, lzcnt, ht, tsc, tscinvbit, bmi1, bmi2

Memory: 4k page, physical 4112428k(219524k free), swap 7258156k(4884k free)

vm_info: OpenJDK 64-Bit Server VM (25.76-b03) for windows-amd64 JRE (1.8.0_76-release-b03), built on Jun 29 2016 19:09:20 by "ralucas" with MS VC++ 10.0 (VS2010)

time: Thu Nov 03 20:28:16 2016
elapsed time: 4 seconds (0d 0h 0m 4s)

