#
# There is insufficient memory for the Java Runtime Environment to continue.
# Native memory allocation (malloc) failed to allocate 448816 bytes for Chunk::new
# Possible reasons:
#   The system is out of physical RAM or swap space
#   In 32 bit mode, the process size limit was hit
# Possible solutions:
#   Reduce memory load on the system
#   Increase physical memory or swap space
#   Check if swap backing store is full
#   Use 64 bit Java on a 64 bit OS
#   Decrease Java heap size (-Xmx/-Xms)
#   Decrease number of Java threads
#   Decrease Java thread stack sizes (-Xss)
#   Set larger code cache with -XX:ReservedCodeCacheSize=
# This output file may be truncated or incomplete.
#
#  Out of Memory Error (allocation.cpp:390), pid=6884, tid=0x0000000000001904
#
# JRE version: OpenJDK Runtime Environment (8.0_76-b03) (build 1.8.0_76-release-b03)
# Java VM: OpenJDK 64-Bit Server VM (25.76-b03 mixed mode windows-amd64 compressed oops)
# Failed to write core dump. Minidumps are not enabled by default on client versions of Windows
#

---------------  T H R E A D  ---------------

Current thread (0x000000001483b000):  JavaThread "C2 CompilerThread0" daemon [_thread_in_native, id=6404, stack(0x0000000015e90000,0x0000000015f90000)]

Stack: [0x0000000015e90000,0x0000000015f90000]
[error occurred during error reporting (printing stack bounds), id 0xc0000005]

Native frames: (J=compiled Java code, j=interpreted, Vv=VM code, C=native code)


Current CompileTask:
C2:   2506  681       4       com.android.dx.ssa.SsaBasicBlock::forEachInsn (37 bytes)


---------------  P R O C E S S  ---------------

Java Threads: ( => current thread )
  0x00000000163ef800 JavaThread "pool-2-thread-4" [_thread_in_vm, id=3228, stack(0x0000000016b90000,0x0000000016c90000)]
  0x00000000163ef000 JavaThread "pool-2-thread-3" [_thread_in_Java, id=7220, stack(0x0000000016a90000,0x0000000016b90000)]
  0x00000000163ea800 JavaThread "pool-2-thread-2" [_thread_in_Java, id=6804, stack(0x0000000016990000,0x0000000016a90000)]
  0x0000000016425800 JavaThread "pool-3-thread-1" [_thread_blocked, id=7548, stack(0x0000000016890000,0x0000000016990000)]
  0x0000000016421000 JavaThread "pool-2-thread-1" [_thread_in_vm, id=5660, stack(0x0000000016790000,0x0000000016890000)]
  0x0000000016193800 JavaThread "Service Thread" daemon [_thread_blocked, id=3588, stack(0x0000000016590000,0x0000000016690000)]
  0x0000000014899800 JavaThread "C1 CompilerThread2" daemon [_thread_in_native, id=7044, stack(0x0000000016090000,0x0000000016190000)]
  0x0000000014893800 JavaThread "C2 CompilerThread1" daemon [_thread_blocked, id=7072, stack(0x0000000015f90000,0x0000000016090000)]
=>0x000000001483b000 JavaThread "C2 CompilerThread0" daemon [_thread_in_native, id=6404, stack(0x0000000015e90000,0x0000000015f90000)]
  0x000000001483a000 JavaThread "Attach Listener" daemon [_thread_blocked, id=7216, stack(0x0000000015d90000,0x0000000015e90000)]
  0x0000000014838800 JavaThread "Signal Dispatcher" daemon [_thread_blocked, id=8016, stack(0x0000000015c90000,0x0000000015d90000)]
  0x000000000216b000 JavaThread "Finalizer" daemon [_thread_blocked, id=4432, stack(0x0000000015ab0000,0x0000000015bb0000)]
  0x000000000215f800 JavaThread "Reference Handler" daemon [_thread_blocked, id=2196, stack(0x00000000159b0000,0x0000000015ab0000)]
  0x0000000002070800 JavaThread "main" [_thread_in_Java, id=6792, stack(0x0000000001f70000,0x0000000002070000)]

Other Threads:
  0x0000000014806800 VMThread [stack: 0x00000000158b0000,0x00000000159b0000] [id=3812]
  0x0000000016195800 WatcherThread [stack: 0x0000000016690000,0x0000000016790000] [id=3788]

VM state:not at safepoint (normal execution)

VM Mutex/Monitor currently owned by a thread: None

Heap:
 PSYoungGen      total 18944K, used 15180K [0x00000000eab00000, 0x00000000ec000000, 0x0000000100000000)
  eden space 16384K, 92% used [0x00000000eab00000,0x00000000eb9d3250,0x00000000ebb00000)
  from space 2560K, 0% used [0x00000000ebd80000,0x00000000ebd80000,0x00000000ec000000)
  to   space 2560K, 0% used [0x00000000ebb00000,0x00000000ebb00000,0x00000000ebd80000)
 ParOldGen       total 44032K, used 0K [0x00000000c0000000, 0x00000000c2b00000, 0x00000000eab00000)
  object space 44032K, 0% used [0x00000000c0000000,0x00000000c0000000,0x00000000c2b00000)
 Metaspace       used 5542K, capacity 6704K, committed 6784K, reserved 1056768K
  class space    used 557K, capacity 616K, committed 640K, reserved 1048576K

Card table byte_map: [0x0000000011530000,0x0000000011740000] byte_map_base: 0x0000000010f30000

Marking Bits: (ParMarkBitMap*) 0x0000000069999d00
 Begin Bits: [0x0000000011ca0000, 0x0000000012ca0000)
 End Bits:   [0x0000000012ca0000, 0x0000000013ca0000)

Polling page: 0x0000000001eb0000

CodeCache: size=245760Kb used=3073Kb max_used=3073Kb free=242686Kb
 bounds [0x0000000002170000, 0x0000000002480000, 0x0000000011170000]
 total_blobs=993 nmethods=731 adapters=176
 compilation: enabled

Compilation events (10 events):
Event: 2.499 Thread 0x0000000014899800 nmethod 743 0x0000000002466550 code [0x0000000002466740, 0x00000000024672c8]
Event: 2.500 Thread 0x0000000014893800  746       4       com.android.dx.ssa.SsaBasicBlock::isReachable (29 bytes)
Event: 2.500 Thread 0x0000000014899800  742       3       com.android.dx.ssa.MoveParamCombiner$1::visitNonMoveInsn (213 bytes)
Event: 2.500 Thread 0x0000000014893800 nmethod 746 0x0000000002454dd0 code [0x0000000002454f00, 0x0000000002454f98]
Event: 2.502 Thread 0x0000000014899800 nmethod 742 0x000000000246a5d0 code [0x000000000246a8c0, 0x000000000246c6b8]
Event: 2.502 Thread 0x0000000014899800  745       3       com.android.dx.ssa.SsaMethod::getUseListForRegister (18 bytes)
Event: 2.502 Thread 0x0000000014899800 nmethod 745 0x0000000002463b10 code [0x0000000002463c80, 0x0000000002463e88]
Event: 2.502 Thread 0x0000000014899800  738       3       com.android.dx.ssa.SsaRenamer$1::visitBlock (16 bytes)
Event: 2.502 Thread 0x0000000014899800 nmethod 738 0x000000000246a150 code [0x000000000246a2c0, 0x000000000246a4f8]
Event: 2.502 Thread 0x0000000014899800  747       3       com.android.dx.ssa.LiteralOpUpgrader$1::visitNonMoveInsn (203 bytes)

GC Heap History (0 events):
No events

Deoptimization events (1 events):
Event: 1.417 Thread 0x0000000002070800 Uncommon trap: reason=unstable_if action=reinterpret pc=0x00000000022b4510 method=java.lang.String.indexOf(II)I @ 49

Internal exceptions (2 events):
Event: 0.081 Thread 0x0000000002070800 Exception <a 'java/lang/NoSuchMethodError': Method sun.misc.Unsafe.defineClass(Ljava/lang/String;[BII)Ljava/lang/Class; name or signature does not match> (0x00000000eab07cc0) thrown at [C:\src\android\AOSP-openjdk\external\jetbrains\jdk\hotspot\src\share\v£ /n(Ö´?
Event: 0.081 Thread 0x0000000002070800 Exception <a 'java/lang/NoSuchMethodError': Method sun.misc.Unsafe.prefetchRead(Ljava/lang/Object;J)V name or signature does not match> (0x00000000eab07fa8) thrown at [C:\src\android\AOSP-openjdk\external\jetbrains\jdk\hotspot\src\share\vm\prims\jni.cpp, l

Events (10 events):
Event: 2.104 loading class com/android/dx/ssa/PhiInsn$Operand
Event: 2.104 loading class com/android/dx/ssa/PhiInsn$Operand done
Event: 2.148 loading class com/android/dx/dex/file/MethodAnnotationStruct
Event: 2.148 loading class com/android/dx/dex/file/MethodAnnotationStruct done
Event: 2.164 loading class com/android/dx/cf/code/SwitchList
Event: 2.164 loading class com/android/dx/cf/code/SwitchList done
Event: 2.186 loading class com/android/dx/ssa/back/FirstFitLocalCombiningAllocator$Multiset
Event: 2.186 loading class com/android/dx/ssa/back/FirstFitLocalCombiningAllocator$Multiset done
Event: 2.495 loading class java/util/ArrayList$1
Event: 2.496 loading class java/util/ArrayList$1 done


Dynamic libraries:
0x00007ff693f90000 - 0x00007ff693fc1000 	C:\Program Files\Android\Android Studio\jre\bin\java.exe
0x00007ffd52e90000 - 0x00007ffd5303d000 	C:\windows\SYSTEM32\ntdll.dll
0x00007ffd51320000 - 0x00007ffd5145e000 	C:\windows\system32\KERNEL32.DLL
0x00007ffd416a0000 - 0x00007ffd416d3000 	C:\Program Files (x86)\AVG\Av\avghooka.dll
0x00007ffd4f020000 - 0x00007ffd4f135000 	C:\windows\system32\KERNELBASE.dll
0x00007ffd50ea0000 - 0x00007ffd50f4a000 	C:\windows\system32\ADVAPI32.dll
0x00007ffd50b90000 - 0x00007ffd50d07000 	C:\windows\system32\USER32.dll
0x00007ffd4c950000 - 0x00007ffd4cbcb000 	C:\windows\WinSxS\amd64_microsoft.windows.common-controls_6595b64144ccf1df_6.0.9600.18006_none_623f33d3ecbe86e8\COMCTL32.dll
0x00007ffd4f400000 - 0x00007ffd4f4aa000 	C:\windows\system32\msvcrt.dll
0x00007ffd4f5f0000 - 0x00007ffd4f649000 	C:\windows\SYSTEM32\sechost.dll
0x00007ffd4f4b0000 - 0x00007ffd4f5f0000 	C:\windows\system32\RPCRT4.dll
0x00007ffd4f2b0000 - 0x00007ffd4f3ff000 	C:\windows\system32\GDI32.dll
0x00007ffd4f140000 - 0x00007ffd4f16e000 	C:\windows\system32\SspiCli.dll
0x00007ffd512d0000 - 0x00007ffd51306000 	C:\windows\system32\IMM32.DLL
0x00007ffd50f50000 - 0x00007ffd510a2000 	C:\windows\system32\MSCTF.dll
0x0000000069020000 - 0x00000000690f2000 	C:\Program Files\Android\Android Studio\jre\jre\bin\msvcr100.dll
0x00000000691e0000 - 0x0000000069a14000 	C:\Program Files\Android\Android Studio\jre\jre\bin\server\jvm.dll
0x00007ffd408e0000 - 0x00007ffd408e9000 	C:\windows\SYSTEM32\WSOCK32.dll
0x00007ffd41e90000 - 0x00007ffd41eb2000 	C:\windows\SYSTEM32\WINMM.dll
0x00007ffd47840000 - 0x00007ffd4784a000 	C:\windows\SYSTEM32\VERSION.dll
0x00007ffd4f280000 - 0x00007ffd4f287000 	C:\windows\system32\PSAPI.DLL
0x00007ffd50d80000 - 0x00007ffd50dda000 	C:\windows\system32\WS2_32.dll
0x00007ffd41e60000 - 0x00007ffd41e8a000 	C:\windows\SYSTEM32\WINMMBASE.dll
0x00007ffd4f650000 - 0x00007ffd4f659000 	C:\windows\system32\NSI.dll
0x00007ffd4f1d0000 - 0x00007ffd4f21f000 	C:\windows\SYSTEM32\cfgmgr32.dll
0x00007ffd4daf0000 - 0x00007ffd4db18000 	C:\windows\SYSTEM32\DEVOBJ.dll
0x00007ffd49b20000 - 0x00007ffd49b2f000 	C:\Program Files\Android\Android Studio\jre\jre\bin\verify.dll
0x00007ffd41510000 - 0x00007ffd41539000 	C:\Program Files\Android\Android Studio\jre\jre\bin\java.dll
0x00007ffd414f0000 - 0x00007ffd41506000 	C:\Program Files\Android\Android Studio\jre\jre\bin\zip.dll
0x00007ffd4f660000 - 0x00007ffd50b88000 	C:\windows\system32\SHELL32.dll
0x00007ffd510b0000 - 0x00007ffd512c1000 	C:\windows\SYSTEM32\combase.dll
0x00007ffd50d20000 - 0x00007ffd50d74000 	C:\windows\system32\SHLWAPI.dll
0x00007ffd4d260000 - 0x00007ffd4d312000 	C:\windows\SYSTEM32\SHCORE.dll
0x00007ffd4ecc0000 - 0x00007ffd4ecd5000 	C:\windows\SYSTEM32\profapi.dll

VM Arguments:
jvm_args: -Djava.awt.headless=true -Xmx1024M -Dfile.encoding=windows-1252 -Duser.country=US -Duser.language=en -Duser.variant 
java_command: com.android.dx.command.Main --dex --force-jumbo --num-threads=4 --multi-dex --output C:\Users\annie_000.TRINHVU-TABLET\Downloads\final-project-aipom\app\build\intermediates\transforms\dex\debug\folders\1000\10\com.android.support-recyclerview-v7-24.2.1_b68e5986c80bfece2ea3a9315d355ecf2a797e1e C:\Users\annie_000.TRINHVU-TABLET\Downloads\final-project-aipom\app\build\intermediates\exploded-aar\com.android.support\recyclerview-v7\24.2.1\jars\classes.jar
java_class_path (initial): C:\Users\annie_000.TRINHVU-TABLET\AppData\Local\Android\sdk\build-tools\25.0.0\lib\dx.jar
Launcher Type: SUN_STANDARD

Environment Variables:
PATH=C:\windows\system32;C:\windows;C:\windows\System32\Wbem;C:\windows\System32\WindowsPowerShell\v1.0\;C:\Program Files\Git\cmd
USERNAME=annie_000
OS=Windows_NT
PROCESSOR_IDENTIFIER=Intel64 Family 6 Model 69 Stepping 1, GenuineIntel



---------------  S Y S T E M  ---------------

OS: Windows 8.1 , 64 bit Build 9600 (6.3.9600.17415)

CPU:total 4 (2 cores per cpu, 2 threads per core) family 6 model 69 stepping 1, cmov, cx8, fxsr, mmx, sse, sse2, sse3, ssse3, sse4.1, sse4.2, popcnt, avx, avx2, aes, clmul, erms, lzcnt, ht, tsc, tscinvbit, bmi1, bmi2

Memory: 4k page, physical 4112428k(220320k free), swap 7258156k(5264k free)

vm_info: OpenJDK 64-Bit Server VM (25.76-b03) for windows-amd64 JRE (1.8.0_76-release-b03), built on Jun 29 2016 19:09:20 by "ralucas" with MS VC++ 10.0 (VS2010)

time: Thu Nov 03 20:28:16 2016
elapsed time: 2 seconds (0d 0h 0m 2s)

