#
# There is insufficient memory for the Java Runtime Environment to continue.
# Native memory allocation (malloc) failed to allocate 64736 bytes for Chunk::new
# Possible reasons:
#   The system is out of physical RAM or swap space
#   In 32 bit mode, the process size limit was hit
# Possible solutions:
#   Reduce memory load on the system
#   Increase physical memory or swap space
#   Check if swap backing store is full
#   Use 64 bit Java on a 64 bit OS
#   Decrease Java heap size (-Xmx/-Xms)
#   Decrease number of Java threads
#   Decrease Java thread stack sizes (-Xss)
#   Set larger code cache with -XX:ReservedCodeCacheSize=
# This output file may be truncated or incomplete.
#
#  Out of Memory Error (allocation.cpp:390), pid=9068, tid=0x00000000000014a8
#
# JRE version: OpenJDK Runtime Environment (8.0_76-b03) (build 1.8.0_76-release-b03)
# Java VM: OpenJDK 64-Bit Server VM (25.76-b03 mixed mode windows-amd64 compressed oops)
# Failed to write core dump. Minidumps are not enabled by default on client versions of Windows
#

---------------  T H R E A D  ---------------

Current thread (0x0000000014a2d800):  JavaThread "C2 CompilerThread1" daemon [_thread_in_native, id=5288, stack(0x00000000160b0000,0x00000000161b0000)]

Stack: [0x00000000160b0000,0x00000000161b0000]
[error occurred during error reporting (printing stack bounds), id 0xc0000005]

Native frames: (J=compiled Java code, j=interpreted, Vv=VM code, C=native code)


Current CompileTask:
C2:   3817 1117       4       com.android.dx.rop.code.RegisterSpec$ForComparison::hashCode (16 bytes)


---------------  P R O C E S S  ---------------

Java Threads: ( => current thread )
  0x000000001656a000 JavaThread "pool-2-thread-4" [_thread_in_native, id=3328, stack(0x0000000016cb0000,0x0000000016db0000)]
  0x0000000016569000 JavaThread "pool-2-thread-3" [_thread_blocked, id=7040, stack(0x0000000016bb0000,0x0000000016cb0000)]
  0x0000000016568800 JavaThread "pool-2-thread-2" [_thread_in_vm, id=5992, stack(0x0000000016ab0000,0x0000000016bb0000)]
  0x0000000016565800 JavaThread "pool-3-thread-1" [_thread_blocked, id=2700, stack(0x00000000169b0000,0x0000000016ab0000)]
  0x0000000016565000 JavaThread "pool-2-thread-1" [_thread_in_Java, id=2324, stack(0x00000000168b0000,0x00000000169b0000)]
  0x00000000162b0800 JavaThread "Service Thread" daemon [_thread_blocked, id=2200, stack(0x00000000166b0000,0x00000000167b0000)]
  0x0000000014a86800 JavaThread "C1 CompilerThread2" daemon [_thread_blocked, id=7420, stack(0x00000000161b0000,0x00000000162b0000)]
=>0x0000000014a2d800 JavaThread "C2 CompilerThread1" daemon [_thread_in_native, id=5288, stack(0x00000000160b0000,0x00000000161b0000)]
  0x0000000014a2b800 JavaThread "C2 CompilerThread0" daemon [_thread_in_native, id=9084, stack(0x0000000015fb0000,0x00000000160b0000)]
  0x0000000014a2a000 JavaThread "Attach Listener" daemon [_thread_blocked, id=2352, stack(0x0000000015eb0000,0x0000000015fb0000)]
  0x0000000014a29000 JavaThread "Signal Dispatcher" daemon [_thread_blocked, id=5352, stack(0x0000000015db0000,0x0000000015eb0000)]
  0x000000000226b000 JavaThread "Finalizer" daemon [_thread_blocked, id=5932, stack(0x0000000015cb0000,0x0000000015db0000)]
  0x000000000225f800 JavaThread "Reference Handler" daemon [_thread_blocked, id=5904, stack(0x0000000015bb0000,0x0000000015cb0000)]
  0x0000000002170800 JavaThread "main" [_thread_blocked, id=7820, stack(0x0000000002060000,0x0000000002160000)]

Other Threads:
  0x00000000149f6800 VMThread [stack: 0x0000000015ab0000,0x0000000015bb0000] [id=5468]
  0x00000000162b2800 WatcherThread [stack: 0x00000000167b0000,0x00000000168b0000] [id=8284]

VM state:not at safepoint (normal execution)

VM Mutex/Monitor currently owned by a thread: None

Heap:
 PSYoungGen      total 18944K, used 14922K [0x00000000eab00000, 0x00000000ed000000, 0x0000000100000000)
  eden space 16384K, 75% used [0x00000000eab00000,0x00000000eb715230,0x00000000ebb00000)
  from space 2560K, 99% used [0x00000000ebb00000,0x00000000ebd7d620,0x00000000ebd80000)
  to   space 2560K, 0% used [0x00000000ecd80000,0x00000000ecd80000,0x00000000ed000000)
 ParOldGen       total 44032K, used 737K [0x00000000c0000000, 0x00000000c2b00000, 0x00000000eab00000)
  object space 44032K, 1% used [0x00000000c0000000,0x00000000c00b86c8,0x00000000c2b00000)
 Metaspace       used 5753K, capacity 6896K, committed 7040K, reserved 1056768K
  class space    used 563K, capacity 616K, committed 640K, reserved 1048576K

Card table byte_map: [0x0000000011720000,0x0000000011930000] byte_map_base: 0x0000000011120000

Marking Bits: (ParMarkBitMap*) 0x000000005a3a9d00
 Begin Bits: [0x0000000011e90000, 0x0000000012e90000)
 End Bits:   [0x0000000012e90000, 0x0000000013e90000)

Polling page: 0x0000000000760000

CodeCache: size=245760Kb used=4450Kb max_used=4463Kb free=241309Kb
 bounds [0x0000000002360000, 0x00000000027d0000, 0x0000000011360000]
 total_blobs=1368 nmethods=1106 adapters=176
 compilation: enabled

Compilation events (10 events):
Event: 3.664 Thread 0x0000000014a2b800 nmethod 1015 0x00000000027b44d0 code [0x00000000027b4900, 0x00000000027b8440]
Event: 3.664 Thread 0x0000000014a2b800 1067       4       com.android.dx.rop.code.BasicBlockList$RegCountVisitor::visit (52 bytes)
Event: 3.672 Thread 0x0000000014a2b800 nmethod 1067 0x00000000027a7ed0 code [0x00000000027a8040, 0x00000000027a82f8]
Event: 3.673 Thread 0x0000000014a2b800 1084       4       java.util.ArrayList::toArray (12 bytes)
Event: 3.675 Thread 0x0000000014a2b800 nmethod 1084 0x00000000027a7a90 code [0x00000000027a7be0, 0x00000000027a7db8]
Event: 3.675 Thread 0x0000000014a2b800 1079       4       com.android.dx.ssa.back.LivenessAnalyzer::liveOutAtStatement (61 bytes)
Event: 3.689 Thread 0x0000000014a2d800 nmethod 1090 0x00000000027b0010 code [0x00000000027b01a0, 0x00000000027b0fc8]
Event: 3.706 Thread 0x0000000014a2b800 nmethod 1079 0x00000000027c0d90 code [0x00000000027c0f40, 0x00000000027c1ce8]
Event: 3.812 Thread 0x0000000014a2d800 1117       4       com.android.dx.rop.code.RegisterSpec$ForComparison::hashCode (16 bytes)
Event: 3.812 Thread 0x0000000014a2b800 1118       4       com.android.dx.cf.code.Ropper::labelToResultIndex (47 bytes)

GC Heap History (2 events):
Event: 2.288 GC heap before
{Heap before GC invocations=1 (full 0):
 PSYoungGen      total 18944K, used 16384K [0x00000000eab00000, 0x00000000ec000000, 0x0000000100000000)
  eden space 16384K, 100% used [0x00000000eab00000,0x00000000ebb00000,0x00000000ebb00000)
  from space 2560K, 0% used [0x00000000ebd80000,0x00000000ebd80000,0x00000000ec000000)
  to   space 2560K, 0% used [0x00000000ebb00000,0x00000000ebb00000,0x00000000ebd80000)
 ParOldGen       total 44032K, used 0K [0x00000000c0000000, 0x00000000c2b00000, 0x00000000eab00000)
  object space 44032K, 0% used [0x00000000c0000000,0x00000000c0000000,0x00000000c2b00000)
 Metaspace       used 5345K, capacity 6512K, committed 6784K, reserved 1056768K
  class space    used 558K, capacity 616K, committed 640K, reserved 1048576K
Event: 2.671 GC heap after
Heap after GC invocations=1 (full 0):
 PSYoungGen      total 18944K, used 2549K [0x00000000eab00000, 0x00000000ed000000, 0x0000000100000000)
  eden space 16384K, 0% used [0x00000000eab00000,0x00000000eab00000,0x00000000ebb00000)
  from space 2560K, 99% used [0x00000000ebb00000,0x00000000ebd7d620,0x00000000ebd80000)
  to   space 2560K, 0% used [0x00000000ecd80000,0x00000000ecd80000,0x00000000ed000000)
 ParOldGen       total 44032K, used 737K [0x00000000c0000000, 0x00000000c2b00000, 0x00000000eab00000)
  object space 44032K, 1% used [0x00000000c0000000,0x00000000c00b86c8,0x00000000c2b00000)
 Metaspace       used 5345K, capacity 6512K, committed 6784K, reserved 1056768K
  class space    used 558K, capacity 616K, committed 640K, reserved 1048576K
}

Deoptimization events (7 events):
Event: 0.799 Thread 0x0000000002170800 Uncommon trap: reason=unstable_if action=reinterpret pc=0x00000000024b3890 method=java.lang.String.indexOf(II)I @ 49
Event: 0.847 Thread 0x0000000002170800 Uncommon trap: reason=unstable_if action=reinterpret pc=0x00000000024becd4 method=java.lang.String.compareTo(Ljava/lang/String;)I @ 38
Event: 2.103 Thread 0x000000001656a000 Uncommon trap: reason=unstable_if action=reinterpret pc=0x0000000002575944 method=java.util.HashMap.getNode(ILjava/lang/Object;)Ljava/util/HashMap$Node; @ 62
Event: 3.118 Thread 0x000000001656a000 Uncommon trap: reason=bimorphic action=maybe_recompile pc=0x000000000261f9a8 method=java.util.HashMap.getNode(ILjava/lang/Object;)Ljava/util/HashMap$Node; @ 126
Event: 3.147 Thread 0x0000000002170800 Uncommon trap: reason=unstable_if action=reinterpret pc=0x000000000266d0e4 method=com.android.dx.rop.code.LocalItem.hashCode()I @ 25
Event: 3.147 Thread 0x0000000002170800 Uncommon trap: reason=unstable_if action=reinterpret pc=0x0000000002672cec method=com.android.dx.rop.code.LocalItem.hashCode()I @ 25
Event: 3.159 Thread 0x0000000002170800 Uncommon trap: reason=unstable_if action=reinterpret pc=0x000000000265e99c method=com.android.dx.rop.code.LocalItem.hashCode()I @ 25

Internal exceptions (2 events):
Event: 0.103 Thread 0x0000000002170800 Exception <a 'java/lang/NoSuchMethodError': Method sun.misc.Unsafe.defineClass(Ljava/lang/String;[BII)Ljava/lang/Class; name or signature does not match> (0x00000000eab07cc0) thrown at [C:\src\android\AOSP-openjdk\external\jetbrains\jdk\hotspot\src\share\vC}8¦_Mº?
Event: 0.103 Thread 0x0000000002170800 Exception <a 'java/lang/NoSuchMethodError': Method sun.misc.Unsafe.prefetchRead(Ljava/lang/Object;J)V name or signature does not match> (0x00000000eab07fa8) thrown at [C:\src\android\AOSP-openjdk\external\jetbrains\jdk\hotspot\src\share\vm\prims\jni.cpp, l

Events (10 events):
Event: 3.147 Thread 0x0000000002170800 DEOPT PACKING pc=0x0000000002672cec sp=0x000000000215e540
Event: 3.147 Thread 0x0000000002170800 DEOPT UNPACKING pc=0x00000000023a556a sp=0x000000000215e300 mode 2
Event: 3.159 Thread 0x0000000002170800 Uncommon trap: trap_request=0xffffff65 fr.pc=0x000000000265e99c
Event: 3.159 Thread 0x0000000002170800 DEOPT PACKING pc=0x000000000265e99c sp=0x000000000215e190
Event: 3.159 Thread 0x0000000002170800 DEOPT UNPACKING pc=0x00000000023a556a sp=0x000000000215e0c8 mode 2
Event: 3.193 Executing VM operation: ForceSafepoint
Event: 3.423 Executing VM operation: ForceSafepoint done
Event: 3.458 loading class com/android/dx/cf/code/SwitchList
Event: 3.458 loading class com/android/dx/cf/code/SwitchList done
Event: 3.554 loading class java/util/DualPivotQuicksort


Dynamic libraries:
0x00007ff79c6e0000 - 0x00007ff79c711000 	C:\Program Files\Android\Android Studio\jre\bin\java.exe
0x00007ffec4170000 - 0x00007ffec431d000 	C:\windows\SYSTEM32\ntdll.dll
0x00007ffec0840000 - 0x00007ffec097e000 	C:\windows\system32\KERNEL32.DLL
0x00007ffeb2b30000 - 0x00007ffeb2b63000 	C:\Program Files (x86)\AVG\Av\avghooka.dll
0x00007ffec0250000 - 0x00007ffec0365000 	C:\windows\system32\KERNELBASE.dll
0x00007ffec2b10000 - 0x00007ffec2bba000 	C:\windows\system32\ADVAPI32.dll
0x00007ffec2bc0000 - 0x00007ffec2d37000 	C:\windows\system32\USER32.dll
0x00007ffebe120000 - 0x00007ffebe39b000 	C:\windows\WinSxS\amd64_microsoft.windows.common-controls_6595b64144ccf1df_6.0.9600.18006_none_623f33d3ecbe86e8\COMCTL32.dll
0x00007ffec2440000 - 0x00007ffec24ea000 	C:\windows\system32\msvcrt.dll
0x00007ffec0650000 - 0x00007ffec06a9000 	C:\windows\SYSTEM32\sechost.dll
0x00007ffec0700000 - 0x00007ffec0840000 	C:\windows\system32\RPCRT4.dll
0x00007ffec0500000 - 0x00007ffec064f000 	C:\windows\system32\GDI32.dll
0x00007ffec04d0000 - 0x00007ffec04fe000 	C:\windows\system32\SspiCli.dll
0x00007ffec06b0000 - 0x00007ffec06e6000 	C:\windows\system32\IMM32.DLL
0x00007ffec24f0000 - 0x00007ffec2642000 	C:\windows\system32\MSCTF.dll
0x0000000059a30000 - 0x0000000059b02000 	C:\Program Files\Android\Android Studio\jre\jre\bin\msvcr100.dll
0x0000000059bf0000 - 0x000000005a424000 	C:\Program Files\Android\Android Studio\jre\jre\bin\server\jvm.dll
0x00007ffeb83e0000 - 0x00007ffeb83e9000 	C:\windows\SYSTEM32\WSOCK32.dll
0x00007ffeb3050000 - 0x00007ffeb3072000 	C:\windows\SYSTEM32\WINMM.dll
0x00007ffeb95f0000 - 0x00007ffeb95fa000 	C:\windows\SYSTEM32\VERSION.dll
0x00007ffec2e70000 - 0x00007ffec2e77000 	C:\windows\system32\PSAPI.DLL
0x00007ffec2e00000 - 0x00007ffec2e5a000 	C:\windows\system32\WS2_32.dll
0x00007ffeb3020000 - 0x00007ffeb304a000 	C:\windows\SYSTEM32\WINMMBASE.dll
0x00007ffec06f0000 - 0x00007ffec06f9000 	C:\windows\system32\NSI.dll
0x00007ffec0480000 - 0x00007ffec04cf000 	C:\windows\SYSTEM32\cfgmgr32.dll
0x00007ffebedf0000 - 0x00007ffebee18000 	C:\windows\SYSTEM32\DEVOBJ.dll
0x00007ffebad80000 - 0x00007ffebad8f000 	C:\Program Files\Android\Android Studio\jre\jre\bin\verify.dll
0x00007ffeb53f0000 - 0x00007ffeb5419000 	C:\Program Files\Android\Android Studio\jre\jre\bin\java.dll
0x00007ffeb53d0000 - 0x00007ffeb53e6000 	C:\Program Files\Android\Android Studio\jre\jre\bin\zip.dll
0x00007ffec0cd0000 - 0x00007ffec21f8000 	C:\windows\system32\SHELL32.dll
0x00007ffec2220000 - 0x00007ffec2431000 	C:\windows\SYSTEM32\combase.dll
0x00007ffec2650000 - 0x00007ffec26a4000 	C:\windows\system32\SHLWAPI.dll
0x00007ffebe800000 - 0x00007ffebe8b2000 	C:\windows\SYSTEM32\SHCORE.dll
0x00007ffebffa0000 - 0x00007ffebffb5000 	C:\windows\SYSTEM32\profapi.dll

VM Arguments:
jvm_args: -Djava.awt.headless=true -Xmx1024M -Dfile.encoding=windows-1252 -Duser.country=US -Duser.language=en -Duser.variant 
java_command: com.android.dx.command.Main --dex --force-jumbo --num-threads=4 --multi-dex --output C:\Users\annie_000.TRINHVU-TABLET\Downloads\final-project-aipom\app\build\intermediates\transforms\dex\debug\folders\1000\10\com.android.support-appcompat-v7-24.2.1_72212224e7dfd6acdd3ae21d8ba1a9b2e62224d4 C:\Users\annie_000.TRINHVU-TABLET\Downloads\final-project-aipom\app\build\intermediates\exploded-aar\com.android.support\appcompat-v7\24.2.1\jars\classes.jar
java_class_path (initial): C:\Users\annie_000.TRINHVU-TABLET\AppData\Local\Android\sdk\build-tools\25.0.0\lib\dx.jar
Launcher Type: SUN_STANDARD

Environment Variables:
PATH=C:\windows\system32;C:\windows;C:\windows\System32\Wbem;C:\windows\System32\WindowsPowerShell\v1.0\;C:\Program Files\Git\cmd
USERNAME=annie_000
OS=Windows_NT
PROCESSOR_IDENTIFIER=Intel64 Family 6 Model 69 Stepping 1, GenuineIntel



---------------  S Y S T E M  ---------------

OS: Windows 8.1 , 64 bit Build 9600 (6.3.9600.17415)

CPU:total 4 (2 cores per cpu, 2 threads per core) family 6 model 69 stepping 1, cmov, cx8, fxsr, mmx, sse, sse2, sse3, ssse3, sse4.1, sse4.2, popcnt, avx, avx2, aes, clmul, erms, lzcnt, ht, tsc, tscinvbit, bmi1, bmi2

Memory: 4k page, physical 4112428k(53268k free), swap 7258156k(5096k free)

vm_info: OpenJDK 64-Bit Server VM (25.76-b03) for windows-amd64 JRE (1.8.0_76-release-b03), built on Jun 29 2016 19:09:20 by "ralucas" with MS VC++ 10.0 (VS2010)

time: Tue Nov 01 21:30:14 2016
elapsed time: 3 seconds (0d 0h 0m 3s)

