#
# There is insufficient memory for the Java Runtime Environment to continue.
# Native memory allocation (malloc) failed to allocate 592256 bytes for Chunk::new
# Possible reasons:
#   The system is out of physical RAM or swap space
#   In 32 bit mode, the process size limit was hit
# Possible solutions:
#   Reduce memory load on the system
#   Increase physical memory or swap space
#   Check if swap backing store is full
#   Use 64 bit Java on a 64 bit OS
#   Decrease Java heap size (-Xmx/-Xms)
#   Decrease number of Java threads
#   Decrease Java thread stack sizes (-Xss)
#   Set larger code cache with -XX:ReservedCodeCacheSize=
# This output file may be truncated or incomplete.
#
#  Out of Memory Error (allocation.cpp:390), pid=7592, tid=0x0000000000001304
#
# JRE version: OpenJDK Runtime Environment (8.0_76-b03) (build 1.8.0_76-release-b03)
# Java VM: OpenJDK 64-Bit Server VM (25.76-b03 mixed mode windows-amd64 compressed oops)
# Failed to write core dump. Minidumps are not enabled by default on client versions of Windows
#

---------------  T H R E A D  ---------------

Current thread (0x000000001506b000):  JavaThread "C2 CompilerThread0" daemon [_thread_in_native, id=4868, stack(0x00000000166a0000,0x00000000167a0000)]

Stack: [0x00000000166a0000,0x00000000167a0000]
[error occurred during error reporting (printing stack bounds), id 0xc0000005]

Native frames: (J=compiled Java code, j=interpreted, Vv=VM code, C=native code)


Current CompileTask:
C2:   2541 1155       4       com.android.dx.ssa.SCCP::simulateStmt (481 bytes)


---------------  P R O C E S S  ---------------

Java Threads: ( => current thread )
  0x0000000016bde800 JavaThread "pool-2-thread-4" [_thread_blocked, id=1948, stack(0x00000000173a0000,0x00000000174a0000)]
  0x0000000016bdd800 JavaThread "pool-2-thread-3" [_thread_in_Java, id=3812, stack(0x00000000172a0000,0x00000000173a0000)]
  0x0000000016c92000 JavaThread "pool-2-thread-2" [_thread_in_Java, id=7684, stack(0x00000000171a0000,0x00000000172a0000)]
  0x0000000016c91800 JavaThread "pool-3-thread-1" [_thread_blocked, id=7956, stack(0x00000000170a0000,0x00000000171a0000)]
  0x0000000016c76800 JavaThread "pool-2-thread-1" [_thread_in_Java, id=7064, stack(0x0000000016fa0000,0x00000000170a0000)]
  0x00000000169a2800 JavaThread "Service Thread" daemon [_thread_blocked, id=5808, stack(0x0000000016da0000,0x0000000016ea0000)]
  0x00000000150ca000 JavaThread "C1 CompilerThread2" daemon [_thread_in_native, id=4824, stack(0x00000000168a0000,0x00000000169a0000)]
  0x00000000150c3800 JavaThread "C2 CompilerThread1" daemon [_thread_in_native, id=6316, stack(0x00000000167a0000,0x00000000168a0000)]
=>0x000000001506b000 JavaThread "C2 CompilerThread0" daemon [_thread_in_native, id=4868, stack(0x00000000166a0000,0x00000000167a0000)]
  0x000000001506a000 JavaThread "Attach Listener" daemon [_thread_blocked, id=8036, stack(0x00000000165a0000,0x00000000166a0000)]
  0x0000000015068800 JavaThread "Signal Dispatcher" daemon [_thread_blocked, id=168, stack(0x00000000164a0000,0x00000000165a0000)]
  0x000000000299b000 JavaThread "Finalizer" daemon [_thread_blocked, id=6964, stack(0x00000000162c0000,0x00000000163c0000)]
  0x000000000298f800 JavaThread "Reference Handler" daemon [_thread_blocked, id=7352, stack(0x00000000161c0000,0x00000000162c0000)]
  0x00000000028a0800 JavaThread "main" [_thread_blocked, id=7520, stack(0x00000000026f0000,0x00000000027f0000)]

Other Threads:
  0x0000000015036800 VMThread [stack: 0x00000000160c0000,0x00000000161c0000] [id=5032]
  0x00000000169a4800 WatcherThread [stack: 0x0000000016ea0000,0x0000000016fa0000] [id=5232]

VM state:not at safepoint (normal execution)

VM Mutex/Monitor currently owned by a thread: None

Heap:
 PSYoungGen      total 18944K, used 10117K [0x00000000eab00000, 0x00000000ec000000, 0x0000000100000000)
  eden space 16384K, 46% used [0x00000000eab00000,0x00000000eb262970,0x00000000ebb00000)
  from space 2560K, 99% used [0x00000000ebd80000,0x00000000ebffea90,0x00000000ec000000)
  to   space 2560K, 0% used [0x00000000ebb00000,0x00000000ebb00000,0x00000000ebd80000)
 ParOldGen       total 44032K, used 2821K [0x00000000c0000000, 0x00000000c2b00000, 0x00000000eab00000)
  object space 44032K, 6% used [0x00000000c0000000,0x00000000c02c15e0,0x00000000c2b00000)
 Metaspace       used 5887K, capacity 6960K, committed 7040K, reserved 1056768K
  class space    used 563K, capacity 616K, committed 640K, reserved 1048576K

Card table byte_map: [0x0000000011d60000,0x0000000011f70000] byte_map_base: 0x0000000011760000

Marking Bits: (ParMarkBitMap*) 0x0000000069999d00
 Begin Bits: [0x00000000124d0000, 0x00000000134d0000)
 End Bits:   [0x00000000134d0000, 0x00000000144d0000)

Polling page: 0x0000000000f70000

CodeCache: size=245760Kb used=5341Kb max_used=5341Kb free=240418Kb
 bounds [0x00000000029a0000, 0x0000000002ee0000, 0x00000000119a0000]
 total_blobs=1576 nmethods=1314 adapters=176
 compilation: enabled

Compilation events (10 events):
Event: 2.537 Thread 0x00000000150ca000 1317       3       com.android.dx.ssa.InterferenceRegisterMapper::<init> (22 bytes)
Event: 2.538 Thread 0x00000000150ca000 nmethod 1317 0x0000000002ed6110 code [0x0000000002ed62c0, 0x0000000002ed6808]
Event: 2.538 Thread 0x00000000150ca000 1318       3       java.util.concurrent.locks.AbstractQueuedSynchronizer::compareAndSetState (13 bytes)
Event: 2.538 Thread 0x00000000150ca000 nmethod 1318 0x0000000002ed6ad0 code [0x0000000002ed6c20, 0x0000000002ed6d90]
Event: 2.538 Thread 0x00000000150ca000 1319       3       com.android.dx.rop.code.BasicBlockList::getMutableCopy (9 bytes)
Event: 2.539 Thread 0x00000000150ca000 nmethod 1319 0x0000000002ed6e10 code [0x0000000002ed6f80, 0x0000000002ed71e8]
Event: 2.539 Thread 0x00000000150ca000 1320       3       com.android.dx.rop.code.BasicBlockList::<init> (14 bytes)
Event: 2.539 Thread 0x00000000150ca000 nmethod 1320 0x0000000002ed72d0 code [0x0000000002ed7440, 0x0000000002ed75e8]
Event: 2.539 Thread 0x00000000150ca000 1321       3       java.util.concurrent.locks.ReentrantLock::unlock (10 bytes)
Event: 2.539 Thread 0x00000000150ca000 nmethod 1321 0x0000000002ed76d0 code [0x0000000002ed7860, 0x0000000002ed7c58]

GC Heap History (4 events):
Event: 1.988 GC heap before
{Heap before GC invocations=1 (full 0):
 PSYoungGen      total 18944K, used 16384K [0x00000000eab00000, 0x00000000ec000000, 0x0000000100000000)
  eden space 16384K, 100% used [0x00000000eab00000,0x00000000ebb00000,0x00000000ebb00000)
  from space 2560K, 0% used [0x00000000ebd80000,0x00000000ebd80000,0x00000000ec000000)
  to   space 2560K, 0% used [0x00000000ebb00000,0x00000000ebb00000,0x00000000ebd80000)
 ParOldGen       total 44032K, used 0K [0x00000000c0000000, 0x00000000c2b00000, 0x00000000eab00000)
  object space 44032K, 0% used [0x00000000c0000000,0x00000000c0000000,0x00000000c2b00000)
 Metaspace       used 5387K, capacity 6576K, committed 6784K, reserved 1056768K
  class space    used 554K, capacity 616K, committed 640K, reserved 1048576K
Event: 1.995 GC heap after
Heap after GC invocations=1 (full 0):
 PSYoungGen      total 18944K, used 2544K [0x00000000eab00000, 0x00000000ec000000, 0x0000000100000000)
  eden space 16384K, 0% used [0x00000000eab00000,0x00000000eab00000,0x00000000ebb00000)
  from space 2560K, 99% used [0x00000000ebb00000,0x00000000ebd7c068,0x00000000ebd80000)
  to   space 2560K, 0% used [0x00000000ebd80000,0x00000000ebd80000,0x00000000ec000000)
 ParOldGen       total 44032K, used 816K [0x00000000c0000000, 0x00000000c2b00000, 0x00000000eab00000)
  object space 44032K, 1% used [0x00000000c0000000,0x00000000c00cc240,0x00000000c2b00000)
 Metaspace       used 5387K, capacity 6576K, committed 6784K, reserved 1056768K
  class space    used 554K, capacity 616K, committed 640K, reserved 1048576K
}
Event: 2.405 GC heap before
{Heap before GC invocations=2 (full 0):
 PSYoungGen      total 18944K, used 18928K [0x00000000eab00000, 0x00000000ec000000, 0x0000000100000000)
  eden space 16384K, 100% used [0x00000000eab00000,0x00000000ebb00000,0x00000000ebb00000)
  from space 2560K, 99% used [0x00000000ebb00000,0x00000000ebd7c068,0x00000000ebd80000)
  to   space 2560K, 0% used [0x00000000ebd80000,0x00000000ebd80000,0x00000000ec000000)
 ParOldGen       total 44032K, used 816K [0x00000000c0000000, 0x00000000c2b00000, 0x00000000eab00000)
  object space 44032K, 1% used [0x00000000c0000000,0x00000000c00cc240,0x00000000c2b00000)
 Metaspace       used 5812K, capacity 6896K, committed 7040K, reserved 1056768K
  class space    used 563K, capacity 616K, committed 640K, reserved 1048576K
Event: 2.413 GC heap after
Heap after GC invocations=2 (full 0):
 PSYoungGen      total 18944K, used 2554K [0x00000000eab00000, 0x00000000ec000000, 0x0000000100000000)
  eden space 16384K, 0% used [0x00000000eab00000,0x00000000eab00000,0x00000000ebb00000)
  from space 2560K, 99% used [0x00000000ebd80000,0x00000000ebffea90,0x00000000ec000000)
  to   space 2560K, 0% used [0x00000000ebb00000,0x00000000ebb00000,0x00000000ebd80000)
 ParOldGen       total 44032K, used 2821K [0x00000000c0000000, 0x00000000c2b00000, 0x00000000eab00000)
  object space 44032K, 6% used [0x00000000c0000000,0x00000000c02c15e0,0x00000000c2b00000)
 Metaspace       used 5812K, capacity 6896K, committed 7040K, reserved 1056768K
  class space    used 563K, capacity 616K, committed 640K, reserved 1048576K
}

Deoptimization events (10 events):
Event: 1.494 Thread 0x00000000028a0800 Uncommon trap: reason=unstable_if action=reinterpret pc=0x0000000002af2d54 method=java.lang.String.compareTo(Ljava/lang/String;)I @ 38
Event: 2.168 Thread 0x0000000016c76800 Uncommon trap: reason=unstable_if action=reinterpret pc=0x0000000002cb497c method=com.android.dx.rop.code.RegisterSpec.equals(ILcom/android/dx/rop/type/TypeBearer;Lcom/android/dx/rop/code/LocalItem;)Z @ 16
Event: 2.170 Thread 0x00000000028a0800 Uncommon trap: reason=unstable_if action=reinterpret pc=0x0000000002bc94b0 method=java.util.BitSet.nextSetBit(I)I @ 87
Event: 2.177 Thread 0x00000000028a0800 Uncommon trap: reason=unstable_if action=reinterpret pc=0x0000000002cc1aa8 method=java.util.HashMap.getNode(ILjava/lang/Object;)Ljava/util/HashMap$Node; @ 129
Event: 2.177 Thread 0x00000000028a0800 Uncommon trap: reason=unstable_if action=reinterpret pc=0x0000000002bc3024 method=java.util.HashMap.getNode(ILjava/lang/Object;)Ljava/util/HashMap$Node; @ 129
Event: 2.189 Thread 0x00000000028a0800 Uncommon trap: reason=class_check action=maybe_recompile pc=0x0000000002d34ee8 method=com.android.dx.rop.type.Type.equals(Ljava/lang/Object;)Z @ 8
Event: 2.198 Thread 0x0000000016c76800 Uncommon trap: reason=class_check action=maybe_recompile pc=0x0000000002d34ee8 method=com.android.dx.rop.type.Type.equals(Ljava/lang/Object;)Z @ 8
Event: 2.199 Thread 0x0000000016c76800 Uncommon trap: reason=class_check action=maybe_recompile pc=0x0000000002d34ee8 method=com.android.dx.rop.type.Type.equals(Ljava/lang/Object;)Z @ 8
Event: 2.199 Thread 0x0000000016c76800 Uncommon trap: reason=class_check action=maybe_recompile pc=0x0000000002d34ee8 method=com.android.dx.rop.type.Type.equals(Ljava/lang/Object;)Z @ 8
Event: 2.202 Thread 0x0000000016c76800 Uncommon trap: reason=unstable_if action=reinterpret pc=0x0000000002c057b4 method=java.util.BitSet.ensureCapacity(I)V @ 6

Internal exceptions (2 events):
Event: 0.155 Thread 0x00000000028a0800 Exception <a 'java/lang/NoSuchMethodError': Method sun.misc.Unsafe.defineClass(Ljava/lang/String;[BII)Ljava/lang/Class; name or signature does not match> (0x00000000eab07cc0) thrown at [C:\src\android\AOSP-openjdk\external\jetbrains\jdk\hotspot\src\share\vôRø"”Õ√?
Event: 0.155 Thread 0x00000000028a0800 Exception <a 'java/lang/NoSuchMethodError': Method sun.misc.Unsafe.prefetchRead(Ljava/lang/Object;J)V name or signature does not match> (0x00000000eab07fa8) thrown at [C:\src\android\AOSP-openjdk\external\jetbrains\jdk\hotspot\src\share\vm\prims\jni.cpp, l

Events (10 events):
Event: 2.202 Thread 0x0000000016c76800 DEOPT PACKING pc=0x0000000002c057b4 sp=0x000000001709e8d0
Event: 2.202 Thread 0x0000000016c76800 DEOPT UNPACKING pc=0x00000000029e556a sp=0x000000001709e7b8 mode 2
Event: 2.219 loading class java/util/TreeMap$EntrySet
Event: 2.219 loading class java/util/TreeMap$EntrySet done
Event: 2.219 loading class java/util/TreeMap$EntryIterator
Event: 2.220 loading class java/util/TreeMap$EntryIterator done
Event: 2.247 Executing VM operation: ForceSafepoint
Event: 2.249 Executing VM operation: ForceSafepoint done
Event: 2.400 Executing VM operation: ParallelGCFailedAllocation
Event: 2.413 Executing VM operation: ParallelGCFailedAllocation done


Dynamic libraries:
0x00007ff693f90000 - 0x00007ff693fc1000 	C:\Program Files\Android\Android Studio\jre\bin\java.exe
0x00007ffd52e90000 - 0x00007ffd5303d000 	C:\windows\SYSTEM32\ntdll.dll
0x00007ffd51320000 - 0x00007ffd5145e000 	C:\windows\system32\KERNEL32.DLL
0x00007ffd416a0000 - 0x00007ffd416d3000 	C:\Program Files (x86)\AVG\Av\avghooka.dll
0x00007ffd4f020000 - 0x00007ffd4f135000 	C:\windows\system32\KERNELBASE.dll
0x00007ffd50ea0000 - 0x00007ffd50f4a000 	C:\windows\system32\ADVAPI32.dll
0x00007ffd50b90000 - 0x00007ffd50d07000 	C:\windows\system32\USER32.dll
0x00007ffd4c950000 - 0x00007ffd4cbcb000 	C:\windows\WinSxS\amd64_microsoft.windows.common-controls_6595b64144ccf1df_6.0.9600.18006_none_623f33d3ecbe86e8\COMCTL32.dll
0x00007ffd4f400000 - 0x00007ffd4f4aa000 	C:\windows\system32\msvcrt.dll
0x00007ffd4f5f0000 - 0x00007ffd4f649000 	C:\windows\SYSTEM32\sechost.dll
0x00007ffd4f4b0000 - 0x00007ffd4f5f0000 	C:\windows\system32\RPCRT4.dll
0x00007ffd4f2b0000 - 0x00007ffd4f3ff000 	C:\windows\system32\GDI32.dll
0x00007ffd4f140000 - 0x00007ffd4f16e000 	C:\windows\system32\SspiCli.dll
0x00007ffd512d0000 - 0x00007ffd51306000 	C:\windows\system32\IMM32.DLL
0x00007ffd50f50000 - 0x00007ffd510a2000 	C:\windows\system32\MSCTF.dll
0x0000000069020000 - 0x00000000690f2000 	C:\Program Files\Android\Android Studio\jre\jre\bin\msvcr100.dll
0x00000000691e0000 - 0x0000000069a14000 	C:\Program Files\Android\Android Studio\jre\jre\bin\server\jvm.dll
0x00007ffd408e0000 - 0x00007ffd408e9000 	C:\windows\SYSTEM32\WSOCK32.dll
0x00007ffd41e90000 - 0x00007ffd41eb2000 	C:\windows\SYSTEM32\WINMM.dll
0x00007ffd47840000 - 0x00007ffd4784a000 	C:\windows\SYSTEM32\VERSION.dll
0x00007ffd4f280000 - 0x00007ffd4f287000 	C:\windows\system32\PSAPI.DLL
0x00007ffd50d80000 - 0x00007ffd50dda000 	C:\windows\system32\WS2_32.dll
0x00007ffd41e60000 - 0x00007ffd41e8a000 	C:\windows\SYSTEM32\WINMMBASE.dll
0x00007ffd4f650000 - 0x00007ffd4f659000 	C:\windows\system32\NSI.dll
0x00007ffd4f1d0000 - 0x00007ffd4f21f000 	C:\windows\SYSTEM32\cfgmgr32.dll
0x00007ffd4daf0000 - 0x00007ffd4db18000 	C:\windows\SYSTEM32\DEVOBJ.dll
0x00007ffd49b20000 - 0x00007ffd49b2f000 	C:\Program Files\Android\Android Studio\jre\jre\bin\verify.dll
0x00007ffd41510000 - 0x00007ffd41539000 	C:\Program Files\Android\Android Studio\jre\jre\bin\java.dll
0x00007ffd414f0000 - 0x00007ffd41506000 	C:\Program Files\Android\Android Studio\jre\jre\bin\zip.dll
0x00007ffd4f660000 - 0x00007ffd50b88000 	C:\windows\system32\SHELL32.dll
0x00007ffd510b0000 - 0x00007ffd512c1000 	C:\windows\SYSTEM32\combase.dll
0x00007ffd50d20000 - 0x00007ffd50d74000 	C:\windows\system32\SHLWAPI.dll
0x00007ffd4d260000 - 0x00007ffd4d312000 	C:\windows\SYSTEM32\SHCORE.dll
0x00007ffd4ecc0000 - 0x00007ffd4ecd5000 	C:\windows\SYSTEM32\profapi.dll

VM Arguments:
jvm_args: -Djava.awt.headless=true -Xmx1024M -Dfile.encoding=windows-1252 -Duser.country=US -Duser.language=en -Duser.variant 
java_command: com.android.dx.command.Main --dex --force-jumbo --num-threads=4 --multi-dex --output C:\Users\annie_000.TRINHVU-TABLET\Downloads\final-project-aipom\app\build\intermediates\transforms\dex\debug\folders\1000\10\internal_impl-24.2.1_a52d27927c766e985796b170f5a6565acced3511 C:\Users\annie_000.TRINHVU-TABLET\Downloads\final-project-aipom\app\build\intermediates\exploded-aar\com.android.support\support-compat\24.2.1\jars\libs\internal_impl-24.2.1.jar
java_class_path (initial): C:\Users\annie_000.TRINHVU-TABLET\AppData\Local\Android\sdk\build-tools\25.0.0\lib\dx.jar
Launcher Type: SUN_STANDARD

Environment Variables:
PATH=C:\windows\system32;C:\windows;C:\windows\System32\Wbem;C:\windows\System32\WindowsPowerShell\v1.0\;C:\Program Files\Git\cmd
USERNAME=annie_000
OS=Windows_NT
PROCESSOR_IDENTIFIER=Intel64 Family 6 Model 69 Stepping 1, GenuineIntel



---------------  S Y S T E M  ---------------

OS: Windows 8.1 , 64 bit Build 9600 (6.3.9600.17415)

CPU:total 4 (2 cores per cpu, 2 threads per core) family 6 model 69 stepping 1, cmov, cx8, fxsr, mmx, sse, sse2, sse3, ssse3, sse4.1, sse4.2, popcnt, avx, avx2, aes, clmul, erms, lzcnt, ht, tsc, tscinvbit, bmi1, bmi2

Memory: 4k page, physical 4112428k(258076k free), swap 7258156k(5540k free)

vm_info: OpenJDK 64-Bit Server VM (25.76-b03) for windows-amd64 JRE (1.8.0_76-release-b03), built on Jun 29 2016 19:09:20 by "ralucas" with MS VC++ 10.0 (VS2010)

time: Thu Nov 03 20:28:13 2016
elapsed time: 2 seconds (0d 0h 0m 2s)

