#
# There is insufficient memory for the Java Runtime Environment to continue.
# Native memory allocation (malloc) failed to allocate 524816 bytes for Chunk::new
# Possible reasons:
#   The system is out of physical RAM or swap space
#   In 32 bit mode, the process size limit was hit
# Possible solutions:
#   Reduce memory load on the system
#   Increase physical memory or swap space
#   Check if swap backing store is full
#   Use 64 bit Java on a 64 bit OS
#   Decrease Java heap size (-Xmx/-Xms)
#   Decrease number of Java threads
#   Decrease Java thread stack sizes (-Xss)
#   Set larger code cache with -XX:ReservedCodeCacheSize=
# This output file may be truncated or incomplete.
#
#  Out of Memory Error (allocation.cpp:390), pid=4080, tid=0x00000000000019e4
#
# JRE version: OpenJDK Runtime Environment (8.0_76-b03) (build 1.8.0_76-release-b03)
# Java VM: OpenJDK 64-Bit Server VM (25.76-b03 mixed mode windows-amd64 compressed oops)
# Failed to write core dump. Minidumps are not enabled by default on client versions of Windows
#

---------------  T H R E A D  ---------------

Current thread (0x0000000014a23000):  JavaThread "C2 CompilerThread1" daemon [_thread_in_native, id=6628, stack(0x0000000016100000,0x0000000016200000)]

Stack: [0x0000000016100000,0x0000000016200000]
[error occurred during error reporting (printing stack bounds), id 0xc0000005]

Native frames: (J=compiled Java code, j=interpreted, Vv=VM code, C=native code)


Current CompileTask:
C2:   5907 1702 %     4       com.android.dx.ssa.Dominators::run @ 89 (506 bytes)


---------------  P R O C E S S  ---------------

Java Threads: ( => current thread )
  0x000000001657f800 JavaThread "pool-2-thread-4" [_thread_blocked, id=1420, stack(0x0000000016d00000,0x0000000016e00000)]
  0x000000001657b000 JavaThread "pool-2-thread-3" [_thread_blocked, id=5084, stack(0x0000000016c00000,0x0000000016d00000)]
  0x000000001653c000 JavaThread "pool-2-thread-2" [_thread_in_Java, id=4668, stack(0x0000000016b00000,0x0000000016c00000)]
  0x000000001653a000 JavaThread "pool-3-thread-1" [_thread_blocked, id=1876, stack(0x0000000016a00000,0x0000000016b00000)]
  0x00000000164d2000 JavaThread "pool-2-thread-1" [_thread_blocked, id=7664, stack(0x0000000016900000,0x0000000016a00000)]
  0x0000000016302000 JavaThread "Service Thread" daemon [_thread_blocked, id=6324, stack(0x0000000016700000,0x0000000016800000)]
  0x0000000014a26000 JavaThread "C1 CompilerThread2" daemon [_thread_blocked, id=5208, stack(0x0000000016200000,0x0000000016300000)]
=>0x0000000014a23000 JavaThread "C2 CompilerThread1" daemon [_thread_in_native, id=6628, stack(0x0000000016100000,0x0000000016200000)]
  0x00000000149cb000 JavaThread "C2 CompilerThread0" daemon [_thread_in_native, id=7460, stack(0x0000000016000000,0x0000000016100000)]
  0x00000000149c9800 JavaThread "Attach Listener" daemon [_thread_blocked, id=4336, stack(0x0000000015f00000,0x0000000016000000)]
  0x00000000149c8800 JavaThread "Signal Dispatcher" daemon [_thread_blocked, id=6532, stack(0x0000000015e00000,0x0000000015f00000)]
  0x00000000022fb000 JavaThread "Finalizer" daemon [_thread_blocked, id=1156, stack(0x0000000015c20000,0x0000000015d20000)]
  0x00000000022ef800 JavaThread "Reference Handler" daemon [_thread_blocked, id=5168, stack(0x0000000015b20000,0x0000000015c20000)]
  0x0000000002200800 JavaThread "main" [_thread_blocked, id=8080, stack(0x0000000002100000,0x0000000002200000)]

Other Threads:
  0x0000000014996800 VMThread [stack: 0x0000000015a20000,0x0000000015b20000] [id=7384]
  0x0000000016304000 WatcherThread [stack: 0x0000000016800000,0x0000000016900000] [id=3160]

VM state:not at safepoint (normal execution)

VM Mutex/Monitor currently owned by a thread:  ([mutex/lock_event])
[0x00000000020cc470] Heap_lock - owner thread: 0x00000000164d2000

Heap:
 PSYoungGen      total 35328K, used 2542K [0x00000000eab00000, 0x00000000ef000000, 0x0000000100000000)
  eden space 32768K, 0% used [0x00000000eab00000,0x00000000eab00018,0x00000000ecb00000)
  from space 2560K, 99% used [0x00000000ecd80000,0x00000000ecffbb10,0x00000000ed000000)
  to   space 2560K, 0% used [0x00000000ecb00000,0x00000000ecb00000,0x00000000ecd80000)
 ParOldGen       total 44032K, used 14495K [0x00000000c0000000, 0x00000000c2b00000, 0x00000000eab00000)
  object space 44032K, 32% used [0x00000000c0000000,0x00000000c0e27ff8,0x00000000c2b00000)
 Metaspace       used 6221K, capacity 7090K, committed 7296K, reserved 1056768K
  class space    used 592K, capacity 618K, committed 640K, reserved 1048576K

Card table byte_map: [0x00000000116c0000,0x00000000118d0000] byte_map_base: 0x00000000110c0000

Marking Bits: (ParMarkBitMap*) 0x0000000069999d00
 Begin Bits: [0x0000000011e30000, 0x0000000012e30000)
 End Bits:   [0x0000000012e30000, 0x0000000013e30000)

Polling page: 0x0000000000870000

CodeCache: size=245760Kb used=7715Kb max_used=7739Kb free=238044Kb
 bounds [0x0000000002300000, 0x0000000002aa0000, 0x0000000011300000]
 total_blobs=1962 nmethods=1694 adapters=182
 compilation: enabled

Compilation events (10 events):
Event: 5.736 Thread 0x0000000014a26000 1722       2       com.android.dx.cf.code.SwitchList::add (35 bytes)
Event: 5.736 Thread 0x0000000014a26000 nmethod 1722 0x0000000002a444d0 code [0x0000000002a44660, 0x0000000002a44998]
Event: 5.740 Thread 0x0000000014a26000 1723       2       java.util.Collections$UnmodifiableList::get (11 bytes)
Event: 5.740 Thread 0x0000000014a26000 nmethod 1723 0x0000000002a42b50 code [0x0000000002a42cc0, 0x0000000002a42e48]
Event: 5.743 Thread 0x0000000014a26000 1724       2       com.android.dx.rop.code.Rops::opAnd (21 bytes)
Event: 5.743 Thread 0x0000000014a26000 nmethod 1724 0x00000000029f5290 code [0x00000000029f5400, 0x00000000029f55a8]
Event: 5.746 Thread 0x0000000014a26000 1725       2       com.android.dx.rop.cst.CstLiteral32::getLongBits (6 bytes)
Event: 5.747 Thread 0x0000000014a26000 nmethod 1725 0x0000000002a71d10 code [0x0000000002a71e60, 0x0000000002a71fb0]
Event: 5.867 Thread 0x00000000149cb000 nmethod 1693 0x0000000002a8afd0 code [0x0000000002a8b3c0, 0x0000000002a8e478]
Event: 5.867 Thread 0x00000000149cb000 1712       4       com.android.dx.ssa.SCCP::simulateBranch (666 bytes)

GC Heap History (8 events):
Event: 1.361 GC heap before
{Heap before GC invocations=1 (full 0):
 PSYoungGen      total 18944K, used 16384K [0x00000000eab00000, 0x00000000ec000000, 0x0000000100000000)
  eden space 16384K, 100% used [0x00000000eab00000,0x00000000ebb00000,0x00000000ebb00000)
  from space 2560K, 0% used [0x00000000ebd80000,0x00000000ebd80000,0x00000000ec000000)
  to   space 2560K, 0% used [0x00000000ebb00000,0x00000000ebb00000,0x00000000ebd80000)
 ParOldGen       total 44032K, used 0K [0x00000000c0000000, 0x00000000c2b00000, 0x00000000eab00000)
  object space 44032K, 0% used [0x00000000c0000000,0x00000000c0000000,0x00000000c2b00000)
 Metaspace       used 5718K, capacity 6704K, committed 6784K, reserved 1056768K
  class space    used 574K, capacity 616K, committed 640K, reserved 1048576K
Event: 1.375 GC heap after
Heap after GC invocations=1 (full 0):
 PSYoungGen      total 18944K, used 2551K [0x00000000eab00000, 0x00000000ed000000, 0x0000000100000000)
  eden space 16384K, 0% used [0x00000000eab00000,0x00000000eab00000,0x00000000ebb00000)
  from space 2560K, 99% used [0x00000000ebb00000,0x00000000ebd7dc78,0x00000000ebd80000)
  to   space 2560K, 0% used [0x00000000ecd80000,0x00000000ecd80000,0x00000000ed000000)
 ParOldGen       total 44032K, used 1692K [0x00000000c0000000, 0x00000000c2b00000, 0x00000000eab00000)
  object space 44032K, 3% used [0x00000000c0000000,0x00000000c01a72c8,0x00000000c2b00000)
 Metaspace       used 5718K, capacity 6704K, committed 6784K, reserved 1056768K
  class space    used 574K, capacity 616K, committed 640K, reserved 1048576K
}
Event: 2.397 GC heap before
{Heap before GC invocations=2 (full 0):
 PSYoungGen      total 18944K, used 18935K [0x00000000eab00000, 0x00000000ed000000, 0x0000000100000000)
  eden space 16384K, 100% used [0x00000000eab00000,0x00000000ebb00000,0x00000000ebb00000)
  from space 2560K, 99% used [0x00000000ebb00000,0x00000000ebd7dc78,0x00000000ebd80000)
  to   space 2560K, 0% used [0x00000000ecd80000,0x00000000ecd80000,0x00000000ed000000)
 ParOldGen       total 44032K, used 1692K [0x00000000c0000000, 0x00000000c2b00000, 0x00000000eab00000)
  object space 44032K, 3% used [0x00000000c0000000,0x00000000c01a72c8,0x00000000c2b00000)
 Metaspace       used 5950K, capacity 6960K, committed 7040K, reserved 1056768K
  class space    used 574K, capacity 616K, committed 640K, reserved 1048576K
Event: 2.502 GC heap after
Heap after GC invocations=2 (full 0):
 PSYoungGen      total 35328K, used 2546K [0x00000000eab00000, 0x00000000ed000000, 0x0000000100000000)
  eden space 32768K, 0% used [0x00000000eab00000,0x00000000eab00000,0x00000000ecb00000)
  from space 2560K, 99% used [0x00000000ecd80000,0x00000000ecffcb18,0x00000000ed000000)
  to   space 2560K, 0% used [0x00000000ecb00000,0x00000000ecb00000,0x00000000ecd80000)
 ParOldGen       total 44032K, used 3993K [0x00000000c0000000, 0x00000000c2b00000, 0x00000000eab00000)
  object space 44032K, 9% used [0x00000000c0000000,0x00000000c03e6708,0x00000000c2b00000)
 Metaspace       used 5950K, capacity 6960K, committed 7040K, reserved 1056768K
  class space    used 574K, capacity 616K, committed 640K, reserved 1048576K
}
Event: 4.312 GC heap before
{Heap before GC invocations=3 (full 0):
 PSYoungGen      total 35328K, used 35314K [0x00000000eab00000, 0x00000000ed000000, 0x0000000100000000)
  eden space 32768K, 100% used [0x00000000eab00000,0x00000000ecb00000,0x00000000ecb00000)
  from space 2560K, 99% used [0x00000000ecd80000,0x00000000ecffcb18,0x00000000ed000000)
  to   space 2560K, 0% used [0x00000000ecb00000,0x00000000ecb00000,0x00000000ecd80000)
 ParOldGen       total 44032K, used 3993K [0x00000000c0000000, 0x00000000c2b00000, 0x00000000eab00000)
  object space 44032K, 9% used [0x00000000c0000000,0x00000000c03e6708,0x00000000c2b00000)
 Metaspace       used 6120K, capacity 7088K, committed 7296K, reserved 1056768K
  class space    used 574K, capacity 616K, committed 640K, reserved 1048576K
Event: 4.430 GC heap after
Heap after GC invocations=3 (full 0):
 PSYoungGen      total 35328K, used 2548K [0x00000000eab00000, 0x00000000ed000000, 0x0000000100000000)
  eden space 32768K, 0% used [0x00000000eab00000,0x00000000eab00000,0x00000000ecb00000)
  from space 2560K, 99% used [0x00000000ecb00000,0x00000000ecd7d2e0,0x00000000ecd80000)
  to   space 2560K, 0% used [0x00000000ecd80000,0x00000000ecd80000,0x00000000ed000000)
 ParOldGen       total 44032K, used 9432K [0x00000000c0000000, 0x00000000c2b00000, 0x00000000eab00000)
  object space 44032K, 21% used [0x00000000c0000000,0x00000000c0936018,0x00000000c2b00000)
 Metaspace       used 6120K, capacity 7088K, committed 7296K, reserved 1056768K
  class space    used 574K, capacity 616K, committed 640K, reserved 1048576K
}
Event: 5.752 GC heap before
{Heap before GC invocations=4 (full 0):
 PSYoungGen      total 35328K, used 35316K [0x00000000eab00000, 0x00000000ed000000, 0x0000000100000000)
  eden space 32768K, 100% used [0x00000000eab00000,0x00000000ecb00000,0x00000000ecb00000)
  from space 2560K, 99% used [0x00000000ecb00000,0x00000000ecd7d2e0,0x00000000ecd80000)
  to   space 2560K, 0% used [0x00000000ecd80000,0x00000000ecd80000,0x00000000ed000000)
 ParOldGen       total 44032K, used 9432K [0x00000000c0000000, 0x00000000c2b00000, 0x00000000eab00000)
  object space 44032K, 21% used [0x00000000c0000000,0x00000000c0936018,0x00000000c2b00000)
 Metaspace       used 6221K, capacity 7090K, committed 7296K, reserved 1056768K
  class space    used 592K, capacity 618K, committed 640K, reserved 1048576K
Event: 5.860 GC heap after
Heap after GC invocations=4 (full 0):
 PSYoungGen      total 35328K, used 2542K [0x00000000eab00000, 0x00000000ef000000, 0x0000000100000000)
  eden space 32768K, 0% used [0x00000000eab00000,0x00000000eab00000,0x00000000ecb00000)
  from space 2560K, 99% used [0x00000000ecd80000,0x00000000ecffbb10,0x00000000ed000000)
  to   space 2560K, 0% used [0x00000000ecb00000,0x00000000ecb00000,0x00000000ecd80000)
 ParOldGen       total 44032K, used 14495K [0x00000000c0000000, 0x00000000c2b00000, 0x00000000eab00000)
  object space 44032K, 32% used [0x00000000c0000000,0x00000000c0e27ff8,0x00000000c2b00000)
 Metaspace       used 6221K, capacity 7090K, committed 7296K, reserved 1056768K
  class space    used 592K, capacity 618K, committed 640K, reserved 1048576K
}

Deoptimization events (10 events):
Event: 5.194 Thread 0x000000001657b000 Uncommon trap: reason=unstable_if action=reinterpret pc=0x000000000256db20 method=java.util.HashMap.getNode(ILjava/lang/Object;)Ljava/util/HashMap$Node; @ 84
Event: 5.197 Thread 0x000000001657b000 Uncommon trap: reason=bimorphic action=maybe_recompile pc=0x0000000002513d20 method=java.util.HashMap.getNode(ILjava/lang/Object;)Ljava/util/HashMap$Node; @ 126
Event: 5.197 Thread 0x000000001657b000 Uncommon trap: reason=class_check action=maybe_recompile pc=0x000000000274b094 method=java.util.HashMap.putVal(ILjava/lang/Object;Ljava/lang/Object;ZZ)Ljava/lang/Object; @ 203
Event: 5.198 Thread 0x000000001657b000 Uncommon trap: reason=unstable_if action=reinterpret pc=0x0000000002513d04 method=java.util.HashMap.getNode(ILjava/lang/Object;)Ljava/util/HashMap$Node; @ 84
Event: 5.681 Thread 0x0000000002200800 Uncommon trap: reason=unstable_if action=reinterpret pc=0x000000000274abf4 method=java.util.HashMap.putVal(ILjava/lang/Object;Ljava/lang/Object;ZZ)Ljava/lang/Object; @ 162
Event: 5.687 Thread 0x0000000002200800 Uncommon trap: reason=bimorphic action=maybe_recompile pc=0x0000000002995848 method=com.android.dx.cf.code.BytecodeArray.parseInstruction(ILcom/android/dx/cf/code/BytecodeArray$Visitor;)I @ 971
Event: 5.687 Thread 0x0000000002200800 Uncommon trap: reason=bimorphic action=maybe_recompile pc=0x0000000002995684 method=com.android.dx.cf.code.BytecodeArray.parseInstruction(ILcom/android/dx/cf/code/BytecodeArray$Visitor;)I @ 907
Event: 5.687 Thread 0x0000000002200800 Uncommon trap: reason=bimorphic action=maybe_recompile pc=0x0000000002995b24 method=com.android.dx.cf.code.BytecodeArray.parseInstruction(ILcom/android/dx/cf/code/BytecodeArray$Visitor;)I @ 1130
Event: 5.687 Thread 0x0000000002200800 Uncommon trap: reason=bimorphic action=maybe_recompile pc=0x0000000002995b24 method=com.android.dx.cf.code.BytecodeArray.parseInstruction(ILcom/android/dx/cf/code/BytecodeArray$Visitor;)I @ 1130
Event: 5.687 Thread 0x0000000002200800 Uncommon trap: reason=unstable_if action=reinterpret pc=0x0000000002878aac method=com.android.dx.cf.code.RopperMachine.run(Lcom/android/dx/cf/code/Frame;II)V @ 1500

Internal exceptions (6 events):
Event: 0.303 Thread 0x0000000002200800 Exception <a 'java/lang/NoSuchMethodError': Method sun.misc.Unsafe.defineClass(Ljava/lang/String;[BII)Ljava/lang/Class; name or signature does not match> (0x00000000eab07cc0) thrown at [C:\src\android\AOSP-openjdk\external\jetbrains\jdk\hotspot\src\share\vÚæA›?_Ó?
Event: 0.303 Thread 0x0000000002200800 Exception <a 'java/lang/NoSuchMethodError': Method sun.misc.Unsafe.prefetchRead(Ljava/lang/Object;J)V name or signature does not match> (0x00000000eab07fa8) thrown at [C:\src\android\AOSP-openjdk\external\jetbrains\jdk\hotspot\src\share\vm\prims\jni.cpp, lÊLAÀ$ö?
Event: 1.384 Thread 0x00000000164d2000 Implicit null exception at 0x00000000025ef6e2 to 0x00000000025ef7da
Event: 5.192 Thread 0x000000001657b000 Exception <a 'java/lang/ArrayIndexOutOfBoundsException': 18> (0x00000000ec16ff90) thrown at [C:\src\android\AOSP-openjdk\external\jetbrains\jdk\hotspot\src\share\vm\interpreter\interpreterRuntime.cpp, line 366]
Event: 5.192 Thread 0x000000001657b000 Exception <a 'java/lang/ArrayIndexOutOfBoundsException'> (0x00000000ec171b10) thrown at [C:\src\android\AOSP-openjdk\external\jetbrains\jdk\hotspot\src\share\vm\runtime\sharedRuntime.cpp, line 605]
Event: 5.193 Thread 0x000000001657b000 Exception <a 'java/lang/ArrayIndexOutOfBoundsException'> (0x00000000ec172df8) thrown at [C:\src\android\AOSP-openjdk\external\jetbrains\jdk\hotspot\src\share\vm\runtime\sharedRuntime.cpp, line 605]

Events (10 events):
Event: 5.687 Thread 0x0000000002200800 DEOPT PACKING pc=0x0000000002995b24 sp=0x00000000021fe300
Event: 5.687 Thread 0x0000000002200800 DEOPT UNPACKING pc=0x000000000234556a sp=0x00000000021fe288 mode 2
Event: 5.687 Thread 0x0000000002200800 Uncommon trap: trap_request=0xffffffc6 fr.pc=0x0000000002995b24
Event: 5.687 Thread 0x0000000002200800 DEOPT PACKING pc=0x0000000002995b24 sp=0x00000000021fe300
Event: 5.687 Thread 0x0000000002200800 DEOPT UNPACKING pc=0x000000000234556a sp=0x00000000021fe288 mode 2
Event: 5.687 Thread 0x0000000002200800 Uncommon trap: trap_request=0xffffff65 fr.pc=0x0000000002878aac
Event: 5.687 Thread 0x0000000002200800 DEOPT PACKING pc=0x0000000002878aac sp=0x00000000021fe020
Event: 5.687 Thread 0x0000000002200800 DEOPT UNPACKING pc=0x000000000234556a sp=0x00000000021fe008 mode 2
Event: 5.752 Executing VM operation: ParallelGCFailedAllocation
Event: 5.860 Executing VM operation: ParallelGCFailedAllocation done


Dynamic libraries:
0x00007ff665610000 - 0x00007ff665641000 	C:\Program Files\Android\Android Studio\jre\bin\java.exe
0x00007ffd52e90000 - 0x00007ffd5303d000 	C:\windows\SYSTEM32\ntdll.dll
0x00007ffd51320000 - 0x00007ffd5145e000 	C:\windows\system32\KERNEL32.DLL
0x00007ffd416a0000 - 0x00007ffd416d3000 	C:\Program Files (x86)\AVG\Av\avghooka.dll
0x00007ffd4f020000 - 0x00007ffd4f135000 	C:\windows\system32\KERNELBASE.dll
0x00007ffd50ea0000 - 0x00007ffd50f4a000 	C:\windows\system32\ADVAPI32.dll
0x00007ffd50b90000 - 0x00007ffd50d07000 	C:\windows\system32\USER32.dll
0x00007ffd4c950000 - 0x00007ffd4cbcb000 	C:\windows\WinSxS\amd64_microsoft.windows.common-controls_6595b64144ccf1df_6.0.9600.18006_none_623f33d3ecbe86e8\COMCTL32.dll
0x00007ffd4f400000 - 0x00007ffd4f4aa000 	C:\windows\system32\msvcrt.dll
0x00007ffd4f5f0000 - 0x00007ffd4f649000 	C:\windows\SYSTEM32\sechost.dll
0x00007ffd4f4b0000 - 0x00007ffd4f5f0000 	C:\windows\system32\RPCRT4.dll
0x00007ffd4f2b0000 - 0x00007ffd4f3ff000 	C:\windows\system32\GDI32.dll
0x00007ffd4f140000 - 0x00007ffd4f16e000 	C:\windows\system32\SspiCli.dll
0x00007ffd512d0000 - 0x00007ffd51306000 	C:\windows\system32\IMM32.DLL
0x00007ffd50f50000 - 0x00007ffd510a2000 	C:\windows\system32\MSCTF.dll
0x0000000069020000 - 0x00000000690f2000 	C:\Program Files\Android\Android Studio\jre\jre\bin\msvcr100.dll
0x00000000691e0000 - 0x0000000069a14000 	C:\Program Files\Android\Android Studio\jre\jre\bin\server\jvm.dll
0x00007ffd408e0000 - 0x00007ffd408e9000 	C:\windows\SYSTEM32\WSOCK32.dll
0x00007ffd41e90000 - 0x00007ffd41eb2000 	C:\windows\SYSTEM32\WINMM.dll
0x00007ffd47840000 - 0x00007ffd4784a000 	C:\windows\SYSTEM32\VERSION.dll
0x00007ffd4f280000 - 0x00007ffd4f287000 	C:\windows\system32\PSAPI.DLL
0x00007ffd50d80000 - 0x00007ffd50dda000 	C:\windows\system32\WS2_32.dll
0x00007ffd41e60000 - 0x00007ffd41e8a000 	C:\windows\SYSTEM32\WINMMBASE.dll
0x00007ffd4f650000 - 0x00007ffd4f659000 	C:\windows\system32\NSI.dll
0x00007ffd4f1d0000 - 0x00007ffd4f21f000 	C:\windows\SYSTEM32\cfgmgr32.dll
0x00007ffd4daf0000 - 0x00007ffd4db18000 	C:\windows\SYSTEM32\DEVOBJ.dll
0x00007ffd49b00000 - 0x00007ffd49b0f000 	C:\Program Files\Android\Android Studio\jre\jre\bin\verify.dll
0x00007ffd41410000 - 0x00007ffd41439000 	C:\Program Files\Android\Android Studio\jre\jre\bin\java.dll
0x00007ffd41500000 - 0x00007ffd41516000 	C:\Program Files\Android\Android Studio\jre\jre\bin\zip.dll
0x00007ffd4f660000 - 0x00007ffd50b88000 	C:\windows\system32\SHELL32.dll
0x00007ffd510b0000 - 0x00007ffd512c1000 	C:\windows\SYSTEM32\combase.dll
0x00007ffd50d20000 - 0x00007ffd50d74000 	C:\windows\system32\SHLWAPI.dll
0x00007ffd4d260000 - 0x00007ffd4d312000 	C:\windows\SYSTEM32\SHCORE.dll
0x00007ffd4ecc0000 - 0x00007ffd4ecd5000 	C:\windows\SYSTEM32\profapi.dll

VM Arguments:
jvm_args: -Djava.awt.headless=true -Xmx1024M -Dfile.encoding=windows-1252 -Duser.country=US -Duser.language=en -Duser.variant 
java_command: com.android.dx.command.Main --dex --force-jumbo --num-threads=4 --multi-dex --output C:\Users\annie_000.TRINHVU-TABLET\Downloads\final-project-aipom\app\build\intermediates\transforms\dex\debug\folders\1000\10\jackson-core-2.1.3_52f6f695e32628d0dedf386a3ce246afdad346bd C:\Users\annie_000.TRINHVU-TABLET\.gradle\caches\modules-2\files-2.1\com.fasterxml.jackson.core\jackson-core\2.1.3\f6c3aed1cdfa21b5c1737c915186ea93a95a58bd\jackson-core-2.1.3.jar
java_class_path (initial): C:\Users\annie_000.TRINHVU-TABLET\AppData\Local\Android\sdk\build-tools\25.0.0\lib\dx.jar
Launcher Type: SUN_STANDARD

Environment Variables:
PATH=C:\windows\system32;C:\windows;C:\windows\System32\Wbem;C:\windows\System32\WindowsPowerShell\v1.0\;C:\Program Files\Git\cmd
USERNAME=annie_000
OS=Windows_NT
PROCESSOR_IDENTIFIER=Intel64 Family 6 Model 69 Stepping 1, GenuineIntel



---------------  S Y S T E M  ---------------

OS: Windows 8.1 , 64 bit Build 9600 (6.3.9600.17415)

CPU:total 4 (2 cores per cpu, 2 threads per core) family 6 model 69 stepping 1, cmov, cx8, fxsr, mmx, sse, sse2, sse3, ssse3, sse4.1, sse4.2, popcnt, avx, avx2, aes, clmul, erms, lzcnt, ht, tsc, tscinvbit, bmi1, bmi2

Memory: 4k page, physical 4112428k(256780k free), swap 7258156k(4872k free)

vm_info: OpenJDK 64-Bit Server VM (25.76-b03) for windows-amd64 JRE (1.8.0_76-release-b03), built on Jun 29 2016 19:09:20 by "ralucas" with MS VC++ 10.0 (VS2010)

time: Mon Nov 07 12:14:49 2016
elapsed time: 5 seconds (0d 0h 0m 5s)

