#
# There is insufficient memory for the Java Runtime Environment to continue.
# Native memory allocation (malloc) failed to allocate 32744 bytes for ChunkPool::allocate
# Possible reasons:
#   The system is out of physical RAM or swap space
#   In 32 bit mode, the process size limit was hit
# Possible solutions:
#   Reduce memory load on the system
#   Increase physical memory or swap space
#   Check if swap backing store is full
#   Use 64 bit Java on a 64 bit OS
#   Decrease Java heap size (-Xmx/-Xms)
#   Decrease number of Java threads
#   Decrease Java thread stack sizes (-Xss)
#   Set larger code cache with -XX:ReservedCodeCacheSize=
# This output file may be truncated or incomplete.
#
#  Out of Memory Error (allocation.cpp:273), pid=2532, tid=0x00000000000000b8
#
# JRE version: OpenJDK Runtime Environment (8.0_76-b03) (build 1.8.0_76-release-b03)
# Java VM: OpenJDK 64-Bit Server VM (25.76-b03 mixed mode windows-amd64 compressed oops)
# Failed to write core dump. Minidumps are not enabled by default on client versions of Windows
#

---------------  T H R E A D  ---------------

Current thread (0x0000000014b29800):  JavaThread "C1 CompilerThread2" daemon [_thread_in_native, id=184, stack(0x0000000016220000,0x0000000016320000)]

Stack: [0x0000000016220000,0x0000000016320000]
[error occurred during error reporting (printing stack bounds), id 0xc0000005]

Native frames: (J=compiled Java code, j=interpreted, Vv=VM code, C=native code)


Current CompileTask:
C1:   2000   85       3       sun.nio.cs.UTF_8$Decoder::decode (779 bytes)


---------------  P R O C E S S  ---------------

Java Threads: ( => current thread )
  0x0000000016323800 JavaThread "Service Thread" daemon [_thread_blocked, id=8740, stack(0x0000000016720000,0x0000000016820000)]
=>0x0000000014b29800 JavaThread "C1 CompilerThread2" daemon [_thread_in_native, id=184, stack(0x0000000016220000,0x0000000016320000)]
  0x0000000014b27000 JavaThread "C2 CompilerThread1" daemon [_thread_blocked, id=1472, stack(0x0000000016120000,0x0000000016220000)]
  0x0000000014acb000 JavaThread "C2 CompilerThread0" daemon [_thread_blocked, id=7020, stack(0x0000000016020000,0x0000000016120000)]
  0x0000000014aca000 JavaThread "Attach Listener" daemon [_thread_blocked, id=6376, stack(0x0000000015f20000,0x0000000016020000)]
  0x0000000014ac9000 JavaThread "Signal Dispatcher" daemon [_thread_blocked, id=8312, stack(0x0000000015e20000,0x0000000015f20000)]
  0x00000000023f5000 JavaThread "Finalizer" daemon [_thread_blocked, id=4296, stack(0x0000000015d20000,0x0000000015e20000)]
  0x00000000023ef800 JavaThread "Reference Handler" daemon [_thread_blocked, id=1608, stack(0x0000000015c20000,0x0000000015d20000)]
  0x0000000002300800 JavaThread "main" [_thread_in_vm, id=32, stack(0x0000000002110000,0x0000000002210000)]

Other Threads:
  0x0000000014a96800 VMThread [stack: 0x0000000015b20000,0x0000000015c20000] [id=5316]
  0x0000000016325800 WatcherThread [stack: 0x0000000016820000,0x0000000016920000] [id=6092]

VM state:not at safepoint (normal execution)

VM Mutex/Monitor currently owned by a thread: None

Heap:
 PSYoungGen      total 18944K, used 1998K [0x00000000eab00000, 0x00000000ec000000, 0x0000000100000000)
  eden space 16384K, 12% used [0x00000000eab00000,0x00000000eacf39e8,0x00000000ebb00000)
  from space 2560K, 0% used [0x00000000ebd80000,0x00000000ebd80000,0x00000000ec000000)
  to   space 2560K, 0% used [0x00000000ebb00000,0x00000000ebb00000,0x00000000ebd80000)
 ParOldGen       total 44032K, used 0K [0x00000000c0000000, 0x00000000c2b00000, 0x00000000eab00000)
  object space 44032K, 0% used [0x00000000c0000000,0x00000000c0000000,0x00000000c2b00000)
 Metaspace       used 3208K, capacity 4720K, committed 4864K, reserved 1056768K
  class space    used 343K, capacity 424K, committed 512K, reserved 1048576K

Card table byte_map: [0x00000000117c0000,0x00000000119d0000] byte_map_base: 0x00000000111c0000

Marking Bits: (ParMarkBitMap*) 0x000000005a3a9d00
 Begin Bits: [0x0000000011f30000, 0x0000000012f30000)
 End Bits:   [0x0000000012f30000, 0x0000000013f30000)

Polling page: 0x0000000000780000

CodeCache: size=245760Kb used=1210Kb max_used=1210Kb free=244549Kb
 bounds [0x0000000002400000, 0x0000000002670000, 0x0000000011400000]
 total_blobs=325 nmethods=85 adapters=154
 compilation: enabled

Compilation events (10 events):
Event: 1.950 Thread 0x0000000014b29800 nmethod 79 0x000000000252d010 code [0x000000000252d160, 0x000000000252d290]
Event: 1.989 Thread 0x0000000014b29800   81       1       java.util.zip.ZipFile::access$300 (5 bytes)
Event: 1.990 Thread 0x0000000014b29800 nmethod 81 0x000000000252d710 code [0x000000000252d860, 0x000000000252d950]
Event: 1.990 Thread 0x0000000014b29800   82       3       java.util.zip.ZipUtils::get16 (19 bytes)
Event: 1.991 Thread 0x0000000014b29800 nmethod 82 0x000000000252d9d0 code [0x000000000252db40, 0x000000000252dd70]
Event: 1.992 Thread 0x0000000014b29800   83       3       java.util.zip.ZipFile::ensureOpen (37 bytes)
Event: 1.992 Thread 0x0000000014b29800 nmethod 83 0x000000000252ded0 code [0x000000000252e060, 0x000000000252e338]
Event: 1.992 Thread 0x0000000014b29800   84       1       java.util.zip.ZipCoder::isUTF8 (5 bytes)
Event: 1.992 Thread 0x0000000014b29800 nmethod 84 0x000000000252e450 code [0x000000000252e5a0, 0x000000000252e6b0]
Event: 1.992 Thread 0x0000000014b29800   85       3       sun.nio.cs.UTF_8$Decoder::decode (779 bytes)

GC Heap History (0 events):
No events

Deoptimization events (0 events):
No events

Internal exceptions (2 events):
Event: 0.222 Thread 0x0000000002300800 Exception <a 'java/lang/NoSuchMethodError': Method sun.misc.Unsafe.defineClass(Ljava/lang/String;[BII)Ljava/lang/Class; name or signature does not match> (0x00000000eab07cc0) thrown at [C:\src\android\AOSP-openjdk\external\jetbrains\jdk\hotspot\src\share\vê¼¬ocÌ?
Event: 0.222 Thread 0x0000000002300800 Exception <a 'java/lang/NoSuchMethodError': Method sun.misc.Unsafe.prefetchRead(Ljava/lang/Object;J)V name or signature does not match> (0x00000000eab07fa8) thrown at [C:\src\android\AOSP-openjdk\external\jetbrains\jdk\hotspot\src\share\vm\prims\jni.cpp, l

Events (10 events):
Event: 1.918 loading class com/android/dx/cf/direct/ClassPathOpener$1
Event: 1.918 loading class com/android/dx/cf/direct/ClassPathOpener$1 done
Event: 1.922 loading class com/android/dx/command/dexer/Main$FileBytesConsumer
Event: 1.922 loading class com/android/dx/command/dexer/Main$FileBytesConsumer done
Event: 1.924 loading class java/util/zip/ZipFile$ZipEntryIterator
Event: 1.925 loading class java/util/zip/ZipFile$ZipEntryIterator done
Event: 1.925 loading class java/util/zip/ZipUtils
Event: 1.935 loading class java/util/zip/ZipUtils done
Event: 1.935 loading class java/nio/file/attribute/FileTime
Event: 1.948 loading class java/nio/file/attribute/FileTime done


Dynamic libraries:
0x00007ff79c6e0000 - 0x00007ff79c711000 	C:\windows\system32\RPCRT4.dll
0x00007ffec4170000 - 0x00007ffec431d000 	C:\windows\SYSTEM32\MSCTF.dll
0x00007ffec0840000 - 0x00007ffec097e000 	C:\windows\system32\KERNEL32.DLL
0x00007ffeb2b30000 - 0x00007ffeb2b63000 	C:\Program Files (x86)\AVG\Av\avghooka.dll
0x00007ffec0250000 - 0x00007ffec0365000 	C:\windows\system32\KERNELBASE.dll
0x00007ffec2b10000 - 0x00007ffec2bba000 	C:\windows\system32\ADVAPI32.dll
0x00007ffec2bc0000 - 0x00007ffec2d37000 	C:\windows\system32\USER32.dll
0x00007ffebe120000 - 0x00007ffebe39b000 	C:\windows\WinSxS\amd64_microsoft.windows.common-controls_6595b64144ccf1df_6.0.9600.18006_none_623f33d3ecbe86e8\COMCTL32.dll
0x00007ffec2440000 - 0x00007ffec24ea000 	C:\Program Files\Android\Android Studio\jre\jre\bin\msvcr100.dll
0x00007ffec0650000 - 0x00007ffec06a9000 	C:\windows\SYSTEM32\sechost.dll
0x00007ffec0700000 - 0x00007ffec0840000 	C:\windows\system32\RPCRT4.dll
0x00007ffec0500000 - 0x00007ffec064f000 	C:\windows\system32\GDI32.dll
0x00007ffec04d0000 - 0x00007ffec04fe000 	C:\windows\system32\SspiCli.dll
0x00007ffec06b0000 - 0x00007ffec06e6000 	C:\windows\system32\IMM32.DLL
0x00007ffec24f0000 - 0x00007ffec2642000 	C:\windows\system32\MSCTF.dll
0x0000000059a30000 - 0x0000000059b02000 	C:\Program Files\Android\Android Studio\jre\jre\bin\msvcr100.dll
0x0000000059bf0000 - 0x000000005a424000 	C:\Program Files\Android\Android Studio\jre\jre\bin\server\jvm.dll
0x00007ffeb83e0000 - 0x00007ffeb83e9000 	C:\windows\SYSTEM32\WSOCK32.dll
0x00007ffeb3050000 - 0x00007ffeb3072000 	C:\windows\SYSTEM32\WINMM.dll
0x00007ffeb95f0000 - 0x00007ffeb95fa000 	C:\windows\SYSTEM32\VERSION.dll
0x00007ffec2e70000 - 0x00007ffec2e77000 	C:\windows\system32\PSAPI.DLL
0x00007ffec2e00000 - 0x00007ffec2e5a000 	C:\windows\system32\WS2_32.dll
0x00007ffeb3020000 - 0x00007ffeb304a000 	C:\windows\SYSTEM32\WINMMBASE.dll
0x00007ffec06f0000 - 0x00007ffec06f9000 	C:\windows\system32\NSI.dll
0x00007ffec0480000 - 0x00007ffec04cf000 	C:\windows\SYSTEM32\cfgmgr32.dll
0x00007ffebedf0000 - 0x00007ffebee18000 	C:\windows\SYSTEM32\DEVOBJ.dll
0x00007ffebad80000 - 0x00007ffebad8f000 	C:\Program Files\Android\Android Studio\jre\jre\bin\verify.dll
0x00007ffeb53f0000 - 0x00007ffeb5419000 	C:\Program Files\Android\Android Studio\jre\jre\bin\java.dll
0x00007ffeb53d0000 - 0x00007ffeb53e6000 	C:\Program Files\Android\Android Studio\jre\jre\bin\zip.dll
0x00007ffec0cd0000 - 0x00007ffec21f8000 	C:\windows\system32\SHELL32.dll
0x00007ffec2220000 - 0x00007ffec2431000 	C:\windows\SYSTEM32\combase.dll
0x00007ffec2650000 - 0x00007ffec26a4000 	C:\windows\system32\SHLWAPI.dll
0x00007ffebe800000 - 0x00007ffebe8b2000 	C:\windows\SYSTEM32\SHCORE.dll
0x00007ffebffa0000 - 0x00007ffebffb5000 	C:\windows\SYSTEM32\profapi.dll

VM Arguments:
jvm_args: -Djava.awt.headless=true -Xmx1024M -Dfile.encoding=windows-1252 -Duser.country=US -Duser.language=en -Duser.variant 
java_command: com.android.dx.command.Main --dex --force-jumbo --num-threads=4 --multi-dex --output C:\Users\annie_000.TRINHVU-TABLET\Downloads\final-project-aipom\app\build\intermediates\transforms\dex\debug\folders\1000\10\com.android.support-support-compat-24.2.1_078c06c7fcdae102038ee999a0ef05db73258535 C:\Users\annie_000.TRINHVU-TABLET\Downloads\final-project-aipom\app\build\intermediates\exploded-aar\com.android.support\support-compat\24.2.1\jars\classes.jar
java_class_path (initial): C:\Users\annie_000.TRINHVU-TABLET\AppData\Local\Android\sdk\build-tools\25.0.0\lib\dx.jar
Launcher Type: SUN_STANDARD

Environment Variables:



---------------  S Y S T E M  ---------------

OS: Windows 8.1 , 64 bit Build 9600 (6.3.9600.17415)

CPU:total 4 (2 cores per cpu, 2 threads per core) family 6 model 69 stepping 1, cmov, cx8, fxsr, mmx, sse, sse2, sse3, ssse3, sse4.1, sse4.2, popcnt, avx, avx2, aes, clmul, erms, lzcnt, ht, tsc, tscinvbit, bmi1, bmi2

Memory: 4k page, physical 4112428k(200008k free), swap 7258156k(5072k free)

vm_info: OpenJDK 64-Bit Server VM (25.76-b03) for windows-amd64 JRE (1.8.0_76-release-b03), built on Jun 29 2016 19:09:20 by "ralucas" with MS VC++ 10.0 (VS2010)

time: Tue Nov 01 21:40:05 2016
elapsed time: 2 seconds (0d 0h 0m 2s)

