#
# There is insufficient memory for the Java Runtime Environment to continue.
# Native memory allocation (malloc) failed to allocate 163936 bytes for Chunk::new
# Possible reasons:
#   The system is out of physical RAM or swap space
#   In 32 bit mode, the process size limit was hit
# Possible solutions:
#   Reduce memory load on the system
#   Increase physical memory or swap space
#   Check if swap backing store is full
#   Use 64 bit Java on a 64 bit OS
#   Decrease Java heap size (-Xmx/-Xms)
#   Decrease number of Java threads
#   Decrease Java thread stack sizes (-Xss)
#   Set larger code cache with -XX:ReservedCodeCacheSize=
# This output file may be truncated or incomplete.
#
#  Out of Memory Error (allocation.cpp:390), pid=7684, tid=0x0000000000000a10
#
# JRE version: OpenJDK Runtime Environment (8.0_76-b03) (build 1.8.0_76-release-b03)
# Java VM: OpenJDK 64-Bit Server VM (25.76-b03 mixed mode windows-amd64 compressed oops)
# Failed to write core dump. Minidumps are not enabled by default on client versions of Windows
#

---------------  T H R E A D  ---------------

Current thread (0x0000000014b63800):  JavaThread "C2 CompilerThread1" daemon [_thread_in_native, id=2576, stack(0x0000000016240000,0x0000000016340000)]

Stack: [0x0000000016240000,0x0000000016340000]
[error occurred during error reporting (printing stack bounds), id 0xc0000005]

Native frames: (J=compiled Java code, j=interpreted, Vv=VM code, C=native code)


Current CompileTask:
C2:   3791 1197       4       com.android.dx.ssa.back.LivenessAnalyzer::liveOutAtStatement (61 bytes)


---------------  P R O C E S S  ---------------

Java Threads: ( => current thread )
  0x00000000166f2000 JavaThread "pool-2-thread-4" [_thread_in_vm_trans, id=9064, stack(0x0000000016e40000,0x0000000016f40000)]
  0x00000000166f1000 JavaThread "pool-2-thread-3" [_thread_blocked, id=184, stack(0x0000000016d40000,0x0000000016e40000)]
  0x00000000166f0000 JavaThread "pool-2-thread-2" [_thread_blocked, id=8876, stack(0x0000000016c40000,0x0000000016d40000)]
  0x00000000166e5800 JavaThread "pool-3-thread-1" [_thread_blocked, id=8476, stack(0x0000000016b40000,0x0000000016c40000)]
  0x00000000166e5000 JavaThread "pool-2-thread-1" [_thread_in_Java, id=5332, stack(0x0000000016a40000,0x0000000016b40000)]
  0x0000000016443800 JavaThread "Service Thread" daemon [_thread_blocked, id=9104, stack(0x0000000016840000,0x0000000016940000)]
  0x0000000014b69800 JavaThread "C1 CompilerThread2" daemon [_thread_in_native, id=7608, stack(0x0000000016340000,0x0000000016440000)]
=>0x0000000014b63800 JavaThread "C2 CompilerThread1" daemon [_thread_in_native, id=2576, stack(0x0000000016240000,0x0000000016340000)]
  0x0000000014b0b000 JavaThread "C2 CompilerThread0" daemon [_thread_in_native, id=5700, stack(0x0000000016140000,0x0000000016240000)]
  0x0000000014b0a000 JavaThread "Attach Listener" daemon [_thread_blocked, id=412, stack(0x0000000016040000,0x0000000016140000)]
  0x0000000014b08800 JavaThread "Signal Dispatcher" daemon [_thread_blocked, id=9172, stack(0x0000000015f40000,0x0000000016040000)]
  0x000000000243b000 JavaThread "Finalizer" daemon [_thread_blocked, id=8740, stack(0x0000000015d60000,0x0000000015e60000)]
  0x000000000242f800 JavaThread "Reference Handler" daemon [_thread_blocked, id=2420, stack(0x0000000015c60000,0x0000000015d60000)]
  0x0000000002340800 JavaThread "main" [_thread_in_Java, id=8360, stack(0x0000000002240000,0x0000000002340000)]

Other Threads:
  0x0000000014ad6800 VMThread [stack: 0x0000000015b60000,0x0000000015c60000] [id=7128]
  0x0000000016445800 WatcherThread [stack: 0x0000000016940000,0x0000000016a40000] [id=2428]

VM state:not at safepoint (normal execution)

VM Mutex/Monitor currently owned by a thread: None

Heap:
 PSYoungGen      total 35328K, used 6888K [0x00000000eab00000, 0x00000000ed000000, 0x0000000100000000)
  eden space 32768K, 13% used [0x00000000eab00000,0x00000000eaf42078,0x00000000ecb00000)
  from space 2560K, 98% used [0x00000000ecd80000,0x00000000ecff8020,0x00000000ed000000)
  to   space 2560K, 0% used [0x00000000ecb00000,0x00000000ecb00000,0x00000000ecd80000)
 ParOldGen       total 44032K, used 1982K [0x00000000c0000000, 0x00000000c2b00000, 0x00000000eab00000)
  object space 44032K, 4% used [0x00000000c0000000,0x00000000c01efbf8,0x00000000c2b00000)
 Metaspace       used 5825K, capacity 6896K, committed 7040K, reserved 1056768K
  class space    used 566K, capacity 616K, committed 640K, reserved 1048576K

Card table byte_map: [0x0000000011800000,0x0000000011a10000] byte_map_base: 0x0000000011200000

Marking Bits: (ParMarkBitMap*) 0x000000005a3a9d00
 Begin Bits: [0x0000000011f70000, 0x0000000012f70000)
 End Bits:   [0x0000000012f70000, 0x0000000013f70000)

Polling page: 0x00000000009d0000

CodeCache: size=245760Kb used=4826Kb max_used=4838Kb free=240933Kb
 bounds [0x0000000002440000, 0x0000000002910000, 0x0000000011440000]
 total_blobs=1474 nmethods=1211 adapters=176
 compilation: enabled

Compilation events (10 events):
Event: 3.780 Thread 0x0000000014b69800 nmethod 1231 0x00000000028dd850 code [0x00000000028dd9e0, 0x00000000028dddf8]
Event: 3.780 Thread 0x0000000014b69800 1226       3       com.android.dx.cf.code.BaseMachine::popArgs (72 bytes)
Event: 3.780 Thread 0x0000000014b63800 nmethod 1228 0x00000000028f0f50 code [0x00000000028f10a0, 0x00000000028f11c8]
Event: 3.780 Thread 0x0000000014b63800 1232       4       java.util.ArrayList::grow (45 bytes)
Event: 3.781 Thread 0x0000000014b69800 nmethod 1226 0x00000000028f28d0 code [0x00000000028f2b40, 0x00000000028f3928]
Event: 3.781 Thread 0x0000000014b69800 1230       3       com.android.dx.dex.code.RopTranslator$1::visitPlainCstInsn (64 bytes)
Event: 3.781 Thread 0x0000000014b69800 nmethod 1230 0x00000000028f1d90 code [0x00000000028f1f20, 0x00000000028f26f0]
Event: 3.781 Thread 0x0000000014b69800 1220       3       com.android.dx.cf.direct.StdAttributeFactory::code (613 bytes)
Event: 3.783 Thread 0x0000000014b63800 nmethod 1232 0x00000000028f0a50 code [0x00000000028f0ba0, 0x00000000028f0df8]
Event: 3.783 Thread 0x0000000014b63800 1197       4       com.android.dx.ssa.back.LivenessAnalyzer::liveOutAtStatement (61 bytes)

GC Heap History (4 events):
Event: 1.744 GC heap before
{Heap before GC invocations=1 (full 0):
 PSYoungGen      total 18944K, used 16384K [0x00000000eab00000, 0x00000000ec000000, 0x0000000100000000)
  eden space 16384K, 100% used [0x00000000eab00000,0x00000000ebb00000,0x00000000ebb00000)
  from space 2560K, 0% used [0x00000000ebd80000,0x00000000ebd80000,0x00000000ec000000)
  to   space 2560K, 0% used [0x00000000ebb00000,0x00000000ebb00000,0x00000000ebd80000)
 ParOldGen       total 44032K, used 0K [0x00000000c0000000, 0x00000000c2b00000, 0x00000000eab00000)
  object space 44032K, 0% used [0x00000000c0000000,0x00000000c0000000,0x00000000c2b00000)
 Metaspace       used 5173K, capacity 6384K, committed 6528K, reserved 1056768K
  class space    used 552K, capacity 616K, committed 640K, reserved 1048576K
Event: 1.880 GC heap after
Heap after GC invocations=1 (full 0):
 PSYoungGen      total 18944K, used 2552K [0x00000000eab00000, 0x00000000ed000000, 0x0000000100000000)
  eden space 16384K, 0% used [0x00000000eab00000,0x00000000eab00000,0x00000000ebb00000)
  from space 2560K, 99% used [0x00000000ebb00000,0x00000000ebd7e088,0x00000000ebd80000)
  to   space 2560K, 0% used [0x00000000ecd80000,0x00000000ecd80000,0x00000000ed000000)
 ParOldGen       total 44032K, used 381K [0x00000000c0000000, 0x00000000c2b00000, 0x00000000eab00000)
  object space 44032K, 0% used [0x00000000c0000000,0x00000000c005f750,0x00000000c2b00000)
 Metaspace       used 5173K, capacity 6384K, committed 6528K, reserved 1056768K
  class space    used 552K, capacity 616K, committed 640K, reserved 1048576K
}
Event: 3.147 GC heap before
{Heap before GC invocations=2 (full 0):
 PSYoungGen      total 18944K, used 18936K [0x00000000eab00000, 0x00000000ed000000, 0x0000000100000000)
  eden space 16384K, 100% used [0x00000000eab00000,0x00000000ebb00000,0x00000000ebb00000)
  from space 2560K, 99% used [0x00000000ebb00000,0x00000000ebd7e088,0x00000000ebd80000)
  to   space 2560K, 0% used [0x00000000ecd80000,0x00000000ecd80000,0x00000000ed000000)
 ParOldGen       total 44032K, used 381K [0x00000000c0000000, 0x00000000c2b00000, 0x00000000eab00000)
  object space 44032K, 0% used [0x00000000c0000000,0x00000000c005f750,0x00000000c2b00000)
 Metaspace       used 5812K, capacity 6896K, committed 7040K, reserved 1056768K
  class space    used 566K, capacity 616K, committed 640K, reserved 1048576K
Event: 3.759 GC heap after
Heap after GC invocations=2 (full 0):
 PSYoungGen      total 35328K, used 2528K [0x00000000eab00000, 0x00000000ed000000, 0x0000000100000000)
  eden space 32768K, 0% used [0x00000000eab00000,0x00000000eab00000,0x00000000ecb00000)
  from space 2560K, 98% used [0x00000000ecd80000,0x00000000ecff8020,0x00000000ed000000)
  to   space 2560K, 0% used [0x00000000ecb00000,0x00000000ecb00000,0x00000000ecd80000)
 ParOldGen       total 44032K, used 1982K [0x00000000c0000000, 0x00000000c2b00000, 0x00000000eab00000)
  object space 44032K, 4% used [0x00000000c0000000,0x00000000c01efbf8,0x00000000c2b00000)
 Metaspace       used 5812K, capacity 6896K, committed 7040K, reserved 1056768K
  class space    used 566K, capacity 616K, committed 640K, reserved 1048576K
}

Deoptimization events (7 events):
Event: 1.156 Thread 0x0000000002340800 Uncommon trap: reason=unstable_if action=reinterpret pc=0x00000000025a0894 method=java.lang.String.compareTo(Ljava/lang/String;)I @ 38
Event: 2.165 Thread 0x0000000002340800 Uncommon trap: reason=unstable_if action=reinterpret pc=0x0000000002674884 method=java.util.HashMap.getNode(ILjava/lang/Object;)Ljava/util/HashMap$Node; @ 62
Event: 2.238 Thread 0x00000000166f2000 Uncommon trap: reason=unstable_if action=reinterpret pc=0x000000000267a430 method=java.util.BitSet.nextSetBit(I)I @ 87
Event: 2.489 Thread 0x00000000166f0000 Uncommon trap: reason=unstable_if action=reinterpret pc=0x00000000026c7370 method=java.util.HashMap.getNode(ILjava/lang/Object;)Ljava/util/HashMap$Node; @ 129
Event: 2.489 Thread 0x00000000166f0000 Uncommon trap: reason=unstable_if action=reinterpret pc=0x00000000027e2d54 method=java.util.HashMap.putVal(ILjava/lang/Object;Ljava/lang/Object;ZZ)Ljava/lang/Object; @ 193
Event: 2.490 Thread 0x00000000166f0000 Uncommon trap: reason=unstable_if action=reinterpret pc=0x0000000002792454 method=java.util.HashMap.getNode(ILjava/lang/Object;)Ljava/util/HashMap$Node; @ 129
Event: 2.524 Thread 0x00000000166f1000 Uncommon trap: reason=unstable_if action=reinterpret pc=0x00000000027493ec method=com.android.dx.rop.code.RegisterSpecSet.put(Lcom/android/dx/rop/code/RegisterSpec;)V @ 77

Internal exceptions (2 events):
Event: 0.104 Thread 0x0000000002340800 Exception <a 'java/lang/NoSuchMethodError': Method sun.misc.Unsafe.defineClass(Ljava/lang/String;[BII)Ljava/lang/Class; name or signature does not match> (0x00000000eab07cc0) thrown at [C:\src\android\AOSP-openjdk\external\jetbrains\jdk\hotspot\src\share\v—ö#ºî∫?
Event: 0.104 Thread 0x0000000002340800 Exception <a 'java/lang/NoSuchMethodError': Method sun.misc.Unsafe.prefetchRead(Ljava/lang/Object;J)V name or signature does not match> (0x00000000eab07fa8) thrown at [C:\src\android\AOSP-openjdk\external\jetbrains\jdk\hotspot\src\share\vm\prims\jni.cpp, l

Events (10 events):
Event: 2.489 Thread 0x00000000166f0000 DEOPT PACKING pc=0x00000000027e2d54 sp=0x0000000016d3e060
Event: 2.490 Thread 0x00000000166f0000 DEOPT UNPACKING pc=0x000000000248556a sp=0x0000000016d3df00 mode 2
Event: 2.490 Thread 0x00000000166f0000 Uncommon trap: trap_request=0xffffff65 fr.pc=0x0000000002792454
Event: 2.490 Thread 0x00000000166f0000 DEOPT PACKING pc=0x0000000002792454 sp=0x0000000016d3dde0
Event: 2.490 Thread 0x00000000166f0000 DEOPT UNPACKING pc=0x000000000248556a sp=0x0000000016d3dd80 mode 2
Event: 2.524 Thread 0x00000000166f1000 Uncommon trap: trap_request=0xffffff65 fr.pc=0x00000000027493ec
Event: 2.524 Thread 0x00000000166f1000 DEOPT PACKING pc=0x00000000027493ec sp=0x0000000016e3e900
Event: 2.524 Thread 0x00000000166f1000 DEOPT UNPACKING pc=0x000000000248556a sp=0x0000000016e3e820 mode 2
Event: 2.858 Executing VM operation: ParallelGCFailedAllocation
Event: 3.760 Executing VM operation: ParallelGCFailedAllocation done


Dynamic libraries:
0x00007ff79c6e0000 - 0x00007ff79c711000 	C:\Program Files\Android\Android Studio\jre\bin\java.exe
0x00007ffec4170000 - 0x00007ffec431d000 	C:\windows\SYSTEM32\ntdll.dll
0x00007ffec0840000 - 0x00007ffec097e000 	C:\windows\system32\KERNEL32.DLL
0x00007ffeb2b30000 - 0x00007ffeb2b63000 	C:\Program Files (x86)\AVG\Av\avghooka.dll
0x00007ffec0250000 - 0x00007ffec0365000 	C:\windows\system32\KERNELBASE.dll
0x00007ffec2b10000 - 0x00007ffec2bba000 	C:\windows\system32\ADVAPI32.dll
0x00007ffec2bc0000 - 0x00007ffec2d37000 	C:\windows\system32\USER32.dll
0x00007ffebe120000 - 0x00007ffebe39b000 	C:\windows\WinSxS\amd64_microsoft.windows.common-controls_6595b64144ccf1df_6.0.9600.18006_none_623f33d3ecbe86e8\COMCTL32.dll
0x00007ffec2440000 - 0x00007ffec24ea000 	C:\windows\system32\msvcrt.dll
0x00007ffec0650000 - 0x00007ffec06a9000 	C:\windows\SYSTEM32\sechost.dll
0x00007ffec0700000 - 0x00007ffec0840000 	C:\windows\system32\RPCRT4.dll
0x00007ffec0500000 - 0x00007ffec064f000 	C:\windows\system32\GDI32.dll
0x00007ffec04d0000 - 0x00007ffec04fe000 	C:\windows\system32\SspiCli.dll
0x00007ffec06b0000 - 0x00007ffec06e6000 	C:\windows\system32\IMM32.DLL
0x00007ffec24f0000 - 0x00007ffec2642000 	C:\windows\system32\MSCTF.dll
0x0000000059a30000 - 0x0000000059b02000 	C:\Program Files\Android\Android Studio\jre\jre\bin\msvcr100.dll
0x0000000059bf0000 - 0x000000005a424000 	C:\Program Files\Android\Android Studio\jre\jre\bin\server\jvm.dll
0x00007ffeb83e0000 - 0x00007ffeb83e9000 	C:\windows\SYSTEM32\WSOCK32.dll
0x00007ffeb3050000 - 0x00007ffeb3072000 	C:\windows\SYSTEM32\WINMM.dll
0x00007ffeb95f0000 - 0x00007ffeb95fa000 	C:\windows\SYSTEM32\VERSION.dll
0x00007ffec2e70000 - 0x00007ffec2e77000 	C:\windows\system32\PSAPI.DLL
0x00007ffec2e00000 - 0x00007ffec2e5a000 	C:\windows\system32\WS2_32.dll
0x00007ffeb3020000 - 0x00007ffeb304a000 	C:\windows\SYSTEM32\WINMMBASE.dll
0x00007ffec06f0000 - 0x00007ffec06f9000 	C:\windows\system32\NSI.dll
0x00007ffec0480000 - 0x00007ffec04cf000 	C:\windows\SYSTEM32\cfgmgr32.dll
0x00007ffebedf0000 - 0x00007ffebee18000 	C:\windows\SYSTEM32\DEVOBJ.dll
0x00007ffebad80000 - 0x00007ffebad8f000 	C:\Program Files\Android\Android Studio\jre\jre\bin\verify.dll
0x00007ffeb53f0000 - 0x00007ffeb5419000 	C:\Program Files\Android\Android Studio\jre\jre\bin\java.dll
0x00007ffeb53d0000 - 0x00007ffeb53e6000 	C:\Program Files\Android\Android Studio\jre\jre\bin\zip.dll
0x00007ffec0cd0000 - 0x00007ffec21f8000 	C:\windows\system32\SHELL32.dll
0x00007ffec2220000 - 0x00007ffec2431000 	C:\windows\SYSTEM32\combase.dll
0x00007ffec2650000 - 0x00007ffec26a4000 	C:\windows\system32\SHLWAPI.dll
0x00007ffebe800000 - 0x00007ffebe8b2000 	C:\windows\SYSTEM32\SHCORE.dll
0x00007ffebffa0000 - 0x00007ffebffb5000 	C:\windows\SYSTEM32\profapi.dll

VM Arguments:
jvm_args: -Djava.awt.headless=true -Xmx1024M -Dfile.encoding=windows-1252 -Duser.country=US -Duser.language=en -Duser.variant 
java_command: com.android.dx.command.Main --dex --force-jumbo --num-threads=4 --multi-dex --output C:\Users\annie_000.TRINHVU-TABLET\Downloads\final-project-aipom\app\build\intermediates\transforms\dex\debug\folders\1000\10\com.android.support-support-compat-24.2.1_078c06c7fcdae102038ee999a0ef05db73258535 C:\Users\annie_000.TRINHVU-TABLET\Downloads\final-project-aipom\app\build\intermediates\exploded-aar\com.android.support\support-compat\24.2.1\jars\classes.jar
java_class_path (initial): C:\Users\annie_000.TRINHVU-TABLET\AppData\Local\Android\sdk\build-tools\25.0.0\lib\dx.jar
Launcher Type: SUN_STANDARD

Environment Variables:
PATH=C:\windows\system32;C:\windows;C:\windows\System32\Wbem;C:\windows\System32\WindowsPowerShell\v1.0\;C:\Program Files\Git\cmd
USERNAME=annie_000
OS=Windows_NT
PROCESSOR_IDENTIFIER=Intel64 Family 6 Model 69 Stepping 1, GenuineIntel



---------------  S Y S T E M  ---------------

OS: Windows 8.1 , 64 bit Build 9600 (6.3.9600.17415)

CPU:total 4 (2 cores per cpu, 2 threads per core) family 6 model 69 stepping 1, cmov, cx8, fxsr, mmx, sse, sse2, sse3, ssse3, sse4.1, sse4.2, popcnt, avx, avx2, aes, clmul, erms, lzcnt, ht, tsc, tscinvbit, bmi1, bmi2

Memory: 4k page, physical 4112428k(53248k free), swap 7258156k(5236k free)

vm_info: OpenJDK 64-Bit Server VM (25.76-b03) for windows-amd64 JRE (1.8.0_76-release-b03), built on Jun 29 2016 19:09:20 by "ralucas" with MS VC++ 10.0 (VS2010)

time: Tue Nov 01 21:30:14 2016
elapsed time: 3 seconds (0d 0h 0m 3s)

