#
# There is insufficient memory for the Java Runtime Environment to continue.
# Native memory allocation (malloc) failed to allocate 1216112 bytes for Chunk::new
# Possible reasons:
#   The system is out of physical RAM or swap space
#   In 32 bit mode, the process size limit was hit
# Possible solutions:
#   Reduce memory load on the system
#   Increase physical memory or swap space
#   Check if swap backing store is full
#   Use 64 bit Java on a 64 bit OS
#   Decrease Java heap size (-Xmx/-Xms)
#   Decrease number of Java threads
#   Decrease Java thread stack sizes (-Xss)
#   Set larger code cache with -XX:ReservedCodeCacheSize=
# This output file may be truncated or incomplete.
#
#  Out of Memory Error (allocation.cpp:390), pid=3872, tid=0x0000000000001fac
#
# JRE version: OpenJDK Runtime Environment (8.0_76-b03) (build 1.8.0_76-release-b03)
# Java VM: OpenJDK 64-Bit Server VM (25.76-b03 mixed mode windows-amd64 compressed oops)
# Failed to write core dump. Minidumps are not enabled by default on client versions of Windows
#

---------------  T H R E A D  ---------------

Current thread (0x0000000014c94800):  JavaThread "C2 CompilerThread1" daemon [_thread_in_native, id=8108, stack(0x0000000016390000,0x0000000016490000)]

Stack: [0x0000000016390000,0x0000000016490000]
[error occurred during error reporting (printing stack bounds), id 0xc0000005]

Native frames: (J=compiled Java code, j=interpreted, Vv=VM code, C=native code)


Current CompileTask:
C2:   6270 1530   !   4       com.android.dx.cf.code.Ropper::processBlock (1101 bytes)


---------------  P R O C E S S  ---------------

Java Threads: ( => current thread )
  0x000000001680e000 JavaThread "pool-2-thread-4" [_thread_blocked, id=7608, stack(0x0000000016f90000,0x0000000017090000)]
  0x000000001680c800 JavaThread "pool-2-thread-3" [_thread_blocked, id=7232, stack(0x0000000016e90000,0x0000000016f90000)]
  0x00000000167f4000 JavaThread "pool-2-thread-2" [_thread_in_Java, id=6652, stack(0x0000000016d90000,0x0000000016e90000)]
  0x00000000167ee000 JavaThread "pool-3-thread-1" [_thread_blocked, id=5152, stack(0x0000000016c90000,0x0000000016d90000)]
  0x00000000167eb000 JavaThread "pool-2-thread-1" [_thread_in_Java, id=3816, stack(0x0000000016b90000,0x0000000016c90000)]
  0x0000000016594800 JavaThread "Service Thread" daemon [_thread_blocked, id=8212, stack(0x0000000016990000,0x0000000016a90000)]
  0x0000000014c9a800 JavaThread "C1 CompilerThread2" daemon [_thread_blocked, id=8116, stack(0x0000000016490000,0x0000000016590000)]
=>0x0000000014c94800 JavaThread "C2 CompilerThread1" daemon [_thread_in_native, id=8108, stack(0x0000000016390000,0x0000000016490000)]
  0x0000000014c3c000 JavaThread "C2 CompilerThread0" daemon [_thread_in_native, id=6660, stack(0x0000000016290000,0x0000000016390000)]
  0x0000000014c3b000 JavaThread "Attach Listener" daemon [_thread_blocked, id=1500, stack(0x0000000016190000,0x0000000016290000)]
  0x0000000014c39800 JavaThread "Signal Dispatcher" daemon [_thread_blocked, id=8492, stack(0x0000000016090000,0x0000000016190000)]
  0x00000000024cb000 JavaThread "Finalizer" daemon [_thread_blocked, id=7692, stack(0x0000000015eb0000,0x0000000015fb0000)]
  0x00000000024bf800 JavaThread "Reference Handler" daemon [_thread_blocked, id=1604, stack(0x0000000015db0000,0x0000000015eb0000)]
  0x00000000023d0800 JavaThread "main" [_thread_in_Java, id=1372, stack(0x0000000002280000,0x0000000002380000)]

Other Threads:
  0x0000000014c06800 VMThread [stack: 0x0000000015cb0000,0x0000000015db0000] [id=4840]
  0x0000000016596800 WatcherThread [stack: 0x0000000016a90000,0x0000000016b90000] [id=8748]

VM state:not at safepoint (normal execution)

VM Mutex/Monitor currently owned by a thread: None

Heap:
 PSYoungGen      total 35328K, used 30196K [0x00000000eab00000, 0x00000000ef000000, 0x0000000100000000)
  eden space 32768K, 84% used [0x00000000eab00000,0x00000000ec605358,0x00000000ecb00000)
  from space 2560K, 98% used [0x00000000ecb00000,0x00000000ecd78010,0x00000000ecd80000)
  to   space 2560K, 0% used [0x00000000eed80000,0x00000000eed80000,0x00000000ef000000)
 ParOldGen       total 44032K, used 8588K [0x00000000c0000000, 0x00000000c2b00000, 0x00000000eab00000)
  object space 44032K, 19% used [0x00000000c0000000,0x00000000c0863070,0x00000000c2b00000)
 Metaspace       used 6055K, capacity 7088K, committed 7296K, reserved 1056768K
  class space    used 565K, capacity 616K, committed 640K, reserved 1048576K

Card table byte_map: [0x0000000011930000,0x0000000011b40000] byte_map_base: 0x0000000011330000

Marking Bits: (ParMarkBitMap*) 0x000000005a3a9d00
 Begin Bits: [0x00000000120a0000, 0x00000000130a0000)
 End Bits:   [0x00000000130a0000, 0x00000000140a0000)

Polling page: 0x00000000009d0000

CodeCache: size=245760Kb used=7012Kb max_used=7044Kb free=238747Kb
 bounds [0x0000000002570000, 0x0000000002c60000, 0x0000000011570000]
 total_blobs=1880 nmethods=1618 adapters=176
 compilation: enabled

Compilation events (10 events):
Event: 5.993 Thread 0x0000000014c9a800 1644       2       com.android.dx.ssa.InterferenceRegisterMapper::interferes (78 bytes)
Event: 5.994 Thread 0x0000000014c9a800 nmethod 1644 0x0000000002c3c750 code [0x0000000002c3c900, 0x0000000002c3cdc8]
Event: 5.994 Thread 0x0000000014c9a800 1646       2       java.util.HashMap::get (23 bytes)
Event: 5.995 Thread 0x0000000014c9a800 nmethod 1646 0x0000000002c3d2d0 code [0x0000000002c3d440, 0x0000000002c3d638]
Event: 5.995 Thread 0x0000000014c9a800 1645       2       com.android.dx.rop.cst.CstLiteral64::hashCode (15 bytes)
Event: 5.995 Thread 0x0000000014c9a800 nmethod 1645 0x0000000002c3d750 code [0x0000000002c3d8a0, 0x0000000002c3da10]
Event: 6.002 Thread 0x0000000014c9a800 1647       2       java.util.HashMap::putVal (300 bytes)
Event: 6.004 Thread 0x0000000014c9a800 nmethod 1647 0x0000000002c3da90 code [0x0000000002c3dca0, 0x0000000002c3e3b8]
Event: 6.153 Thread 0x0000000014c3c000 nmethod 1531 0x0000000002c46c10 code [0x0000000002c47700, 0x0000000002c4e5f0]
Event: 6.154 Thread 0x0000000014c3c000 1596       4       com.android.dx.ssa.NormalSsaInsn::accept (25 bytes)

GC Heap History (6 events):
Event: 2.091 GC heap before
{Heap before GC invocations=1 (full 0):
 PSYoungGen      total 18944K, used 16384K [0x00000000eab00000, 0x00000000ec000000, 0x0000000100000000)
  eden space 16384K, 100% used [0x00000000eab00000,0x00000000ebb00000,0x00000000ebb00000)
  from space 2560K, 0% used [0x00000000ebd80000,0x00000000ebd80000,0x00000000ec000000)
  to   space 2560K, 0% used [0x00000000ebb00000,0x00000000ebb00000,0x00000000ebd80000)
 ParOldGen       total 44032K, used 0K [0x00000000c0000000, 0x00000000c2b00000, 0x00000000eab00000)
  object space 44032K, 0% used [0x00000000c0000000,0x00000000c0000000,0x00000000c2b00000)
 Metaspace       used 5606K, capacity 6768K, committed 7040K, reserved 1056768K
  class space    used 561K, capacity 616K, committed 640K, reserved 1048576K
Event: 2.193 GC heap after
Heap after GC invocations=1 (full 0):
 PSYoungGen      total 18944K, used 2537K [0x00000000eab00000, 0x00000000ed000000, 0x0000000100000000)
  eden space 16384K, 0% used [0x00000000eab00000,0x00000000eab00000,0x00000000ebb00000)
  from space 2560K, 99% used [0x00000000ebb00000,0x00000000ebd7a470,0x00000000ebd80000)
  to   space 2560K, 0% used [0x00000000ecd80000,0x00000000ecd80000,0x00000000ed000000)
 ParOldGen       total 44032K, used 1332K [0x00000000c0000000, 0x00000000c2b00000, 0x00000000eab00000)
  object space 44032K, 3% used [0x00000000c0000000,0x00000000c014d250,0x00000000c2b00000)
 Metaspace       used 5606K, capacity 6768K, committed 7040K, reserved 1056768K
  class space    used 561K, capacity 616K, committed 640K, reserved 1048576K
}
Event: 3.102 GC heap before
{Heap before GC invocations=2 (full 0):
 PSYoungGen      total 18944K, used 18921K [0x00000000eab00000, 0x00000000ed000000, 0x0000000100000000)
  eden space 16384K, 100% used [0x00000000eab00000,0x00000000ebb00000,0x00000000ebb00000)
  from space 2560K, 99% used [0x00000000ebb00000,0x00000000ebd7a470,0x00000000ebd80000)
  to   space 2560K, 0% used [0x00000000ecd80000,0x00000000ecd80000,0x00000000ed000000)
 ParOldGen       total 44032K, used 1332K [0x00000000c0000000, 0x00000000c2b00000, 0x00000000eab00000)
  object space 44032K, 3% used [0x00000000c0000000,0x00000000c014d250,0x00000000c2b00000)
 Metaspace       used 5865K, capacity 6960K, committed 7040K, reserved 1056768K
  class space    used 564K, capacity 616K, committed 640K, reserved 1048576K
Event: 3.593 GC heap after
Heap after GC invocations=2 (full 0):
 PSYoungGen      total 35328K, used 2535K [0x00000000eab00000, 0x00000000ed000000, 0x0000000100000000)
  eden space 32768K, 0% used [0x00000000eab00000,0x00000000eab00000,0x00000000ecb00000)
  from space 2560K, 99% used [0x00000000ecd80000,0x00000000ecff9c98,0x00000000ed000000)
  to   space 2560K, 0% used [0x00000000ecb00000,0x00000000ecb00000,0x00000000ecd80000)
 ParOldGen       total 44032K, used 3326K [0x00000000c0000000, 0x00000000c2b00000, 0x00000000eab00000)
  object space 44032K, 7% used [0x00000000c0000000,0x00000000c033fb90,0x00000000c2b00000)
 Metaspace       used 5865K, capacity 6960K, committed 7040K, reserved 1056768K
  class space    used 564K, capacity 616K, committed 640K, reserved 1048576K
}
Event: 5.633 GC heap before
{Heap before GC invocations=3 (full 0):
 PSYoungGen      total 35328K, used 35303K [0x00000000eab00000, 0x00000000ed000000, 0x0000000100000000)
  eden space 32768K, 100% used [0x00000000eab00000,0x00000000ecb00000,0x00000000ecb00000)
  from space 2560K, 99% used [0x00000000ecd80000,0x00000000ecff9c98,0x00000000ed000000)
  to   space 2560K, 0% used [0x00000000ecb00000,0x00000000ecb00000,0x00000000ecd80000)
 ParOldGen       total 44032K, used 3326K [0x00000000c0000000, 0x00000000c2b00000, 0x00000000eab00000)
  object space 44032K, 7% used [0x00000000c0000000,0x00000000c033fb90,0x00000000c2b00000)
 Metaspace       used 6018K, capacity 7088K, committed 7296K, reserved 1056768K
  class space    used 564K, capacity 616K, committed 640K, reserved 1048576K
Event: 5.704 GC heap after
Heap after GC invocations=3 (full 0):
 PSYoungGen      total 35328K, used 2528K [0x00000000eab00000, 0x00000000ef000000, 0x0000000100000000)
  eden space 32768K, 0% used [0x00000000eab00000,0x00000000eab00000,0x00000000ecb00000)
  from space 2560K, 98% used [0x00000000ecb00000,0x00000000ecd78010,0x00000000ecd80000)
  to   space 2560K, 0% used [0x00000000eed80000,0x00000000eed80000,0x00000000ef000000)
 ParOldGen       total 44032K, used 8588K [0x00000000c0000000, 0x00000000c2b00000, 0x00000000eab00000)
  object space 44032K, 19% used [0x00000000c0000000,0x00000000c0863070,0x00000000c2b00000)
 Metaspace       used 6018K, capacity 7088K, committed 7296K, reserved 1056768K
  class space    used 564K, capacity 616K, committed 640K, reserved 1048576K
}

Deoptimization events (10 events):
Event: 4.625 Thread 0x000000001680c800 Uncommon trap: reason=uninitialized action=reinterpret pc=0x0000000002b33ac8 method=com.android.dx.cf.code.BytecodeArray.parseInstruction(ILcom/android/dx/cf/code/BytecodeArray$Visitor;)I @ 1031
Event: 4.661 Thread 0x000000001680c800 Uncommon trap: reason=bimorphic action=maybe_recompile pc=0x0000000002a40304 method=java.util.HashMap.putVal(ILjava/lang/Object;Ljava/lang/Object;ZZ)Ljava/lang/Object; @ 91
Event: 4.816 Thread 0x000000001680c800 Uncommon trap: reason=unstable_if action=reinterpret pc=0x0000000002975d5c method=com.android.dx.ssa.SsaMethod.updateOneDefinition(Lcom/android/dx/ssa/SsaInsn;Lcom/android/dx/rop/code/RegisterSpec;)V @ 4
Event: 5.454 Thread 0x000000001680c800 Uncommon trap: reason=unstable_if action=reinterpret pc=0x000000000288fa1c method=com.android.dx.rop.cst.Constant.compareTo(Lcom/android/dx/rop/cst/Constant;)I @ 12
Event: 5.461 Thread 0x00000000167f4000 Uncommon trap: reason=null_check action=make_not_entrant pc=0x0000000002ac984c method=com.android.dx.ssa.SsaRenamer.getLocalForNewReg(I)Lcom/android/dx/rop/code/LocalItem; @ 19
Event: 5.984 Thread 0x00000000167eb000 Uncommon trap: reason=bimorphic action=maybe_recompile pc=0x0000000002a40304 method=java.util.HashMap.putVal(ILjava/lang/Object;Ljava/lang/Object;ZZ)Ljava/lang/Object; @ 91
Event: 5.984 Thread 0x00000000167eb000 Uncommon trap: reason=bimorphic action=maybe_recompile pc=0x0000000002a40304 method=java.util.HashMap.putVal(ILjava/lang/Object;Ljava/lang/Object;ZZ)Ljava/lang/Object; @ 91
Event: 5.992 Thread 0x00000000167eb000 Uncommon trap: reason=bimorphic action=maybe_recompile pc=0x0000000002a40304 method=java.util.HashMap.putVal(ILjava/lang/Object;Ljava/lang/Object;ZZ)Ljava/lang/Object; @ 91
Event: 5.992 Thread 0x00000000167eb000 Uncommon trap: reason=unstable_if action=reinterpret pc=0x00000000027b9670 method=java.util.HashMap.getNode(ILjava/lang/Object;)Ljava/util/HashMap$Node; @ 62
Event: 5.993 Thread 0x00000000167eb000 Uncommon trap: reason=unstable_if action=reinterpret pc=0x0000000002bef778 method=com.android.dx.util.BitIntSet.has(I)Z @ 8

Internal exceptions (4 events):
Event: 0.504 Thread 0x00000000023d0800 Exception <a 'java/lang/NoSuchMethodError': Method sun.misc.Unsafe.defineClass(Ljava/lang/String;[BII)Ljava/lang/Class; name or signature does not match> (0x00000000eab07cc0) thrown at [C:\src\android\AOSP-openjdk\external\jetbrains\jdk\hotspot\src\share\v–Õ6Yÿ"à?
Event: 0.504 Thread 0x00000000023d0800 Exception <a 'java/lang/NoSuchMethodError': Method sun.misc.Unsafe.prefetchRead(Ljava/lang/Object;J)V name or signature does not match> (0x00000000eab07fa8) thrown at [C:\src\android\AOSP-openjdk\external\jetbrains\jdk\hotspot\src\share\vm\prims\jni.cpp, lÔÒØM,@
Event: 3.772 Thread 0x00000000167f4000 Implicit null exception at 0x0000000002a76c86 to 0x0000000002a784e9
Event: 5.461 Thread 0x00000000167f4000 Implicit null exception at 0x0000000002ac74a9 to 0x0000000002ac9819

Events (10 events):
Event: 5.992 Thread 0x00000000167eb000 DEOPT PACKING pc=0x0000000002a40304 sp=0x0000000016c8e5b0
Event: 5.992 Thread 0x00000000167eb000 DEOPT UNPACKING pc=0x00000000025b556a sp=0x0000000016c8e538 mode 2
Event: 5.992 Thread 0x00000000167eb000 Uncommon trap: trap_request=0xffffff65 fr.pc=0x00000000027b9670
Event: 5.992 Thread 0x00000000167eb000 DEOPT PACKING pc=0x00000000027b9670 sp=0x0000000016c8e2a0
Event: 5.992 Thread 0x00000000167eb000 DEOPT UNPACKING pc=0x00000000025b556a sp=0x0000000016c8e1c0 mode 2
Event: 5.993 Thread 0x00000000167eb000 Uncommon trap: trap_request=0xffffff65 fr.pc=0x0000000002bef778
Event: 5.993 Thread 0x00000000167eb000 DEOPT PACKING pc=0x0000000002bef778 sp=0x0000000016c8e5c0
Event: 5.993 Thread 0x00000000167eb000 DEOPT UNPACKING pc=0x00000000025b556a sp=0x0000000016c8e4f8 mode 2
Event: 6.027 Thread 0x00000000167eb000 DEOPT PACKING pc=0x0000000002889813 sp=0x0000000016c8e6a0
Event: 6.027 Thread 0x00000000167eb000 DEOPT UNPACKING pc=0x00000000025b75bf sp=0x0000000016c8e468 mode 0


Dynamic libraries:
0x00007ff79c6e0000 - 0x00007ff79c711000 	C:\Program Files\Android\Android Studio\jre\bin\java.exe
0x00007ffec4170000 - 0x00007ffec431d000 	C:\windows\SYSTEM32\ntdll.dll
0x00007ffec0840000 - 0x00007ffec097e000 	C:\windows\system32\KERNEL32.DLL
0x00007ffeb2b30000 - 0x00007ffeb2b63000 	C:\Program Files (x86)\AVG\Av\avghooka.dll
0x00007ffec0250000 - 0x00007ffec0365000 	C:\windows\system32\KERNELBASE.dll
0x00007ffec2b10000 - 0x00007ffec2bba000 	C:\windows\system32\ADVAPI32.dll
0x00007ffec2bc0000 - 0x00007ffec2d37000 	C:\windows\system32\USER32.dll
0x00007ffebe120000 - 0x00007ffebe39b000 	C:\windows\WinSxS\amd64_microsoft.windows.common-controls_6595b64144ccf1df_6.0.9600.18006_none_623f33d3ecbe86e8\COMCTL32.dll
0x00007ffec2440000 - 0x00007ffec24ea000 	C:\windows\system32\msvcrt.dll
0x00007ffec0650000 - 0x00007ffec06a9000 	C:\windows\SYSTEM32\sechost.dll
0x00007ffec0700000 - 0x00007ffec0840000 	C:\windows\system32\RPCRT4.dll
0x00007ffec0500000 - 0x00007ffec064f000 	C:\windows\system32\GDI32.dll
0x00007ffec04d0000 - 0x00007ffec04fe000 	C:\windows\system32\SspiCli.dll
0x00007ffec06b0000 - 0x00007ffec06e6000 	C:\windows\system32\IMM32.DLL
0x00007ffec24f0000 - 0x00007ffec2642000 	C:\windows\system32\MSCTF.dll
0x0000000059a30000 - 0x0000000059b02000 	C:\Program Files\Android\Android Studio\jre\jre\bin\msvcr100.dll
0x0000000059bf0000 - 0x000000005a424000 	C:\Program Files\Android\Android Studio\jre\jre\bin\server\jvm.dll
0x00007ffeb83e0000 - 0x00007ffeb83e9000 	C:\windows\SYSTEM32\WSOCK32.dll
0x00007ffeb3050000 - 0x00007ffeb3072000 	C:\windows\SYSTEM32\WINMM.dll
0x00007ffeb95f0000 - 0x00007ffeb95fa000 	C:\windows\SYSTEM32\VERSION.dll
0x00007ffec2e70000 - 0x00007ffec2e77000 	C:\windows\system32\PSAPI.DLL
0x00007ffec2e00000 - 0x00007ffec2e5a000 	C:\windows\system32\WS2_32.dll
0x00007ffeb3020000 - 0x00007ffeb304a000 	C:\windows\SYSTEM32\WINMMBASE.dll
0x00007ffec06f0000 - 0x00007ffec06f9000 	C:\windows\system32\NSI.dll
0x00007ffec0480000 - 0x00007ffec04cf000 	C:\windows\SYSTEM32\cfgmgr32.dll
0x00007ffebedf0000 - 0x00007ffebee18000 	C:\windows\SYSTEM32\DEVOBJ.dll
0x00007ffebad80000 - 0x00007ffebad8f000 	C:\Program Files\Android\Android Studio\jre\jre\bin\verify.dll
0x00007ffeb53f0000 - 0x00007ffeb5419000 	C:\Program Files\Android\Android Studio\jre\jre\bin\java.dll
0x00007ffeb53d0000 - 0x00007ffeb53e6000 	C:\Program Files\Android\Android Studio\jre\jre\bin\zip.dll
0x00007ffec0cd0000 - 0x00007ffec21f8000 	C:\windows\system32\SHELL32.dll
0x00007ffec2220000 - 0x00007ffec2431000 	C:\windows\SYSTEM32\combase.dll
0x00007ffec2650000 - 0x00007ffec26a4000 	C:\windows\system32\SHLWAPI.dll
0x00007ffebe800000 - 0x00007ffebe8b2000 	C:\windows\SYSTEM32\SHCORE.dll
0x00007ffebffa0000 - 0x00007ffebffb5000 	C:\windows\SYSTEM32\profapi.dll

VM Arguments:
jvm_args: -Djava.awt.headless=true -Xmx1024M -Dfile.encoding=windows-1252 -Duser.country=US -Duser.language=en -Duser.variant 
java_command: com.android.dx.command.Main --dex --force-jumbo --num-threads=4 --multi-dex --output C:\Users\annie_000.TRINHVU-TABLET\Downloads\final-project-aipom\app\build\intermediates\transforms\dex\debug\folders\1000\10\com.android.support-support-media-compat-24.2.1_e4fb3fc7b7dc813e44ffe8b67469265f9289c857 C:\Users\annie_000.TRINHVU-TABLET\Downloads\final-project-aipom\app\build\intermediates\exploded-aar\com.android.support\support-media-compat\24.2.1\jars\classes.jar
java_class_path (initial): C:\Users\annie_000.TRINHVU-TABLET\AppData\Local\Android\sdk\build-tools\25.0.0\lib\dx.jar
Launcher Type: SUN_STANDARD

Environment Variables:
PATH=C:\windows\system32;C:\windows;C:\windows\System32\Wbem;C:\windows\System32\WindowsPowerShell\v1.0\;C:\Program Files\Git\cmd
USERNAME=annie_000
OS=Windows_NT
PROCESSOR_IDENTIFIER=Intel64 Family 6 Model 69 Stepping 1, GenuineIntel



---------------  S Y S T E M  ---------------

OS: Windows 8.1 , 64 bit Build 9600 (6.3.9600.17415)

CPU:total 4 (2 cores per cpu, 2 threads per core) family 6 model 69 stepping 1, cmov, cx8, fxsr, mmx, sse, sse2, sse3, ssse3, sse4.1, sse4.2, popcnt, avx, avx2, aes, clmul, erms, lzcnt, ht, tsc, tscinvbit, bmi1, bmi2

Memory: 4k page, physical 4112428k(276100k free), swap 7258156k(5760k free)

vm_info: OpenJDK 64-Bit Server VM (25.76-b03) for windows-amd64 JRE (1.8.0_76-release-b03), built on Jun 29 2016 19:09:20 by "ralucas" with MS VC++ 10.0 (VS2010)

time: Tue Nov 01 21:32:33 2016
elapsed time: 6 seconds (0d 0h 0m 6s)

