#
# There is insufficient memory for the Java Runtime Environment to continue.
# Native memory allocation (malloc) failed to allocate 1052816 bytes for Chunk::new
# Possible reasons:
#   The system is out of physical RAM or swap space
#   In 32 bit mode, the process size limit was hit
# Possible solutions:
#   Reduce memory load on the system
#   Increase physical memory or swap space
#   Check if swap backing store is full
#   Use 64 bit Java on a 64 bit OS
#   Decrease Java heap size (-Xmx/-Xms)
#   Decrease number of Java threads
#   Decrease Java thread stack sizes (-Xss)
#   Set larger code cache with -XX:ReservedCodeCacheSize=
# This output file may be truncated or incomplete.
#
#  Out of Memory Error (allocation.cpp:390), pid=6180, tid=0x00000000000003d0
#
# JRE version: OpenJDK Runtime Environment (8.0_76-b03) (build 1.8.0_76-release-b03)
# Java VM: OpenJDK 64-Bit Server VM (25.76-b03 mixed mode windows-amd64 compressed oops)
# Failed to write core dump. Minidumps are not enabled by default on client versions of Windows
#

---------------  T H R E A D  ---------------

Current thread (0x000000001468d800):  JavaThread "C2 CompilerThread1" daemon [_thread_in_native, id=976, stack(0x0000000015dc0000,0x0000000015ec0000)]

Stack: [0x0000000015dc0000,0x0000000015ec0000]
[error occurred during error reporting (printing stack bounds), id 0xc0000005]

Native frames: (J=compiled Java code, j=interpreted, Vv=VM code, C=native code)


Current CompileTask:
C2:   9628 1777   !   4       com.android.dx.cf.code.BytecodeArray::parseInstruction (2764 bytes)


---------------  P R O C E S S  ---------------

Java Threads: ( => current thread )
  0x0000000016265000 JavaThread "pool-2-thread-4" [_thread_in_Java, id=7432, stack(0x00000000169c0000,0x0000000016ac0000)]
  0x000000001625e000 JavaThread "pool-2-thread-3" [_thread_in_Java, id=3852, stack(0x00000000168c0000,0x00000000169c0000)]
  0x0000000016303000 JavaThread "pool-2-thread-2" [_thread_in_Java, id=6872, stack(0x00000000167c0000,0x00000000168c0000)]
  0x0000000016301800 JavaThread "pool-3-thread-1" [_thread_blocked, id=7384, stack(0x00000000166c0000,0x00000000167c0000)]
  0x00000000162fc000 JavaThread "pool-2-thread-1" [_thread_in_Java, id=5644, stack(0x00000000165c0000,0x00000000166c0000)]
  0x0000000015fc2800 JavaThread "Service Thread" daemon [_thread_blocked, id=3272, stack(0x00000000163c0000,0x00000000164c0000)]
  0x00000000146e6000 JavaThread "C1 CompilerThread2" daemon [_thread_blocked, id=1372, stack(0x0000000015ec0000,0x0000000015fc0000)]
=>0x000000001468d800 JavaThread "C2 CompilerThread1" daemon [_thread_in_native, id=976, stack(0x0000000015dc0000,0x0000000015ec0000)]
  0x000000001468b000 JavaThread "C2 CompilerThread0" daemon [_thread_in_native, id=1884, stack(0x0000000015cc0000,0x0000000015dc0000)]
  0x000000001468a000 JavaThread "Attach Listener" daemon [_thread_blocked, id=2924, stack(0x0000000015bc0000,0x0000000015cc0000)]
  0x0000000014688800 JavaThread "Signal Dispatcher" daemon [_thread_blocked, id=2792, stack(0x0000000015ac0000,0x0000000015bc0000)]
  0x0000000001f9b000 JavaThread "Finalizer" daemon [_thread_blocked, id=7628, stack(0x00000000158e0000,0x00000000159e0000)]
  0x0000000001f8f800 JavaThread "Reference Handler" daemon [_thread_blocked, id=7324, stack(0x00000000157e0000,0x00000000158e0000)]
  0x0000000001ea0800 JavaThread "main" [_thread_in_Java, id=3824, stack(0x0000000001d90000,0x0000000001e90000)]

Other Threads:
  0x0000000014656800 VMThread [stack: 0x00000000156e0000,0x00000000157e0000] [id=1948]
  0x0000000015fc4800 WatcherThread [stack: 0x00000000164c0000,0x00000000165c0000] [id=7912]

VM state:not at safepoint (normal execution)

VM Mutex/Monitor currently owned by a thread: None

Heap:
 PSYoungGen      total 68096K, used 24549K [0x00000000eab00000, 0x00000000ef000000, 0x0000000100000000)
  eden space 65536K, 33% used [0x00000000eab00000,0x00000000ec07b8b8,0x00000000eeb00000)
  from space 2560K, 99% used [0x00000000eed80000,0x00000000eeffdc98,0x00000000ef000000)
  to   space 2560K, 0% used [0x00000000eeb00000,0x00000000eeb00000,0x00000000eed80000)
 ParOldGen       total 44032K, used 14451K [0x00000000c0000000, 0x00000000c2b00000, 0x00000000eab00000)
  object space 44032K, 32% used [0x00000000c0000000,0x00000000c0e1ce58,0x00000000c2b00000)
 Metaspace       used 6257K, capacity 7152K, committed 7296K, reserved 1056768K
  class space    used 579K, capacity 616K, committed 640K, reserved 1048576K

Card table byte_map: [0x0000000011380000,0x0000000011590000] byte_map_base: 0x0000000010d80000

Marking Bits: (ParMarkBitMap*) 0x0000000069999d00
 Begin Bits: [0x0000000011af0000, 0x0000000012af0000)
 End Bits:   [0x0000000012af0000, 0x0000000013af0000)

Polling page: 0x00000000005f0000

CodeCache: size=245760Kb used=8392Kb max_used=8392Kb free=237367Kb
 bounds [0x0000000001fc0000, 0x0000000002800000, 0x0000000010fc0000]
 total_blobs=2110 nmethods=1841 adapters=182
 compilation: enabled

Compilation events (10 events):
Event: 9.599 Thread 0x00000000146e6000 1861   !   3       com.android.dx.cf.attrib.AttExceptions::<init> (45 bytes)
Event: 9.600 Thread 0x00000000146e6000 nmethod 1861 0x00000000027efc10 code [0x00000000027efdc0, 0x00000000027f02e8]
Event: 9.600 Thread 0x00000000146e6000 1862       3       com.android.dx.cf.attrib.AttExceptions::byteLength (15 bytes)
Event: 9.600 Thread 0x00000000146e6000 nmethod 1862 0x00000000027f0590 code [0x00000000027f0700, 0x00000000027f0928]
Event: 9.602 Thread 0x00000000146e6000 1863       3       com.android.dx.cf.direct.StdAttributeFactory::exceptions (105 bytes)
Event: 9.603 Thread 0x00000000146e6000 nmethod 1863 0x00000000027f09d0 code [0x00000000027f0cc0, 0x00000000027f21f8]
Event: 9.611 Thread 0x00000000146e6000 1865   !   3       com.android.dx.cf.direct.DirectClassFile$DcfTypeList::<init> (137 bytes)
Event: 9.614 Thread 0x00000000146e6000 nmethod 1865 0x00000000027f3090 code [0x00000000027f3480, 0x00000000027f5778]
Event: 9.620 Thread 0x00000000146e6000 1867       3       com.android.dx.dex.file.AnnotationUtils::makeCstArray (57 bytes)
Event: 9.621 Thread 0x00000000146e6000 nmethod 1867 0x00000000027f7690 code [0x00000000027f7900, 0x00000000027f89b8]

GC Heap History (8 events):
Event: 1.918 GC heap before
{Heap before GC invocations=1 (full 0):
 PSYoungGen      total 18944K, used 16384K [0x00000000eab00000, 0x00000000ec000000, 0x0000000100000000)
  eden space 16384K, 100% used [0x00000000eab00000,0x00000000ebb00000,0x00000000ebb00000)
  from space 2560K, 0% used [0x00000000ebd80000,0x00000000ebd80000,0x00000000ec000000)
  to   space 2560K, 0% used [0x00000000ebb00000,0x00000000ebb00000,0x00000000ebd80000)
 ParOldGen       total 44032K, used 0K [0x00000000c0000000, 0x00000000c2b00000, 0x00000000eab00000)
  object space 44032K, 0% used [0x00000000c0000000,0x00000000c0000000,0x00000000c2b00000)
 Metaspace       used 5669K, capacity 6640K, committed 6784K, reserved 1056768K
  class space    used 574K, capacity 616K, committed 640K, reserved 1048576K
Event: 2.312 GC heap after
Heap after GC invocations=1 (full 0):
 PSYoungGen      total 18944K, used 2538K [0x00000000eab00000, 0x00000000ed000000, 0x0000000100000000)
  eden space 16384K, 0% used [0x00000000eab00000,0x00000000eab00000,0x00000000ebb00000)
  from space 2560K, 99% used [0x00000000ebb00000,0x00000000ebd7a960,0x00000000ebd80000)
  to   space 2560K, 0% used [0x00000000ecd80000,0x00000000ecd80000,0x00000000ed000000)
 ParOldGen       total 44032K, used 1458K [0x00000000c0000000, 0x00000000c2b00000, 0x00000000eab00000)
  object space 44032K, 3% used [0x00000000c0000000,0x00000000c016ca90,0x00000000c2b00000)
 Metaspace       used 5669K, capacity 6640K, committed 6784K, reserved 1056768K
  class space    used 574K, capacity 616K, committed 640K, reserved 1048576K
}
Event: 3.791 GC heap before
{Heap before GC invocations=2 (full 0):
 PSYoungGen      total 18944K, used 18922K [0x00000000eab00000, 0x00000000ed000000, 0x0000000100000000)
  eden space 16384K, 100% used [0x00000000eab00000,0x00000000ebb00000,0x00000000ebb00000)
  from space 2560K, 99% used [0x00000000ebb00000,0x00000000ebd7a960,0x00000000ebd80000)
  to   space 2560K, 0% used [0x00000000ecd80000,0x00000000ecd80000,0x00000000ed000000)
 ParOldGen       total 44032K, used 1458K [0x00000000c0000000, 0x00000000c2b00000, 0x00000000eab00000)
  object space 44032K, 3% used [0x00000000c0000000,0x00000000c016ca90,0x00000000c2b00000)
 Metaspace       used 5957K, capacity 6896K, committed 7040K, reserved 1056768K
  class space    used 574K, capacity 616K, committed 640K, reserved 1048576K
Event: 4.162 GC heap after
Heap after GC invocations=2 (full 0):
 PSYoungGen      total 35328K, used 2555K [0x00000000eab00000, 0x00000000ed000000, 0x0000000100000000)
  eden space 32768K, 0% used [0x00000000eab00000,0x00000000eab00000,0x00000000ecb00000)
  from space 2560K, 99% used [0x00000000ecd80000,0x00000000ecffee90,0x00000000ed000000)
  to   space 2560K, 0% used [0x00000000ecb00000,0x00000000ecb00000,0x00000000ecd80000)
 ParOldGen       total 44032K, used 4074K [0x00000000c0000000, 0x00000000c2b00000, 0x00000000eab00000)
  object space 44032K, 9% used [0x00000000c0000000,0x00000000c03fa950,0x00000000c2b00000)
 Metaspace       used 5957K, capacity 6896K, committed 7040K, reserved 1056768K
  class space    used 574K, capacity 616K, committed 640K, reserved 1048576K
}
Event: 5.892 GC heap before
{Heap before GC invocations=3 (full 0):
 PSYoungGen      total 35328K, used 35323K [0x00000000eab00000, 0x00000000ed000000, 0x0000000100000000)
  eden space 32768K, 100% used [0x00000000eab00000,0x00000000ecb00000,0x00000000ecb00000)
  from space 2560K, 99% used [0x00000000ecd80000,0x00000000ecffee90,0x00000000ed000000)
  to   space 2560K, 0% used [0x00000000ecb00000,0x00000000ecb00000,0x00000000ecd80000)
 ParOldGen       total 44032K, used 4074K [0x00000000c0000000, 0x00000000c2b00000, 0x00000000eab00000)
  object space 44032K, 9% used [0x00000000c0000000,0x00000000c03fa950,0x00000000c2b00000)
 Metaspace       used 6134K, capacity 7088K, committed 7296K, reserved 1056768K
  class space    used 575K, capacity 616K, committed 640K, reserved 1048576K
Event: 6.174 GC heap after
Heap after GC invocations=3 (full 0):
 PSYoungGen      total 35328K, used 2535K [0x00000000eab00000, 0x00000000ef000000, 0x0000000100000000)
  eden space 32768K, 0% used [0x00000000eab00000,0x00000000eab00000,0x00000000ecb00000)
  from space 2560K, 99% used [0x00000000ecb00000,0x00000000ecd79c48,0x00000000ecd80000)
  to   space 2560K, 0% used [0x00000000eed80000,0x00000000eed80000,0x00000000ef000000)
 ParOldGen       total 44032K, used 9600K [0x00000000c0000000, 0x00000000c2b00000, 0x00000000eab00000)
  object space 44032K, 21% used [0x00000000c0000000,0x00000000c0960078,0x00000000c2b00000)
 Metaspace       used 6134K, capacity 7088K, committed 7296K, reserved 1056768K
  class space    used 575K, capacity 616K, committed 640K, reserved 1048576K
}
Event: 8.882 GC heap before
{Heap before GC invocations=4 (full 0):
 PSYoungGen      total 35328K, used 35303K [0x00000000eab00000, 0x00000000ef000000, 0x0000000100000000)
  eden space 32768K, 100% used [0x00000000eab00000,0x00000000ecb00000,0x00000000ecb00000)
  from space 2560K, 99% used [0x00000000ecb00000,0x00000000ecd79c48,0x00000000ecd80000)
  to   space 2560K, 0% used [0x00000000eed80000,0x00000000eed80000,0x00000000ef000000)
 ParOldGen       total 44032K, used 9600K [0x00000000c0000000, 0x00000000c2b00000, 0x00000000eab00000)
  object space 44032K, 21% used [0x00000000c0000000,0x00000000c0960078,0x00000000c2b00000)
 Metaspace       used 6217K, capacity 7152K, committed 7296K, reserved 1056768K
  class space    used 579K, capacity 616K, committed 640K, reserved 1048576K
Event: 9.289 GC heap after
Heap after GC invocations=4 (full 0):
 PSYoungGen      total 68096K, used 2551K [0x00000000eab00000, 0x00000000ef000000, 0x0000000100000000)
  eden space 65536K, 0% used [0x00000000eab00000,0x00000000eab00000,0x00000000eeb00000)
  from space 2560K, 99% used [0x00000000eed80000,0x00000000eeffdc98,0x00000000ef000000)
  to   space 2560K, 0% used [0x00000000eeb00000,0x00000000eeb00000,0x00000000eed80000)
 ParOldGen       total 44032K, used 14451K [0x00000000c0000000, 0x00000000c2b00000, 0x00000000eab00000)
  object space 44032K, 32% used [0x00000000c0000000,0x00000000c0e1ce58,0x00000000c2b00000)
 Metaspace       used 6217K, capacity 7152K, committed 7296K, reserved 1056768K
  class space    used 579K, capacity 616K, committed 640K, reserved 1048576K
}

Deoptimization events (10 events):
Event: 6.484 Thread 0x0000000016303000 Uncommon trap: reason=unloaded action=reinterpret pc=0x000000000260107c method=com.android.dx.ssa.LiteralOpUpgrader$1.visitNonMoveInsn(Lcom/android/dx/ssa/NormalSsaInsn;)V @ 72
Event: 6.484 Thread 0x0000000016303000 Uncommon trap: reason=unstable_if action=reinterpret pc=0x00000000023e7a1c method=com.android.dx.ssa.SsaMethod.updateOneDefinition(Lcom/android/dx/ssa/SsaInsn;Lcom/android/dx/rop/code/RegisterSpec;)V @ 4
Event: 6.519 Thread 0x000000001625e000 Uncommon trap: reason=unstable_if action=reinterpret pc=0x0000000002663640 method=com.android.dx.util.MutabilityControl.isImmutable()Z @ 4
Event: 6.553 Thread 0x00000000162fc000 Uncommon trap: reason=unstable_if action=reinterpret pc=0x00000000024c3404 method=com.android.dx.cf.code.BytecodeArray.parseInstruction(ILcom/android/dx/cf/code/BytecodeArray$Visitor;)I @ 1198
Event: 7.155 Thread 0x0000000016265000 Uncommon trap: reason=unstable_if action=reinterpret pc=0x00000000026d6ab4 method=com.android.dx.cf.code.RopperMachine.run(Lcom/android/dx/cf/code/Frame;II)V @ 1500
Event: 9.505 Thread 0x0000000016265000 Uncommon trap: reason=unstable_if action=reinterpret pc=0x00000000024b44c0 method=com.android.dx.ssa.SCCP.simulateStmt(Lcom/android/dx/ssa/SsaInsn;)V @ 59
Event: 9.526 Thread 0x0000000016265000 Uncommon trap: reason=class_check action=maybe_recompile pc=0x000000000274273c method=com.android.dx.cf.code.Ropper.processBlock(Lcom/android/dx/cf/code/ByteBlock;Lcom/android/dx/cf/code/Frame;[I)V @ 777
Event: 9.526 Thread 0x0000000016265000 Uncommon trap: reason=class_check action=maybe_recompile pc=0x000000000274273c method=com.android.dx.cf.code.Ropper.processBlock(Lcom/android/dx/cf/code/ByteBlock;Lcom/android/dx/cf/code/Frame;[I)V @ 777
Event: 9.527 Thread 0x0000000016265000 Uncommon trap: reason=class_check action=maybe_recompile pc=0x000000000274273c method=com.android.dx.cf.code.Ropper.processBlock(Lcom/android/dx/cf/code/ByteBlock;Lcom/android/dx/cf/code/Frame;[I)V @ 777
Event: 9.527 Thread 0x0000000016265000 Uncommon trap: reason=class_check action=maybe_recompile pc=0x000000000274273c method=com.android.dx.cf.code.Ropper.processBlock(Lcom/android/dx/cf/code/ByteBlock;Lcom/android/dx/cf/code/Frame;[I)V @ 777

Internal exceptions (2 events):
Event: 0.041 Thread 0x0000000001ea0800 Exception <a 'java/lang/NoSuchMethodError': Method sun.misc.Unsafe.defineClass(Ljava/lang/String;[BII)Ljava/lang/Class; name or signature does not match> (0x00000000eab07cc0) thrown at [C:\src\android\AOSP-openjdk\external\jetbrains\jdk\hotspot\src\share\vB²rqR÷¤?
Event: 0.041 Thread 0x0000000001ea0800 Exception <a 'java/lang/NoSuchMethodError': Method sun.misc.Unsafe.prefetchRead(Ljava/lang/Object;J)V name or signature does not match> (0x00000000eab07fa8) thrown at [C:\src\android\AOSP-openjdk\external\jetbrains\jdk\hotspot\src\share\vm\prims\jni.cpp, l

Events (10 events):
Event: 9.526 Thread 0x0000000016265000 DEOPT PACKING pc=0x000000000274273c sp=0x0000000016abea00
Event: 9.527 Thread 0x0000000016265000 DEOPT UNPACKING pc=0x000000000200556a sp=0x0000000016abe9e8 mode 2
Event: 9.527 Thread 0x0000000016265000 Uncommon trap: trap_request=0xffffffde fr.pc=0x000000000274273c
Event: 9.527 Thread 0x0000000016265000 DEOPT PACKING pc=0x000000000274273c sp=0x0000000016abea00
Event: 9.527 Thread 0x0000000016265000 DEOPT UNPACKING pc=0x000000000200556a sp=0x0000000016abe9e8 mode 2
Event: 9.527 Thread 0x0000000016265000 Uncommon trap: trap_request=0xffffffde fr.pc=0x000000000274273c
Event: 9.527 Thread 0x0000000016265000 DEOPT PACKING pc=0x000000000274273c sp=0x0000000016abea00
Event: 9.527 Thread 0x0000000016265000 DEOPT UNPACKING pc=0x000000000200556a sp=0x0000000016abe9e8 mode 2
Event: 9.586 Thread 0x0000000016303000 DEOPT PACKING pc=0x000000000236424a sp=0x00000000168be680
Event: 9.586 Thread 0x0000000016303000 DEOPT UNPACKING pc=0x00000000020075bf sp=0x00000000168be4c0 mode 0


Dynamic libraries:
0x00007ff665610000 - 0x00007ff665641000 	C:\Program Files\Android\Android Studio\jre\bin\java.exe
0x00007ffd52e90000 - 0x00007ffd5303d000 	C:\windows\SYSTEM32\ntdll.dll
0x00007ffd51320000 - 0x00007ffd5145e000 	C:\windows\system32\KERNEL32.DLL
0x00007ffd416a0000 - 0x00007ffd416d3000 	C:\Program Files (x86)\AVG\Av\avghooka.dll
0x00007ffd4f020000 - 0x00007ffd4f135000 	C:\windows\system32\KERNELBASE.dll
0x00007ffd50ea0000 - 0x00007ffd50f4a000 	C:\windows\system32\ADVAPI32.dll
0x00007ffd50b90000 - 0x00007ffd50d07000 	C:\windows\system32\USER32.dll
0x00007ffd4c950000 - 0x00007ffd4cbcb000 	C:\windows\WinSxS\amd64_microsoft.windows.common-controls_6595b64144ccf1df_6.0.9600.18006_none_623f33d3ecbe86e8\COMCTL32.dll
0x00007ffd4f400000 - 0x00007ffd4f4aa000 	C:\windows\system32\msvcrt.dll
0x00007ffd4f5f0000 - 0x00007ffd4f649000 	C:\windows\SYSTEM32\sechost.dll
0x00007ffd4f4b0000 - 0x00007ffd4f5f0000 	C:\windows\system32\RPCRT4.dll
0x00007ffd4f2b0000 - 0x00007ffd4f3ff000 	C:\windows\system32\GDI32.dll
0x00007ffd4f140000 - 0x00007ffd4f16e000 	C:\windows\system32\SspiCli.dll
0x00007ffd512d0000 - 0x00007ffd51306000 	C:\windows\system32\IMM32.DLL
0x00007ffd50f50000 - 0x00007ffd510a2000 	C:\windows\system32\MSCTF.dll
0x0000000069020000 - 0x00000000690f2000 	C:\Program Files\Android\Android Studio\jre\jre\bin\msvcr100.dll
0x00000000691e0000 - 0x0000000069a14000 	C:\Program Files\Android\Android Studio\jre\jre\bin\server\jvm.dll
0x00007ffd408e0000 - 0x00007ffd408e9000 	C:\windows\SYSTEM32\WSOCK32.dll
0x00007ffd41e90000 - 0x00007ffd41eb2000 	C:\windows\SYSTEM32\WINMM.dll
0x00007ffd47840000 - 0x00007ffd4784a000 	C:\windows\SYSTEM32\VERSION.dll
0x00007ffd4f280000 - 0x00007ffd4f287000 	C:\windows\system32\PSAPI.DLL
0x00007ffd50d80000 - 0x00007ffd50dda000 	C:\windows\system32\WS2_32.dll
0x00007ffd41e60000 - 0x00007ffd41e8a000 	C:\windows\SYSTEM32\WINMMBASE.dll
0x00007ffd4f650000 - 0x00007ffd4f659000 	C:\windows\system32\NSI.dll
0x00007ffd4f1d0000 - 0x00007ffd4f21f000 	C:\windows\SYSTEM32\cfgmgr32.dll
0x00007ffd4daf0000 - 0x00007ffd4db18000 	C:\windows\SYSTEM32\DEVOBJ.dll
0x00007ffd49b00000 - 0x00007ffd49b0f000 	C:\Program Files\Android\Android Studio\jre\jre\bin\verify.dll
0x00007ffd41410000 - 0x00007ffd41439000 	C:\Program Files\Android\Android Studio\jre\jre\bin\java.dll
0x00007ffd41500000 - 0x00007ffd41516000 	C:\Program Files\Android\Android Studio\jre\jre\bin\zip.dll
0x00007ffd4f660000 - 0x00007ffd50b88000 	C:\windows\system32\SHELL32.dll
0x00007ffd510b0000 - 0x00007ffd512c1000 	C:\windows\SYSTEM32\combase.dll
0x00007ffd50d20000 - 0x00007ffd50d74000 	C:\windows\system32\SHLWAPI.dll
0x00007ffd4d260000 - 0x00007ffd4d312000 	C:\windows\SYSTEM32\SHCORE.dll
0x00007ffd4ecc0000 - 0x00007ffd4ecd5000 	C:\windows\SYSTEM32\profapi.dll

VM Arguments:
jvm_args: -Djava.awt.headless=true -Xmx1024M -Dfile.encoding=windows-1252 -Duser.country=US -Duser.language=en -Duser.variant 
java_command: com.android.dx.command.Main --dex --force-jumbo --num-threads=4 --multi-dex --output C:\Users\annie_000.TRINHVU-TABLET\Downloads\final-project-aipom\app\build\intermediates\transforms\dex\debug\folders\1000\10\google-http-client-1.22.0_d7089debbff23d7549fb083c9589006fc3abe200 C:\Users\annie_000.TRINHVU-TABLET\.gradle\caches\modules-2\files-2.1\com.google.http-client\google-http-client\1.22.0\d441fc58329c4a4c067acec04ac361627f66ecc8\google-http-client-1.22.0.jar
java_class_path (initial): C:\Users\annie_000.TRINHVU-TABLET\AppData\Local\Android\sdk\build-tools\25.0.0\lib\dx.jar
Launcher Type: SUN_STANDARD

Environment Variables:
PATH=C:\windows\system32;C:\windows;C:\windows\System32\Wbem;C:\windows\System32\WindowsPowerShell\v1.0\;C:\Program Files\Git\cmd
USERNAME=annie_000
OS=Windows_NT
PROCESSOR_IDENTIFIER=Intel64 Family 6 Model 69 Stepping 1, GenuineIntel



---------------  S Y S T E M  ---------------

OS: Windows 8.1 , 64 bit Build 9600 (6.3.9600.17415)

CPU:total 4 (2 cores per cpu, 2 threads per core) family 6 model 69 stepping 1, cmov, cx8, fxsr, mmx, sse, sse2, sse3, ssse3, sse4.1, sse4.2, popcnt, avx, avx2, aes, clmul, erms, lzcnt, ht, tsc, tscinvbit, bmi1, bmi2

Memory: 4k page, physical 4112428k(180080k free), swap 7258156k(5272k free)

vm_info: OpenJDK 64-Bit Server VM (25.76-b03) for windows-amd64 JRE (1.8.0_76-release-b03), built on Jun 29 2016 19:09:20 by "ralucas" with MS VC++ 10.0 (VS2010)

time: Mon Nov 07 09:19:12 2016
elapsed time: 9 seconds (0d 0h 0m 9s)

