#
# There is insufficient memory for the Java Runtime Environment to continue.
# Native memory allocation (malloc) failed to allocate 32784 bytes for Chunk::new
# Possible reasons:
#   The system is out of physical RAM or swap space
#   In 32 bit mode, the process size limit was hit
# Possible solutions:
#   Reduce memory load on the system
#   Increase physical memory or swap space
#   Check if swap backing store is full
#   Use 64 bit Java on a 64 bit OS
#   Decrease Java heap size (-Xmx/-Xms)
#   Decrease number of Java threads
#   Decrease Java thread stack sizes (-Xss)
#   Set larger code cache with -XX:ReservedCodeCacheSize=
# This output file may be truncated or incomplete.
#
#  Out of Memory Error (allocation.cpp:390), pid=7548, tid=0x00000000000019e0
#
# JRE version: OpenJDK Runtime Environment (8.0_76-b03) (build 1.8.0_76-release-b03)
# Java VM: OpenJDK 64-Bit Server VM (25.76-b03 mixed mode windows-amd64 compressed oops)
# Failed to write core dump. Minidumps are not enabled by default on client versions of Windows
#

---------------  T H R E A D  ---------------

Current thread (0x0000000014b33800):  JavaThread "C2 CompilerThread1" daemon [_thread_in_native, id=6624, stack(0x0000000016210000,0x0000000016310000)]

Stack: [0x0000000016210000,0x0000000016310000]
[error occurred during error reporting (printing stack bounds), id 0xc0000005]

Native frames: (J=compiled Java code, j=interpreted, Vv=VM code, C=native code)


Current CompileTask:
C2:   2844 1241   !   4       com.android.dx.cf.code.BytecodeArray::parseInstruction (2764 bytes)


---------------  P R O C E S S  ---------------

Java Threads: ( => current thread )
  0x000000001667a000 JavaThread "pool-2-thread-4" [_thread_blocked, id=192, stack(0x0000000016e10000,0x0000000016f10000)]
  0x0000000016672000 JavaThread "pool-2-thread-3" [_thread_blocked, id=6664, stack(0x0000000016d10000,0x0000000016e10000)]
  0x000000001658a000 JavaThread "pool-2-thread-2" [_thread_in_vm_trans, id=5676, stack(0x0000000016c10000,0x0000000016d10000)]
  0x0000000016589000 JavaThread "pool-3-thread-1" [_thread_blocked, id=7872, stack(0x0000000016b10000,0x0000000016c10000)]
  0x0000000016586000 JavaThread "pool-2-thread-1" [_thread_blocked, id=3092, stack(0x0000000016a10000,0x0000000016b10000)]
  0x0000000016413800 JavaThread "Service Thread" daemon [_thread_blocked, id=1372, stack(0x0000000016810000,0x0000000016910000)]
  0x0000000014b3a000 JavaThread "C1 CompilerThread2" daemon [_thread_blocked, id=7076, stack(0x0000000016310000,0x0000000016410000)]
=>0x0000000014b33800 JavaThread "C2 CompilerThread1" daemon [_thread_in_native, id=6624, stack(0x0000000016210000,0x0000000016310000)]
  0x0000000014adb800 JavaThread "C2 CompilerThread0" daemon [_thread_blocked, id=6448, stack(0x0000000016110000,0x0000000016210000)]
  0x0000000014ada000 JavaThread "Attach Listener" daemon [_thread_blocked, id=5208, stack(0x0000000016010000,0x0000000016110000)]
  0x0000000014ad8800 JavaThread "Signal Dispatcher" daemon [_thread_blocked, id=6828, stack(0x0000000015f10000,0x0000000016010000)]
  0x000000000240b000 JavaThread "Finalizer" daemon [_thread_blocked, id=1088, stack(0x0000000015d30000,0x0000000015e30000)]
  0x00000000023ff800 JavaThread "Reference Handler" daemon [_thread_blocked, id=5472, stack(0x0000000015c30000,0x0000000015d30000)]
  0x0000000002310800 JavaThread "main" [_thread_in_native, id=6272, stack(0x00000000021f0000,0x00000000022f0000)]

Other Threads:
  0x0000000014aa6800 VMThread [stack: 0x0000000015b30000,0x0000000015c30000] [id=5128]
  0x0000000016415800 WatcherThread [stack: 0x0000000016910000,0x0000000016a10000] [id=7912]

VM state:not at safepoint (normal execution)

VM Mutex/Monitor currently owned by a thread:  ([mutex/lock_event])
[0x000000000230c7b0] Heap_lock - owner thread: 0x000000001658a000

Heap:
 PSYoungGen      total 18944K, used 3161K [0x00000000eab00000, 0x00000000ec000000, 0x0000000100000000)
  eden space 16384K, 3% used [0x00000000eab00000,0x00000000eab9ca78,0x00000000ebb00000)
  from space 2560K, 99% used [0x00000000ebd80000,0x00000000ebff9c88,0x00000000ec000000)
  to   space 2560K, 0% used [0x00000000ebb00000,0x00000000ebb00000,0x00000000ebd80000)
 ParOldGen       total 44032K, used 3228K [0x00000000c0000000, 0x00000000c2b00000, 0x00000000eab00000)
  object space 44032K, 7% used [0x00000000c0000000,0x00000000c0327360,0x00000000c2b00000)
 Metaspace       used 5959K, capacity 6960K, committed 7040K, reserved 1056768K
  class space    used 567K, capacity 616K, committed 640K, reserved 1048576K

Card table byte_map: [0x00000000117d0000,0x00000000119e0000] byte_map_base: 0x00000000111d0000

Marking Bits: (ParMarkBitMap*) 0x0000000069999d00
 Begin Bits: [0x0000000011f40000, 0x0000000012f40000)
 End Bits:   [0x0000000012f40000, 0x0000000013f40000)

Polling page: 0x00000000009d0000

CodeCache: size=245760Kb used=5234Kb max_used=5245Kb free=240525Kb
 bounds [0x0000000002410000, 0x0000000002940000, 0x0000000011410000]
 total_blobs=1517 nmethods=1250 adapters=181
 compilation: enabled

Compilation events (10 events):
Event: 2.829 Thread 0x0000000014b3a000 1247       3       com.android.dx.rop.code.DexTranslationAdvice::hasConstantOperation (163 bytes)
Event: 2.830 Thread 0x0000000014b3a000 nmethod 1247 0x0000000002929350 code [0x00000000029295a0, 0x000000000292ae38]
Event: 2.832 Thread 0x0000000014b3a000 1248       3       java.util.Collections::unmodifiableCollection (9 bytes)
Event: 2.832 Thread 0x0000000014b3a000 nmethod 1248 0x0000000002926110 code [0x00000000029262a0, 0x00000000029265e8]
Event: 2.836 Thread 0x0000000014adb800 1249       4       com.android.dx.ssa.NormalSsaInsn::toRopInsn (19 bytes)
Event: 2.837 Thread 0x0000000014adb800 nmethod 1249 0x0000000002920bd0 code [0x0000000002920d20, 0x0000000002920db8]
Event: 2.838 Thread 0x0000000014adb800 1250       4       com.android.dx.rop.code.Insn::getLocalAssignment (48 bytes)
Event: 2.839 Thread 0x0000000014adb800 nmethod 1250 0x0000000002920890 code [0x00000000029209c0, 0x0000000002920a78]
Event: 2.839 Thread 0x0000000014adb800 1251       4       com.android.dx.rop.code.Insn::hashCode (5 bytes)
Event: 2.840 Thread 0x0000000014adb800 nmethod 1251 0x00000000028c14d0 code [0x00000000028c1620, 0x00000000028c16c8]

GC Heap History (4 events):
Event: 1.701 GC heap before
{Heap before GC invocations=1 (full 0):
 PSYoungGen      total 18944K, used 16384K [0x00000000eab00000, 0x00000000ec000000, 0x0000000100000000)
  eden space 16384K, 100% used [0x00000000eab00000,0x00000000ebb00000,0x00000000ebb00000)
  from space 2560K, 0% used [0x00000000ebd80000,0x00000000ebd80000,0x00000000ec000000)
  to   space 2560K, 0% used [0x00000000ebb00000,0x00000000ebb00000,0x00000000ebd80000)
 ParOldGen       total 44032K, used 0K [0x00000000c0000000, 0x00000000c2b00000, 0x00000000eab00000)
  object space 44032K, 0% used [0x00000000c0000000,0x00000000c0000000,0x00000000c2b00000)
 Metaspace       used 5678K, capacity 6704K, committed 6784K, reserved 1056768K
  class space    used 567K, capacity 616K, committed 640K, reserved 1048576K
Event: 2.045 GC heap after
Heap after GC invocations=1 (full 0):
 PSYoungGen      total 18944K, used 2554K [0x00000000eab00000, 0x00000000ec000000, 0x0000000100000000)
  eden space 16384K, 0% used [0x00000000eab00000,0x00000000eab00000,0x00000000ebb00000)
  from space 2560K, 99% used [0x00000000ebb00000,0x00000000ebd7eab8,0x00000000ebd80000)
  to   space 2560K, 0% used [0x00000000ebd80000,0x00000000ebd80000,0x00000000ec000000)
 ParOldGen       total 44032K, used 1424K [0x00000000c0000000, 0x00000000c2b00000, 0x00000000eab00000)
  object space 44032K, 3% used [0x00000000c0000000,0x00000000c0164250,0x00000000c2b00000)
 Metaspace       used 5678K, capacity 6704K, committed 6784K, reserved 1056768K
  class space    used 567K, capacity 616K, committed 640K, reserved 1048576K
}
Event: 2.725 GC heap before
{Heap before GC invocations=2 (full 0):
 PSYoungGen      total 18944K, used 18938K [0x00000000eab00000, 0x00000000ec000000, 0x0000000100000000)
  eden space 16384K, 100% used [0x00000000eab00000,0x00000000ebb00000,0x00000000ebb00000)
  from space 2560K, 99% used [0x00000000ebb00000,0x00000000ebd7eab8,0x00000000ebd80000)
  to   space 2560K, 0% used [0x00000000ebd80000,0x00000000ebd80000,0x00000000ec000000)
 ParOldGen       total 44032K, used 1424K [0x00000000c0000000, 0x00000000c2b00000, 0x00000000eab00000)
  object space 44032K, 3% used [0x00000000c0000000,0x00000000c0164250,0x00000000c2b00000)
 Metaspace       used 5958K, capacity 6960K, committed 7040K, reserved 1056768K
  class space    used 567K, capacity 616K, committed 640K, reserved 1048576K
Event: 2.822 GC heap after
Heap after GC invocations=2 (full 0):
 PSYoungGen      total 18944K, used 2535K [0x00000000eab00000, 0x00000000ec000000, 0x0000000100000000)
  eden space 16384K, 0% used [0x00000000eab00000,0x00000000eab00000,0x00000000ebb00000)
  from space 2560K, 99% used [0x00000000ebd80000,0x00000000ebff9c88,0x00000000ec000000)
  to   space 2560K, 0% used [0x00000000ebb00000,0x00000000ebb00000,0x00000000ebd80000)
 ParOldGen       total 44032K, used 3228K [0x00000000c0000000, 0x00000000c2b00000, 0x00000000eab00000)
  object space 44032K, 7% used [0x00000000c0000000,0x00000000c0327360,0x00000000c2b00000)
 Metaspace       used 5958K, capacity 6960K, committed 7040K, reserved 1056768K
  class space    used 567K, capacity 616K, committed 640K, reserved 1048576K
}

Deoptimization events (2 events):
Event: 1.473 Thread 0x000000001667a000 Uncommon trap: reason=unstable_if action=reinterpret pc=0x000000000262d224 method=java.util.HashMap.getNode(ILjava/lang/Object;)Ljava/util/HashMap$Node; @ 129
Event: 1.490 Thread 0x0000000016586000 Uncommon trap: reason=unstable_if action=reinterpret pc=0x00000000026639f0 method=java.util.BitSet.ensureCapacity(I)V @ 6

Internal exceptions (2 events):
Event: 0.098 Thread 0x0000000002310800 Exception <a 'java/lang/NoSuchMethodError': Method sun.misc.Unsafe.defineClass(Ljava/lang/String;[BII)Ljava/lang/Class; name or signature does not match> (0x00000000eab07cc0) thrown at [C:\src\android\AOSP-openjdk\external\jetbrains\jdk\hotspot\src\share\vu}6–á¹?
Event: 0.098 Thread 0x0000000002310800 Exception <a 'java/lang/NoSuchMethodError': Method sun.misc.Unsafe.prefetchRead(Ljava/lang/Object;J)V name or signature does not match> (0x00000000eab07fa8) thrown at [C:\src\android\AOSP-openjdk\external\jetbrains\jdk\hotspot\src\share\vm\prims\jni.cpp, l`

Events (10 events):
Event: 1.526 loading class java/util/ArrayList$1
Event: 1.526 loading class java/util/ArrayList$1 done
Event: 1.561 loading class com/android/dx/rop/code/LocalItem
Event: 1.561 loading class com/android/dx/rop/code/LocalItem done
Event: 1.690 Executing VM operation: ForceSafepoint
Event: 1.696 Executing VM operation: ForceSafepoint done
Event: 1.701 Executing VM operation: ParallelGCFailedAllocation
Event: 2.045 Executing VM operation: ParallelGCFailedAllocation done
Event: 2.721 Executing VM operation: ParallelGCFailedAllocation
Event: 2.822 Executing VM operation: ParallelGCFailedAllocation done


Dynamic libraries:
0x00007ff665610000 - 0x00007ff665641000 	C:\Program Files\Android\Android Studio\jre\bin\java.exe
0x00007ffd52e90000 - 0x00007ffd5303d000 	C:\windows\SYSTEM32\ntdll.dll
0x00007ffd51320000 - 0x00007ffd5145e000 	C:\windows\system32\KERNEL32.DLL
0x00007ffd416a0000 - 0x00007ffd416d3000 	C:\Program Files (x86)\AVG\Av\avghooka.dll
0x00007ffd4f020000 - 0x00007ffd4f135000 	C:\windows\system32\KERNELBASE.dll
0x00007ffd50ea0000 - 0x00007ffd50f4a000 	C:\windows\system32\ADVAPI32.dll
0x00007ffd50b90000 - 0x00007ffd50d07000 	C:\windows\system32\USER32.dll
0x00007ffd4c950000 - 0x00007ffd4cbcb000 	C:\windows\WinSxS\amd64_microsoft.windows.common-controls_6595b64144ccf1df_6.0.9600.18006_none_623f33d3ecbe86e8\COMCTL32.dll
0x00007ffd4f400000 - 0x00007ffd4f4aa000 	C:\windows\system32\msvcrt.dll
0x00007ffd4f5f0000 - 0x00007ffd4f649000 	C:\windows\SYSTEM32\sechost.dll
0x00007ffd4f4b0000 - 0x00007ffd4f5f0000 	C:\windows\system32\RPCRT4.dll
0x00007ffd4f2b0000 - 0x00007ffd4f3ff000 	C:\windows\system32\GDI32.dll
0x00007ffd4f140000 - 0x00007ffd4f16e000 	C:\windows\system32\SspiCli.dll
0x00007ffd512d0000 - 0x00007ffd51306000 	C:\windows\system32\IMM32.DLL
0x00007ffd50f50000 - 0x00007ffd510a2000 	C:\windows\system32\MSCTF.dll
0x0000000069020000 - 0x00000000690f2000 	C:\Program Files\Android\Android Studio\jre\jre\bin\msvcr100.dll
0x00000000691e0000 - 0x0000000069a14000 	C:\Program Files\Android\Android Studio\jre\jre\bin\server\jvm.dll
0x00007ffd408e0000 - 0x00007ffd408e9000 	C:\windows\SYSTEM32\WSOCK32.dll
0x00007ffd41e90000 - 0x00007ffd41eb2000 	C:\windows\SYSTEM32\WINMM.dll
0x00007ffd47840000 - 0x00007ffd4784a000 	C:\windows\SYSTEM32\VERSION.dll
0x00007ffd4f280000 - 0x00007ffd4f287000 	C:\windows\system32\PSAPI.DLL
0x00007ffd50d80000 - 0x00007ffd50dda000 	C:\windows\system32\WS2_32.dll
0x00007ffd41e60000 - 0x00007ffd41e8a000 	C:\windows\SYSTEM32\WINMMBASE.dll
0x00007ffd4f650000 - 0x00007ffd4f659000 	C:\windows\system32\NSI.dll
0x00007ffd4f1d0000 - 0x00007ffd4f21f000 	C:\windows\SYSTEM32\cfgmgr32.dll
0x00007ffd4daf0000 - 0x00007ffd4db18000 	C:\windows\SYSTEM32\DEVOBJ.dll
0x00007ffd49b00000 - 0x00007ffd49b0f000 	C:\Program Files\Android\Android Studio\jre\jre\bin\verify.dll
0x00007ffd41410000 - 0x00007ffd41439000 	C:\Program Files\Android\Android Studio\jre\jre\bin\java.dll
0x00007ffd41500000 - 0x00007ffd41516000 	C:\Program Files\Android\Android Studio\jre\jre\bin\zip.dll
0x00007ffd4f660000 - 0x00007ffd50b88000 	C:\windows\system32\SHELL32.dll
0x00007ffd510b0000 - 0x00007ffd512c1000 	C:\windows\SYSTEM32\combase.dll
0x00007ffd50d20000 - 0x00007ffd50d74000 	C:\windows\system32\SHLWAPI.dll
0x00007ffd4d260000 - 0x00007ffd4d312000 	C:\windows\SYSTEM32\SHCORE.dll
0x00007ffd4ecc0000 - 0x00007ffd4ecd5000 	C:\windows\SYSTEM32\profapi.dll

VM Arguments:
jvm_args: -Djava.awt.headless=true -Xmx1024M -Dfile.encoding=windows-1252 -Duser.country=US -Duser.language=en -Duser.variant 
java_command: com.android.dx.command.Main --dex --force-jumbo --num-threads=4 --multi-dex --output C:\Users\annie_000.TRINHVU-TABLET\Downloads\final-project-aipom\app\build\intermediates\transforms\dex\debug\folders\1000\10\google-api-services-calendar-v3-rev221-1.22.0_84234331e3245d08e7d292dc710bbc2ba350f4fa C:\Users\annie_000.TRINHVU-TABLET\.gradle\caches\modules-2\files-2.1\com.google.apis\google-api-services-calendar\v3-rev221-1.22.0\b0915a11b31ff753bdd9fcfe9fa6acc0a61c4711\google-api-services-calendar-v3-rev221-1.22.0.jar
java_class_path (initial): C:\Users\annie_000.TRINHVU-TABLET\AppData\Local\Android\sdk\build-tools\25.0.0\lib\dx.jar
Launcher Type: SUN_STANDARD

Environment Variables:
PATH=C:\windows\system32;C:\windows;C:\windows\System32\Wbem;C:\windows\System32\WindowsPowerShell\v1.0\;C:\Program Files\Git\cmd
USERNAME=annie_000
OS=Windows_NT
PROCESSOR_IDENTIFIER=Intel64 Family 6 Model 69 Stepping 1, GenuineIntel



---------------  S Y S T E M  ---------------

OS: Windows 8.1 , 64 bit Build 9600 (6.3.9600.17415)

CPU:total 4 (2 cores per cpu, 2 threads per core) family 6 model 69 stepping 1, cmov, cx8, fxsr, mmx, sse, sse2, sse3, ssse3, sse4.1, sse4.2, popcnt, avx, avx2, aes, clmul, erms, lzcnt, ht, tsc, tscinvbit, bmi1, bmi2

Memory: 4k page, physical 4112428k(229672k free), swap 7258156k(4552k free)

vm_info: OpenJDK 64-Bit Server VM (25.76-b03) for windows-amd64 JRE (1.8.0_76-release-b03), built on Jun 29 2016 19:09:20 by "ralucas" with MS VC++ 10.0 (VS2010)

time: Mon Nov 07 12:08:52 2016
elapsed time: 2 seconds (0d 0h 0m 2s)

