#
# There is insufficient memory for the Java Runtime Environment to continue.
# Native memory allocation (malloc) failed to allocate 48336 bytes for Chunk::new
# Possible reasons:
#   The system is out of physical RAM or swap space
#   In 32 bit mode, the process size limit was hit
# Possible solutions:
#   Reduce memory load on the system
#   Increase physical memory or swap space
#   Check if swap backing store is full
#   Use 64 bit Java on a 64 bit OS
#   Decrease Java heap size (-Xmx/-Xms)
#   Decrease number of Java threads
#   Decrease Java thread stack sizes (-Xss)
#   Set larger code cache with -XX:ReservedCodeCacheSize=
# This output file may be truncated or incomplete.
#
#  Out of Memory Error (allocation.cpp:390), pid=8116, tid=0x0000000000000094
#
# JRE version: OpenJDK Runtime Environment (8.0_76-b03) (build 1.8.0_76-release-b03)
# Java VM: OpenJDK 64-Bit Server VM (25.76-b03 mixed mode windows-amd64 compressed oops)
# Failed to write core dump. Minidumps are not enabled by default on client versions of Windows
#

---------------  T H R E A D  ---------------

Current thread (0x000000001481c000):  JavaThread "C2 CompilerThread1" daemon [_thread_in_native, id=148, stack(0x0000000015f30000,0x0000000016030000)]

Stack: [0x0000000015f30000,0x0000000016030000]
[error occurred during error reporting (printing stack bounds), id 0xc0000005]

Native frames: (J=compiled Java code, j=interpreted, Vv=VM code, C=native code)


Current CompileTask:
C2:   9527  747   !   4       com.android.dx.rop.code.RegisterSpec::intern (70 bytes)


---------------  P R O C E S S  ---------------

Java Threads: ( => current thread )
  0x0000000016325000 JavaThread "pool-2-thread-4" [_thread_blocked, id=188, stack(0x0000000016b30000,0x0000000016c30000)]
  0x0000000016323800 JavaThread "pool-2-thread-3" [_thread_in_vm, id=8800, stack(0x0000000016a30000,0x0000000016b30000)]
  0x0000000016320800 JavaThread "pool-2-thread-2" [_thread_blocked, id=1680, stack(0x0000000016930000,0x0000000016a30000)]
  0x000000001630d800 JavaThread "pool-3-thread-1" [_thread_blocked, id=6448, stack(0x0000000016830000,0x0000000016930000)]
  0x000000001630d000 JavaThread "pool-2-thread-1" [_thread_blocked, id=8924, stack(0x0000000016730000,0x0000000016830000)]
  0x0000000014859000 JavaThread "Service Thread" daemon [_thread_blocked, id=9204, stack(0x0000000016530000,0x0000000016630000)]
  0x0000000016038800 JavaThread "C1 CompilerThread2" daemon [_thread_in_native, id=7088, stack(0x0000000016430000,0x0000000016530000)]
=>0x000000001481c000 JavaThread "C2 CompilerThread1" daemon [_thread_in_native, id=148, stack(0x0000000015f30000,0x0000000016030000)]
  0x00000000147fb000 JavaThread "C2 CompilerThread0" daemon [_thread_blocked, id=1060, stack(0x0000000015e30000,0x0000000015f30000)]
  0x00000000147fa000 JavaThread "Attach Listener" daemon [_thread_blocked, id=8372, stack(0x0000000015d30000,0x0000000015e30000)]
  0x00000000147f8800 JavaThread "Signal Dispatcher" daemon [_thread_blocked, id=7572, stack(0x0000000015c30000,0x0000000015d30000)]
  0x000000000212b000 JavaThread "Finalizer" daemon [_thread_blocked, id=5340, stack(0x0000000015a50000,0x0000000015b50000)]
  0x000000000211f800 JavaThread "Reference Handler" daemon [_thread_blocked, id=7176, stack(0x0000000015950000,0x0000000015a50000)]
  0x0000000002030800 JavaThread "main" [_thread_in_Java, id=7068, stack(0x0000000001f30000,0x0000000002030000)]

Other Threads:
  0x00000000147c6800 VMThread [stack: 0x0000000015850000,0x0000000015950000] [id=6760]
  0x0000000016044800 WatcherThread [stack: 0x0000000016630000,0x0000000016730000] [id=8100]

VM state:not at safepoint (normal execution)

VM Mutex/Monitor currently owned by a thread: None

Heap:
 PSYoungGen      total 18944K, used 6964K [0x00000000eab00000, 0x00000000ed000000, 0x0000000100000000)
  eden space 16384K, 27% used [0x00000000eab00000,0x00000000eaf537e0,0x00000000ebb00000)
  from space 2560K, 99% used [0x00000000ebb00000,0x00000000ebd79aa8,0x00000000ebd80000)
  to   space 2560K, 0% used [0x00000000ecd80000,0x00000000ecd80000,0x00000000ed000000)
 ParOldGen       total 44032K, used 584K [0x00000000c0000000, 0x00000000c2b00000, 0x00000000eab00000)
  object space 44032K, 1% used [0x00000000c0000000,0x00000000c0092388,0x00000000c2b00000)
 Metaspace       used 5572K, capacity 6704K, committed 6784K, reserved 1056768K
  class space    used 560K, capacity 616K, committed 640K, reserved 1048576K

Card table byte_map: [0x00000000114f0000,0x0000000011700000] byte_map_base: 0x0000000010ef0000

Marking Bits: (ParMarkBitMap*) 0x000000005a3a9d00
 Begin Bits: [0x0000000011c60000, 0x0000000012c60000)
 End Bits:   [0x0000000012c60000, 0x0000000013c60000)

Polling page: 0x0000000000680000

CodeCache: size=245760Kb used=2987Kb max_used=2999Kb free=242772Kb
 bounds [0x0000000002130000, 0x0000000002430000, 0x0000000011130000]
 total_blobs=999 nmethods=737 adapters=176
 compilation: enabled

Compilation events (10 events):
Event: 9.508 Thread 0x0000000016038800 nmethod 737 0x0000000002415650 code [0x0000000002415840, 0x0000000002416308]
Event: 9.508 Thread 0x0000000016038800  739   !   3       com.android.dx.cf.code.RopperMachine::run (1550 bytes)
Event: 9.509 Thread 0x00000000147fb000  743       4       java.util.BitSet::<init> (56 bytes)
Event: 9.511 Thread 0x00000000147fb000 nmethod 743 0x0000000002413dd0 code [0x0000000002413f20, 0x0000000002414078]
Event: 9.512 Thread 0x000000001481c000  747   !   4       com.android.dx.rop.code.RegisterSpec::intern (70 bytes)
Event: 9.514 Thread 0x00000000147fb000  755       4       com.android.dx.ssa.NormalSsaInsn::getSources (8 bytes)
Event: 9.515 Thread 0x00000000147fb000 nmethod 755 0x00000000023b5e90 code [0x00000000023b5fc0, 0x00000000023b6038]
Event: 9.517 Thread 0x00000000147fb000  756       4       java.util.ArrayList::remove (69 bytes)
Event: 9.520 Thread 0x00000000147fb000 nmethod 756 0x0000000002413950 code [0x0000000002413aa0, 0x0000000002413c38]
Event: 9.520 Thread 0x00000000147fb000  758       4       java.util.Arrays::copyOf (46 bytes)

GC Heap History (2 events):
Event: 7.068 GC heap before
{Heap before GC invocations=1 (full 0):
 PSYoungGen      total 18944K, used 16384K [0x00000000eab00000, 0x00000000ec000000, 0x0000000100000000)
  eden space 16384K, 100% used [0x00000000eab00000,0x00000000ebb00000,0x00000000ebb00000)
  from space 2560K, 0% used [0x00000000ebd80000,0x00000000ebd80000,0x00000000ec000000)
  to   space 2560K, 0% used [0x00000000ebb00000,0x00000000ebb00000,0x00000000ebd80000)
 ParOldGen       total 44032K, used 0K [0x00000000c0000000, 0x00000000c2b00000, 0x00000000eab00000)
  object space 44032K, 0% used [0x00000000c0000000,0x00000000c0000000,0x00000000c2b00000)
 Metaspace       used 5250K, capacity 6448K, committed 6528K, reserved 1056768K
  class space    used 555K, capacity 616K, committed 640K, reserved 1048576K
Event: 8.775 GC heap after
Heap after GC invocations=1 (full 0):
 PSYoungGen      total 18944K, used 2534K [0x00000000eab00000, 0x00000000ed000000, 0x0000000100000000)
  eden space 16384K, 0% used [0x00000000eab00000,0x00000000eab00000,0x00000000ebb00000)
  from space 2560K, 99% used [0x00000000ebb00000,0x00000000ebd79aa8,0x00000000ebd80000)
  to   space 2560K, 0% used [0x00000000ecd80000,0x00000000ecd80000,0x00000000ed000000)
 ParOldGen       total 44032K, used 584K [0x00000000c0000000, 0x00000000c2b00000, 0x00000000eab00000)
  object space 44032K, 1% used [0x00000000c0000000,0x00000000c0092388,0x00000000c2b00000)
 Metaspace       used 5250K, capacity 6448K, committed 6528K, reserved 1056768K
  class space    used 555K, capacity 616K, committed 640K, reserved 1048576K
}

Deoptimization events (4 events):
Event: 1.518 Thread 0x0000000002030800 Uncommon trap: reason=unstable_if action=reinterpret pc=0x0000000002285d50 method=java.lang.String.indexOf(II)I @ 49
Event: 1.818 Thread 0x0000000002030800 Uncommon trap: reason=unstable_if action=reinterpret pc=0x0000000002292fd4 method=java.lang.String.compareTo(Ljava/lang/String;)I @ 38
Event: 9.513 Thread 0x0000000002030800 Uncommon trap: reason=unstable_if action=reinterpret pc=0x0000000002375608 method=java.util.HashMap.getNode(ILjava/lang/Object;)Ljava/util/HashMap$Node; @ 62
Event: 9.517 Thread 0x0000000002030800 Uncommon trap: reason=unstable_if action=reinterpret pc=0x000000000237cb30 method=java.util.BitSet.nextSetBit(I)I @ 87

Internal exceptions (2 events):
Event: 0.124 Thread 0x0000000002030800 Exception <a 'java/lang/NoSuchMethodError': Method sun.misc.Unsafe.defineClass(Ljava/lang/String;[BII)Ljava/lang/Class; name or signature does not match> (0x00000000eab07cc0) thrown at [C:\src\android\AOSP-openjdk\external\jetbrains\jdk\hotspot\src\share\víhŽ€Æ¿?
Event: 0.124 Thread 0x0000000002030800 Exception <a 'java/lang/NoSuchMethodError': Method sun.misc.Unsafe.prefetchRead(Ljava/lang/Object;J)V name or signature does not match> (0x00000000eab07fa8) thrown at [C:\src\android\AOSP-openjdk\external\jetbrains\jdk\hotspot\src\share\vm\prims\jni.cpp, l

Events (10 events):
Event: 8.845 loading class com/android/dx/cf/code/BytecodeArray$ConstantParserVisitor
Event: 8.845 loading class com/android/dx/cf/code/BytecodeArray$ConstantParserVisitor done
Event: 8.906 loading class java/util/ArrayList$1
Event: 8.907 loading class java/util/ArrayList$1 done
Event: 9.513 Thread 0x0000000002030800 Uncommon trap: trap_request=0xffffff65 fr.pc=0x0000000002375608
Event: 9.513 Thread 0x0000000002030800 DEOPT PACKING pc=0x0000000002375608 sp=0x000000000202e400
Event: 9.513 Thread 0x0000000002030800 DEOPT UNPACKING pc=0x000000000217556a sp=0x000000000202e388 mode 2
Event: 9.517 Thread 0x0000000002030800 Uncommon trap: trap_request=0xffffff65 fr.pc=0x000000000237cb30
Event: 9.517 Thread 0x0000000002030800 DEOPT PACKING pc=0x000000000237cb30 sp=0x000000000202e6b0
Event: 9.517 Thread 0x0000000002030800 DEOPT UNPACKING pc=0x000000000217556a sp=0x000000000202e638 mode 2


Dynamic libraries:
0x00007ff79c6e0000 - 0x00007ff79c711000 	C:\Program Files\Android\Android Studio\jre\bin\java.exe
0x00007ffec4170000 - 0x00007ffec431d000 	C:\windows\SYSTEM32\ntdll.dll
0x00007ffec0840000 - 0x00007ffec097e000 	C:\windows\system32\KERNEL32.DLL
0x00007ffeb2b30000 - 0x00007ffeb2b63000 	C:\Program Files (x86)\AVG\Av\avghooka.dll
0x00007ffec0250000 - 0x00007ffec0365000 	C:\windows\system32\KERNELBASE.dll
0x00007ffec2b10000 - 0x00007ffec2bba000 	C:\windows\system32\ADVAPI32.dll
0x00007ffec2bc0000 - 0x00007ffec2d37000 	C:\windows\system32\USER32.dll
0x00007ffebe120000 - 0x00007ffebe39b000 	C:\windows\WinSxS\amd64_microsoft.windows.common-controls_6595b64144ccf1df_6.0.9600.18006_none_623f33d3ecbe86e8\COMCTL32.dll
0x00007ffec2440000 - 0x00007ffec24ea000 	C:\windows\system32\msvcrt.dll
0x00007ffec0650000 - 0x00007ffec06a9000 	C:\windows\SYSTEM32\sechost.dll
0x00007ffec0700000 - 0x00007ffec0840000 	C:\windows\system32\RPCRT4.dll
0x00007ffec0500000 - 0x00007ffec064f000 	C:\windows\system32\GDI32.dll
0x00007ffec04d0000 - 0x00007ffec04fe000 	C:\windows\system32\SspiCli.dll
0x00007ffec06b0000 - 0x00007ffec06e6000 	C:\windows\system32\IMM32.DLL
0x00007ffec24f0000 - 0x00007ffec2642000 	C:\windows\system32\MSCTF.dll
0x0000000059a30000 - 0x0000000059b02000 	C:\Program Files\Android\Android Studio\jre\jre\bin\msvcr100.dll
0x0000000059bf0000 - 0x000000005a424000 	C:\Program Files\Android\Android Studio\jre\jre\bin\server\jvm.dll
0x00007ffeb83e0000 - 0x00007ffeb83e9000 	C:\windows\SYSTEM32\WSOCK32.dll
0x00007ffeb3050000 - 0x00007ffeb3072000 	C:\windows\SYSTEM32\WINMM.dll
0x00007ffeb95f0000 - 0x00007ffeb95fa000 	C:\windows\SYSTEM32\VERSION.dll
0x00007ffec2e70000 - 0x00007ffec2e77000 	C:\windows\system32\PSAPI.DLL
0x00007ffec2e00000 - 0x00007ffec2e5a000 	C:\windows\system32\WS2_32.dll
0x00007ffeb3020000 - 0x00007ffeb304a000 	C:\windows\SYSTEM32\WINMMBASE.dll
0x00007ffec06f0000 - 0x00007ffec06f9000 	C:\windows\system32\NSI.dll
0x00007ffec0480000 - 0x00007ffec04cf000 	C:\windows\SYSTEM32\cfgmgr32.dll
0x00007ffebedf0000 - 0x00007ffebee18000 	C:\windows\SYSTEM32\DEVOBJ.dll
0x00007ffebad80000 - 0x00007ffebad8f000 	C:\Program Files\Android\Android Studio\jre\jre\bin\verify.dll
0x00007ffeb53f0000 - 0x00007ffeb5419000 	C:\Program Files\Android\Android Studio\jre\jre\bin\java.dll
0x00007ffeb53d0000 - 0x00007ffeb53e6000 	C:\Program Files\Android\Android Studio\jre\jre\bin\zip.dll
0x00007ffec0cd0000 - 0x00007ffec21f8000 	C:\windows\system32\SHELL32.dll
0x00007ffec2220000 - 0x00007ffec2431000 	C:\windows\SYSTEM32\combase.dll
0x00007ffec2650000 - 0x00007ffec26a4000 	C:\windows\system32\SHLWAPI.dll
0x00007ffebe800000 - 0x00007ffebe8b2000 	C:\windows\SYSTEM32\SHCORE.dll
0x00007ffebffa0000 - 0x00007ffebffb5000 	C:\windows\SYSTEM32\profapi.dll

VM Arguments:
jvm_args: -Djava.awt.headless=true -Xmx1024M -Dfile.encoding=windows-1252 -Duser.country=US -Duser.language=en -Duser.variant 
java_command: com.android.dx.command.Main --dex --force-jumbo --num-threads=4 --multi-dex --output C:\Users\annie_000.TRINHVU-TABLET\Downloads\final-project-aipom\app\build\intermediates\transforms\dex\debug\folders\1000\10\com.android.support-support-compat-24.2.1_078c06c7fcdae102038ee999a0ef05db73258535 C:\Users\annie_000.TRINHVU-TABLET\Downloads\final-project-aipom\app\build\intermediates\exploded-aar\com.android.support\support-compat\24.2.1\jars\classes.jar
java_class_path (initial): C:\Users\annie_000.TRINHVU-TABLET\AppData\Local\Android\sdk\build-tools\25.0.0\lib\dx.jar
Launcher Type: SUN_STANDARD

Environment Variables:
PATH=C:\windows\system32;C:\windows;C:\windows\System32\Wbem;C:\windows\System32\WindowsPowerShell\v1.0\;C:\Program Files\Git\cmd
USERNAME=annie_000
OS=Windows_NT
PROCESSOR_IDENTIFIER=Intel64 Family 6 Model 69 Stepping 1, GenuineIntel



---------------  S Y S T E M  ---------------

OS: Windows 8.1 , 64 bit Build 9600 (6.3.9600.17415)

CPU:total 4 (2 cores per cpu, 2 threads per core) family 6 model 69 stepping 1, cmov, cx8, fxsr, mmx, sse, sse2, sse3, ssse3, sse4.1, sse4.2, popcnt, avx, avx2, aes, clmul, erms, lzcnt, ht, tsc, tscinvbit, bmi1, bmi2

Memory: 4k page, physical 4112428k(131112k free), swap 7258156k(5108k free)

vm_info: OpenJDK 64-Bit Server VM (25.76-b03) for windows-amd64 JRE (1.8.0_76-release-b03), built on Jun 29 2016 19:09:20 by "ralucas" with MS VC++ 10.0 (VS2010)

time: Tue Nov 01 21:32:09 2016
elapsed time: 9 seconds (0d 0h 0m 9s)

