#
# There is insufficient memory for the Java Runtime Environment to continue.
# Native memory allocation (malloc) failed to allocate 32744 bytes for ChunkPool::allocate
# Possible reasons:
#   The system is out of physical RAM or swap space
#   In 32 bit mode, the process size limit was hit
# Possible solutions:
#   Reduce memory load on the system
#   Increase physical memory or swap space
#   Check if swap backing store is full
#   Use 64 bit Java on a 64 bit OS
#   Decrease Java heap size (-Xmx/-Xms)
#   Decrease number of Java threads
#   Decrease Java thread stack sizes (-Xss)
#   Set larger code cache with -XX:ReservedCodeCacheSize=
# This output file may be truncated or incomplete.
#
#  Out of Memory Error (allocation.cpp:273), pid=7384, tid=0x0000000000001084
#
# JRE version: OpenJDK Runtime Environment (8.0_76-b03) (build 1.8.0_76-release-b03)
# Java VM: OpenJDK 64-Bit Server VM (25.76-b03 mixed mode windows-amd64 compressed oops)
# Failed to write core dump. Minidumps are not enabled by default on client versions of Windows
#

---------------  T H R E A D  ---------------

Current thread (0x00000000152d7800):  JavaThread "C1 CompilerThread2" daemon [_thread_in_native, id=4228, stack(0x0000000016eb0000,0x0000000016fb0000)]

Stack: [0x0000000016eb0000,0x0000000016fb0000]
[error occurred during error reporting (printing stack bounds), id 0xc0000005]

Native frames: (J=compiled Java code, j=interpreted, Vv=VM code, C=native code)


Current CompileTask:
C1:  22514 2051       1       com.android.dx.dex.file.OffsettedItem::place0 (1 bytes)


---------------  P R O C E S S  ---------------

Java Threads: ( => current thread )
  0x0000000016cfe800 JavaThread "pool-1-thread-1" [_thread_in_vm, id=464, stack(0x00000000171b0000,0x00000000172b0000)]
  0x00000000152de000 JavaThread "Service Thread" daemon [_thread_blocked, id=4792, stack(0x0000000016fb0000,0x00000000170b0000)]
=>0x00000000152d7800 JavaThread "C1 CompilerThread2" daemon [_thread_in_native, id=4228, stack(0x0000000016eb0000,0x0000000016fb0000)]
  0x000000001527e000 JavaThread "C2 CompilerThread1" daemon [_thread_in_native, id=4016, stack(0x00000000169b0000,0x0000000016ab0000)]
  0x000000001527c000 JavaThread "C2 CompilerThread0" daemon [_thread_in_native, id=6224, stack(0x00000000168b0000,0x00000000169b0000)]
  0x000000001527b000 JavaThread "Attach Listener" daemon [_thread_blocked, id=7160, stack(0x00000000167b0000,0x00000000168b0000)]
  0x000000001527a000 JavaThread "Signal Dispatcher" daemon [_thread_blocked, id=2292, stack(0x00000000166b0000,0x00000000167b0000)]
  0x0000000015268800 JavaThread "Finalizer" daemon [_thread_blocked, id=384, stack(0x00000000164d0000,0x00000000165d0000)]
  0x0000000015247800 JavaThread "Reference Handler" daemon [_thread_blocked, id=2400, stack(0x00000000163d0000,0x00000000164d0000)]
  0x0000000002ab0800 JavaThread "main" [_thread_blocked, id=3272, stack(0x00000000028f0000,0x00000000029f0000)]

Other Threads:
  0x0000000015246800 VMThread [stack: 0x00000000162d0000,0x00000000163d0000] [id=3024]
  0x0000000016abd800 WatcherThread [stack: 0x00000000170b0000,0x00000000171b0000] [id=4020]

VM state:not at safepoint (normal execution)

VM Mutex/Monitor currently owned by a thread: None

Heap:
 PSYoungGen      total 68096K, used 12531K [0x00000000eab00000, 0x00000000ef000000, 0x0000000100000000)
  eden space 65536K, 15% used [0x00000000eab00000,0x00000000eb4c45f8,0x00000000eeb00000)
  from space 2560K, 98% used [0x00000000eed80000,0x00000000eeff8690,0x00000000ef000000)
  to   space 2560K, 0% used [0x00000000eeb00000,0x00000000eeb00000,0x00000000eed80000)
 ParOldGen       total 44032K, used 15087K [0x00000000c0000000, 0x00000000c2b00000, 0x00000000eab00000)
  object space 44032K, 34% used [0x00000000c0000000,0x00000000c0ebbf40,0x00000000c2b00000)
 Metaspace       used 6286K, capacity 7344K, committed 7552K, reserved 1056768K
  class space    used 583K, capacity 616K, committed 640K, reserved 1048576K

Card table byte_map: [0x0000000011f70000,0x0000000012180000] byte_map_base: 0x0000000011970000

Marking Bits: (ParMarkBitMap*) 0x0000000069999d00
 Begin Bits: [0x00000000126e0000, 0x00000000136e0000)
 End Bits:   [0x00000000136e0000, 0x00000000146e0000)

Polling page: 0x0000000001180000

CodeCache: size=245760Kb used=8814Kb max_used=8818Kb free=236945Kb
 bounds [0x0000000002bb0000, 0x0000000003460000, 0x0000000011bb0000]
 total_blobs=2264 nmethods=2002 adapters=176
 compilation: enabled

Compilation events (10 events):
Event: 22.493 Thread 0x00000000152d7800 nmethod 2046 0x0000000003446290 code [0x00000000034463e0, 0x0000000003446530]
Event: 22.494 Thread 0x00000000152d7800 2047       3       com.android.dx.dex.file.StringDataItem::itemType (4 bytes)
Event: 22.494 Thread 0x00000000152d7800 nmethod 2047 0x000000000344a310 code [0x000000000344a460, 0x000000000344a5b0]
Event: 22.494 Thread 0x00000000152d7800 2048       3       com.android.dx.dex.file.OffsettedItem::compareTo (9 bytes)
Event: 22.494 Thread 0x00000000152d7800 nmethod 2048 0x0000000003445150 code [0x0000000003445300, 0x00000000034459b8]
Event: 22.494 Thread 0x00000000152d7800 2049       3       com.android.dx.dex.file.StringDataItem::compareTo0 (17 bytes)
Event: 22.495 Thread 0x00000000152d7800 nmethod 2049 0x0000000003452e10 code [0x0000000003452fe0, 0x0000000003453958]
Event: 22.495 Thread 0x00000000152d7800 2050       1       com.android.dx.dex.file.StringDataItem::itemType (4 bytes)
Event: 22.495 Thread 0x00000000152d7800 nmethod 2050 0x0000000003449f90 code [0x000000000344a0e0, 0x000000000344a1f0]
Event: 22.504 Thread 0x00000000152d7800 2051       1       com.android.dx.dex.file.OffsettedItem::place0 (1 bytes)

GC Heap History (8 events):
Event: 3.473 GC heap before
{Heap before GC invocations=1 (full 0):
 PSYoungGen      total 18944K, used 16384K [0x00000000eab00000, 0x00000000ec000000, 0x0000000100000000)
  eden space 16384K, 100% used [0x00000000eab00000,0x00000000ebb00000,0x00000000ebb00000)
  from space 2560K, 0% used [0x00000000ebd80000,0x00000000ebd80000,0x00000000ec000000)
  to   space 2560K, 0% used [0x00000000ebb00000,0x00000000ebb00000,0x00000000ebd80000)
 ParOldGen       total 44032K, used 0K [0x00000000c0000000, 0x00000000c2b00000, 0x00000000eab00000)
  object space 44032K, 0% used [0x00000000c0000000,0x00000000c0000000,0x00000000c2b00000)
 Metaspace       used 5649K, capacity 6768K, committed 7040K, reserved 1056768K
  class space    used 565K, capacity 616K, committed 640K, reserved 1048576K
Event: 4.462 GC heap after
Heap after GC invocations=1 (full 0):
 PSYoungGen      total 18944K, used 2531K [0x00000000eab00000, 0x00000000ed000000, 0x0000000100000000)
  eden space 16384K, 0% used [0x00000000eab00000,0x00000000eab00000,0x00000000ebb00000)
  from space 2560K, 98% used [0x00000000ebb00000,0x00000000ebd78c58,0x00000000ebd80000)
  to   space 2560K, 0% used [0x00000000ecd80000,0x00000000ecd80000,0x00000000ed000000)
 ParOldGen       total 44032K, used 2267K [0x00000000c0000000, 0x00000000c2b00000, 0x00000000eab00000)
  object space 44032K, 5% used [0x00000000c0000000,0x00000000c0236c68,0x00000000c2b00000)
 Metaspace       used 5649K, capacity 6768K, committed 7040K, reserved 1056768K
  class space    used 565K, capacity 616K, committed 640K, reserved 1048576K
}
Event: 5.535 GC heap before
{Heap before GC invocations=2 (full 0):
 PSYoungGen      total 18944K, used 18915K [0x00000000eab00000, 0x00000000ed000000, 0x0000000100000000)
  eden space 16384K, 100% used [0x00000000eab00000,0x00000000ebb00000,0x00000000ebb00000)
  from space 2560K, 98% used [0x00000000ebb00000,0x00000000ebd78c58,0x00000000ebd80000)
  to   space 2560K, 0% used [0x00000000ecd80000,0x00000000ecd80000,0x00000000ed000000)
 ParOldGen       total 44032K, used 2267K [0x00000000c0000000, 0x00000000c2b00000, 0x00000000eab00000)
  object space 44032K, 5% used [0x00000000c0000000,0x00000000c0236c68,0x00000000c2b00000)
 Metaspace       used 5844K, capacity 6960K, committed 7040K, reserved 1056768K
  class space    used 565K, capacity 616K, committed 640K, reserved 1048576K
Event: 6.869 GC heap after
Heap after GC invocations=2 (full 0):
 PSYoungGen      total 35328K, used 2545K [0x00000000eab00000, 0x00000000ed000000, 0x0000000100000000)
  eden space 32768K, 0% used [0x00000000eab00000,0x00000000eab00000,0x00000000ecb00000)
  from space 2560K, 99% used [0x00000000ecd80000,0x00000000ecffc690,0x00000000ed000000)
  to   space 2560K, 0% used [0x00000000ecb00000,0x00000000ecb00000,0x00000000ecd80000)
 ParOldGen       total 44032K, used 4660K [0x00000000c0000000, 0x00000000c2b00000, 0x00000000eab00000)
  object space 44032K, 10% used [0x00000000c0000000,0x00000000c048d280,0x00000000c2b00000)
 Metaspace       used 5844K, capacity 6960K, committed 7040K, reserved 1056768K
  class space    used 565K, capacity 616K, committed 640K, reserved 1048576K
}
Event: 11.367 GC heap before
{Heap before GC invocations=3 (full 0):
 PSYoungGen      total 35328K, used 35313K [0x00000000eab00000, 0x00000000ed000000, 0x0000000100000000)
  eden space 32768K, 100% used [0x00000000eab00000,0x00000000ecb00000,0x00000000ecb00000)
  from space 2560K, 99% used [0x00000000ecd80000,0x00000000ecffc690,0x00000000ed000000)
  to   space 2560K, 0% used [0x00000000ecb00000,0x00000000ecb00000,0x00000000ecd80000)
 ParOldGen       total 44032K, used 4660K [0x00000000c0000000, 0x00000000c2b00000, 0x00000000eab00000)
  object space 44032K, 10% used [0x00000000c0000000,0x00000000c048d280,0x00000000c2b00000)
 Metaspace       used 5933K, capacity 7024K, committed 7296K, reserved 1056768K
  class space    used 565K, capacity 616K, committed 640K, reserved 1048576K
Event: 13.246 GC heap after
Heap after GC invocations=3 (full 0):
 PSYoungGen      total 35328K, used 2532K [0x00000000eab00000, 0x00000000ef000000, 0x0000000100000000)
  eden space 32768K, 0% used [0x00000000eab00000,0x00000000eab00000,0x00000000ecb00000)
  from space 2560K, 98% used [0x00000000ecb00000,0x00000000ecd79228,0x00000000ecd80000)
  to   space 2560K, 0% used [0x00000000eed80000,0x00000000eed80000,0x00000000ef000000)
 ParOldGen       total 44032K, used 9805K [0x00000000c0000000, 0x00000000c2b00000, 0x00000000eab00000)
  object space 44032K, 22% used [0x00000000c0000000,0x00000000c0993568,0x00000000c2b00000)
 Metaspace       used 5933K, capacity 7024K, committed 7296K, reserved 1056768K
  class space    used 565K, capacity 616K, committed 640K, reserved 1048576K
}
Event: 17.846 GC heap before
{Heap before GC invocations=4 (full 0):
 PSYoungGen      total 35328K, used 35300K [0x00000000eab00000, 0x00000000ef000000, 0x0000000100000000)
  eden space 32768K, 100% used [0x00000000eab00000,0x00000000ecb00000,0x00000000ecb00000)
  from space 2560K, 98% used [0x00000000ecb00000,0x00000000ecd79228,0x00000000ecd80000)
  to   space 2560K, 0% used [0x00000000eed80000,0x00000000eed80000,0x00000000ef000000)
 ParOldGen       total 44032K, used 9805K [0x00000000c0000000, 0x00000000c2b00000, 0x00000000eab00000)
  object space 44032K, 22% used [0x00000000c0000000,0x00000000c0993568,0x00000000c2b00000)
 Metaspace       used 6006K, capacity 7088K, committed 7296K, reserved 1056768K
  class space    used 567K, capacity 616K, committed 640K, reserved 1048576K
Event: 18.146 GC heap after
Heap after GC invocations=4 (full 0):
 PSYoungGen      total 68096K, used 2529K [0x00000000eab00000, 0x00000000ef000000, 0x0000000100000000)
  eden space 65536K, 0% used [0x00000000eab00000,0x00000000eab00000,0x00000000eeb00000)
  from space 2560K, 98% used [0x00000000eed80000,0x00000000eeff8690,0x00000000ef000000)
  to   space 2560K, 0% used [0x00000000eeb00000,0x00000000eeb00000,0x00000000eed80000)
 ParOldGen       total 44032K, used 15087K [0x00000000c0000000, 0x00000000c2b00000, 0x00000000eab00000)
  object space 44032K, 34% used [0x00000000c0000000,0x00000000c0ebbf40,0x00000000c2b00000)
 Metaspace       used 6006K, capacity 7088K, committed 7296K, reserved 1056768K
  class space    used 567K, capacity 616K, committed 640K, reserved 1048576K
}

Deoptimization events (10 events):
Event: 20.429 Thread 0x0000000016cfe800 Uncommon trap: reason=bimorphic action=maybe_recompile pc=0x00000000033786d0 method=java.util.HashMap.putVal(ILjava/lang/Object;Ljava/lang/Object;ZZ)Ljava/lang/Object; @ 203
Event: 20.429 Thread 0x0000000016cfe800 Uncommon trap: reason=bimorphic action=maybe_recompile pc=0x00000000033786d0 method=java.util.HashMap.putVal(ILjava/lang/Object;Ljava/lang/Object;ZZ)Ljava/lang/Object; @ 203
Event: 20.429 Thread 0x0000000016cfe800 Uncommon trap: reason=bimorphic action=maybe_recompile pc=0x00000000033786d0 method=java.util.HashMap.putVal(ILjava/lang/Object;Ljava/lang/Object;ZZ)Ljava/lang/Object; @ 203
Event: 20.429 Thread 0x0000000016cfe800 Uncommon trap: reason=bimorphic action=maybe_recompile pc=0x00000000033786d0 method=java.util.HashMap.putVal(ILjava/lang/Object;Ljava/lang/Object;ZZ)Ljava/lang/Object; @ 203
Event: 22.069 Thread 0x0000000016cfe800 Uncommon trap: reason=unstable_if action=reinterpret pc=0x00000000033d5a54 method=com.android.dx.rop.code.RegisterSpec.matchesVariable(Lcom/android/dx/rop/code/RegisterSpec;)Z @ 59
Event: 22.074 Thread 0x0000000016cfe800 Uncommon trap: reason=speculate_class_check action=maybe_recompile pc=0x0000000002f94a28 method=com.android.dx.util.FixedSizeList.equals(Ljava/lang/Object;)Z @ 25
Event: 22.074 Thread 0x0000000016cfe800 Uncommon trap: reason=speculate_class_check action=maybe_recompile pc=0x0000000002f94a28 method=com.android.dx.util.FixedSizeList.equals(Ljava/lang/Object;)Z @ 25
Event: 22.074 Thread 0x0000000016cfe800 Uncommon trap: reason=speculate_class_check action=maybe_recompile pc=0x0000000002f94a28 method=com.android.dx.util.FixedSizeList.equals(Ljava/lang/Object;)Z @ 25
Event: 22.074 Thread 0x0000000016cfe800 Uncommon trap: reason=speculate_class_check action=maybe_recompile pc=0x0000000002f94a28 method=com.android.dx.util.FixedSizeList.equals(Ljava/lang/Object;)Z @ 25
Event: 22.228 Thread 0x0000000016cfe800 Uncommon trap: reason=unstable_if action=reinterpret pc=0x000000000338438c method=java.util.TreeMap.put(Ljava/lang/Object;Ljava/lang/Object;)Ljava/lang/Object; @ 163

Internal exceptions (3 events):
Event: 0.185 Thread 0x0000000002ab0800 Exception <a 'java/lang/NoSuchMethodError': Method sun.misc.Unsafe.defineClass(Ljava/lang/String;[BII)Ljava/lang/Class; name or signature does not match> (0x00000000eab07cc0) thrown at [C:\src\android\AOSP-openjdk\external\jetbrains\jdk\hotspot\src\share\væÕ¨∞«?
Event: 0.185 Thread 0x0000000002ab0800 Exception <a 'java/lang/NoSuchMethodError': Method sun.misc.Unsafe.prefetchRead(Ljava/lang/Object;J)V name or signature does not match> (0x00000000eab07fa8) thrown at [C:\src\android\AOSP-openjdk\external\jetbrains\jdk\hotspot\src\share\vm\prims\jni.cpp, l◊ÅSy‘Ø&@
Event: 11.343 Thread 0x0000000016cfa000 Implicit null exception at 0x000000000308ae6d to 0x000000000308c3d1

Events (10 events):
Event: 22.228 Thread 0x0000000016cfe800 DEOPT PACKING pc=0x000000000338438c sp=0x00000000172aea80
Event: 22.228 Thread 0x0000000016cfe800 DEOPT UNPACKING pc=0x0000000002bf556a sp=0x00000000172aea20 mode 2
Event: 22.448 Thread 0x0000000016cfe800 DEOPT PACKING pc=0x00000000033f8ab9 sp=0x00000000172aea30
Event: 22.448 Thread 0x0000000016cfe800 DEOPT UNPACKING pc=0x0000000002bf75bf sp=0x00000000172ae7a8 mode 0
Event: 22.450 Thread 0x0000000016cfe800 DEOPT PACKING pc=0x0000000003401b26 sp=0x00000000172ae950
Event: 22.450 Thread 0x0000000016cfe800 DEOPT UNPACKING pc=0x0000000002bf75bf sp=0x00000000172ae6a8 mode 0
Event: 22.456 Thread 0x0000000016cfe800 DEOPT PACKING pc=0x0000000003405233 sp=0x00000000172aea10
Event: 22.456 Thread 0x0000000016cfe800 DEOPT UNPACKING pc=0x0000000002bf75bf sp=0x00000000172ae760 mode 0
Event: 22.489 Thread 0x0000000016cfe800 DEOPT PACKING pc=0x0000000003401b26 sp=0x00000000172ae950
Event: 22.489 Thread 0x0000000016cfe800 DEOPT UNPACKING pc=0x0000000002bf75bf sp=0x00000000172ae6a8 mode 0


Dynamic libraries:
0x00007ff665610000 - 0x00007ff665641000 	C:\Program Files\Android\Android Studio\jre\bin\java.exe
0x00007ffd52e90000 - 0x00007ffd5303d000 	C:\windows\SYSTEM32\ntdll.dll
0x00007ffd51320000 - 0x00007ffd5145e000 	C:\windows\system32\KERNEL32.DLL
0x00007ffd416a0000 - 0x00007ffd416d3000 	C:\Program Files (x86)\AVG\Av\avghooka.dll
0x00007ffd4f020000 - 0x00007ffd4f135000 	C:\windows\system32\KERNELBASE.dll
0x00007ffd50ea0000 - 0x00007ffd50f4a000 	C:\windows\system32\ADVAPI32.dll
0x00007ffd50b90000 - 0x00007ffd50d07000 	C:\windows\system32\USER32.dll
0x00007ffd4c950000 - 0x00007ffd4cbcb000 	C:\windows\WinSxS\amd64_microsoft.windows.common-controls_6595b64144ccf1df_6.0.9600.18006_none_623f33d3ecbe86e8\COMCTL32.dll
0x00007ffd4f400000 - 0x00007ffd4f4aa000 	C:\windows\system32\msvcrt.dll
0x00007ffd4f5f0000 - 0x00007ffd4f649000 	C:\windows\SYSTEM32\sechost.dll
0x00007ffd4f4b0000 - 0x00007ffd4f5f0000 	C:\windows\system32\RPCRT4.dll
0x00007ffd4f2b0000 - 0x00007ffd4f3ff000 	C:\windows\system32\GDI32.dll
0x00007ffd4f140000 - 0x00007ffd4f16e000 	C:\windows\system32\SspiCli.dll
0x00007ffd512d0000 - 0x00007ffd51306000 	C:\windows\system32\IMM32.DLL
0x00007ffd50f50000 - 0x00007ffd510a2000 	C:\windows\system32\MSCTF.dll
0x0000000069020000 - 0x00000000690f2000 	C:\Program Files\Android\Android Studio\jre\jre\bin\msvcr100.dll
0x00000000691e0000 - 0x0000000069a14000 	C:\Program Files\Android\Android Studio\jre\jre\bin\server\jvm.dll
0x00007ffd408e0000 - 0x00007ffd408e9000 	C:\windows\SYSTEM32\WSOCK32.dll
0x00007ffd41e90000 - 0x00007ffd41eb2000 	C:\windows\SYSTEM32\WINMM.dll
0x00007ffd47840000 - 0x00007ffd4784a000 	C:\windows\SYSTEM32\VERSION.dll
0x00007ffd4f280000 - 0x00007ffd4f287000 	C:\windows\system32\PSAPI.DLL
0x00007ffd50d80000 - 0x00007ffd50dda000 	C:\windows\system32\WS2_32.dll
0x00007ffd41e60000 - 0x00007ffd41e8a000 	C:\windows\SYSTEM32\WINMMBASE.dll
0x00007ffd4f650000 - 0x00007ffd4f659000 	C:\windows\system32\NSI.dll
0x00007ffd4f1d0000 - 0x00007ffd4f21f000 	C:\windows\SYSTEM32\cfgmgr32.dll
0x00007ffd4daf0000 - 0x00007ffd4db18000 	C:\windows\SYSTEM32\DEVOBJ.dll
0x00007ffd49b00000 - 0x00007ffd49b0f000 	C:\Program Files\Android\Android Studio\jre\jre\bin\verify.dll
0x00007ffd41410000 - 0x00007ffd41439000 	C:\Program Files\Android\Android Studio\jre\jre\bin\java.dll
0x00007ffd41500000 - 0x00007ffd41516000 	C:\Program Files\Android\Android Studio\jre\jre\bin\zip.dll
0x00007ffd4f660000 - 0x00007ffd50b88000 	C:\windows\system32\SHELL32.dll
0x00007ffd510b0000 - 0x00007ffd512c1000 	C:\windows\SYSTEM32\combase.dll
0x00007ffd50d20000 - 0x00007ffd50d74000 	C:\windows\system32\SHLWAPI.dll
0x00007ffd4d260000 - 0x00007ffd4d312000 	C:\windows\SYSTEM32\SHCORE.dll
0x00007ffd4ecc0000 - 0x00007ffd4ecd5000 	C:\windows\SYSTEM32\profapi.dll

VM Arguments:
jvm_args: -Djava.awt.headless=true -Xmx1024M -Dfile.encoding=windows-1252 -Duser.country=US -Duser.language=en -Duser.variant 
java_command: com.android.dx.command.Main --dex --force-jumbo --num-threads=4 --multi-dex --output C:\Users\annie_000.TRINHVU-TABLET\Downloads\final-project-aipom\app\build\intermediates\transforms\dex\debug\folders\1000\10\com.android.support-support-fragment-24.2.1_6b27853149ecc6bb704c9eda484c5fa6fb12faae C:\Users\annie_000.TRINHVU-TABLET\Downloads\final-project-aipom\app\build\intermediates\exploded-aar\com.android.support\support-fragment\24.2.1\jars\classes.jar
java_class_path (initial): C:\Users\annie_000.TRINHVU-TABLET\AppData\Local\Android\sdk\build-tools\25.0.0\lib\dx.jar
Launcher Type: SUN_STANDARD

Environment Variables:
PATH=C:\windows\system32;C:\windows;C:\windows\System32\Wbem;C:\windows\System32\WindowsPowerShell\v1.0\;C:\Program Files\Git\cmd
USERNAME=annie_000
OS=Windows_NT
PROCESSOR_IDENTIFIER=Intel64 Family 6 Model 69 Stepping 1, GenuineIntel



---------------  S Y S T E M  ---------------

OS: Windows 8.1 , 64 bit Build 9600 (6.3.9600.17415)

CPU:total 4 (2 cores per cpu, 2 threads per core) family 6 model 69 stepping 1, cmov, cx8, fxsr, mmx, sse, sse2, sse3, ssse3, sse4.1, sse4.2, popcnt, avx, avx2, aes, clmul, erms, lzcnt, ht, tsc, tscinvbit, bmi1, bmi2

Memory: 4k page, physical 4112428k(253544k free), swap 7258156k(4500k free)

vm_info: OpenJDK 64-Bit Server VM (25.76-b03) for windows-amd64 JRE (1.8.0_76-release-b03), built on Jun 29 2016 19:09:20 by "ralucas" with MS VC++ 10.0 (VS2010)

time: Mon Nov 07 12:08:41 2016
elapsed time: 22 seconds (0d 0h 0m 22s)

