#
# There is insufficient memory for the Java Runtime Environment to continue.
# Native memory allocation (malloc) failed to allocate 32744 bytes for ChunkPool::allocate
# Possible reasons:
#   The system is out of physical RAM or swap space
#   In 32 bit mode, the process size limit was hit
# Possible solutions:
#   Reduce memory load on the system
#   Increase physical memory or swap space
#   Check if swap backing store is full
#   Use 64 bit Java on a 64 bit OS
#   Decrease Java heap size (-Xmx/-Xms)
#   Decrease number of Java threads
#   Decrease Java thread stack sizes (-Xss)
#   Set larger code cache with -XX:ReservedCodeCacheSize=
# This output file may be truncated or incomplete.
#
#  Out of Memory Error (allocation.cpp:273), pid=7816, tid=0x00000000000000c4
#
# JRE version: OpenJDK Runtime Environment (8.0_76-b03) (build 1.8.0_76-release-b03)
# Java VM: OpenJDK 64-Bit Server VM (25.76-b03 mixed mode windows-amd64 compressed oops)
# Failed to write core dump. Minidumps are not enabled by default on client versions of Windows
#

---------------  T H R E A D  ---------------

Current thread (0x0000000014eb9800):  JavaThread "C1 CompilerThread2" daemon [_thread_in_native, id=196, stack(0x0000000016690000,0x0000000016790000)]

Stack: [0x0000000016690000,0x0000000016790000]
[error occurred during error reporting (printing stack bounds), id 0xc0000005]

Native frames: (J=compiled Java code, j=interpreted, Vv=VM code, C=native code)


Current CompileTask:
C1:   2798  596   !   3       com.android.dx.cf.code.BytecodeArray::parseInstruction (2764 bytes)


---------------  P R O C E S S  ---------------

Java Threads: ( => current thread )
  0x00000000169f9000 JavaThread "pool-2-thread-4" [_thread_in_Java, id=6816, stack(0x0000000017190000,0x0000000017290000)]
  0x0000000016a0a000 JavaThread "pool-2-thread-3" [_thread_in_Java, id=5248, stack(0x0000000017090000,0x0000000017190000)]
  0x00000000169e9000 JavaThread "pool-2-thread-2" [_thread_in_Java, id=7388, stack(0x0000000016f90000,0x0000000017090000)]
  0x0000000016958800 JavaThread "pool-3-thread-1" [_thread_blocked, id=3348, stack(0x0000000016e90000,0x0000000016f90000)]
  0x0000000016955000 JavaThread "pool-2-thread-1" [_thread_in_Java, id=5332, stack(0x0000000016d90000,0x0000000016e90000)]
  0x0000000016793000 JavaThread "Service Thread" daemon [_thread_blocked, id=7196, stack(0x0000000016b90000,0x0000000016c90000)]
=>0x0000000014eb9800 JavaThread "C1 CompilerThread2" daemon [_thread_in_native, id=196, stack(0x0000000016690000,0x0000000016790000)]
  0x0000000014eb3000 JavaThread "C2 CompilerThread1" daemon [_thread_blocked, id=6592, stack(0x0000000016590000,0x0000000016690000)]
  0x0000000014e5b000 JavaThread "C2 CompilerThread0" daemon [_thread_blocked, id=7668, stack(0x0000000016490000,0x0000000016590000)]
  0x0000000014e59800 JavaThread "Attach Listener" daemon [_thread_blocked, id=7664, stack(0x0000000016390000,0x0000000016490000)]
  0x0000000014e58800 JavaThread "Signal Dispatcher" daemon [_thread_blocked, id=5908, stack(0x0000000016290000,0x0000000016390000)]
  0x00000000026bb000 JavaThread "Finalizer" daemon [_thread_blocked, id=6844, stack(0x00000000160b0000,0x00000000161b0000)]
  0x00000000026af800 JavaThread "Reference Handler" daemon [_thread_blocked, id=3924, stack(0x0000000015fb0000,0x00000000160b0000)]
  0x00000000025c0800 JavaThread "main" [_thread_in_Java, id=7504, stack(0x0000000002440000,0x0000000002540000)]

Other Threads:
  0x0000000014e26800 VMThread [stack: 0x0000000015eb0000,0x0000000015fb0000] [id=6268]
  0x0000000016795000 WatcherThread [stack: 0x0000000016c90000,0x0000000016d90000] [id=8108]

VM state:not at safepoint (normal execution)

VM Mutex/Monitor currently owned by a thread: None

Heap:
 PSYoungGen      total 18944K, used 12110K [0x00000000eab00000, 0x00000000ec000000, 0x0000000100000000)
  eden space 16384K, 73% used [0x00000000eab00000,0x00000000eb6d3978,0x00000000ebb00000)
  from space 2560K, 0% used [0x00000000ebd80000,0x00000000ebd80000,0x00000000ec000000)
  to   space 2560K, 0% used [0x00000000ebb00000,0x00000000ebb00000,0x00000000ebd80000)
 ParOldGen       total 44032K, used 0K [0x00000000c0000000, 0x00000000c2b00000, 0x00000000eab00000)
  object space 44032K, 0% used [0x00000000c0000000,0x00000000c0000000,0x00000000c2b00000)
 Metaspace       used 5554K, capacity 6576K, committed 6784K, reserved 1056768K
  class space    used 569K, capacity 616K, committed 640K, reserved 1048576K

Card table byte_map: [0x0000000011b50000,0x0000000011d60000] byte_map_base: 0x0000000011550000

Marking Bits: (ParMarkBitMap*) 0x0000000069999d00
 Begin Bits: [0x00000000122c0000, 0x00000000132c0000)
 End Bits:   [0x00000000132c0000, 0x00000000142c0000)

Polling page: 0x0000000002540000

CodeCache: size=245760Kb used=2341Kb max_used=2352Kb free=243418Kb
 bounds [0x0000000002790000, 0x0000000002a00000, 0x0000000011790000]
 total_blobs=877 nmethods=610 adapters=181
 compilation: enabled

Compilation events (10 events):
Event: 2.781 Thread 0x0000000014eb9800 nmethod 614 0x00000000029d7d10 code [0x00000000029d7ec0, 0x00000000029d8368]
Event: 2.781 Thread 0x0000000014eb9800  610       3       com.android.dx.rop.code.RopMethod::labelToPredecessors (54 bytes)
Event: 2.782 Thread 0x0000000014eb9800 nmethod 610 0x00000000029d8550 code [0x00000000029d8740, 0x00000000029d9038]
Event: 2.782 Thread 0x0000000014eb9800  606       3       com.android.dx.ssa.SsaMethod::updateOneDefinition (70 bytes)
Event: 2.782 Thread 0x0000000014eb9800 nmethod 606 0x00000000029d94d0 code [0x00000000029d9680, 0x00000000029d9ea8]
Event: 2.782 Thread 0x0000000014eb9800  596   !   3       com.android.dx.cf.code.BytecodeArray::parseInstruction (2764 bytes)
Event: 2.790 Thread 0x0000000014e5b000  626       4       java.util.ArrayList::iterator (10 bytes)
Event: 2.791 Thread 0x0000000014e5b000 nmethod 626 0x00000000029dced0 code [0x00000000029dd020, 0x00000000029dd128]
Event: 2.792 Thread 0x0000000014eb3000  627       4       java.util.ArrayList$Itr::<init> (6 bytes)
Event: 2.792 Thread 0x0000000014eb3000 nmethod 627 0x00000000029dd210 code [0x00000000029dd340, 0x00000000029dd3d8]

GC Heap History (0 events):
No events

Deoptimization events (2 events):
Event: 0.885 Thread 0x00000000025c0800 Uncommon trap: reason=unstable_if action=reinterpret pc=0x00000000028c7190 method=java.lang.String.indexOf(II)I @ 49
Event: 2.742 Thread 0x00000000025c0800 Uncommon trap: reason=unstable_if action=reinterpret pc=0x00000000029b31e8 method=java.util.HashMap.getNode(ILjava/lang/Object;)Ljava/util/HashMap$Node; @ 62

Internal exceptions (2 events):
Event: 0.157 Thread 0x00000000025c0800 Exception <a 'java/lang/NoSuchMethodError': Method sun.misc.Unsafe.defineClass(Ljava/lang/String;[BII)Ljava/lang/Class; name or signature does not match> (0x00000000eab07cc0) thrown at [C:\src\android\AOSP-openjdk\external\jetbrains\jdk\hotspot\src\share\v4	—Ö:$Ä?
Event: 0.157 Thread 0x00000000025c0800 Exception <a 'java/lang/NoSuchMethodError': Method sun.misc.Unsafe.prefetchRead(Ljava/lang/Object;J)V name or signature does not match> (0x00000000eab07fa8) thrown at [C:\src\android\AOSP-openjdk\external\jetbrains\jdk\hotspot\src\share\vm\prims\jni.cpp, l

Events (10 events):
Event: 2.722 loading class com/android/dx/rop/code/RegOps done
Event: 2.737 loading class java/util/TreeMap$EntrySet
Event: 2.737 loading class java/util/TreeMap$EntrySet done
Event: 2.737 loading class java/util/TreeMap$EntryIterator
Event: 2.737 loading class java/util/TreeMap$EntryIterator done
Event: 2.742 Thread 0x00000000025c0800 Uncommon trap: trap_request=0xffffff65 fr.pc=0x00000000029b31e8
Event: 2.742 Thread 0x00000000025c0800 DEOPT PACKING pc=0x00000000029b31e8 sp=0x000000000253ded0
Event: 2.742 Thread 0x00000000025c0800 DEOPT UNPACKING pc=0x00000000027d556a sp=0x000000000253de58 mode 2
Event: 2.791 loading class java/util/ArrayList$1
Event: 2.792 loading class java/util/ArrayList$1 done


Dynamic libraries:
0x00007ff665610000 - 0x00007ff665641000 	C:\Program Files\Android\Android Studio\jre\bin\java.exe
0x00007ffd52e90000 - 0x00007ffd5303d000 	C:\windows\SYSTEM32\ntdll.dll
0x00007ffd51320000 - 0x00007ffd5145e000 	C:\windows\system32\KERNEL32.DLL
0x00007ffd416a0000 - 0x00007ffd416d3000 	C:\Program Files (x86)\AVG\Av\avghooka.dll
0x00007ffd4f020000 - 0x00007ffd4f135000 	C:\windows\system32\KERNELBASE.dll
0x00007ffd50ea0000 - 0x00007ffd50f4a000 	C:\windows\system32\ADVAPI32.dll
0x00007ffd50b90000 - 0x00007ffd50d07000 	C:\windows\system32\USER32.dll
0x00007ffd4c950000 - 0x00007ffd4cbcb000 	C:\windows\WinSxS\amd64_microsoft.windows.common-controls_6595b64144ccf1df_6.0.9600.18006_none_623f33d3ecbe86e8\COMCTL32.dll
0x00007ffd4f400000 - 0x00007ffd4f4aa000 	C:\windows\system32\msvcrt.dll
0x00007ffd4f5f0000 - 0x00007ffd4f649000 	C:\windows\SYSTEM32\sechost.dll
0x00007ffd4f4b0000 - 0x00007ffd4f5f0000 	C:\windows\system32\RPCRT4.dll
0x00007ffd4f2b0000 - 0x00007ffd4f3ff000 	C:\windows\system32\GDI32.dll
0x00007ffd4f140000 - 0x00007ffd4f16e000 	C:\windows\system32\SspiCli.dll
0x00007ffd512d0000 - 0x00007ffd51306000 	C:\windows\system32\IMM32.DLL
0x00007ffd50f50000 - 0x00007ffd510a2000 	C:\windows\system32\MSCTF.dll
0x0000000069020000 - 0x00000000690f2000 	C:\Program Files\Android\Android Studio\jre\jre\bin\msvcr100.dll
0x00000000691e0000 - 0x0000000069a14000 	C:\Program Files\Android\Android Studio\jre\jre\bin\server\jvm.dll
0x00007ffd408e0000 - 0x00007ffd408e9000 	C:\windows\SYSTEM32\WSOCK32.dll
0x00007ffd41e90000 - 0x00007ffd41eb2000 	C:\windows\SYSTEM32\WINMM.dll
0x00007ffd47840000 - 0x00007ffd4784a000 	C:\windows\SYSTEM32\VERSION.dll
0x00007ffd4f280000 - 0x00007ffd4f287000 	C:\windows\system32\PSAPI.DLL
0x00007ffd50d80000 - 0x00007ffd50dda000 	C:\windows\system32\WS2_32.dll
0x00007ffd41e60000 - 0x00007ffd41e8a000 	C:\windows\SYSTEM32\WINMMBASE.dll
0x00007ffd4f650000 - 0x00007ffd4f659000 	C:\windows\system32\NSI.dll
0x00007ffd4f1d0000 - 0x00007ffd4f21f000 	C:\windows\SYSTEM32\cfgmgr32.dll
0x00007ffd4daf0000 - 0x00007ffd4db18000 	C:\windows\SYSTEM32\DEVOBJ.dll
0x00007ffd49b00000 - 0x00007ffd49b0f000 	C:\Program Files\Android\Android Studio\jre\jre\bin\verify.dll
0x00007ffd41410000 - 0x00007ffd41439000 	C:\Program Files\Android\Android Studio\jre\jre\bin\java.dll
0x00007ffd41500000 - 0x00007ffd41516000 	C:\Program Files\Android\Android Studio\jre\jre\bin\zip.dll
0x00007ffd4f660000 - 0x00007ffd50b88000 	C:\windows\system32\SHELL32.dll
0x00007ffd510b0000 - 0x00007ffd512c1000 	C:\windows\SYSTEM32\combase.dll
0x00007ffd50d20000 - 0x00007ffd50d74000 	C:\windows\system32\SHLWAPI.dll
0x00007ffd4d260000 - 0x00007ffd4d312000 	C:\windows\SYSTEM32\SHCORE.dll
0x00007ffd4ecc0000 - 0x00007ffd4ecd5000 	C:\windows\SYSTEM32\profapi.dll

VM Arguments:
jvm_args: -Djava.awt.headless=true -Xmx1024M -Dfile.encoding=windows-1252 -Duser.country=US -Duser.language=en -Duser.variant 
java_command: com.android.dx.command.Main --dex --force-jumbo --num-threads=4 --multi-dex --output C:\Users\annie_000.TRINHVU-TABLET\Downloads\final-project-aipom\app\build\intermediates\transforms\dex\debug\folders\1000\10\com.google.android.gms-play-services-auth-base-9.8.0_1c2ce81c5cbb5360213205645ca4e91ef18563b5 C:\Users\annie_000.TRINHVU-TABLET\Downloads\final-project-aipom\app\build\intermediates\exploded-aar\com.google.android.gms\play-services-auth-base\9.8.0\jars\classes.jar
java_class_path (initial): C:\Users\annie_000.TRINHVU-TABLET\AppData\Local\Android\sdk\build-tools\25.0.0\lib\dx.jar
Launcher Type: SUN_STANDARD

Environment Variables:
PATH=C:\windows\system32;C:\windows;C:\windows\System32\Wbem;C:\windows\System32\WindowsPowerShell\v1.0\;C:\Program Files\Git\cmd
USERNAME=annie_000
OS=Windows_NT
PROCESSOR_IDENTIFIER=Intel64 Family 6 Model 69 Stepping 1, GenuineIntel



---------------  S Y S T E M  ---------------

OS: Windows 8.1 , 64 bit Build 9600 (6.3.9600.17415)

CPU:total 4 (2 cores per cpu, 2 threads per core) family 6 model 69 stepping 1, cmov, cx8, fxsr, mmx, sse, sse2, sse3, ssse3, sse4.1, sse4.2, popcnt, avx, avx2, aes, clmul, erms, lzcnt, ht, tsc, tscinvbit, bmi1, bmi2

Memory: 4k page, physical 4112428k(229716k free), swap 7258156k(4552k free)

vm_info: OpenJDK 64-Bit Server VM (25.76-b03) for windows-amd64 JRE (1.8.0_76-release-b03), built on Jun 29 2016 19:09:20 by "ralucas" with MS VC++ 10.0 (VS2010)

time: Mon Nov 07 12:08:52 2016
elapsed time: 2 seconds (0d 0h 0m 2s)

