#
# There is insufficient memory for the Java Runtime Environment to continue.
# Native memory allocation (malloc) failed to allocate 329456 bytes for Chunk::new
# Possible reasons:
#   The system is out of physical RAM or swap space
#   In 32 bit mode, the process size limit was hit
# Possible solutions:
#   Reduce memory load on the system
#   Increase physical memory or swap space
#   Check if swap backing store is full
#   Use 64 bit Java on a 64 bit OS
#   Decrease Java heap size (-Xmx/-Xms)
#   Decrease number of Java threads
#   Decrease Java thread stack sizes (-Xss)
#   Set larger code cache with -XX:ReservedCodeCacheSize=
# This output file may be truncated or incomplete.
#
#  Out of Memory Error (allocation.cpp:390), pid=5152, tid=0x00000000000018d8
#
# JRE version: OpenJDK Runtime Environment (8.0_76-b03) (build 1.8.0_76-release-b03)
# Java VM: OpenJDK 64-Bit Server VM (25.76-b03 mixed mode windows-amd64 compressed oops)
# Failed to write core dump. Minidumps are not enabled by default on client versions of Windows
#

---------------  T H R E A D  ---------------

Current thread (0x0000000015123800):  JavaThread "C2 CompilerThread1" daemon [_thread_in_native, id=6360, stack(0x0000000016750000,0x0000000016850000)]

Stack: [0x0000000016750000,0x0000000016850000]
[error occurred during error reporting (printing stack bounds), id 0xc0000005]

Native frames: (J=compiled Java code, j=interpreted, Vv=VM code, C=native code)


Current CompileTask:
C2:  10225 1915   !   4       com.android.dx.cf.code.BytecodeArray::parseInstruction (2764 bytes)


---------------  P R O C E S S  ---------------

Java Threads: ( => current thread )
  0x0000000016c44000 JavaThread "pool-2-thread-3" [_thread_in_Java, id=6260, stack(0x0000000017250000,0x0000000017350000)]
  0x0000000016c40800 JavaThread "pool-3-thread-1" [_thread_blocked, id=6964, stack(0x0000000017050000,0x0000000017150000)]
  0x0000000016953800 JavaThread "Service Thread" daemon [_thread_blocked, id=7164, stack(0x0000000016d50000,0x0000000016e50000)]
  0x0000000015129800 JavaThread "C1 CompilerThread2" daemon [_thread_blocked, id=5660, stack(0x0000000016850000,0x0000000016950000)]
=>0x0000000015123800 JavaThread "C2 CompilerThread1" daemon [_thread_in_native, id=6360, stack(0x0000000016750000,0x0000000016850000)]
  0x00000000150cb000 JavaThread "C2 CompilerThread0" daemon [_thread_in_native, id=1676, stack(0x0000000016650000,0x0000000016750000)]
  0x00000000150ca000 JavaThread "Attach Listener" daemon [_thread_blocked, id=1264, stack(0x0000000016550000,0x0000000016650000)]
  0x00000000150c8800 JavaThread "Signal Dispatcher" daemon [_thread_blocked, id=4676, stack(0x0000000016450000,0x0000000016550000)]
  0x00000000029fb000 JavaThread "Finalizer" daemon [_thread_blocked, id=7744, stack(0x0000000016350000,0x0000000016450000)]
  0x00000000029ef800 JavaThread "Reference Handler" daemon [_thread_blocked, id=7396, stack(0x0000000016250000,0x0000000016350000)]
  0x0000000002900800 JavaThread "main" [_thread_blocked, id=2456, stack(0x0000000002800000,0x0000000002900000)]

Other Threads:
  0x0000000015096800 VMThread [stack: 0x0000000016150000,0x0000000016250000] [id=3632]
  0x0000000016955800 WatcherThread [stack: 0x0000000016e50000,0x0000000016f50000] [id=2664]

VM state:not at safepoint (normal execution)

VM Mutex/Monitor currently owned by a thread: None

Heap:
 PSYoungGen      total 144384K, used 14982K [0x00000000eab00000, 0x00000000fd900000, 0x0000000100000000)
  eden space 129536K, 9% used [0x00000000eab00000,0x00000000eb7a37f0,0x00000000f2980000)
  from space 14848K, 13% used [0x00000000f2980000,0x00000000f2b7e2a8,0x00000000f3800000)
  to   space 25088K, 0% used [0x00000000fc080000,0x00000000fc080000,0x00000000fd900000)
 ParOldGen       total 44032K, used 43737K [0x00000000c0000000, 0x00000000c2b00000, 0x00000000eab00000)
  object space 44032K, 99% used [0x00000000c0000000,0x00000000c2ab67d0,0x00000000c2b00000)
 Metaspace       used 6284K, capacity 7216K, committed 7296K, reserved 1056768K
  class space    used 585K, capacity 616K, committed 640K, reserved 1048576K

Card table byte_map: [0x0000000011dc0000,0x0000000011fd0000] byte_map_base: 0x00000000117c0000

Marking Bits: (ParMarkBitMap*) 0x0000000069999d00
 Begin Bits: [0x0000000012530000, 0x0000000013530000)
 End Bits:   [0x0000000013530000, 0x0000000014530000)

Polling page: 0x0000000000ef0000

CodeCache: size=245760Kb used=8332Kb max_used=8352Kb free=237427Kb
 bounds [0x0000000002a00000, 0x0000000003240000, 0x0000000011a00000]
 total_blobs=2135 nmethods=1872 adapters=176
 compilation: enabled

Compilation events (10 events):
Event: 9.352 Thread 0x0000000015129800 1922       2       com.android.dx.dex.file.AnnotationsDirectoryItem::addParameterAnnotations (37 bytes)
Event: 9.353 Thread 0x0000000015129800 nmethod 1922 0x00000000031ea290 code [0x00000000031ea420, 0x00000000031ea7d8]
Event: 9.361 Thread 0x0000000015129800 1923       1       com.android.dx.ssa.LiteralOpUpgrader$1::visitPhiInsn (1 bytes)
Event: 9.361 Thread 0x0000000015129800 nmethod 1923 0x00000000031e9fd0 code [0x00000000031ea120, 0x00000000031ea230]
Event: 9.563 Thread 0x0000000015123800 nmethod 1762 0x0000000003214e10 code [0x00000000032158a0, 0x000000000321ef38]
Event: 9.564 Thread 0x0000000015123800 1911       4       com.android.dx.ssa.LocalVariableExtractor::processBlock (383 bytes)
Event: 9.850 Thread 0x0000000015123800 nmethod 1911 0x000000000322ee10 code [0x000000000322f180, 0x0000000003232990]
Event: 9.851 Thread 0x0000000015123800 1915   !   4       com.android.dx.cf.code.BytecodeArray::parseInstruction (2764 bytes)
Event: 9.905 Thread 0x0000000015129800 1925       2       com.android.dx.ssa.back.FirstFitLocalCombiningAllocator::ssaSetToSpecs (57 bytes)
Event: 9.906 Thread 0x0000000015129800 nmethod 1925 0x00000000031e8bd0 code [0x00000000031e8de0, 0x00000000031e95d8]

GC Heap History (10 events):
Event: 4.709 GC heap before
{Heap before GC invocations=4 (full 0):
 PSYoungGen      total 35328K, used 6305K [0x00000000eab00000, 0x00000000ef000000, 0x0000000100000000)
  eden space 32768K, 11% used [0x00000000eab00000,0x00000000eaea8cc8,0x00000000ecb00000)
  from space 2560K, 99% used [0x00000000ecb00000,0x00000000ecd7f938,0x00000000ecd80000)
  to   space 2560K, 0% used [0x00000000eed80000,0x00000000eed80000,0x00000000ef000000)
 ParOldGen       total 44032K, used 7934K [0x00000000c0000000, 0x00000000c2b00000, 0x00000000eab00000)
  object space 44032K, 18% used [0x00000000c0000000,0x00000000c07bfbf0,0x00000000c2b00000)
 Metaspace       used 6001K, capacity 7088K, committed 7296K, reserved 1056768K
  class space    used 565K, capacity 616K, committed 640K, reserved 1048576K
Event: 4.752 GC heap after
Heap after GC invocations=4 (full 0):
 PSYoungGen      total 68096K, used 2542K [0x00000000eab00000, 0x00000000ef000000, 0x0000000100000000)
  eden space 65536K, 0% used [0x00000000eab00000,0x00000000eab00000,0x00000000eeb00000)
  from space 2560K, 99% used [0x00000000eed80000,0x00000000eeffb908,0x00000000ef000000)
  to   space 2560K, 0% used [0x00000000eeb00000,0x00000000eeb00000,0x00000000eed80000)
 ParOldGen       total 44032K, used 8438K [0x00000000c0000000, 0x00000000c2b00000, 0x00000000eab00000)
  object space 44032K, 19% used [0x00000000c0000000,0x00000000c083dbf0,0x00000000c2b00000)
 Metaspace       used 6001K, capacity 7088K, committed 7296K, reserved 1056768K
  class space    used 565K, capacity 616K, committed 640K, reserved 1048576K
}
Event: 5.304 GC heap before
{Heap before GC invocations=5 (full 0):
 PSYoungGen      total 68096K, used 68078K [0x00000000eab00000, 0x00000000ef000000, 0x0000000100000000)
  eden space 65536K, 100% used [0x00000000eab00000,0x00000000eeb00000,0x00000000eeb00000)
  from space 2560K, 99% used [0x00000000eed80000,0x00000000eeffb908,0x00000000ef000000)
  to   space 2560K, 0% used [0x00000000eeb00000,0x00000000eeb00000,0x00000000eed80000)
 ParOldGen       total 44032K, used 8438K [0x00000000c0000000, 0x00000000c2b00000, 0x00000000eab00000)
  object space 44032K, 19% used [0x00000000c0000000,0x00000000c083dbf0,0x00000000c2b00000)
 Metaspace       used 6080K, capacity 7152K, committed 7296K, reserved 1056768K
  class space    used 565K, capacity 616K, committed 640K, reserved 1048576K
Event: 5.363 GC heap after
Heap after GC invocations=5 (full 0):
 PSYoungGen      total 68096K, used 2536K [0x00000000eab00000, 0x00000000f4500000, 0x0000000100000000)
  eden space 65536K, 0% used [0x00000000eab00000,0x00000000eab00000,0x00000000eeb00000)
  from space 2560K, 99% used [0x00000000eeb00000,0x00000000eed7a3e8,0x00000000eed80000)
  to   space 13312K, 0% used [0x00000000f3800000,0x00000000f3800000,0x00000000f4500000)
 ParOldGen       total 44032K, used 18630K [0x00000000c0000000, 0x00000000c2b00000, 0x00000000eab00000)
  object space 44032K, 42% used [0x00000000c0000000,0x00000000c1231a00,0x00000000c2b00000)
 Metaspace       used 6080K, capacity 7152K, committed 7296K, reserved 1056768K
  class space    used 565K, capacity 616K, committed 640K, reserved 1048576K
}
Event: 5.866 GC heap before
{Heap before GC invocations=6 (full 0):
 PSYoungGen      total 68096K, used 68072K [0x00000000eab00000, 0x00000000f4500000, 0x0000000100000000)
  eden space 65536K, 100% used [0x00000000eab00000,0x00000000eeb00000,0x00000000eeb00000)
  from space 2560K, 99% used [0x00000000eeb00000,0x00000000eed7a3e8,0x00000000eed80000)
  to   space 13312K, 0% used [0x00000000f3800000,0x00000000f3800000,0x00000000f4500000)
 ParOldGen       total 44032K, used 18630K [0x00000000c0000000, 0x00000000c2b00000, 0x00000000eab00000)
  object space 44032K, 42% used [0x00000000c0000000,0x00000000c1231a00,0x00000000c2b00000)
 Metaspace       used 6193K, capacity 7152K, committed 7296K, reserved 1056768K
  class space    used 584K, capacity 616K, committed 640K, reserved 1048576K
Event: 5.899 GC heap after
Heap after GC invocations=6 (full 0):
 PSYoungGen      total 142848K, used 11460K [0x00000000eab00000, 0x00000000f4800000, 0x0000000100000000)
  eden space 129536K, 0% used [0x00000000eab00000,0x00000000eab00000,0x00000000f2980000)
  from space 13312K, 86% used [0x00000000f3800000,0x00000000f4331368,0x00000000f4500000)
  to   space 14848K, 0% used [0x00000000f2980000,0x00000000f2980000,0x00000000f3800000)
 ParOldGen       total 44032K, used 18630K [0x00000000c0000000, 0x00000000c2b00000, 0x00000000eab00000)
  object space 44032K, 42% used [0x00000000c0000000,0x00000000c1231a00,0x00000000c2b00000)
 Metaspace       used 6193K, capacity 7152K, committed 7296K, reserved 1056768K
  class space    used 584K, capacity 616K, committed 640K, reserved 1048576K
}
Event: 7.370 GC heap before
{Heap before GC invocations=7 (full 0):
 PSYoungGen      total 142848K, used 140996K [0x00000000eab00000, 0x00000000f4800000, 0x0000000100000000)
  eden space 129536K, 100% used [0x00000000eab00000,0x00000000f2980000,0x00000000f2980000)
  from space 13312K, 86% used [0x00000000f3800000,0x00000000f4331368,0x00000000f4500000)
  to   space 14848K, 0% used [0x00000000f2980000,0x00000000f2980000,0x00000000f3800000)
 ParOldGen       total 44032K, used 18630K [0x00000000c0000000, 0x00000000c2b00000, 0x00000000eab00000)
  object space 44032K, 42% used [0x00000000c0000000,0x00000000c1231a00,0x00000000c2b00000)
 Metaspace       used 6275K, capacity 7216K, committed 7296K, reserved 1056768K
  class space    used 584K, capacity 616K, committed 640K, reserved 1048576K
Event: 7.476 GC heap after
Heap after GC invocations=7 (full 0):
 PSYoungGen      total 144384K, used 14844K [0x00000000eab00000, 0x00000000fd900000, 0x0000000100000000)
  eden space 129536K, 0% used [0x00000000eab00000,0x00000000eab00000,0x00000000f2980000)
  from space 14848K, 99% used [0x00000000f2980000,0x00000000f37ff038,0x00000000f3800000)
  to   space 25088K, 0% used [0x00000000fc080000,0x00000000fc080000,0x00000000fd900000)
 ParOldGen       total 44032K, used 33475K [0x00000000c0000000, 0x00000000c2b00000, 0x00000000eab00000)
  object space 44032K, 76% used [0x00000000c0000000,0x00000000c20b0f08,0x00000000c2b00000)
 Metaspace       used 6275K, capacity 7216K, committed 7296K, reserved 1056768K
  class space    used 584K, capacity 616K, committed 640K, reserved 1048576K
}
Event: 7.476 GC heap before
{Heap before GC invocations=8 (full 1):
 PSYoungGen      total 144384K, used 14844K [0x00000000eab00000, 0x00000000fd900000, 0x0000000100000000)
  eden space 129536K, 0% used [0x00000000eab00000,0x00000000eab00000,0x00000000f2980000)
  from space 14848K, 99% used [0x00000000f2980000,0x00000000f37ff038,0x00000000f3800000)
  to   space 25088K, 0% used [0x00000000fc080000,0x00000000fc080000,0x00000000fd900000)
 ParOldGen       total 44032K, used 33475K [0x00000000c0000000, 0x00000000c2b00000, 0x00000000eab00000)
  object space 44032K, 76% used [0x00000000c0000000,0x00000000c20b0f08,0x00000000c2b00000)
 Metaspace       used 6275K, capacity 7216K, committed 7296K, reserved 1056768K
  class space    used 584K, capacity 616K, committed 640K, reserved 1048576K
Event: 9.265 GC heap after
Heap after GC invocations=8 (full 1):
 PSYoungGen      total 144384K, used 2040K [0x00000000eab00000, 0x00000000fd900000, 0x0000000100000000)
  eden space 129536K, 0% used [0x00000000eab00000,0x00000000eab00000,0x00000000f2980000)
  from space 14848K, 13% used [0x00000000f2980000,0x00000000f2b7e2a8,0x00000000f3800000)
  to   space 25088K, 0% used [0x00000000fc080000,0x00000000fc080000,0x00000000fd900000)
 ParOldGen       total 44032K, used 43737K [0x00000000c0000000, 0x00000000c2b00000, 0x00000000eab00000)
  object space 44032K, 99% used [0x00000000c0000000,0x00000000c2ab67d0,0x00000000c2b00000)
 Metaspace       used 6275K, capacity 7216K, committed 7296K, reserved 1056768K
  class space    used 584K, capacity 616K, committed 640K, reserved 1048576K
}

Deoptimization events (10 events):
Event: 6.033 Thread 0x0000000016c48000 Uncommon trap: reason=bimorphic action=maybe_recompile pc=0x00000000031296a0 method=com.android.dx.cf.code.BytecodeArray.parseInstruction(ILcom/android/dx/cf/code/BytecodeArray$Visitor;)I @ 1130
Event: 6.033 Thread 0x0000000016c48000 Uncommon trap: reason=bimorphic action=maybe_recompile pc=0x00000000031291b8 method=com.android.dx.cf.code.BytecodeArray.parseInstruction(ILcom/android/dx/cf/code/BytecodeArray$Visitor;)I @ 955
Event: 6.033 Thread 0x0000000016c48000 Uncommon trap: reason=bimorphic action=maybe_recompile pc=0x0000000003129244 method=com.android.dx.cf.code.BytecodeArray.parseInstruction(ILcom/android/dx/cf/code/BytecodeArray$Visitor;)I @ 971
Event: 6.033 Thread 0x0000000016c48000 Uncommon trap: reason=bimorphic action=maybe_recompile pc=0x00000000031292d0 method=com.android.dx.cf.code.BytecodeArray.parseInstruction(ILcom/android/dx/cf/code/BytecodeArray$Visitor;)I @ 987
Event: 6.033 Thread 0x0000000016c48000 Uncommon trap: reason=bimorphic action=maybe_recompile pc=0x00000000031296a0 method=com.android.dx.cf.code.BytecodeArray.parseInstruction(ILcom/android/dx/cf/code/BytecodeArray$Visitor;)I @ 1130
Event: 6.158 Thread 0x0000000002900800 Uncommon trap: reason=unstable_if action=reinterpret pc=0x00000000030ddf88 method=java.util.HashMap.resize()[Ljava/util/HashMap$Node; @ 206
Event: 6.839 Thread 0x0000000016c44000 Uncommon trap: reason=unstable_if action=reinterpret pc=0x0000000002fb95a0 method=com.android.dx.ssa.SCCP.simulateBranch(Lcom/android/dx/ssa/SsaInsn;)V @ 548
Event: 7.322 Thread 0x0000000016c43800 Uncommon trap: reason=bimorphic action=maybe_recompile pc=0x00000000031bf84c method=com.android.dx.cf.code.BytecodeArray.parseInstruction(ILcom/android/dx/cf/code/BytecodeArray$Visitor;)I @ 1287
Event: 7.322 Thread 0x0000000016c43800 Uncommon trap: reason=bimorphic action=maybe_recompile pc=0x00000000031bf84c method=com.android.dx.cf.code.BytecodeArray.parseInstruction(ILcom/android/dx/cf/code/BytecodeArray$Visitor;)I @ 1287
Event: 7.327 Thread 0x0000000016c48000 Uncommon trap: reason=unstable_if action=reinterpret pc=0x0000000003197a44 method=com.android.dx.rop.cst.CstNat.equals(Ljava/lang/Object;)Z @ 25

Internal exceptions (5 events):
Event: 0.147 Thread 0x0000000002900800 Exception <a 'java/lang/NoSuchMethodError': Method sun.misc.Unsafe.defineClass(Ljava/lang/String;[BII)Ljava/lang/Class; name or signature does not match> (0x00000000eab07cc0) thrown at [C:\src\android\AOSP-openjdk\external\jetbrains\jdk\hotspot\src\share\vøfœ4ÅÊÂ?
Event: 0.147 Thread 0x0000000002900800 Exception <a 'java/lang/NoSuchMethodError': Method sun.misc.Unsafe.prefetchRead(Ljava/lang/Object;J)V name or signature does not match> (0x00000000eab07fa8) thrown at [C:\src\android\AOSP-openjdk\external\jetbrains\jdk\hotspot\src\share\vm\prims\jni.cpp, lšÉ½Ä{@
Event: 5.757 Thread 0x0000000016c44000 Exception <a 'java/lang/ArrayIndexOutOfBoundsException': 18> (0x00000000edc0be90) thrown at [C:\src\android\AOSP-openjdk\external\jetbrains\jdk\hotspot\src\share\vm\interpreter\interpreterRuntime.cpp, line 366]
Event: 5.758 Thread 0x0000000016c44000 Exception <a 'java/lang/ArrayIndexOutOfBoundsException'> (0x00000000edc0da10) thrown at [C:\src\android\AOSP-openjdk\external\jetbrains\jdk\hotspot\src\share\vm\runtime\sharedRuntime.cpp, line 605]
Event: 5.759 Thread 0x0000000016c44000 Exception <a 'java/lang/ArrayIndexOutOfBoundsException'> (0x00000000edc0ecf8) thrown at [C:\src\android\AOSP-openjdk\external\jetbrains\jdk\hotspot\src\share\vm\runtime\sharedRuntime.cpp, line 605]

Events (10 events):
Event: 9.265 Executing VM operation: ParallelGCFailedAllocation done
Event: 9.339 Thread 0x0000000016c44000 DEOPT PACKING pc=0x00000000031e7072 sp=0x000000001734e7f0
Event: 9.339 Thread 0x0000000016c44000 DEOPT UNPACKING pc=0x0000000002a475bf sp=0x000000001734e5b0 mode 0
Event: 9.398 loading class java/util/HashMap$KeySet
Event: 9.398 loading class java/util/HashMap$KeySet done
Event: 9.398 loading class java/util/HashMap$KeyIterator
Event: 9.398 loading class java/util/HashMap$KeyIterator done
Event: 9.452 Thread 0x0000000016c43800 Thread exited: 0x0000000016c43800
Event: 9.474 Thread 0x0000000016c48000 Thread exited: 0x0000000016c48000
Event: 9.482 Thread 0x0000000016c40000 Thread exited: 0x0000000016c40000


Dynamic libraries:
0x00007ff665610000 - 0x00007ff665641000 	C:\Program Files\Android\Android Studio\jre\bin\java.exe
0x00007ffd52e90000 - 0x00007ffd5303d000 	C:\windows\SYSTEM32\ntdll.dll
0x00007ffd51320000 - 0x00007ffd5145e000 	C:\windows\system32\KERNEL32.DLL
0x00007ffd416a0000 - 0x00007ffd416d3000 	C:\Program Files (x86)\AVG\Av\avghooka.dll
0x00007ffd4f020000 - 0x00007ffd4f135000 	C:\windows\system32\KERNELBASE.dll
0x00007ffd50ea0000 - 0x00007ffd50f4a000 	C:\windows\system32\ADVAPI32.dll
0x00007ffd50b90000 - 0x00007ffd50d07000 	C:\windows\system32\USER32.dll
0x00007ffd4c950000 - 0x00007ffd4cbcb000 	C:\windows\WinSxS\amd64_microsoft.windows.common-controls_6595b64144ccf1df_6.0.9600.18006_none_623f33d3ecbe86e8\COMCTL32.dll
0x00007ffd4f400000 - 0x00007ffd4f4aa000 	C:\windows\system32\msvcrt.dll
0x00007ffd4f5f0000 - 0x00007ffd4f649000 	C:\windows\SYSTEM32\sechost.dll
0x00007ffd4f4b0000 - 0x00007ffd4f5f0000 	C:\windows\system32\RPCRT4.dll
0x00007ffd4f2b0000 - 0x00007ffd4f3ff000 	C:\windows\system32\GDI32.dll
0x00007ffd4f140000 - 0x00007ffd4f16e000 	C:\windows\system32\SspiCli.dll
0x00007ffd512d0000 - 0x00007ffd51306000 	C:\windows\system32\IMM32.DLL
0x00007ffd50f50000 - 0x00007ffd510a2000 	C:\windows\system32\MSCTF.dll
0x0000000069020000 - 0x00000000690f2000 	C:\Program Files\Android\Android Studio\jre\jre\bin\msvcr100.dll
0x00000000691e0000 - 0x0000000069a14000 	C:\Program Files\Android\Android Studio\jre\jre\bin\server\jvm.dll
0x00007ffd408e0000 - 0x00007ffd408e9000 	C:\windows\SYSTEM32\WSOCK32.dll
0x00007ffd41e90000 - 0x00007ffd41eb2000 	C:\windows\SYSTEM32\WINMM.dll
0x00007ffd47840000 - 0x00007ffd4784a000 	C:\windows\SYSTEM32\VERSION.dll
0x00007ffd4f280000 - 0x00007ffd4f287000 	C:\windows\system32\PSAPI.DLL
0x00007ffd50d80000 - 0x00007ffd50dda000 	C:\windows\system32\WS2_32.dll
0x00007ffd41e60000 - 0x00007ffd41e8a000 	C:\windows\SYSTEM32\WINMMBASE.dll
0x00007ffd4f650000 - 0x00007ffd4f659000 	C:\windows\system32\NSI.dll
0x00007ffd4f1d0000 - 0x00007ffd4f21f000 	C:\windows\SYSTEM32\cfgmgr32.dll
0x00007ffd4daf0000 - 0x00007ffd4db18000 	C:\windows\SYSTEM32\DEVOBJ.dll
0x00007ffd49b00000 - 0x00007ffd49b0f000 	C:\Program Files\Android\Android Studio\jre\jre\bin\verify.dll
0x00007ffd41410000 - 0x00007ffd41439000 	C:\Program Files\Android\Android Studio\jre\jre\bin\java.dll
0x00007ffd41500000 - 0x00007ffd41516000 	C:\Program Files\Android\Android Studio\jre\jre\bin\zip.dll
0x00007ffd4f660000 - 0x00007ffd50b88000 	C:\windows\system32\SHELL32.dll
0x00007ffd510b0000 - 0x00007ffd512c1000 	C:\windows\SYSTEM32\combase.dll
0x00007ffd50d20000 - 0x00007ffd50d74000 	C:\windows\system32\SHLWAPI.dll
0x00007ffd4d260000 - 0x00007ffd4d312000 	C:\windows\SYSTEM32\SHCORE.dll
0x00007ffd4ecc0000 - 0x00007ffd4ecd5000 	C:\windows\SYSTEM32\profapi.dll

VM Arguments:
jvm_args: -Djava.awt.headless=true -Xmx1024M -Dfile.encoding=windows-1252 -Duser.country=US -Duser.language=en -Duser.variant 
java_command: com.android.dx.command.Main --dex --force-jumbo --num-threads=4 --multi-dex --output C:\Users\annie_000.TRINHVU-TABLET\Downloads\final-project-aipom\app\build\intermediates\transforms\dex\debug\folders\1000\10\com.android.support-appcompat-v7-24.2.1_72212224e7dfd6acdd3ae21d8ba1a9b2e62224d4 C:\Users\annie_000.TRINHVU-TABLET\Downloads\final-project-aipom\app\build\intermediates\exploded-aar\com.android.support\appcompat-v7\24.2.1\jars\classes.jar
java_class_path (initial): C:\Users\annie_000.TRINHVU-TABLET\AppData\Local\Android\sdk\build-tools\25.0.0\lib\dx.jar
Launcher Type: SUN_STANDARD

Environment Variables:
PATH=C:\windows\system32;C:\windows;C:\windows\System32\Wbem;C:\windows\System32\WindowsPowerShell\v1.0\;C:\Program Files\Git\cmd
USERNAME=annie_000
OS=Windows_NT
PROCESSOR_IDENTIFIER=Intel64 Family 6 Model 69 Stepping 1, GenuineIntel



---------------  S Y S T E M  ---------------

OS: Windows 8.1 , 64 bit Build 9600 (6.3.9600.17415)

CPU:total 4 (2 cores per cpu, 2 threads per core) family 6 model 69 stepping 1, cmov, cx8, fxsr, mmx, sse, sse2, sse3, ssse3, sse4.1, sse4.2, popcnt, avx, avx2, aes, clmul, erms, lzcnt, ht, tsc, tscinvbit, bmi1, bmi2

Memory: 4k page, physical 4112428k(240988k free), swap 7258156k(5564k free)

vm_info: OpenJDK 64-Bit Server VM (25.76-b03) for windows-amd64 JRE (1.8.0_76-release-b03), built on Jun 29 2016 19:09:20 by "ralucas" with MS VC++ 10.0 (VS2010)

time: Mon Nov 07 12:08:52 2016
elapsed time: 10 seconds (0d 0h 0m 10s)

