#
# There is insufficient memory for the Java Runtime Environment to continue.
# Native memory allocation (malloc) failed to allocate 193104 bytes for Chunk::new
# Possible reasons:
#   The system is out of physical RAM or swap space
#   In 32 bit mode, the process size limit was hit
# Possible solutions:
#   Reduce memory load on the system
#   Increase physical memory or swap space
#   Check if swap backing store is full
#   Use 64 bit Java on a 64 bit OS
#   Decrease Java heap size (-Xmx/-Xms)
#   Decrease number of Java threads
#   Decrease Java thread stack sizes (-Xss)
#   Set larger code cache with -XX:ReservedCodeCacheSize=
# This output file may be truncated or incomplete.
#
#  Out of Memory Error (allocation.cpp:390), pid=6396, tid=0x0000000000001e50
#
# JRE version: OpenJDK Runtime Environment (8.0_76-b03) (build 1.8.0_76-release-b03)
# Java VM: OpenJDK 64-Bit Server VM (25.76-b03 mixed mode windows-amd64 compressed oops)
# Failed to write core dump. Minidumps are not enabled by default on client versions of Windows
#

---------------  T H R E A D  ---------------

Current thread (0x000000001491d800):  JavaThread "C2 CompilerThread1" daemon [_thread_in_native, id=7760, stack(0x0000000016060000,0x0000000016160000)]

Stack: [0x0000000016060000,0x0000000016160000]
[error occurred during error reporting (printing stack bounds), id 0xc0000005]

Native frames: (J=compiled Java code, j=interpreted, Vv=VM code, C=native code)


Current CompileTask:
C2:   2418  938   !   4       com.android.dx.rop.code.RegisterSpec::intern (70 bytes)


---------------  P R O C E S S  ---------------

Java Threads: ( => current thread )
  0x00000000162ff800 JavaThread "pool-2-thread-4" [_thread_in_Java, id=7216, stack(0x0000000016c60000,0x0000000016d60000)]
  0x00000000162f9000 JavaThread "pool-2-thread-3" [_thread_in_Java, id=6372, stack(0x0000000016b60000,0x0000000016c60000)]
  0x00000000162f8000 JavaThread "pool-2-thread-2" [_thread_in_native_trans, id=5152, stack(0x0000000016a60000,0x0000000016b60000)]
  0x00000000162f4800 JavaThread "pool-3-thread-1" [_thread_blocked, id=6872, stack(0x0000000016960000,0x0000000016a60000)]
  0x00000000162f3800 JavaThread "pool-2-thread-1" [_thread_in_Java, id=4992, stack(0x0000000016860000,0x0000000016960000)]
  0x000000001616a000 JavaThread "Service Thread" daemon [_thread_blocked, id=7952, stack(0x0000000016660000,0x0000000016760000)]
  0x0000000016168800 JavaThread "C1 CompilerThread2" daemon [_thread_in_native, id=7592, stack(0x0000000016560000,0x0000000016660000)]
=>0x000000001491d800 JavaThread "C2 CompilerThread1" daemon [_thread_in_native, id=7760, stack(0x0000000016060000,0x0000000016160000)]
  0x000000001491b800 JavaThread "C2 CompilerThread0" daemon [_thread_in_native, id=5188, stack(0x0000000015f60000,0x0000000016060000)]
  0x000000001491a000 JavaThread "Attach Listener" daemon [_thread_blocked, id=6368, stack(0x0000000015e60000,0x0000000015f60000)]
  0x0000000014919000 JavaThread "Signal Dispatcher" daemon [_thread_blocked, id=8096, stack(0x0000000015d60000,0x0000000015e60000)]
  0x0000000002225000 JavaThread "Finalizer" daemon [_thread_blocked, id=6680, stack(0x0000000015b70000,0x0000000015c70000)]
  0x000000000221f800 JavaThread "Reference Handler" daemon [_thread_blocked, id=8016, stack(0x0000000015a70000,0x0000000015b70000)]
  0x0000000002130800 JavaThread "main" [_thread_blocked, id=8164, stack(0x0000000001ff0000,0x00000000020f0000)]

Other Threads:
  0x00000000148e6800 VMThread [stack: 0x0000000015970000,0x0000000015a70000] [id=3752]
  0x000000001616c800 WatcherThread [stack: 0x0000000016760000,0x0000000016860000] [id=168]

VM state:not at safepoint (normal execution)

VM Mutex/Monitor currently owned by a thread: None

Heap:
 PSYoungGen      total 18944K, used 9778K [0x00000000eab00000, 0x00000000ec000000, 0x0000000100000000)
  eden space 16384K, 44% used [0x00000000eab00000,0x00000000eb211f30,0x00000000ebb00000)
  from space 2560K, 99% used [0x00000000ebb00000,0x00000000ebd7aac8,0x00000000ebd80000)
  to   space 2560K, 0% used [0x00000000ebd80000,0x00000000ebd80000,0x00000000ec000000)
 ParOldGen       total 44032K, used 1697K [0x00000000c0000000, 0x00000000c2b00000, 0x00000000eab00000)
  object space 44032K, 3% used [0x00000000c0000000,0x00000000c01a8490,0x00000000c2b00000)
 Metaspace       used 5808K, capacity 6768K, committed 7040K, reserved 1056768K
  class space    used 574K, capacity 616K, committed 640K, reserved 1048576K

Card table byte_map: [0x00000000115f0000,0x0000000011800000] byte_map_base: 0x0000000010ff0000

Marking Bits: (ParMarkBitMap*) 0x0000000069999d00
 Begin Bits: [0x0000000011d60000, 0x0000000012d60000)
 End Bits:   [0x0000000012d60000, 0x0000000013d60000)

Polling page: 0x0000000002100000

CodeCache: size=245760Kb used=3868Kb max_used=3868Kb free=241891Kb
 bounds [0x0000000002230000, 0x0000000002600000, 0x0000000011230000]
 total_blobs=1242 nmethods=974 adapters=182
 compilation: enabled

Compilation events (10 events):
Event: 2.413 Thread 0x0000000016168800  958       3       com.android.dx.rop.code.PlainCstInsn::accept (8 bytes)
Event: 2.413 Thread 0x0000000016168800 nmethod 958 0x00000000025f3810 code [0x00000000025f3980, 0x00000000025f3ba8]
Event: 2.413 Thread 0x0000000016168800  949       3       com.android.dx.rop.code.RegisterSpec::getBasicFrameType (10 bytes)
Event: 2.413 Thread 0x0000000016168800 nmethod 949 0x00000000025f3c90 code [0x00000000025f3e00, 0x00000000025f4028]
Event: 2.413 Thread 0x0000000016168800  952       2       com.android.dx.ssa.SsaMethod::getEntryBlock (15 bytes)
Event: 2.413 Thread 0x0000000016168800 nmethod 952 0x00000000025f40d0 code [0x00000000025f4260, 0x00000000025f4518]
Event: 2.413 Thread 0x0000000016168800  981       3       com.android.dx.ssa.DeadCodeRemover$NoSideEffectVisitor::visitPhiInsn (22 bytes)
Event: 2.414 Thread 0x0000000016168800 nmethod 981 0x00000000025f47d0 code [0x00000000025f4980, 0x00000000025f50c8]
Event: 2.414 Thread 0x0000000016168800  983       3       com.android.dx.rop.code.Rop::<init> (137 bytes)
Event: 2.415 Thread 0x0000000016168800 nmethod 983 0x00000000025f5390 code [0x00000000025f5580, 0x00000000025f5dd8]

GC Heap History (2 events):
Event: 1.877 GC heap before
{Heap before GC invocations=1 (full 0):
 PSYoungGen      total 18944K, used 16384K [0x00000000eab00000, 0x00000000ec000000, 0x0000000100000000)
  eden space 16384K, 100% used [0x00000000eab00000,0x00000000ebb00000,0x00000000ebb00000)
  from space 2560K, 0% used [0x00000000ebd80000,0x00000000ebd80000,0x00000000ec000000)
  to   space 2560K, 0% used [0x00000000ebb00000,0x00000000ebb00000,0x00000000ebd80000)
 ParOldGen       total 44032K, used 0K [0x00000000c0000000, 0x00000000c2b00000, 0x00000000eab00000)
  object space 44032K, 0% used [0x00000000c0000000,0x00000000c0000000,0x00000000c2b00000)
 Metaspace       used 5727K, capacity 6768K, committed 7040K, reserved 1056768K
  class space    used 571K, capacity 616K, committed 640K, reserved 1048576K
Event: 2.152 GC heap after
Heap after GC invocations=1 (full 0):
 PSYoungGen      total 18944K, used 2538K [0x00000000eab00000, 0x00000000ec000000, 0x0000000100000000)
  eden space 16384K, 0% used [0x00000000eab00000,0x00000000eab00000,0x00000000ebb00000)
  from space 2560K, 99% used [0x00000000ebb00000,0x00000000ebd7aac8,0x00000000ebd80000)
  to   space 2560K, 0% used [0x00000000ebd80000,0x00000000ebd80000,0x00000000ec000000)
 ParOldGen       total 44032K, used 1697K [0x00000000c0000000, 0x00000000c2b00000, 0x00000000eab00000)
  object space 44032K, 3% used [0x00000000c0000000,0x00000000c01a8490,0x00000000c2b00000)
 Metaspace       used 5727K, capacity 6768K, committed 7040K, reserved 1056768K
  class space    used 571K, capacity 616K, committed 640K, reserved 1048576K
}

Deoptimization events (1 events):
Event: 1.418 Thread 0x00000000162f8000 Uncommon trap: reason=unstable_if action=reinterpret pc=0x000000000245b4b0 method=java.util.BitSet.nextSetBit(I)I @ 87

Internal exceptions (2 events):
Event: 0.163 Thread 0x0000000002130800 Exception <a 'java/lang/NoSuchMethodError': Method sun.misc.Unsafe.defineClass(Ljava/lang/String;[BII)Ljava/lang/Class; name or signature does not match> (0x00000000eab07cc0) thrown at [C:\src\android\AOSP-openjdk\external\jetbrains\jdk\hotspot\src\share\vêðô
—ÒÄ?
Event: 0.163 Thread 0x0000000002130800 Exception <a 'java/lang/NoSuchMethodError': Method sun.misc.Unsafe.prefetchRead(Ljava/lang/Object;J)V name or signature does not match> (0x00000000eab07fa8) thrown at [C:\src\android\AOSP-openjdk\external\jetbrains\jdk\hotspot\src\share\vm\prims\jni.cpp, l

Events (10 events):
Event: 2.272 loading class com/android/dx/cf/direct/AnnotationParser
Event: 2.272 loading class com/android/dx/cf/direct/AnnotationParser done
Event: 2.287 loading class com/android/dx/cf/attrib/AttRuntimeVisibleAnnotations
Event: 2.287 loading class com/android/dx/cf/attrib/AttRuntimeVisibleAnnotations done
Event: 2.287 loading class com/android/dx/cf/attrib/BaseAnnotations
Event: 2.287 loading class com/android/dx/cf/attrib/BaseAnnotations done
Event: 2.335 loading class java/util/HashMap$KeySet
Event: 2.406 loading class java/util/HashMap$KeySet done
Event: 2.406 loading class java/util/HashMap$KeyIterator
Event: 2.407 loading class java/util/HashMap$KeyIterator done


Dynamic libraries:
0x00007ff693f90000 - 0x00007ff693fc1000 	C:\Program Files\Android\Android Studio\jre\bin\java.exe
0x00007ffd52e90000 - 0x00007ffd5303d000 	C:\windows\SYSTEM32\ntdll.dll
0x00007ffd51320000 - 0x00007ffd5145e000 	C:\windows\system32\KERNEL32.DLL
0x00007ffd416a0000 - 0x00007ffd416d3000 	C:\Program Files (x86)\AVG\Av\avghooka.dll
0x00007ffd4f020000 - 0x00007ffd4f135000 	C:\windows\system32\KERNELBASE.dll
0x00007ffd50ea0000 - 0x00007ffd50f4a000 	C:\windows\system32\ADVAPI32.dll
0x00007ffd50b90000 - 0x00007ffd50d07000 	C:\windows\system32\USER32.dll
0x00007ffd4c950000 - 0x00007ffd4cbcb000 	C:\windows\WinSxS\amd64_microsoft.windows.common-controls_6595b64144ccf1df_6.0.9600.18006_none_623f33d3ecbe86e8\COMCTL32.dll
0x00007ffd4f400000 - 0x00007ffd4f4aa000 	C:\windows\system32\msvcrt.dll
0x00007ffd4f5f0000 - 0x00007ffd4f649000 	C:\windows\SYSTEM32\sechost.dll
0x00007ffd4f4b0000 - 0x00007ffd4f5f0000 	C:\windows\system32\RPCRT4.dll
0x00007ffd4f2b0000 - 0x00007ffd4f3ff000 	C:\windows\system32\GDI32.dll
0x00007ffd4f140000 - 0x00007ffd4f16e000 	C:\windows\system32\SspiCli.dll
0x00007ffd512d0000 - 0x00007ffd51306000 	C:\windows\system32\IMM32.DLL
0x00007ffd50f50000 - 0x00007ffd510a2000 	C:\windows\system32\MSCTF.dll
0x0000000069020000 - 0x00000000690f2000 	C:\Program Files\Android\Android Studio\jre\jre\bin\msvcr100.dll
0x00000000691e0000 - 0x0000000069a14000 	C:\Program Files\Android\Android Studio\jre\jre\bin\server\jvm.dll
0x00007ffd408e0000 - 0x00007ffd408e9000 	C:\windows\SYSTEM32\WSOCK32.dll
0x00007ffd41e90000 - 0x00007ffd41eb2000 	C:\windows\SYSTEM32\WINMM.dll
0x00007ffd47840000 - 0x00007ffd4784a000 	C:\windows\SYSTEM32\VERSION.dll
0x00007ffd4f280000 - 0x00007ffd4f287000 	C:\windows\system32\PSAPI.DLL
0x00007ffd50d80000 - 0x00007ffd50dda000 	C:\windows\system32\WS2_32.dll
0x00007ffd41e60000 - 0x00007ffd41e8a000 	C:\windows\SYSTEM32\WINMMBASE.dll
0x00007ffd4f650000 - 0x00007ffd4f659000 	C:\windows\system32\NSI.dll
0x00007ffd4f1d0000 - 0x00007ffd4f21f000 	C:\windows\SYSTEM32\cfgmgr32.dll
0x00007ffd4daf0000 - 0x00007ffd4db18000 	C:\windows\SYSTEM32\DEVOBJ.dll
0x00007ffd49b20000 - 0x00007ffd49b2f000 	C:\Program Files\Android\Android Studio\jre\jre\bin\verify.dll
0x00007ffd41510000 - 0x00007ffd41539000 	C:\Program Files\Android\Android Studio\jre\jre\bin\java.dll
0x00007ffd414f0000 - 0x00007ffd41506000 	C:\Program Files\Android\Android Studio\jre\jre\bin\zip.dll
0x00007ffd4f660000 - 0x00007ffd50b88000 	C:\windows\system32\SHELL32.dll
0x00007ffd510b0000 - 0x00007ffd512c1000 	C:\windows\SYSTEM32\combase.dll
0x00007ffd50d20000 - 0x00007ffd50d74000 	C:\windows\system32\SHLWAPI.dll
0x00007ffd4d260000 - 0x00007ffd4d312000 	C:\windows\SYSTEM32\SHCORE.dll
0x00007ffd4ecc0000 - 0x00007ffd4ecd5000 	C:\windows\SYSTEM32\profapi.dll

VM Arguments:
jvm_args: -Djava.awt.headless=true -Xmx1024M -Dfile.encoding=windows-1252 -Duser.country=US -Duser.language=en -Duser.variant 
java_command: com.android.dx.command.Main --dex --force-jumbo --num-threads=4 --multi-dex --output C:\Users\annie_000.TRINHVU-TABLET\Downloads\final-project-aipom\app\build\intermediates\transforms\dex\debug\folders\1000\10\instant-run_7d7b6c76d9fc32742a191a83249f5976bad5cfac C:\Users\annie_000.TRINHVU-TABLET\Downloads\final-project-aipom\app\build\intermediates\incremental-runtime-classes\debug\instant-run.jar
java_class_path (initial): C:\Users\annie_000.TRINHVU-TABLET\AppData\Local\Android\sdk\build-tools\25.0.0\lib\dx.jar
Launcher Type: SUN_STANDARD

Environment Variables:
PATH=C:\windows\system32;C:\windows;C:\windows\System32\Wbem;C:\windows\System32\WindowsPowerShell\v1.0\;C:\Program Files\Git\cmd
USERNAME=annie_000
OS=Windows_NT
PROCESSOR_IDENTIFIER=Intel64 Family 6 Model 69 Stepping 1, GenuineIntel



---------------  S Y S T E M  ---------------

OS: Windows 8.1 , 64 bit Build 9600 (6.3.9600.17415)

CPU:total 4 (2 cores per cpu, 2 threads per core) family 6 model 69 stepping 1, cmov, cx8, fxsr, mmx, sse, sse2, sse3, ssse3, sse4.1, sse4.2, popcnt, avx, avx2, aes, clmul, erms, lzcnt, ht, tsc, tscinvbit, bmi1, bmi2

Memory: 4k page, physical 4112428k(167444k free), swap 7258156k(4260k free)

vm_info: OpenJDK 64-Bit Server VM (25.76-b03) for windows-amd64 JRE (1.8.0_76-release-b03), built on Jun 29 2016 19:09:20 by "ralucas" with MS VC++ 10.0 (VS2010)

time: Thu Nov 03 20:27:54 2016
elapsed time: 2 seconds (0d 0h 0m 2s)

