#
# There is insufficient memory for the Java Runtime Environment to continue.
# Native memory allocation (malloc) failed to allocate 262160 bytes for Chunk::new
# Possible reasons:
#   The system is out of physical RAM or swap space
#   In 32 bit mode, the process size limit was hit
# Possible solutions:
#   Reduce memory load on the system
#   Increase physical memory or swap space
#   Check if swap backing store is full
#   Use 64 bit Java on a 64 bit OS
#   Decrease Java heap size (-Xmx/-Xms)
#   Decrease number of Java threads
#   Decrease Java thread stack sizes (-Xss)
#   Set larger code cache with -XX:ReservedCodeCacheSize=
# This output file may be truncated or incomplete.
#
#  Out of Memory Error (allocation.cpp:390), pid=7404, tid=0x0000000000001d14
#
# JRE version: OpenJDK Runtime Environment (8.0_76-b03) (build 1.8.0_76-release-b03)
# Java VM: OpenJDK 64-Bit Server VM (25.76-b03 mixed mode windows-amd64 compressed oops)
# Failed to write core dump. Minidumps are not enabled by default on client versions of Windows
#

---------------  T H R E A D  ---------------

Current thread (0x0000000014e7b800):  JavaThread "C2 CompilerThread0" daemon [_thread_in_native, id=7444, stack(0x00000000164c0000,0x00000000165c0000)]

Stack: [0x00000000164c0000,0x00000000165c0000]
[error occurred during error reporting (printing stack bounds), id 0xc0000005]

Native frames: (J=compiled Java code, j=interpreted, Vv=VM code, C=native code)


Current CompileTask:
C2:  22429 1868 %     4       com.android.dx.ssa.SCCP::run @ 13 (298 bytes)


---------------  P R O C E S S  ---------------

Java Threads: ( => current thread )
  0x0000000016a83800 JavaThread "pool-2-thread-4" [_thread_blocked, id=3220, stack(0x00000000171c0000,0x00000000172c0000)]
  0x0000000016a82800 JavaThread "pool-2-thread-3" [_thread_blocked, id=1764, stack(0x00000000170c0000,0x00000000171c0000)]
  0x0000000016a81800 JavaThread "pool-2-thread-2" [_thread_blocked, id=7124, stack(0x0000000016fc0000,0x00000000170c0000)]
  0x0000000016a75000 JavaThread "pool-3-thread-1" [_thread_blocked, id=5104, stack(0x0000000016ec0000,0x0000000016fc0000)]
  0x0000000016a74000 JavaThread "pool-2-thread-1" [_thread_blocked, id=1040, stack(0x0000000016dc0000,0x0000000016ec0000)]
  0x00000000167c3800 JavaThread "Service Thread" daemon [_thread_blocked, id=7536, stack(0x0000000016bc0000,0x0000000016cc0000)]
  0x0000000014eda000 JavaThread "C1 CompilerThread2" daemon [_thread_blocked, id=6648, stack(0x00000000166c0000,0x00000000167c0000)]
  0x0000000014ecf000 JavaThread "C2 CompilerThread1" daemon [_thread_blocked, id=6716, stack(0x00000000165c0000,0x00000000166c0000)]
=>0x0000000014e7b800 JavaThread "C2 CompilerThread0" daemon [_thread_in_native, id=7444, stack(0x00000000164c0000,0x00000000165c0000)]
  0x0000000014e7a000 JavaThread "Attach Listener" daemon [_thread_blocked, id=4192, stack(0x00000000163c0000,0x00000000164c0000)]
  0x0000000014e79000 JavaThread "Signal Dispatcher" daemon [_thread_blocked, id=7460, stack(0x00000000162c0000,0x00000000163c0000)]
  0x00000000027a5000 JavaThread "Finalizer" daemon [_thread_blocked, id=7100, stack(0x00000000160e0000,0x00000000161e0000)]
  0x000000000279f800 JavaThread "Reference Handler" daemon [_thread_blocked, id=2196, stack(0x0000000015fe0000,0x00000000160e0000)]
  0x00000000026b0800 JavaThread "main" [_thread_blocked, id=7144, stack(0x0000000002550000,0x0000000002650000)]

Other Threads:
  0x0000000014e46800 VMThread [stack: 0x0000000015ee0000,0x0000000015fe0000] [id=2092]
  0x00000000167c5800 WatcherThread [stack: 0x0000000016cc0000,0x0000000016dc0000] [id=6308]

VM state:at safepoint (normal execution)

VM Mutex/Monitor currently owned by a thread:  ([mutex/lock_event])
[0x00000000026abbf0] Threads_lock - owner thread: 0x0000000014e46800
[0x00000000026ac570] Heap_lock - owner thread: 0x0000000016a82800

Heap:
 PSYoungGen      total 68096K, used 68080K [0x00000000eab00000, 0x00000000ef000000, 0x0000000100000000)
  eden space 65536K, 100% used [0x00000000eab00000,0x00000000eeb00000,0x00000000eeb00000)
  from space 2560K, 99% used [0x00000000eed80000,0x00000000eeffc028,0x00000000ef000000)
  to   space 2560K, 98% used [0x00000000eeb00000,0x00000000eed79280,0x00000000eed80000)
 ParOldGen       total 44032K, used 16463K [0x00000000c0000000, 0x00000000c2b00000, 0x00000000eab00000)
  object space 44032K, 37% used [0x00000000c0000000,0x00000000c1015e60,0x00000000c2b00000)
 Metaspace       used 6169K, capacity 7216K, committed 7296K, reserved 1056768K
  class space    used 566K, capacity 616K, committed 640K, reserved 1048576K

Card table byte_map: [0x0000000011b70000,0x0000000011d80000] byte_map_base: 0x0000000011570000

Marking Bits: (ParMarkBitMap*) 0x0000000069999d00
 Begin Bits: [0x00000000122e0000, 0x00000000132e0000)
 End Bits:   [0x00000000132e0000, 0x00000000142e0000)

Polling page: 0x0000000000d60000

CodeCache: size=245760Kb used=8970Kb max_used=8984Kb free=236789Kb
 bounds [0x00000000027b0000, 0x0000000003080000, 0x00000000117b0000]
 total_blobs=2142 nmethods=1879 adapters=176
 compilation: enabled

Compilation events (10 events):
Event: 22.095 Thread 0x0000000014eda000 1912       2       java.util.concurrent.locks.ReentrantLock$Sync::nonfairTryAcquire (67 bytes)
Event: 22.095 Thread 0x0000000014eda000 nmethod 1912 0x0000000003040fd0 code [0x0000000003041140, 0x00000000030413c8]
Event: 22.117 Thread 0x0000000014eda000 1913       2       com.android.dx.dex.file.AnnotationUtils::makeInnerClass (65 bytes)
Event: 22.118 Thread 0x0000000014eda000 nmethod 1913 0x0000000003040450 code [0x0000000003040640, 0x0000000003040b58]
Event: 22.158 Thread 0x0000000014ecf000 nmethod 1866 0x000000000305f710 code [0x000000000305fac0, 0x00000000030643f0]
Event: 22.159 Thread 0x0000000014ecf000 1900       4       java.util.HashMap::putVal (300 bytes)
Event: 22.172 Thread 0x0000000014ecf000 nmethod 1900 0x000000000303f590 code [0x000000000303f740, 0x000000000303fe58]
Event: 22.172 Thread 0x0000000014ecf000 1872       4       com.android.dx.ssa.SCCP::simulateStmt (481 bytes)
Event: 22.228 Thread 0x0000000014e7b800 nmethod 1904 0x000000000306a6d0 code [0x000000000306aae0, 0x000000000306e4b8]
Event: 22.229 Thread 0x0000000014e7b800 1868 %     4       com.android.dx.ssa.SCCP::run @ 13 (298 bytes)

GC Heap History (8 events):
Event: 5.539 GC heap before
{Heap before GC invocations=1 (full 0):
 PSYoungGen      total 18944K, used 16384K [0x00000000eab00000, 0x00000000ec000000, 0x0000000100000000)
  eden space 16384K, 100% used [0x00000000eab00000,0x00000000ebb00000,0x00000000ebb00000)
  from space 2560K, 0% used [0x00000000ebd80000,0x00000000ebd80000,0x00000000ec000000)
  to   space 2560K, 0% used [0x00000000ebb00000,0x00000000ebb00000,0x00000000ebd80000)
 ParOldGen       total 44032K, used 0K [0x00000000c0000000, 0x00000000c2b00000, 0x00000000eab00000)
  object space 44032K, 0% used [0x00000000c0000000,0x00000000c0000000,0x00000000c2b00000)
 Metaspace       used 5276K, capacity 6448K, committed 6528K, reserved 1056768K
  class space    used 555K, capacity 616K, committed 640K, reserved 1048576K
Event: 7.306 GC heap after
Heap after GC invocations=1 (full 0):
 PSYoungGen      total 18944K, used 2556K [0x00000000eab00000, 0x00000000ed000000, 0x0000000100000000)
  eden space 16384K, 0% used [0x00000000eab00000,0x00000000eab00000,0x00000000ebb00000)
  from space 2560K, 99% used [0x00000000ebb00000,0x00000000ebd7f138,0x00000000ebd80000)
  to   space 2560K, 0% used [0x00000000ecd80000,0x00000000ecd80000,0x00000000ed000000)
 ParOldGen       total 44032K, used 576K [0x00000000c0000000, 0x00000000c2b00000, 0x00000000eab00000)
  object space 44032K, 1% used [0x00000000c0000000,0x00000000c0090380,0x00000000c2b00000)
 Metaspace       used 5276K, capacity 6448K, committed 6528K, reserved 1056768K
  class space    used 555K, capacity 616K, committed 640K, reserved 1048576K
}
Event: 11.305 GC heap before
{Heap before GC invocations=2 (full 0):
 PSYoungGen      total 18944K, used 18940K [0x00000000eab00000, 0x00000000ed000000, 0x0000000100000000)
  eden space 16384K, 100% used [0x00000000eab00000,0x00000000ebb00000,0x00000000ebb00000)
  from space 2560K, 99% used [0x00000000ebb00000,0x00000000ebd7f138,0x00000000ebd80000)
  to   space 2560K, 0% used [0x00000000ecd80000,0x00000000ecd80000,0x00000000ed000000)
 ParOldGen       total 44032K, used 576K [0x00000000c0000000, 0x00000000c2b00000, 0x00000000eab00000)
  object space 44032K, 1% used [0x00000000c0000000,0x00000000c0090380,0x00000000c2b00000)
 Metaspace       used 5796K, capacity 6896K, committed 7040K, reserved 1056768K
  class space    used 566K, capacity 616K, committed 640K, reserved 1048576K
Event: 11.685 GC heap after
Heap after GC invocations=2 (full 0):
 PSYoungGen      total 35328K, used 2528K [0x00000000eab00000, 0x00000000ed000000, 0x0000000100000000)
  eden space 32768K, 0% used [0x00000000eab00000,0x00000000eab00000,0x00000000ecb00000)
  from space 2560K, 98% used [0x00000000ecd80000,0x00000000ecff8018,0x00000000ed000000)
  to   space 2560K, 0% used [0x00000000ecb00000,0x00000000ecb00000,0x00000000ecd80000)
 ParOldGen       total 44032K, used 2175K [0x00000000c0000000, 0x00000000c2b00000, 0x00000000eab00000)
  object space 44032K, 4% used [0x00000000c0000000,0x00000000c021fea0,0x00000000c2b00000)
 Metaspace       used 5796K, capacity 6896K, committed 7040K, reserved 1056768K
  class space    used 566K, capacity 616K, committed 640K, reserved 1048576K
}
Event: 18.004 GC heap before
{Heap before GC invocations=3 (full 0):
 PSYoungGen      total 35328K, used 35296K [0x00000000eab00000, 0x00000000ed000000, 0x0000000100000000)
  eden space 32768K, 100% used [0x00000000eab00000,0x00000000ecb00000,0x00000000ecb00000)
  from space 2560K, 98% used [0x00000000ecd80000,0x00000000ecff8018,0x00000000ed000000)
  to   space 2560K, 0% used [0x00000000ecb00000,0x00000000ecb00000,0x00000000ecd80000)
 ParOldGen       total 44032K, used 2175K [0x00000000c0000000, 0x00000000c2b00000, 0x00000000eab00000)
  object space 44032K, 4% used [0x00000000c0000000,0x00000000c021fea0,0x00000000c2b00000)
 Metaspace       used 6043K, capacity 7088K, committed 7296K, reserved 1056768K
  class space    used 566K, capacity 616K, committed 640K, reserved 1048576K
Event: 19.056 GC heap after
Heap after GC invocations=3 (full 0):
 PSYoungGen      total 35328K, used 2528K [0x00000000eab00000, 0x00000000ef000000, 0x0000000100000000)
  eden space 32768K, 0% used [0x00000000eab00000,0x00000000eab00000,0x00000000ecb00000)
  from space 2560K, 98% used [0x00000000ecb00000,0x00000000ecd78018,0x00000000ecd80000)
  to   space 2560K, 0% used [0x00000000eed80000,0x00000000eed80000,0x00000000ef000000)
 ParOldGen       total 44032K, used 7372K [0x00000000c0000000, 0x00000000c2b00000, 0x00000000eab00000)
  object space 44032K, 16% used [0x00000000c0000000,0x00000000c07330f8,0x00000000c2b00000)
 Metaspace       used 6043K, capacity 7088K, committed 7296K, reserved 1056768K
  class space    used 566K, capacity 616K, committed 640K, reserved 1048576K
}
Event: 20.299 GC heap before
{Heap before GC invocations=4 (full 0):
 PSYoungGen      total 35328K, used 35296K [0x00000000eab00000, 0x00000000ef000000, 0x0000000100000000)
  eden space 32768K, 100% used [0x00000000eab00000,0x00000000ecb00000,0x00000000ecb00000)
  from space 2560K, 98% used [0x00000000ecb00000,0x00000000ecd78018,0x00000000ecd80000)
  to   space 2560K, 0% used [0x00000000eed80000,0x00000000eed80000,0x00000000ef000000)
 ParOldGen       total 44032K, used 7372K [0x00000000c0000000, 0x00000000c2b00000, 0x00000000eab00000)
  object space 44032K, 16% used [0x00000000c0000000,0x00000000c07330f8,0x00000000c2b00000)
 Metaspace       used 6104K, capacity 7152K, committed 7296K, reserved 1056768K
  class space    used 566K, capacity 616K, committed 640K, reserved 1048576K
Event: 20.778 GC heap after
Heap after GC invocations=4 (full 0):
 PSYoungGen      total 68096K, used 2544K [0x00000000eab00000, 0x00000000ef000000, 0x0000000100000000)
  eden space 65536K, 0% used [0x00000000eab00000,0x00000000eab00000,0x00000000eeb00000)
  from space 2560K, 99% used [0x00000000eed80000,0x00000000eeffc028,0x00000000ef000000)
  to   space 2560K, 0% used [0x00000000eeb00000,0x00000000eeb00000,0x00000000eed80000)
 ParOldGen       total 44032K, used 13168K [0x00000000c0000000, 0x00000000c2b00000, 0x00000000eab00000)
  object space 44032K, 29% used [0x00000000c0000000,0x00000000c0cdc118,0x00000000c2b00000)
 Metaspace       used 6104K, capacity 7152K, committed 7296K, reserved 1056768K
  class space    used 566K, capacity 616K, committed 640K, reserved 1048576K
}

Deoptimization events (10 events):
Event: 20.873 Thread 0x0000000016a81800 Uncommon trap: reason=bimorphic action=maybe_recompile pc=0x0000000002f9d830 method=com.android.dx.ssa.LiteralOpUpgrader.tryReplacingWithConstant(Lcom/android/dx/ssa/NormalSsaInsn;)Z @ 62
Event: 20.873 Thread 0x0000000016a81800 Uncommon trap: reason=unstable_if action=reinterpret pc=0x0000000002d33160 method=com.android.dx.ssa.LiteralOpUpgrader$1.visitNonMoveInsn(Lcom/android/dx/ssa/NormalSsaInsn;)V @ 24
Event: 20.878 Thread 0x0000000016a81800 Uncommon trap: reason=class_check action=maybe_recompile pc=0x0000000002c6dfc0 method=java.util.HashMap.putVal(ILjava/lang/Object;Ljava/lang/Object;ZZ)Ljava/lang/Object; @ 91
Event: 20.878 Thread 0x0000000016a81800 Uncommon trap: reason=class_check action=maybe_recompile pc=0x0000000002c6dfc0 method=java.util.HashMap.putVal(ILjava/lang/Object;Ljava/lang/Object;ZZ)Ljava/lang/Object; @ 91
Event: 20.878 Thread 0x0000000016a81800 Uncommon trap: reason=class_check action=maybe_recompile pc=0x0000000002c6dfc0 method=java.util.HashMap.putVal(ILjava/lang/Object;Ljava/lang/Object;ZZ)Ljava/lang/Object; @ 91
Event: 20.883 Thread 0x0000000016a81800 Uncommon trap: reason=bimorphic action=maybe_recompile pc=0x0000000002f0b1f8 method=com.android.dx.ssa.SCCP.simulatePhi(Lcom/android/dx/ssa/PhiInsn;)V @ 124
Event: 20.883 Thread 0x0000000016a81800 Uncommon trap: reason=bimorphic action=maybe_recompile pc=0x0000000002f9d830 method=com.android.dx.ssa.LiteralOpUpgrader.tryReplacingWithConstant(Lcom/android/dx/ssa/NormalSsaInsn;)Z @ 62
Event: 20.914 Thread 0x0000000016a81800 Uncommon trap: reason=bimorphic action=maybe_recompile pc=0x0000000002f0b1f8 method=com.android.dx.ssa.SCCP.simulatePhi(Lcom/android/dx/ssa/PhiInsn;)V @ 124
Event: 21.776 Thread 0x0000000016a74000 Uncommon trap: reason=bimorphic action=maybe_recompile pc=0x0000000002bc1a84 method=java.util.HashMap.getNode(ILjava/lang/Object;)Ljava/util/HashMap$Node; @ 126
Event: 21.802 Thread 0x0000000016a81800 Uncommon trap: reason=bimorphic action=maybe_recompile pc=0x0000000002f0b1f8 method=com.android.dx.ssa.SCCP.simulatePhi(Lcom/android/dx/ssa/PhiInsn;)V @ 124

Internal exceptions (4 events):
Event: 0.180 Thread 0x00000000026b0800 Exception <a 'java/lang/NoSuchMethodError': Method sun.misc.Unsafe.defineClass(Ljava/lang/String;[BII)Ljava/lang/Class; name or signature does not match> (0x00000000eab07cc0) thrown at [C:\src\android\AOSP-openjdk\external\jetbrains\jdk\hotspot\src\share\v2
Event: 0.180 Thread 0x00000000026b0800 Exception <a 'java/lang/NoSuchMethodError': Method sun.misc.Unsafe.prefetchRead(Ljava/lang/Object;J)V name or signature does not match> (0x00000000eab07fa8) thrown at [C:\src\android\AOSP-openjdk\external\jetbrains\jdk\hotspot\src\share\vm\prims\jni.cpp, l–£øZﬁ)@
Event: 12.934 Thread 0x0000000016a82800 Implicit null exception at 0x0000000002b0aeb4 to 0x0000000002b0d45d
Event: 14.176 Thread 0x0000000016a74000 Implicit null exception at 0x0000000002bc5c62 to 0x0000000002bc5d5a

Events (10 events):
Event: 21.772 Thread 0x0000000016a74000 DEOPT PACKING pc=0x0000000002b566d1 sp=0x0000000016ebe7f0
Event: 21.772 Thread 0x0000000016a74000 DEOPT UNPACKING pc=0x00000000027f75bf sp=0x0000000016ebe620 mode 0
Event: 21.776 Thread 0x0000000016a74000 Uncommon trap: trap_request=0xffffffc6 fr.pc=0x0000000002bc1a84
Event: 21.776 Thread 0x0000000016a74000 DEOPT PACKING pc=0x0000000002bc1a84 sp=0x0000000016ebe5c0
Event: 21.776 Thread 0x0000000016a74000 DEOPT UNPACKING pc=0x00000000027f556a sp=0x0000000016ebe4e8 mode 2
Event: 21.802 Thread 0x0000000016a81800 Uncommon trap: trap_request=0xffffffc6 fr.pc=0x0000000002f0b1f8
Event: 21.802 Thread 0x0000000016a81800 DEOPT PACKING pc=0x0000000002f0b1f8 sp=0x00000000170be960
Event: 21.802 Thread 0x0000000016a81800 DEOPT UNPACKING pc=0x00000000027f556a sp=0x00000000170be8e8 mode 2
Event: 21.885 Thread 0x0000000016a82800 DEOPT PACKING pc=0x0000000002b56319 sp=0x00000000171be5f0
Event: 21.885 Thread 0x0000000016a82800 DEOPT UNPACKING pc=0x00000000027f75bf sp=0x00000000171be420 mode 0


Dynamic libraries:
0x00007ff665610000 - 0x00007ff665641000 	C:\Program Files\Android\Android Studio\jre\bin\java.exe
0x00007ffd52e90000 - 0x00007ffd5303d000 	C:\windows\SYSTEM32\ntdll.dll
0x00007ffd51320000 - 0x00007ffd5145e000 	C:\windows\system32\KERNEL32.DLL
0x00007ffd416a0000 - 0x00007ffd416d3000 	C:\Program Files (x86)\AVG\Av\avghooka.dll
0x00007ffd4f020000 - 0x00007ffd4f135000 	C:\windows\system32\KERNELBASE.dll
0x00007ffd50ea0000 - 0x00007ffd50f4a000 	C:\windows\system32\ADVAPI32.dll
0x00007ffd50b90000 - 0x00007ffd50d07000 	C:\windows\system32\USER32.dll
0x00007ffd4c950000 - 0x00007ffd4cbcb000 	C:\windows\WinSxS\amd64_microsoft.windows.common-controls_6595b64144ccf1df_6.0.9600.18006_none_623f33d3ecbe86e8\COMCTL32.dll
0x00007ffd4f400000 - 0x00007ffd4f4aa000 	C:\windows\system32\msvcrt.dll
0x00007ffd4f5f0000 - 0x00007ffd4f649000 	C:\windows\SYSTEM32\sechost.dll
0x00007ffd4f4b0000 - 0x00007ffd4f5f0000 	C:\windows\system32\RPCRT4.dll
0x00007ffd4f2b0000 - 0x00007ffd4f3ff000 	C:\windows\system32\GDI32.dll
0x00007ffd4f140000 - 0x00007ffd4f16e000 	C:\windows\system32\SspiCli.dll
0x00007ffd512d0000 - 0x00007ffd51306000 	C:\windows\system32\IMM32.DLL
0x00007ffd50f50000 - 0x00007ffd510a2000 	C:\windows\system32\MSCTF.dll
0x0000000069020000 - 0x00000000690f2000 	C:\Program Files\Android\Android Studio\jre\jre\bin\msvcr100.dll
0x00000000691e0000 - 0x0000000069a14000 	C:\Program Files\Android\Android Studio\jre\jre\bin\server\jvm.dll
0x00007ffd408e0000 - 0x00007ffd408e9000 	C:\windows\SYSTEM32\WSOCK32.dll
0x00007ffd41e90000 - 0x00007ffd41eb2000 	C:\windows\SYSTEM32\WINMM.dll
0x00007ffd47840000 - 0x00007ffd4784a000 	C:\windows\SYSTEM32\VERSION.dll
0x00007ffd4f280000 - 0x00007ffd4f287000 	C:\windows\system32\PSAPI.DLL
0x00007ffd50d80000 - 0x00007ffd50dda000 	C:\windows\system32\WS2_32.dll
0x00007ffd41e60000 - 0x00007ffd41e8a000 	C:\windows\SYSTEM32\WINMMBASE.dll
0x00007ffd4f650000 - 0x00007ffd4f659000 	C:\windows\system32\NSI.dll
0x00007ffd4f1d0000 - 0x00007ffd4f21f000 	C:\windows\SYSTEM32\cfgmgr32.dll
0x00007ffd4daf0000 - 0x00007ffd4db18000 	C:\windows\SYSTEM32\DEVOBJ.dll
0x00007ffd49b00000 - 0x00007ffd49b0f000 	C:\Program Files\Android\Android Studio\jre\jre\bin\verify.dll
0x00007ffd41410000 - 0x00007ffd41439000 	C:\Program Files\Android\Android Studio\jre\jre\bin\java.dll
0x00007ffd41500000 - 0x00007ffd41516000 	C:\Program Files\Android\Android Studio\jre\jre\bin\zip.dll
0x00007ffd4f660000 - 0x00007ffd50b88000 	C:\windows\system32\SHELL32.dll
0x00007ffd510b0000 - 0x00007ffd512c1000 	C:\windows\SYSTEM32\combase.dll
0x00007ffd50d20000 - 0x00007ffd50d74000 	C:\windows\system32\SHLWAPI.dll
0x00007ffd4d260000 - 0x00007ffd4d312000 	C:\windows\SYSTEM32\SHCORE.dll
0x00007ffd4ecc0000 - 0x00007ffd4ecd5000 	C:\windows\SYSTEM32\profapi.dll

VM Arguments:
jvm_args: -Djava.awt.headless=true -Xmx1024M -Dfile.encoding=windows-1252 -Duser.country=US -Duser.language=en -Duser.variant 
java_command: com.android.dx.command.Main --dex --force-jumbo --num-threads=4 --multi-dex --output C:\Users\annie_000.TRINHVU-TABLET\Downloads\final-project-aipom\app\build\intermediates\transforms\dex\debug\folders\1000\10\com.android.support-support-compat-24.2.1_078c06c7fcdae102038ee999a0ef05db73258535 C:\Users\annie_000.TRINHVU-TABLET\Downloads\final-project-aipom\app\build\intermediates\exploded-aar\com.android.support\support-compat\24.2.1\jars\classes.jar
java_class_path (initial): C:\Users\annie_000.TRINHVU-TABLET\AppData\Local\Android\sdk\build-tools\25.0.0\lib\dx.jar
Launcher Type: SUN_STANDARD

Environment Variables:
PATH=C:\windows\system32;C:\windows;C:\windows\System32\Wbem;C:\windows\System32\WindowsPowerShell\v1.0\;C:\Program Files\Git\cmd
USERNAME=annie_000
OS=Windows_NT
PROCESSOR_IDENTIFIER=Intel64 Family 6 Model 69 Stepping 1, GenuineIntel



---------------  S Y S T E M  ---------------

OS: Windows 8.1 , 64 bit Build 9600 (6.3.9600.17415)

CPU:total 4 (2 cores per cpu, 2 threads per core) family 6 model 69 stepping 1, cmov, cx8, fxsr, mmx, sse, sse2, sse3, ssse3, sse4.1, sse4.2, popcnt, avx, avx2, aes, clmul, erms, lzcnt, ht, tsc, tscinvbit, bmi1, bmi2

Memory: 4k page, physical 4112428k(259552k free), swap 7258156k(4852k free)

vm_info: OpenJDK 64-Bit Server VM (25.76-b03) for windows-amd64 JRE (1.8.0_76-release-b03), built on Jun 29 2016 19:09:20 by "ralucas" with MS VC++ 10.0 (VS2010)

time: Mon Nov 07 12:08:41 2016
elapsed time: 22 seconds (0d 0h 0m 22s)

