#
# A fatal error has been detected by the Java Runtime Environment:
#
#  EXCEPTION_ACCESS_VIOLATION (0xc0000005) at pc=0x0000000059ddaeb7, pid=8180, tid=0x0000000000001c18
#
# JRE version: OpenJDK Runtime Environment (8.0_76-b03) (build 1.8.0_76-release-b03)
# Java VM: OpenJDK 64-Bit Server VM (25.76-b03 mixed mode windows-amd64 compressed oops)
# Problematic frame:
# V  [jvm.dll+0x1eaeb7]
#
# Failed to write core dump. Minidumps are not enabled by default on client versions of Windows
#
# If you would like to submit a bug report, please visit:
#   http://bugreport.java.com/bugreport/crash.jsp
#

---------------  T H R E A D  ---------------

Current thread (0x0000000016f28000):  JavaThread "pool-3-thread-1" [_thread_in_vm, id=7192, stack(0x00000000174e0000,0x00000000175e0000)]

siginfo: ExceptionCode=0xc0000005, writing address 0x00000000175d8260

Registers:
RAX=0x00000000175d8260, RBX=0x0000000000000007, RCX=0x0000000000006000, RDX=0x0000000000000012
RSP=0x00000000175de260, RBP=0x0000000000000000, RSI=0x00000000175de260, RDI=0x0000000000000007
R8 =0x0000000000000012, R9 =0x0000000016f1e690, R10=0x0000000014be4900, R11=0x00000000174ea160
R12=0x0000000016f1e690, R13=0x0000000016f28000, R14=0x00000000175de328, R15=0x0000000014be4900
RIP=0x0000000059ddaeb7, EFLAGS=0x0000000000010206

Top of Stack: (sp=0x00000000175de260)
0x00000000175de260:   0000000000000000 0000000000000000
0x00000000175de270:   0000000016f28000 0000000016f1e690
0x00000000175de280:   00000000ffffffff 0000000059ddbde7
0x00000000175de290:   00000000175de390 0000000014be4900
0x00000000175de2a0:   0000000016f28000 0000000059c8aa53
0x00000000175de2b0:   00000000175de2f0 0000000016f28000
0x00000000175de2c0:   00000000175de380 0000000016f28000
0x00000000175de2d0:   0000000014be4900 0000000016f28000
0x00000000175de2e0:   0000000002eb0e20 0000000016f28000
0x00000000175de2f0:   0000000014be4900 0000000016f28000
0x00000000175de300:   0000000014be4900 0000000016f28000
0x00000000175de310:   0000000000000001 0000000014be4900
0x00000000175de320:   0000000016f28000 0000000016de63c0
0x00000000175de330:   0000000016f28000 0000000059c8bf3d
0x00000000175de340:   00000000175de6c0 0000000100002248
0x00000000175de350:   000000010000f058 0000000000000000 

Instructions: (pc=0x0000000059ddaeb7)
0x0000000059ddae97:   48 89 6c 24 30 33 ed 66 90 e8 4b b8 07 00 ff c3
0x0000000059ddaea7:   48 63 c8 48 8b c6 48 0f af cf 48 ff c7 48 2b c1
0x0000000059ddaeb7:   89 28 48 63 c3 48 3b 05 cd d6 56 00 7e db 48 8b
0x0000000059ddaec7:   6c 24 30 48 8b 5c 24 38 48 8b 74 24 40 48 83 c4 


Register to memory mapping:

RAX=0x00000000175d8260 is pointing into the stack for thread: 0x0000000016f28000
RBX=0x0000000000000007 is an unknown value
RCX=0x0000000000006000 is an unknown value
RDX=0x0000000000000012 is an unknown value
RSP=0x00000000175de260 is pointing into the stack for thread: 0x0000000016f28000
RBP=0x0000000000000000 is an unknown value
RSI=0x00000000175de260 is pointing into the stack for thread: 0x0000000016f28000
RDI=0x0000000000000007 is an unknown value
R8 =0x0000000000000012 is an unknown value
R9 =0x0000000016f1e690 is an unknown value
R10={method} {0x0000000014be4908} 'loadClass' '(Ljava/lang/String;)Ljava/lang/Class;' in 'java/lang/ClassLoader'
R11=0x00000000174ea160 is pointing into the stack for thread: 0x0000000016f28000
R12=0x0000000016f1e690 is an unknown value
R13=0x0000000016f28000 is a thread
R14=0x00000000175de328 is pointing into the stack for thread: 0x0000000016f28000
R15={method} {0x0000000014be4908} 'loadClass' '(Ljava/lang/String;)Ljava/lang/Class;' in 'java/lang/ClassLoader'


Stack: [0x00000000174e0000,0x00000000175e0000],  sp=0x00000000175de260,  free space=1016k
Native frames: (J=compiled Java code, j=interpreted, Vv=VM code, C=native code)

Java frames: (J=compiled Java code, j=interpreted, Vv=VM code)
j  com.android.dx.command.dexer.Main$ClassDefItemConsumer.call()Ljava/lang/Boolean;+4
j  com.android.dx.command.dexer.Main$ClassDefItemConsumer.call()Ljava/lang/Object;+1
j  java.util.concurrent.FutureTask.run()V+42
j  java.util.concurrent.ThreadPoolExecutor.runWorker(Ljava/util/concurrent/ThreadPoolExecutor$Worker;)V+95
j  java.util.concurrent.ThreadPoolExecutor$Worker.run()V+5
j  java.lang.Thread.run()V+11
v  ~StubRoutines::call_stub

---------------  P R O C E S S  ---------------

Java Threads: ( => current thread )
=>0x0000000016f28000 JavaThread "pool-3-thread-1" [_thread_in_vm, id=7192, stack(0x00000000174e0000,0x00000000175e0000)]
  0x0000000016f25000 JavaThread "pool-2-thread-1" [_thread_new, id=9060, stack(0x0000000000000000,0x0000000000000000)]
  0x0000000016de3800 JavaThread "Service Thread" daemon [_thread_blocked, id=3688, stack(0x00000000171e0000,0x00000000172e0000)]
  0x00000000155ca800 JavaThread "C1 CompilerThread2" daemon [_thread_blocked, id=6024, stack(0x0000000016ce0000,0x0000000016de0000)]
  0x00000000155c4800 JavaThread "C2 CompilerThread1" daemon [_thread_blocked, id=4724, stack(0x0000000016be0000,0x0000000016ce0000)]
  0x000000001556c800 JavaThread "C2 CompilerThread0" daemon [_thread_blocked, id=3872, stack(0x0000000016ae0000,0x0000000016be0000)]
  0x000000001556b800 JavaThread "Attach Listener" daemon [_thread_blocked, id=2320, stack(0x00000000169e0000,0x0000000016ae0000)]
  0x000000001556a800 JavaThread "Signal Dispatcher" daemon [_thread_blocked, id=6920, stack(0x00000000168e0000,0x00000000169e0000)]
  0x0000000002e9b000 JavaThread "Finalizer" daemon [_thread_blocked, id=5456, stack(0x00000000167e0000,0x00000000168e0000)]
  0x0000000002e8f800 JavaThread "Reference Handler" daemon [_thread_blocked, id=6132, stack(0x00000000166e0000,0x00000000167e0000)]
  0x0000000002da0800 JavaThread "main" [_thread_blocked, id=8120, stack(0x0000000002ca0000,0x0000000002da0000)]

Other Threads:
  0x0000000015536000 VMThread [stack: 0x00000000165e0000,0x00000000166e0000] [id=32]
  0x0000000016de5000 WatcherThread [stack: 0x00000000172e0000,0x00000000173e0000] [id=7368]

VM state:not at safepoint (normal execution)

VM Mutex/Monitor currently owned by a thread: None

Heap:
 PSYoungGen      total 18944K, used 2682K [0x00000000eab00000, 0x00000000ec000000, 0x0000000100000000)
  eden space 16384K, 16% used [0x00000000eab00000,0x00000000ead9eb90,0x00000000ebb00000)
  from space 2560K, 0% used [0x00000000ebd80000,0x00000000ebd80000,0x00000000ec000000)
  to   space 2560K, 0% used [0x00000000ebb00000,0x00000000ebb00000,0x00000000ebd80000)
 ParOldGen       total 44032K, used 0K [0x00000000c0000000, 0x00000000c2b00000, 0x00000000eab00000)
  object space 44032K, 0% used [0x00000000c0000000,0x00000000c0000000,0x00000000c2b00000)
 Metaspace       used 3442K, capacity 4944K, committed 5120K, reserved 1056768K
  class space    used 379K, capacity 456K, committed 512K, reserved 1048576K

Card table byte_map: [0x0000000012260000,0x0000000012470000] byte_map_base: 0x0000000011c60000

Marking Bits: (ParMarkBitMap*) 0x000000005a3a9d00
 Begin Bits: [0x00000000129d0000, 0x00000000139d0000)
 End Bits:   [0x00000000139d0000, 0x00000000149d0000)

Polling page: 0x00000000012b0000

CodeCache: size=245760Kb used=1265Kb max_used=1275Kb free=244495Kb
 bounds [0x0000000002ea0000, 0x0000000003110000, 0x0000000011ea0000]
 total_blobs=351 nmethods=108 adapters=157
 compilation: enabled

Compilation events (10 events):
Event: 0.373 Thread 0x00000000155ca800  102   !   3       java.util.zip.Inflater::inflate (113 bytes)
Event: 0.374 Thread 0x00000000155ca800 nmethod 102 0x0000000002fd9a10 code [0x0000000002fd9bc0, 0x0000000002fda238]
Event: 0.374 Thread 0x00000000155ca800  104       3       java.util.zip.ZipFile::access$400 (5 bytes)
Event: 0.374 Thread 0x00000000155ca800 nmethod 104 0x0000000002fda590 code [0x0000000002fda6e0, 0x0000000002fda810]
Event: 0.380 Thread 0x00000000155ca800  106       3       java.util.concurrent.ConcurrentHashMap::addCount (292 bytes)
Event: 0.380 Thread 0x00000000155c4800  107       4       java.lang.String::indexOf (70 bytes)
Event: 0.382 Thread 0x00000000155ca800 nmethod 106 0x0000000002fdac50 code [0x0000000002fdae60, 0x0000000002fdb968]
Event: 0.383 Thread 0x00000000155c4800 nmethod 107 0x0000000002fdeb10 code [0x0000000002fdec60, 0x0000000002fdee18]
Event: 0.386 Thread 0x00000000155ca800  108       1       java.lang.reflect.Field::getName (5 bytes)
Event: 0.386 Thread 0x00000000155ca800 nmethod 108 0x0000000002fde850 code [0x0000000002fde9a0, 0x0000000002fdeab0]

GC Heap History (0 events):
No events

Deoptimization events (0 events):
No events

Internal exceptions (2 events):
Event: 0.059 Thread 0x0000000002da0800 Exception <a 'java/lang/NoSuchMethodError': Method sun.misc.Unsafe.defineClass(Ljava/lang/String;[BII)Ljava/lang/Class; name or signature does not match> (0x00000000eab07cc0) thrown at [C:\src\android\AOSP-openjdk\external\jetbrains\jdk\hotspot\src\share\võ¿é`7®?
Event: 0.059 Thread 0x0000000002da0800 Exception <a 'java/lang/NoSuchMethodError': Method sun.misc.Unsafe.prefetchRead(Ljava/lang/Object;J)V name or signature does not match> (0x00000000eab07fa8) thrown at [C:\src\android\AOSP-openjdk\external\jetbrains\jdk\hotspot\src\share\vm\prims\jni.cpp, l

Events (10 events):
Event: 0.385 loading class java/util/HashMap$KeySet
Event: 0.385 loading class java/util/HashMap$KeySet done
Event: 0.386 loading class java/util/HashMap$KeyIterator
Event: 0.386 loading class java/util/HashMap$HashIterator
Event: 0.386 loading class java/util/HashMap$HashIterator done
Event: 0.386 loading class java/util/HashMap$KeyIterator done
Event: 0.386 loading class java/util/concurrent/locks/LockSupport
Event: 0.386 loading class java/util/concurrent/locks/LockSupport done
Event: 0.386 loading class sun/nio/ch/Interruptible
Event: 0.386 loading class sun/nio/ch/Interruptible done


Dynamic libraries:
0x00007ff79c6e0000 - 0x00007ff79c711000 	C:\Program Files\Android\Android Studio\jre\bin\java.exe
0x00007ffec4170000 - 0x00007ffec431d000 	C:\windows\SYSTEM32\ntdll.dll
0x00007ffec0840000 - 0x00007ffec097e000 	C:\windows\system32\KERNEL32.DLL
0x00007ffeb2b30000 - 0x00007ffeb2b63000 	C:\Program Files (x86)\AVG\Av\avghooka.dll
0x00007ffec0250000 - 0x00007ffec0365000 	C:\windows\system32\KERNELBASE.dll
0x00007ffec2b10000 - 0x00007ffec2bba000 	C:\windows\system32\ADVAPI32.dll
0x00007ffec2bc0000 - 0x00007ffec2d37000 	C:\windows\system32\USER32.dll
0x00007ffebe120000 - 0x00007ffebe39b000 	C:\windows\WinSxS\amd64_microsoft.windows.common-controls_6595b64144ccf1df_6.0.9600.18006_none_623f33d3ecbe86e8\COMCTL32.dll
0x00007ffec2440000 - 0x00007ffec24ea000 	C:\windows\system32\msvcrt.dll
0x00007ffec0650000 - 0x00007ffec06a9000 	C:\windows\SYSTEM32\sechost.dll
0x00007ffec0700000 - 0x00007ffec0840000 	C:\windows\system32\RPCRT4.dll
0x00007ffec0500000 - 0x00007ffec064f000 	C:\windows\system32\GDI32.dll
0x00007ffec04d0000 - 0x00007ffec04fe000 	C:\windows\system32\SspiCli.dll
0x00007ffec06b0000 - 0x00007ffec06e6000 	C:\windows\system32\IMM32.DLL
0x00007ffec24f0000 - 0x00007ffec2642000 	C:\windows\system32\MSCTF.dll
0x0000000059a30000 - 0x0000000059b02000 	C:\Program Files\Android\Android Studio\jre\jre\bin\msvcr100.dll
0x0000000059bf0000 - 0x000000005a424000 	C:\Program Files\Android\Android Studio\jre\jre\bin\server\jvm.dll
0x00007ffeb83e0000 - 0x00007ffeb83e9000 	C:\windows\SYSTEM32\WSOCK32.dll
0x00007ffeb3050000 - 0x00007ffeb3072000 	C:\windows\SYSTEM32\WINMM.dll
0x00007ffeb95f0000 - 0x00007ffeb95fa000 	C:\windows\SYSTEM32\VERSION.dll
0x00007ffec2e70000 - 0x00007ffec2e77000 	C:\windows\system32\PSAPI.DLL
0x00007ffec2e00000 - 0x00007ffec2e5a000 	C:\windows\system32\WS2_32.dll
0x00007ffeb3020000 - 0x00007ffeb304a000 	C:\windows\SYSTEM32\WINMMBASE.dll
0x00007ffec06f0000 - 0x00007ffec06f9000 	C:\windows\system32\NSI.dll
0x00007ffec0480000 - 0x00007ffec04cf000 	C:\windows\SYSTEM32\cfgmgr32.dll
0x00007ffebedf0000 - 0x00007ffebee18000 	C:\windows\SYSTEM32\DEVOBJ.dll
0x00007ffebad80000 - 0x00007ffebad8f000 	C:\Program Files\Android\Android Studio\jre\jre\bin\verify.dll
0x00007ffeb53f0000 - 0x00007ffeb5419000 	C:\Program Files\Android\Android Studio\jre\jre\bin\java.dll
0x00007ffeb53d0000 - 0x00007ffeb53e6000 	C:\Program Files\Android\Android Studio\jre\jre\bin\zip.dll
0x00007ffec0cd0000 - 0x00007ffec21f8000 	C:\windows\system32\SHELL32.dll
0x00007ffec2220000 - 0x00007ffec2431000 	C:\windows\SYSTEM32\combase.dll
0x00007ffec2650000 - 0x00007ffec26a4000 	C:\windows\system32\SHLWAPI.dll
0x00007ffebe800000 - 0x00007ffebe8b2000 	C:\windows\SYSTEM32\SHCORE.dll
0x00007ffebffa0000 - 0x00007ffebffb5000 	C:\windows\SYSTEM32\profapi.dll

VM Arguments:
jvm_args: -Djava.awt.headless=true -Xmx1024M -Dfile.encoding=windows-1252 -Duser.country=US -Duser.language=en -Duser.variant 
java_command: com.android.dx.command.Main --dex --force-jumbo --num-threads=4 --multi-dex --output C:\Users\annie_000.TRINHVU-TABLET\Downloads\final-project-aipom\app\build\intermediates\transforms\dex\debug\folders\1000\5\slice_3 C:\Users\annie_000.TRINHVU-TABLET\Downloads\final-project-aipom\app\build\intermediates\transforms\instantRunSlicer\debug\folders\1\5\slice_3
java_class_path (initial): C:\Users\annie_000.TRINHVU-TABLET\AppData\Local\Android\sdk\build-tools\25.0.0\lib\dx.jar
Launcher Type: SUN_STANDARD

Environment Variables:
PATH=C:\windows\system32;C:\windows;C:\windows\System32\Wbem;C:\windows\System32\WindowsPowerShell\v1.0\;C:\Program Files\Git\cmd
USERNAME=annie_000
OS=Windows_NT
PROCESSOR_IDENTIFIER=Intel64 Family 6 Model 69 Stepping 1, GenuineIntel



---------------  S Y S T E M  ---------------

OS: Windows 8.1 , 64 bit Build 9600 (6.3.9600.17415)

CPU:total 4 (2 cores per cpu, 2 threads per core) family 6 model 69 stepping 1, cmov, cx8, fxsr, mmx, sse, sse2, sse3, ssse3, sse4.1, sse4.2, popcnt, avx, avx2, aes, clmul, erms, lzcnt, ht, tsc, tscinvbit, bmi1, bmi2

Memory: 4k page, physical 4112428k(339400k free), swap 7258156k(4808k free)

vm_info: OpenJDK 64-Bit Server VM (25.76-b03) for windows-amd64 JRE (1.8.0_76-release-b03), built on Jun 29 2016 19:09:20 by "ralucas" with MS VC++ 10.0 (VS2010)

time: Tue Nov 01 21:32:13 2016
elapsed time: 0 seconds (0d 0h 0m 0s)

