#
# There is insufficient memory for the Java Runtime Environment to continue.
# Native memory allocation (malloc) failed to allocate 49296 bytes for Chunk::new
# Possible reasons:
#   The system is out of physical RAM or swap space
#   In 32 bit mode, the process size limit was hit
# Possible solutions:
#   Reduce memory load on the system
#   Increase physical memory or swap space
#   Check if swap backing store is full
#   Use 64 bit Java on a 64 bit OS
#   Decrease Java heap size (-Xmx/-Xms)
#   Decrease number of Java threads
#   Decrease Java thread stack sizes (-Xss)
#   Set larger code cache with -XX:ReservedCodeCacheSize=
# This output file may be truncated or incomplete.
#
#  Out of Memory Error (allocation.cpp:390), pid=9040, tid=0x0000000000000e48
#
# JRE version: OpenJDK Runtime Environment (8.0_76-b03) (build 1.8.0_76-release-b03)
# Java VM: OpenJDK 64-Bit Server VM (25.76-b03 mixed mode windows-amd64 compressed oops)
# Failed to write core dump. Minidumps are not enabled by default on client versions of Windows
#

---------------  T H R E A D  ---------------

Current thread (0x000000001520e000):  JavaThread "C2 CompilerThread0" daemon [_thread_in_native, id=3656, stack(0x0000000016880000,0x0000000016980000)]

Stack: [0x0000000016880000,0x0000000016980000]
[error occurred during error reporting (printing stack bounds), id 0xc0000005]

Native frames: (J=compiled Java code, j=interpreted, Vv=VM code, C=native code)


Current CompileTask:
C2:   7655 1600       4       com.android.dx.rop.code.Rops::ropFor (771 bytes)


---------------  P R O C E S S  ---------------

Java Threads: ( => current thread )
  0x0000000016e2e800 JavaThread "pool-2-thread-4" [_thread_in_Java, id=6068, stack(0x0000000017580000,0x0000000017680000)]
  0x0000000016e2e000 JavaThread "pool-2-thread-3" [_thread_blocked, id=5340, stack(0x0000000017480000,0x0000000017580000)]
  0x0000000016e2c800 JavaThread "pool-2-thread-2" [_thread_blocked, id=3160, stack(0x0000000017380000,0x0000000017480000)]
  0x0000000016d43800 JavaThread "pool-3-thread-1" [_thread_blocked, id=3292, stack(0x0000000017280000,0x0000000017380000)]
  0x0000000016cee000 JavaThread "pool-2-thread-1" [_thread_blocked, id=8384, stack(0x0000000017180000,0x0000000017280000)]
  0x0000000016a9b800 JavaThread "Service Thread" daemon [_thread_blocked, id=7672, stack(0x0000000016f80000,0x0000000017080000)]
  0x0000000016a90800 JavaThread "C1 CompilerThread2" daemon [_thread_blocked, id=8080, stack(0x0000000016e80000,0x0000000016f80000)]
  0x0000000015219000 JavaThread "C2 CompilerThread1" daemon [_thread_in_native, id=5992, stack(0x0000000016980000,0x0000000016a80000)]
=>0x000000001520e000 JavaThread "C2 CompilerThread0" daemon [_thread_in_native, id=3656, stack(0x0000000016880000,0x0000000016980000)]
  0x000000001520b000 JavaThread "Attach Listener" daemon [_thread_blocked, id=8228, stack(0x0000000016780000,0x0000000016880000)]
  0x0000000015209800 JavaThread "Signal Dispatcher" daemon [_thread_blocked, id=8172, stack(0x0000000016680000,0x0000000016780000)]
  0x0000000002b3b000 JavaThread "Finalizer" daemon [_thread_blocked, id=5856, stack(0x00000000164a0000,0x00000000165a0000)]
  0x0000000002b2f800 JavaThread "Reference Handler" daemon [_thread_blocked, id=6904, stack(0x00000000163a0000,0x00000000164a0000)]
  0x0000000002a40800 JavaThread "main" [_thread_blocked, id=3244, stack(0x0000000002940000,0x0000000002a40000)]

Other Threads:
  0x00000000151d5800 VMThread [stack: 0x00000000162a0000,0x00000000163a0000] [id=4456]
  0x0000000016a91000 WatcherThread [stack: 0x0000000017080000,0x0000000017180000] [id=7776]

VM state:not at safepoint (normal execution)

VM Mutex/Monitor currently owned by a thread: None

Heap:
 PSYoungGen      total 35328K, used 20868K [0x00000000eab00000, 0x00000000ef000000, 0x0000000100000000)
  eden space 32768K, 55% used [0x00000000eab00000,0x00000000ebce93a8,0x00000000ecb00000)
  from space 2560K, 98% used [0x00000000ecb00000,0x00000000ecd78028,0x00000000ecd80000)
  to   space 2560K, 0% used [0x00000000eed80000,0x00000000eed80000,0x00000000ef000000)
 ParOldGen       total 44032K, used 6870K [0x00000000c0000000, 0x00000000c2b00000, 0x00000000eab00000)
  object space 44032K, 15% used [0x00000000c0000000,0x00000000c06b5928,0x00000000c2b00000)
 Metaspace       used 6075K, capacity 7088K, committed 7296K, reserved 1056768K
  class space    used 566K, capacity 616K, committed 640K, reserved 1048576K

Card table byte_map: [0x0000000011f00000,0x0000000012110000] byte_map_base: 0x0000000011900000

Marking Bits: (ParMarkBitMap*) 0x0000000060a29d00
 Begin Bits: [0x0000000012670000, 0x0000000013670000)
 End Bits:   [0x0000000013670000, 0x0000000014670000)

Polling page: 0x0000000002830000

CodeCache: size=245760Kb used=7438Kb max_used=7444Kb free=238321Kb
 bounds [0x0000000002b40000, 0x0000000003290000, 0x0000000011b40000]
 total_blobs=1956 nmethods=1691 adapters=176
 compilation: enabled

Compilation events (10 events):
Event: 7.045 Thread 0x000000001520e000 nmethod 1684 0x0000000003264ed0 code [0x0000000003265020, 0x0000000003265298]
Event: 7.045 Thread 0x000000001520e000 1671       4       com.android.dx.ssa.SsaRenamer$1::visitBlock (16 bytes)
Event: 7.053 Thread 0x000000001520e000 nmethod 1671 0x00000000032654d0 code [0x0000000003265660, 0x0000000003265aa8]
Event: 7.053 Thread 0x000000001520e000 1604       4       com.android.dx.rop.code.LocalItem::compareTo (32 bytes)
Event: 7.055 Thread 0x000000001520e000 nmethod 1604 0x0000000003265e90 code [0x0000000003265fe0, 0x0000000003266358]
Event: 7.056 Thread 0x000000001520e000 1600       4       com.android.dx.rop.code.Rops::ropFor (771 bytes)
Event: 7.312 Thread 0x0000000015219000 nmethod 1540 0x00000000032731d0 code [0x0000000003273c60, 0x000000000327fd38]
Event: 7.614 Thread 0x0000000015219000 1700       4       com.android.dx.ssa.SCCP::simulatePhi (169 bytes)
Event: 7.615 Thread 0x0000000016a90800 1701       3       com.android.dx.ssa.LiteralOpUpgrader::isConstIntZeroOrKnownNull (34 bytes)
Event: 7.616 Thread 0x0000000016a90800 nmethod 1701 0x0000000003264710 code [0x00000000032648a0, 0x0000000003264dc8]

GC Heap History (6 events):
Event: 1.293 GC heap before
{Heap before GC invocations=1 (full 0):
 PSYoungGen      total 18944K, used 16384K [0x00000000eab00000, 0x00000000ec000000, 0x0000000100000000)
  eden space 16384K, 100% used [0x00000000eab00000,0x00000000ebb00000,0x00000000ebb00000)
  from space 2560K, 0% used [0x00000000ebd80000,0x00000000ebd80000,0x00000000ec000000)
  to   space 2560K, 0% used [0x00000000ebb00000,0x00000000ebb00000,0x00000000ebd80000)
 ParOldGen       total 44032K, used 0K [0x00000000c0000000, 0x00000000c2b00000, 0x00000000eab00000)
  object space 44032K, 0% used [0x00000000c0000000,0x00000000c0000000,0x00000000c2b00000)
 Metaspace       used 5212K, capacity 6384K, committed 6528K, reserved 1056768K
  class space    used 555K, capacity 616K, committed 640K, reserved 1048576K
Event: 1.407 GC heap after
Heap after GC invocations=1 (full 0):
 PSYoungGen      total 18944K, used 2533K [0x00000000eab00000, 0x00000000ed000000, 0x0000000100000000)
  eden space 16384K, 0% used [0x00000000eab00000,0x00000000eab00000,0x00000000ebb00000)
  from space 2560K, 98% used [0x00000000ebb00000,0x00000000ebd79650,0x00000000ebd80000)
  to   space 2560K, 0% used [0x00000000ecd80000,0x00000000ecd80000,0x00000000ed000000)
 ParOldGen       total 44032K, used 524K [0x00000000c0000000, 0x00000000c2b00000, 0x00000000eab00000)
  object space 44032K, 1% used [0x00000000c0000000,0x00000000c0083010,0x00000000c2b00000)
 Metaspace       used 5212K, capacity 6384K, committed 6528K, reserved 1056768K
  class space    used 555K, capacity 616K, committed 640K, reserved 1048576K
}
Event: 2.809 GC heap before
{Heap before GC invocations=2 (full 0):
 PSYoungGen      total 18944K, used 18917K [0x00000000eab00000, 0x00000000ed000000, 0x0000000100000000)
  eden space 16384K, 100% used [0x00000000eab00000,0x00000000ebb00000,0x00000000ebb00000)
  from space 2560K, 98% used [0x00000000ebb00000,0x00000000ebd79650,0x00000000ebd80000)
  to   space 2560K, 0% used [0x00000000ecd80000,0x00000000ecd80000,0x00000000ed000000)
 ParOldGen       total 44032K, used 524K [0x00000000c0000000, 0x00000000c2b00000, 0x00000000eab00000)
  object space 44032K, 1% used [0x00000000c0000000,0x00000000c0083010,0x00000000c2b00000)
 Metaspace       used 5808K, capacity 6896K, committed 7040K, reserved 1056768K
  class space    used 566K, capacity 616K, committed 640K, reserved 1048576K
Event: 3.327 GC heap after
Heap after GC invocations=2 (full 0):
 PSYoungGen      total 35328K, used 2554K [0x00000000eab00000, 0x00000000ed000000, 0x0000000100000000)
  eden space 32768K, 0% used [0x00000000eab00000,0x00000000eab00000,0x00000000ecb00000)
  from space 2560K, 99% used [0x00000000ecd80000,0x00000000ecffeab8,0x00000000ed000000)
  to   space 2560K, 0% used [0x00000000ecb00000,0x00000000ecb00000,0x00000000ecd80000)
 ParOldGen       total 44032K, used 2099K [0x00000000c0000000, 0x00000000c2b00000, 0x00000000eab00000)
  object space 44032K, 4% used [0x00000000c0000000,0x00000000c020cc50,0x00000000c2b00000)
 Metaspace       used 5808K, capacity 6896K, committed 7040K, reserved 1056768K
  class space    used 566K, capacity 616K, committed 640K, reserved 1048576K
}
Event: 6.055 GC heap before
{Heap before GC invocations=3 (full 0):
 PSYoungGen      total 35328K, used 35322K [0x00000000eab00000, 0x00000000ed000000, 0x0000000100000000)
  eden space 32768K, 100% used [0x00000000eab00000,0x00000000ecb00000,0x00000000ecb00000)
  from space 2560K, 99% used [0x00000000ecd80000,0x00000000ecffeab8,0x00000000ed000000)
  to   space 2560K, 0% used [0x00000000ecb00000,0x00000000ecb00000,0x00000000ecd80000)
 ParOldGen       total 44032K, used 2099K [0x00000000c0000000, 0x00000000c2b00000, 0x00000000eab00000)
  object space 44032K, 4% used [0x00000000c0000000,0x00000000c020cc50,0x00000000c2b00000)
 Metaspace       used 6016K, capacity 7088K, committed 7296K, reserved 1056768K
  class space    used 566K, capacity 616K, committed 640K, reserved 1048576K
Event: 6.385 GC heap after
Heap after GC invocations=3 (full 0):
 PSYoungGen      total 35328K, used 2528K [0x00000000eab00000, 0x00000000ef000000, 0x0000000100000000)
  eden space 32768K, 0% used [0x00000000eab00000,0x00000000eab00000,0x00000000ecb00000)
  from space 2560K, 98% used [0x00000000ecb00000,0x00000000ecd78028,0x00000000ecd80000)
  to   space 2560K, 0% used [0x00000000eed80000,0x00000000eed80000,0x00000000ef000000)
 ParOldGen       total 44032K, used 6870K [0x00000000c0000000, 0x00000000c2b00000, 0x00000000eab00000)
  object space 44032K, 15% used [0x00000000c0000000,0x00000000c06b5928,0x00000000c2b00000)
 Metaspace       used 6016K, capacity 7088K, committed 7296K, reserved 1056768K
  class space    used 566K, capacity 616K, committed 640K, reserved 1048576K
}

Deoptimization events (10 events):
Event: 5.943 Thread 0x0000000016e2e800 Uncommon trap: reason=bimorphic action=maybe_recompile pc=0x00000000030c8f28 method=com.android.dx.cf.code.BytecodeArray.parseInstruction(ILcom/android/dx/cf/code/BytecodeArray$Visitor;)I @ 1130
Event: 5.943 Thread 0x0000000016e2e800 Uncommon trap: reason=uninitialized action=reinterpret pc=0x00000000030c8a68 method=com.android.dx.cf.code.BytecodeArray.parseInstruction(ILcom/android/dx/cf/code/BytecodeArray$Visitor;)I @ 1047
Event: 5.963 Thread 0x0000000016e2e800 Uncommon trap: reason=unstable_if action=reinterpret pc=0x0000000003129d74 method=com.android.dx.rop.code.RegisterSpecSet.localItemToSpec(Lcom/android/dx/rop/code/LocalItem;)Lcom/android/dx/rop/code/RegisterSpec; @ 35
Event: 6.000 Thread 0x0000000016e2e800 Uncommon trap: reason=bimorphic action=maybe_recompile pc=0x000000000317f6bc method=com.android.dx.cf.code.RopperMachine.run(Lcom/android/dx/cf/code/Frame;II)V @ 978
Event: 6.002 Thread 0x0000000016e2e800 Uncommon trap: reason=unstable_if action=reinterpret pc=0x0000000002e7339c method=com.android.dx.rop.cst.Constant.compareTo(Lcom/android/dx/rop/cst/Constant;)I @ 12
Event: 6.044 Thread 0x0000000016e2e000 Uncommon trap: reason=bimorphic action=maybe_recompile pc=0x000000000317f1a8 method=com.android.dx.rop.code.Rops.opMoveResultPseudo(Lcom/android/dx/rop/type/TypeBearer;)Lcom/android/dx/rop/code/Rop; @ 7
Event: 6.044 Thread 0x0000000016e2e000 Uncommon trap: reason=class_check action=maybe_recompile pc=0x000000000317eec8 method=com.android.dx.cf.code.RopperMachine.run(Lcom/android/dx/cf/code/Frame;II)V @ 310
Event: 6.045 Thread 0x0000000016e2e000 Uncommon trap: reason=bimorphic action=maybe_recompile pc=0x00000000031603b4 method=com.android.dx.ssa.LiteralOpUpgrader.tryReplacingWithConstant(Lcom/android/dx/ssa/NormalSsaInsn;)Z @ 52
Event: 6.769 Thread 0x0000000016cee000 Uncommon trap: reason=bimorphic action=maybe_recompile pc=0x000000000317f1a8 method=com.android.dx.rop.code.Rops.opMoveResultPseudo(Lcom/android/dx/rop/type/TypeBearer;)Lcom/android/dx/rop/code/Rop; @ 7
Event: 6.769 Thread 0x0000000016cee000 Uncommon trap: reason=bimorphic action=maybe_recompile pc=0x00000000031603b4 method=com.android.dx.ssa.LiteralOpUpgrader.tryReplacingWithConstant(Lcom/android/dx/ssa/NormalSsaInsn;)Z @ 52

Internal exceptions (3 events):
Event: 0.111 Thread 0x0000000002a40800 Exception <a 'java/lang/NoSuchMethodError': Method sun.misc.Unsafe.defineClass(Ljava/lang/String;[BII)Ljava/lang/Class; name or signature does not match> (0x00000000eab07cc0) thrown at [C:\src\android\AOSP-openjdk\external\jetbrains\jdk\hotspot\src\share\v‚BÁ¯A¼?
Event: 0.111 Thread 0x0000000002a40800 Exception <a 'java/lang/NoSuchMethodError': Method sun.misc.Unsafe.prefetchRead(Ljava/lang/Object;J)V name or signature does not match> (0x00000000eab07fa8) thrown at [C:\src\android\AOSP-openjdk\external\jetbrains\jdk\hotspot\src\share\vm\prims\jni.cpp, låx¾Îr@
Event: 3.765 Thread 0x0000000016e2c800 Implicit null exception at 0x0000000002ec6b7c to 0x0000000002ec8d01

Events (10 events):
Event: 6.045 Thread 0x0000000016e2e000 DEOPT PACKING pc=0x00000000031603b4 sp=0x000000001757eba0
Event: 6.045 Thread 0x0000000016e2e000 DEOPT UNPACKING pc=0x0000000002b8556a sp=0x000000001757eb40 mode 2
Event: 6.055 Executing VM operation: ParallelGCFailedAllocation
Event: 6.385 Executing VM operation: ParallelGCFailedAllocation done
Event: 6.769 Thread 0x0000000016cee000 Uncommon trap: trap_request=0xffffffc6 fr.pc=0x000000000317f1a8
Event: 6.769 Thread 0x0000000016cee000 DEOPT PACKING pc=0x000000000317f1a8 sp=0x000000001727e0c0
Event: 6.769 Thread 0x0000000016cee000 DEOPT UNPACKING pc=0x0000000002b8556a sp=0x000000001727dff8 mode 2
Event: 6.769 Thread 0x0000000016cee000 Uncommon trap: trap_request=0xffffffc6 fr.pc=0x00000000031603b4
Event: 6.769 Thread 0x0000000016cee000 DEOPT PACKING pc=0x00000000031603b4 sp=0x000000001727e6e0
Event: 6.769 Thread 0x0000000016cee000 DEOPT UNPACKING pc=0x0000000002b8556a sp=0x000000001727e680 mode 2


Dynamic libraries:
0x00007ff7bf090000 - 0x00007ff7bf0c1000 	C:\Program Files\Android\Android Studio\jre\bin\java.exe
0x00007ff84a430000 - 0x00007ff84a5dd000 	C:\windows\SYSTEM32\ntdll.dll
0x00007ff846bd0000 - 0x00007ff846d0e000 	C:\windows\system32\KERNEL32.DLL
0x00007ff838980000 - 0x00007ff8389b3000 	C:\Program Files (x86)\AVG\Av\avghooka.dll
0x00007ff846640000 - 0x00007ff846755000 	C:\windows\system32\KERNELBASE.dll
0x00007ff8470f0000 - 0x00007ff84719a000 	C:\windows\system32\ADVAPI32.dll
0x00007ff8477c0000 - 0x00007ff847937000 	C:\windows\system32\USER32.dll
0x00007ff843ef0000 - 0x00007ff84416b000 	C:\windows\WinSxS\amd64_microsoft.windows.common-controls_6595b64144ccf1df_6.0.9600.18006_none_623f33d3ecbe86e8\COMCTL32.dll
0x00007ff848e70000 - 0x00007ff848f1a000 	C:\windows\system32\msvcrt.dll
0x00007ff8476e0000 - 0x00007ff847739000 	C:\windows\SYSTEM32\sechost.dll
0x00007ff846d10000 - 0x00007ff846e50000 	C:\windows\system32\RPCRT4.dll
0x00007ff848f90000 - 0x00007ff8490df000 	C:\windows\system32\GDI32.dll
0x00007ff846610000 - 0x00007ff84663e000 	C:\windows\system32\SspiCli.dll
0x00007ff8471a0000 - 0x00007ff8471d6000 	C:\windows\system32\IMM32.DLL
0x00007ff8471f0000 - 0x00007ff847342000 	C:\windows\system32\MSCTF.dll
0x00000000600b0000 - 0x0000000060182000 	C:\Program Files\Android\Android Studio\jre\jre\bin\msvcr100.dll
0x0000000060270000 - 0x0000000060aa4000 	C:\Program Files\Android\Android Studio\jre\jre\bin\server\jvm.dll
0x00007ff838130000 - 0x00007ff838139000 	C:\windows\SYSTEM32\WSOCK32.dll
0x00007ff839030000 - 0x00007ff839052000 	C:\windows\SYSTEM32\WINMM.dll
0x00007ff83eae0000 - 0x00007ff83eaea000 	C:\windows\SYSTEM32\VERSION.dll
0x00007ff8476d0000 - 0x00007ff8476d7000 	C:\windows\system32\PSAPI.DLL
0x00007ff847740000 - 0x00007ff84779a000 	C:\windows\system32\WS2_32.dll
0x00007ff839000000 - 0x00007ff83902a000 	C:\windows\SYSTEM32\WINMMBASE.dll
0x00007ff847350000 - 0x00007ff847359000 	C:\windows\system32\NSI.dll
0x00007ff8463e0000 - 0x00007ff84642f000 	C:\windows\SYSTEM32\cfgmgr32.dll
0x00007ff845090000 - 0x00007ff8450b8000 	C:\windows\SYSTEM32\DEVOBJ.dll
0x00007ff8387a0000 - 0x00007ff8387af000 	C:\Program Files\Android\Android Studio\jre\jre\bin\verify.dll
0x00007ff837d40000 - 0x00007ff837d69000 	C:\Program Files\Android\Android Studio\jre\jre\bin\java.dll
0x00007ff8386a0000 - 0x00007ff8386b6000 	C:\Program Files\Android\Android Studio\jre\jre\bin\zip.dll
0x00007ff847940000 - 0x00007ff848e68000 	C:\windows\system32\SHELL32.dll
0x00007ff8468f0000 - 0x00007ff846b01000 	C:\windows\SYSTEM32\combase.dll
0x00007ff8490e0000 - 0x00007ff849134000 	C:\windows\system32\SHLWAPI.dll
0x00007ff844800000 - 0x00007ff8448b2000 	C:\windows\SYSTEM32\SHCORE.dll
0x00007ff846260000 - 0x00007ff846275000 	C:\windows\SYSTEM32\profapi.dll

VM Arguments:
jvm_args: -Djava.awt.headless=true -Xmx1024M -Dfile.encoding=windows-1252 -Duser.country=US -Duser.language=en -Duser.variant 
java_command: com.android.dx.command.Main --dex --force-jumbo --num-threads=4 --multi-dex --output C:\Users\annie_000.TRINHVU-TABLET\Downloads\final-project-aipom\app\build\intermediates\transforms\dex\debug\folders\1000\10\com.android.support-support-compat-24.2.1_078c06c7fcdae102038ee999a0ef05db73258535 C:\Users\annie_000.TRINHVU-TABLET\Downloads\final-project-aipom\app\build\intermediates\exploded-aar\com.android.support\support-compat\24.2.1\jars\classes.jar
java_class_path (initial): C:\Users\annie_000.TRINHVU-TABLET\AppData\Local\Android\sdk\build-tools\25.0.0\lib\dx.jar
Launcher Type: SUN_STANDARD

Environment Variables:
PATH=C:\ProgramData\Oracle\Java\javapath;C:\windows\system32;C:\windows;C:\windows\System32\Wbem;C:\windows\System32\WindowsPowerShell\v1.0\;C:\Program Files\Git\cmd
USERNAME=annie_000
OS=Windows_NT
PROCESSOR_IDENTIFIER=Intel64 Family 6 Model 69 Stepping 1, GenuineIntel



---------------  S Y S T E M  ---------------

OS: Windows 8.1 , 64 bit Build 9600 (6.3.9600.17415)

CPU:total 4 (2 cores per cpu, 2 threads per core) family 6 model 69 stepping 1, cmov, cx8, fxsr, mmx, sse, sse2, sse3, ssse3, sse4.1, sse4.2, popcnt, avx, avx2, aes, clmul, erms, lzcnt, ht, tsc, tscinvbit, bmi1, bmi2

Memory: 4k page, physical 4112428k(157856k free), swap 7258156k(5908k free)

vm_info: OpenJDK 64-Bit Server VM (25.76-b03) for windows-amd64 JRE (1.8.0_76-release-b03), built on Jun 29 2016 19:09:20 by "ralucas" with MS VC++ 10.0 (VS2010)

time: Wed Nov 16 18:57:07 2016
elapsed time: 7 seconds (0d 0h 0m 7s)

